Log file open, 05/31/16 18:12:12
LogInit:Display: Running engine for game: Bouturon
LogPlatformFile: Not using cached read wrapper
LogInit:Display: RandInit(-337430369) SRandInit(-337430368).
LogTaskGraph: Started task graph with 4 named threads and 7 total threads.
LogStats: Stats thread started at 0.060067
LogInit: Version: 4.11.2-2946394+++UE4+Release-4.11
LogInit: API Version: 2927265
LogInit: Compiled (64-bit): Apr 18 2016 02:18:46
LogInit: Compiled with Visual C++: 19.00.23026.00
LogInit: Build Configuration: Development
LogInit: Branch Name: ++UE4+Release-4.11
LogInit: Command line: -EpicPortal 
LogInit: Base directory: O:/Program Files/Epic Games/4.11/Engine/Binaries/Win64/
LogInit: Installed Engine Build: 1
LogInit: Using libcurl 7.41.0
LogInit:  - built for x86_64-pc-win32
LogInit:  - supports SSL with WinSSL
LogInit:  - other features:
LogInit:      CURL_VERSION_SSL
LogInit:      CURL_VERSION_IPV6
LogInit:      CURL_VERSION_ASYNCHDNS
LogInit:      CURL_VERSION_LARGEFILE
LogInit:      CURL_VERSION_IDN
LogInit:  CurlRequestOptions (configurable via config and command line):
LogInit:  - bVerifyPeer = true  - Libcurl will verify peer certificate
LogInit:  - bUseHttpProxy = false  - Libcurl will NOT use HTTP proxy
LogInit:  - bDontReuseConnections = false  - Libcurl will reuse connections
LogInit:  - CertBundlePath = nullptr  - Libcurl will use whatever was configured at build time.
LogInit: Presizing for max 16777216 objects, including 0 objects not considered by GC, pre-allocating 0 bytes for permanent pool.
LogInit: Object subsystem initialized
[2016.05.31-22.12.12:947][  0]LogInit: Selected Device Profile: [Windows]
[2016.05.31-22.12.12:947][  0]LogInit: Applying CVar settings loaded from the selected device profile: [Windows]
[2016.05.31-22.12.12:954][  0]LogInit: Computer: OZCAR
[2016.05.31-22.12.12:954][  0]LogInit: User: OscarRomero
[2016.05.31-22.12.12:954][  0]LogInit: CPU Page size=65536, Cores=4
[2016.05.31-22.12.12:954][  0]LogInit: High frequency timer resolution =3.421867 MHz
[2016.05.31-22.12.12:954][  0]LogMemory: Memory total: Physical=15.9GB (16GB approx)
[2016.05.31-22.12.12:954][  0]LogMemory: Platform Memory Stats for Windows
[2016.05.31-22.12.12:954][  0]LogMemory: Process Physical Memory: 312.73 MB used, 312.73 MB peak
[2016.05.31-22.12.12:954][  0]LogMemory: Process Virtual Memory: 314.72 MB used, 314.72 MB peak
[2016.05.31-22.12.12:954][  0]LogMemory: Physical Memory: 6231.65 MB used, 16299.50 MB total
[2016.05.31-22.12.12:954][  0]LogMemory: Virtual Memory: 651.62 MB used, 134217728.00 MB total
[2016.05.31-22.12.12:979][  0]LogTextLocalizationManager: No specific translations for ('en-US') exist, so ('en') translations will be used.
[2016.05.31-22.12.13:242][  0]LogD3D11RHI: D3D11 adapters:
[2016.05.31-22.12.13:265][  0]LogD3D11RHI:    0. 'NVIDIA GeForce GTX 980 Ti' (Feature Level 11_0)
[2016.05.31-22.12.13:265][  0]LogD3D11RHI:       6047MB of dedicated video memory, 0MB of dedicated system memory, and 8149MB of shared system memory, 1 output[s]
[2016.05.31-22.12.13:266][  0]LogD3D11RHI:    1. 'Microsoft Basic Render Driver' (Feature Level 11_0)
[2016.05.31-22.12.13:266][  0]LogD3D11RHI:       0MB of dedicated video memory, 0MB of dedicated system memory, and 8149MB of shared system memory, 0 output[s]
[2016.05.31-22.12.13:266][  0]LogD3D11RHI: Chosen D3D11 Adapter: 0
[2016.05.31-22.12.13:269][  0]LogD3D11RHI: Creating new Direct3DDevice
[2016.05.31-22.12.13:269][  0]LogD3D11RHI:     Adapter Name: NVIDIA GeForce GTX 980 Ti
[2016.05.31-22.12.13:269][  0]LogD3D11RHI:   Driver Version: Unknown (internal Unknown)
[2016.05.31-22.12.13:269][  0]LogD3D11RHI:      Driver Date: Unknown
[2016.05.31-22.12.13:269][  0]LogRHI: Texture pool is 1361 MB (70% of 1945 MB)
[2016.05.31-22.12.13:278][  0]LogD3D11RHI: Async texture creation enabled
[2016.05.31-22.12.13:287][  0]LogShaderCompilers: Guid format shader working directory is -38 characters bigger than the processId version (../../../../../../Documents/Developer/Unreal Engine Projects/Under Development/Bouturon/Intermediate/Shaders/WorkingDirectory/4012/).
[2016.05.31-22.12.13:287][  0]LogShaderCompilers: Cleaned the shader compiler working directory 'C:/Users/OSCARR~1/AppData/Local/Temp/UnrealShaderWorkingDir/605540BF45AD4603A91EC681F4186EE0/'.
[2016.05.31-22.12.13:287][  0]LogShaderCompilers:Display: Using Local Shader Compiler.
[2016.05.31-22.12.13:907][  0]LogTemp:Display: Loaded TP AllDesktopTargetPlatform
[2016.05.31-22.12.13:910][  0]LogTemp:Display: Loaded TP WindowsClientTargetPlatform
[2016.05.31-22.12.13:912][  0]LogTemp:Display: Loaded TP WindowsNoEditorTargetPlatform
[2016.05.31-22.12.13:914][  0]LogTemp:Display: Loaded TP WindowsServerTargetPlatform
[2016.05.31-22.12.13:917][  0]LogTemp:Display: Loaded TP WindowsTargetPlatform
[2016.05.31-22.12.13:919][  0]LogTemp:Display: Loaded TP AndroidTargetPlatform
[2016.05.31-22.12.13:920][  0]LogTemp:Display: Loaded TP Android_ASTCTargetPlatform
[2016.05.31-22.12.13:922][  0]LogTemp:Display: Loaded TP Android_ATCTargetPlatform
[2016.05.31-22.12.13:924][  0]LogTemp:Display: Loaded TP Android_DXTTargetPlatform
[2016.05.31-22.12.13:926][  0]LogTemp:Display: Loaded TP Android_ETC1TargetPlatform
[2016.05.31-22.12.13:928][  0]LogTemp:Display: Loaded TP Android_ETC2TargetPlatform
[2016.05.31-22.12.13:932][  0]LogTemp:Display: Loaded TP Android_MultiTargetPlatform
[2016.05.31-22.12.13:932][  0]LogTemp:Display: Loaded TP Android_PVRTCTargetPlatform
[2016.05.31-22.12.13:932][  0]LogTemp:Display: Loaded TP HTML5TargetPlatform
[2016.05.31-22.12.13:946][  0]LogTemp:Display: Loaded TP IOSTargetPlatform
[2016.05.31-22.12.13:948][  0]LogTemp:Display: Loaded TP TVOSTargetPlatform
[2016.05.31-22.12.13:949][  0]LogTemp:Display: Loaded TP LinuxNoEditorTargetPlatform
[2016.05.31-22.12.13:951][  0]LogTemp:Display: Loaded TP LinuxServerTargetPlatform
[2016.05.31-22.12.13:953][  0]LogTemp:Display: Loaded TP LinuxTargetPlatform
[2016.05.31-22.12.13:953][  0]LogTargetPlatformManager:Display: Building Assets For Windows
[2016.05.31-22.12.13:985][  0]LogDerivedDataCache:Display: Max Cache Size: 512 MB
[2016.05.31-22.12.14:018][  0]LogDerivedDataCache: Loaded boot cache 0.03s 46MB C:/Users/Oscar Romero/AppData/Local/UnrealEngine/4.11/DerivedDataCache/Boot.ddc.
[2016.05.31-22.12.14:018][  0]LogDerivedDataCache:Display: Loaded Boot cache: C:/Users/Oscar Romero/AppData/Local/UnrealEngine/4.11/DerivedDataCache/Boot.ddc
[2016.05.31-22.12.14:018][  0]LogDerivedDataCache: FDerivedDataBackendGraph:  Pak pak cache file ../../../../../../Documents/Developer/Unreal Engine Projects/Under Development/Bouturon/DerivedDataCache/DDC.ddp not found, will not use a pak cache.
[2016.05.31-22.12.14:018][  0]LogDerivedDataCache: Unable to find inner node Pak for hierarchical cache Hierarchy.
[2016.05.31-22.12.14:018][  0]LogDerivedDataCache: FDerivedDataBackendGraph:  CompressedPak pak cache file ../../../../../../Documents/Developer/Unreal Engine Projects/Under Development/Bouturon/DerivedDataCache/Compressed.ddp not found, will not use a pak cache.
[2016.05.31-22.12.14:018][  0]LogDerivedDataCache: Unable to find inner node CompressedPak for hierarchical cache Hierarchy.
[2016.05.31-22.12.14:028][  0]LogDerivedDataCache:Display: Pak cache opened for reading ../../../Engine/DerivedDataCache/Compressed.ddp.
[2016.05.31-22.12.14:040][  0]LogDerivedDataCache: Using Local data cache path C:/Users/Oscar Romero/AppData/Local/UnrealEngine/Common/DerivedDataCache: Writable
[2016.05.31-22.12.14:134][  0]LogInit: Selected Device Profile: [Windows]
[2016.05.31-22.12.14:134][  0]LogContentStreaming: Texture pool size is 0.00 MB
[2016.05.31-22.12.14:153][  0]LogMaterial: Uniform references updated for custom material expression Custom.
[2016.05.31-22.12.14:226][  0]LogMeshUtilities: No automatic mesh reduction module available
[2016.05.31-22.12.14:226][  0]LogMeshUtilities: No automatic mesh merging module available
[2016.05.31-22.12.14:226][  0]LogMeshUtilities: No distributed automatic mesh merging module available
[2016.05.31-22.12.14:362][  0]LogUObjectArray: 27679 objects as part of root set at end of initial load.
[2016.05.31-22.12.14:362][  0]LogUObjectAllocator: 5591600 out of 0 bytes used by permanent object pool.
[2016.05.31-22.12.14:362][  0]LogUObjectArray: CloseDisregardForGC: 0/0 objects in disregard for GC pool
[2016.05.31-22.12.14:365][  0]LogInit: WinSock: version 1.1 (2.2), MaxSocks=32767, MaxUdp=65467
[2016.05.31-22.12.14:403][  0]LogSlate: SlateFontCache - WITH_FREETYPE: 1, WITH_HARFBUZZ: 1
[2016.05.31-22.12.14:403][  0]LogSlate: SlateFontCache - WITH_FREETYPE: 1, WITH_HARFBUZZ: 1
[2016.05.31-22.12.14:459][  0]LogStreaming:Warning: Failed to read file '../../../Engine/Content/Editor/Slate/Common/Selection_16x.png' error.
[2016.05.31-22.12.14:459][  0]LogSlate: Could not find file for Slate resource: ../../../Engine/Content/Editor/Slate/Common/Selection_16x.png
[2016.05.31-22.12.14:459][  0]LogStreaming:Warning: Failed to read file '../../../Engine/Content/Editor/Slate/Common/Selection_16x.png' error.
[2016.05.31-22.12.14:459][  0]LogSlate: Could not find file for Slate resource: ../../../Engine/Content/Editor/Slate/Common/Selection_16x.png
[2016.05.31-22.12.14:459][  0]LogStreaming:Warning: Failed to read file '../../../Engine/Content/Editor/Slate/Common/Selection_16x.png' error.
[2016.05.31-22.12.14:459][  0]LogSlate: Could not find file for Slate resource: ../../../Engine/Content/Editor/Slate/Common/Selection_16x.png
[2016.05.31-22.12.14:777][  0]LogUdpMessaging: Initializing bridge on interface 0.0.0.0:0 to multicast group 230.0.0.1:6666.
[2016.05.31-22.12.14:868][  0]LogAssetRegistry: FAssetRegistry took 0.0222 seconds to start up
[2016.05.31-22.12.14:945][  0]SourceControl: Info Source control is disabled
[2016.05.31-22.12.14:946][  0]SourceControl: Info Source control is disabled
[2016.05.31-22.12.14:948][  0]SourceControl: Info Source control is disabled
[2016.05.31-22.12.14:951][  0]SourceControl: Info Source control is disabled
[2016.05.31-22.12.14:996][  0]LogHMD: Failed to initialize OpenVR with code 110
[2016.05.31-22.12.15:040][  0]LogEngine: Initializing Engine...
[2016.05.31-22.12.15:124][  0]LogAIModule: Creating AISystem for world NewWorld
[2016.05.31-22.12.15:130][  0]LogInit: XAudio2 using 'SAMSUNG-8 (NVIDIA High Definition Audio)' : 2 channels at 48 kHz using 16 bits per sample (channel mask 0x3)
[2016.05.31-22.12.15:140][  0]LogInit: FAudioDevice initialized.
[2016.05.31-22.12.15:153][  0]LogDerivedDataCache: Saved boot cache 0.01s 46MB C:/Users/Oscar Romero/AppData/Local/UnrealEngine/4.11/DerivedDataCache/Boot.ddc.
[2016.05.31-22.12.15:157][  0]LogInit: Texture streaming: Enabled
[2016.05.31-22.12.15:167][  0]LogInit: Transaction tracking system initialized
[2016.05.31-22.12.15:176][  0]BlueprintLog: New page: Editor Load
[2016.05.31-22.12.15:205][  0]LocalizationService: Info Localization service is disabled
[2016.05.31-22.12.15:257][  0]LogConsoleResponse:Display: 
[2016.05.31-22.12.15:323][  0]LogCook:Display: Max memory allowance for cook 8192mb
[2016.05.31-22.12.15:323][  0]LogCook:Display: Mobile HDR setting 1
[2016.05.31-22.12.15:323][  0]LogCook:Display: Done creating registry. It took  0.00s.
[2016.05.31-22.12.15:342][  0]LogFileCache: Scanning file cache for directory 'O:/Documents/Developer/Unreal Engine Projects/Under Development/Bouturon/Content/' took 0.01s
[2016.05.31-22.12.15:342][  0]SourceControl: Info Source control is disabled
[2016.05.31-22.12.15:343][  0]Cmd: MAP LOAD FILE="../../../../../../Documents/Developer/Unreal Engine Projects/Under Development/Bouturon/Content/ThirdPersonBP/Maps/ThirdPersonExampleMap.umap" TEMPLATE=0 SHOWPROGRESS=1 FEATURELEVEL=3
[2016.05.31-22.12.15:343][  0]LogEditorServer:Warning: Can't find file '../../../../../../Documents/Developer/Unreal Engine Projects/Under Development/Bouturon/Content/ThirdPersonBP/Maps/ThirdPersonExampleMap.umap'
[2016.05.31-22.12.15:343][  0]Cmd: MAP CHECKDEP NOCLEARLOG
[2016.05.31-22.12.15:358][  0]MapCheck: Info Map check complete: 0 Error(s), 0 Warning(s), took 15.845ms to complete.
[2016.05.31-22.12.15:358][  0]LogFileHelpers: Loading map 'ThirdPersonExampleMap' took 0.016
[2016.05.31-22.12.15:448][  0]LogCollectionManager: Loaded 0 collections in 0.000597 seconds
[2016.05.31-22.12.15:484][  0]LogFileCache: Scanning file cache for directory 'O:/Documents/Developer/Unreal Engine Projects/Under Development/Bouturon/Saved/Collections/' took 0.01s
[2016.05.31-22.12.15:484][  0]LogFileCache: Scanning file cache for directory 'O:/Documents/Developer/Unreal Engine Projects/Under Development/Bouturon/Content/Developers/OscarRomero/Collections/' took 0.01s
[2016.05.31-22.12.15:484][  0]LogFileCache: Scanning file cache for directory 'O:/Documents/Developer/Unreal Engine Projects/Under Development/Bouturon/Content/Collections/' took 0.01s
[2016.05.31-22.12.15:484][  0]LogCollectionManager: Rebuilt the GUID cache for 0 collections in 0.000002 seconds
[2016.05.31-22.12.15:488][  0]LogContentBrowser: Native class hierarchy populated in 0.0045 seconds. Added 1979 classes and 343 folders.
[2016.05.31-22.12.15:490][  0]LogStats: UGameplayTagsManager::ConstructGameplayTagTree: Construct from data asset -  0.000 s
[2016.05.31-22.12.15:490][  0]LogStats: UGameplayTagsManager::ConstructGameplayTagTree: GameplayTagTreeChangedEvent.Broadcast -  0.000 s
[2016.05.31-22.12.15:490][  0]LogContentBrowser: Native class hierarchy updated for 'GameplayTags' in 0.0002 seconds. Added 12 classes and 0 folders.
[2016.05.31-22.12.15:492][  0]LogContentBrowser: Native class hierarchy updated for 'WidgetCarousel' in 0.0002 seconds. Added 0 classes and 0 folders.
[2016.05.31-22.12.15:498][  0]LogContentBrowser: Native class hierarchy updated for 'SuperSearch' in 0.0002 seconds. Added 1 classes and 2 folders.
[2016.05.31-22.12.15:625][  0]LogContentBrowser: Native class hierarchy updated for 'AddContentDialog' in 0.0002 seconds. Added 0 classes and 0 folders.
[2016.05.31-22.12.15:627][  0]LogContentBrowser: Native class hierarchy updated for 'SceneOutliner' in 0.0002 seconds. Added 1 classes and 2 folders.
[2016.05.31-22.12.15:657][  0]LogCrashTracker: Crashtracker disabled due to settings.
[2016.05.31-22.12.15:660][  0]LogUObjectGlobals:Warning: Failed to find object 'Class None.'
[2016.05.31-22.12.15:683][  0]LogContentBrowser: Native class hierarchy updated for 'HierarchicalLODOutliner' in 0.0002 seconds. Added 1 classes and 2 folders.
[2016.05.31-22.12.15:683][  0]LogLoad: Full Startup: 3.15 seconds (BP compile: 0.01 seconds)
[2016.05.31-22.12.15:683][  0]LogExternalProfiler: Found external profiler: VSPerf
[2016.05.31-22.12.15:683][  0]LogExternalProfiler: Using external profiler: VSPerf
[2016.05.31-22.12.15:692][  0]LogWindowsTextInputMethodSystem:Display: IME system now deactivated.
[2016.05.31-22.12.15:693][  0]LogWindowsTextInputMethodSystem:Display: IME system now deactivated.
[2016.05.31-22.12.15:693][  0]LogOcInput: OculusInput pre-init called
[2016.05.31-22.12.15:705][  0]LogAssetRegistry: Asset discovery search completed in 0.8591 seconds
[2016.05.31-22.12.15:705][  0]LogCollectionManager: Rebuilt the object cache for 0 collections in 0.000000 seconds (found 0 objects)
[2016.05.31-22.12.15:705][  0]LogCollectionManager: Fixed up redirectors for 0 collections in 0.000013 seconds (updated 0 objects)
[2016.05.31-22.12.15:742][  0]LogContentStreaming: Texture pool size now 1000 MB
[2016.05.31-22.12.15:838][  2]LogRenderer: Reallocating scene render targets to support 808x444 (Frame:2).
[2016.05.31-22.12.36:928][427]LogMetaData: Removing '/Game/Blueprints/GameModes/EndlessRunnerGameMode.EndlessRunnerGameMode_C' ref from Metadata '/Game/EndlessRunnerGameMode.PackageMetaData'
[2016.05.31-22.12.36:928][427]LogMetaData: Removing '/Game/Blueprints/GameModes/EndlessRunnerGameMode.EndlessRunnerGameMode_C:ExecuteUbergraph_EndlessRunnerGameMode' ref from Metadata '/Game/EndlessRunnerGameMode.PackageMetaData'
[2016.05.31-22.12.36:928][427]LogMetaData: Removing '/Game/Blueprints/GameModes/EndlessRunnerGameMode.EndlessRunnerGameMode_C:UserConstructionScript' ref from Metadata '/Game/EndlessRunnerGameMode.PackageMetaData'
[2016.05.31-22.12.36:928][427]LogMetaData: Removing '/Game/Blueprints/GameModes/EndlessRunnerGameMode.EndlessRunnerGameMode_C:ReceiveBeginPlay' ref from Metadata '/Game/EndlessRunnerGameMode.PackageMetaData'
[2016.05.31-22.12.36:928][427]LogMetaData: Removing '/Game/Blueprints/GameModes/EndlessRunnerGameMode.EndlessRunnerGameMode_C:DefaultSceneRoot' ref from Metadata '/Game/EndlessRunnerGameMode.PackageMetaData'
[2016.05.31-22.12.36:928][427]LogMetaData: Removing '/Game/Blueprints/GameModes/EndlessRunnerGameMode.EndlessRunnerGameMode_C:Next Spawn Point' ref from Metadata '/Game/EndlessRunnerGameMode.PackageMetaData'
[2016.05.31-22.12.36:928][427]LogMetaData: Removing '/Game/Blueprints/GameModes/EndlessRunnerGameMode.EndlessRunnerGameMode:AddFloorTile.K2Node_FunctionEntry_50' ref from Metadata '/Game/EndlessRunnerGameMode.PackageMetaData'
[2016.05.31-22.12.36:928][427]LogMetaData: Removing '/Game/Blueprints/GameModes/EndlessRunnerGameMode.SKEL_EndlessRunnerGameMode_C:Next Spawn Point' ref from Metadata '/Game/EndlessRunnerGameMode.PackageMetaData'
[2016.05.31-22.12.36:928][427]LogMetaData: Removing '/Game/Blueprints/GameModes/EndlessRunnerGameMode.SKEL_EndlessRunnerGameMode_C:DefaultSceneRoot' ref from Metadata '/Game/EndlessRunnerGameMode.PackageMetaData'
[2016.05.31-22.12.36:928][427]LogMetaData: Removing '/Game/Blueprints/GameModes/EndlessRunnerGameMode.SKEL_EndlessRunnerGameMode_C:ReceiveBeginPlay' ref from Metadata '/Game/EndlessRunnerGameMode.PackageMetaData'
[2016.05.31-22.12.36:928][427]LogMetaData: Removing '/Game/Blueprints/GameModes/EndlessRunnerGameMode.SKEL_EndlessRunnerGameMode_C:UserConstructionScript' ref from Metadata '/Game/EndlessRunnerGameMode.PackageMetaData'
[2016.05.31-22.12.36:928][427]LogMetaData: Removing '/Game/Blueprints/GameModes/EndlessRunnerGameMode.SKEL_EndlessRunnerGameMode_C:ExecuteUbergraph_EndlessRunnerGameMode' ref from Metadata '/Game/EndlessRunnerGameMode.PackageMetaData'
[2016.05.31-22.12.36:928][427]LogMetaData: Removing '/Game/Blueprints/GameModes/EndlessRunnerGameMode.SKEL_EndlessRunnerGameMode_C' ref from Metadata '/Game/EndlessRunnerGameMode.PackageMetaData'
[2016.05.31-22.12.36:972][427]LogSavePackage: Save=16.46ms
[2016.05.31-22.12.36:972][427]LogSavePackage: Moving '../../../../../../Documents/Developer/Unreal Engine Projects/Under Development/Bouturon/Saved/EndlessRunnerGameMode05C87D2A4723540E7F5CC88F89B8A91D.tmp' to '../../../../../../Documents/Developer/Unreal Engine Projects/Under Development/Bouturon/Content/Blueprints/GameModes/EndlessRunnerGameMode.uasset'
[2016.05.31-22.12.36:973][427]LogSavePackage: Total save time: 17.57ms
[2016.05.31-22.12.36:973][427]LogSavePackage:Display: Finished SavePackage ../../../../../../Documents/Developer/Unreal Engine Projects/Under Development/Bouturon/Content/Blueprints/GameModes/EndlessRunnerGameMode.uasset
[2016.05.31-22.12.36:976][427]Cmd: OBJ SAVEPACKAGE PACKAGE="/Game/EndlessRunnerGameMode" FILE="../../../../../../Documents/Developer/Unreal Engine Projects/Under Development/Bouturon/Content/EndlessRunnerGameMode.uasset" SILENT=true
[2016.05.31-22.12.36:982][427]LogSavePackage: Save=3.84ms
[2016.05.31-22.12.36:982][427]LogSavePackage: Moving '../../../../../../Documents/Developer/Unreal Engine Projects/Under Development/Bouturon/Saved/EndlessRunnerGameMode1F8D37B34B657A16E05CAD8DBF093FAF.tmp' to '../../../../../../Documents/Developer/Unreal Engine Projects/Under Development/Bouturon/Content/EndlessRunnerGameMode.uasset'
[2016.05.31-22.12.36:983][427]LogSavePackage: Total save time: 6.06ms
[2016.05.31-22.12.36:983][427]LogSavePackage:Display: Finished SavePackage ../../../../../../Documents/Developer/Unreal Engine Projects/Under Development/Bouturon/Content/EndlessRunnerGameMode.uasset
[2016.05.31-22.12.54:547][508]LogContentBrowser: Native class hierarchy updated for 'BlueprintGraph' in 0.0004 seconds. Added 108 classes and 0 folders.
[2016.05.31-22.12.56:622][705]LogRenderer: Reallocating scene render targets to support 1160x712 (Frame:10323).
[2016.05.31-22.13.14:194][794]BlueprintLog: New page: Compile RockObstacle
[2016.05.31-22.13.14:198][794]LogActorComponent: UnregisterComponent: (/Engine/Transient.CharMoveComp) Not registered. Aborting.
[2016.05.31-22.13.14:257][794]BlueprintEditorCompileResults: Info [0061.72] Compile of RockObstacle successful! [in 62 ms]
[2016.05.31-22.13.23:655][883]LogPlayLevel: PlayLevel: No blueprints needed recompiling
[2016.05.31-22.13.23:658][883]PIE: New page: PIE session: Untitled_0 (May 31, 2016, 1:13:23 PM)
[2016.05.31-22.13.23:658][883]LogPlayLevel: Creating play world package: /Temp/UEDPIE_0_Untitled_0
[2016.05.31-22.13.23:658][883]LogPlayLevel: PIE: StaticDuplicateObject took: (0.000312s)
[2016.05.31-22.13.23:658][883]LogAIModule: Creating AISystem for world NewWorld
[2016.05.31-22.13.23:659][883]LogPlayLevel: PIE: World Init took: (0.000327s)
[2016.05.31-22.13.23:659][883]LogPlayLevel: PIE: Created PIE world by copying editor world from /Temp/Untitled_0.NewWorld to /Temp/UEDPIE_0_Untitled_0.NewWorld (0.000750s)
[2016.05.31-22.13.23:659][883]LogActorComponent: UnregisterComponent: (/Engine/Transient.CharMoveComp) Not registered. Aborting.
[2016.05.31-22.13.23:672][883]LogInit: XAudio2 using 'SAMSUNG-8 (NVIDIA High Definition Audio)' : 2 channels at 48 kHz using 16 bits per sample (channel mask 0x3)
[2016.05.31-22.13.23:675][883]LogInit: FAudioDevice initialized.
[2016.05.31-22.13.23:723][883]LogLinker:Warning: Can't find file '/Game/ThirdPersonBP/Blueprints/ThirdPersonGameMode'
[2016.05.31-22.13.23:723][883]LogLinker:Warning: Can't find file '/Game/ThirdPersonBP/Blueprints/ThirdPersonGameMode'
[2016.05.31-22.13.23:723][883]LogUObjectGlobals:Warning: Failed to find object 'Class /Game/ThirdPersonBP/Blueprints/ThirdPersonGameMode.ThirdPersonGameMode_C'
[2016.05.31-22.13.23:723][883]LogWorld: Game class is 'GameMode'
[2016.05.31-22.13.23:724][883]LogWorld: Bringing World /Temp/UEDPIE_0_Untitled_0.NewWorld up for play (max tick rate 0) at 2016.05.31-18.13.23
[2016.05.31-22.13.23:725][883]LogWorld: Bringing up level for play took: 0.000511
[2016.05.31-22.13.23:730][883]LogContentBrowser: Native class hierarchy updated for 'MovieSceneCapture' in 0.0002 seconds. Added 9 classes and 0 folders.
[2016.05.31-22.13.23:731][883]PIE: Info Play in editor start time for /Temp/UEDPIE_0_Untitled_0 0.026
[2016.05.31-22.13.29:684][578]LogPlayLevel: PlayLevel: No blueprints needed recompiling
[2016.05.31-22.13.29:684][578]PIE: New page: PIE session: Untitled_0 (May 31, 2016, 1:13:29 PM)
[2016.05.31-22.13.29:684][578]LogPlayLevel: Creating play world package: /Temp/UEDPIE_0_Untitled_0
[2016.05.31-22.13.29:684][578]LogPlayLevel: PIE: StaticDuplicateObject took: (0.000301s)
[2016.05.31-22.13.29:684][578]LogAIModule: Creating AISystem for world NewWorld
[2016.05.31-22.13.29:684][578]LogPlayLevel: PIE: World Init took: (0.000320s)
[2016.05.31-22.13.29:684][578]LogPlayLevel: PIE: Created PIE world by copying editor world from /Temp/Untitled_0.NewWorld to /Temp/UEDPIE_0_Untitled_0.NewWorld (0.000722s)
[2016.05.31-22.13.29:698][578]LogInit: XAudio2 using 'SAMSUNG-8 (NVIDIA High Definition Audio)' : 2 channels at 48 kHz using 16 bits per sample (channel mask 0x3)
[2016.05.31-22.13.29:700][578]LogInit: FAudioDevice initialized.
[2016.05.31-22.13.29:732][578]LogLinker:Warning: Can't find file '/Game/ThirdPersonBP/Blueprints/ThirdPersonGameMode'
[2016.05.31-22.13.29:732][578]LogLinker:Warning: Can't find file '/Game/ThirdPersonBP/Blueprints/ThirdPersonGameMode'
[2016.05.31-22.13.29:732][578]LogUObjectGlobals:Warning: Failed to find object 'Class /Game/ThirdPersonBP/Blueprints/ThirdPersonGameMode.ThirdPersonGameMode_C'
[2016.05.31-22.13.29:732][578]LogWorld: Game class is 'GameMode'
[2016.05.31-22.13.29:734][578]LogWorld: Bringing World /Temp/UEDPIE_0_Untitled_0.NewWorld up for play (max tick rate 0) at 2016.05.31-18.13.29
[2016.05.31-22.13.29:734][578]LogWorld: Bringing up level for play took: 0.000522
[2016.05.31-22.13.29:735][578]PIE: Info Play in editor start time for /Temp/UEDPIE_0_Untitled_0 0.031
[2016.05.31-22.13.32:622][918]LogPlayLevel: PlayLevel: No blueprints needed recompiling
[2016.05.31-22.13.32:622][918]PIE: New page: PIE session: Untitled_0 (May 31, 2016, 1:13:32 PM)
[2016.05.31-22.13.32:622][918]LogPlayLevel: Creating play world package: /Temp/UEDPIE_0_Untitled_0
[2016.05.31-22.13.32:623][918]LogPlayLevel: PIE: StaticDuplicateObject took: (0.000296s)
[2016.05.31-22.13.32:623][918]LogAIModule: Creating AISystem for world NewWorld
[2016.05.31-22.13.32:623][918]LogPlayLevel: PIE: World Init took: (0.000337s)
[2016.05.31-22.13.32:623][918]LogPlayLevel: PIE: Created PIE world by copying editor world from /Temp/Untitled_0.NewWorld to /Temp/UEDPIE_0_Untitled_0.NewWorld (0.000731s)
[2016.05.31-22.13.32:636][918]LogInit: XAudio2 using 'SAMSUNG-8 (NVIDIA High Definition Audio)' : 2 channels at 48 kHz using 16 bits per sample (channel mask 0x3)
[2016.05.31-22.13.32:638][918]LogInit: FAudioDevice initialized.
[2016.05.31-22.13.32:669][918]LogLinker:Warning: Can't find file '/Game/ThirdPersonBP/Blueprints/ThirdPersonGameMode'
[2016.05.31-22.13.32:669][918]LogLinker:Warning: Can't find file '/Game/ThirdPersonBP/Blueprints/ThirdPersonGameMode'
[2016.05.31-22.13.32:669][918]LogUObjectGlobals:Warning: Failed to find object 'Class /Game/ThirdPersonBP/Blueprints/ThirdPersonGameMode.ThirdPersonGameMode_C'
[2016.05.31-22.13.32:669][918]LogWorld: Game class is 'GameMode'
[2016.05.31-22.13.32:671][918]LogWorld: Bringing World /Temp/UEDPIE_0_Untitled_0.NewWorld up for play (max tick rate 0) at 2016.05.31-18.13.32
[2016.05.31-22.13.32:671][918]LogWorld: Bringing up level for play took: 0.000486
[2016.05.31-22.13.32:672][918]PIE: Info Play in editor start time for /Temp/UEDPIE_0_Untitled_0 0.967
[2016.05.31-22.13.37:548][494]Cmd: UpdateLandscapeSetup
[2016.05.31-22.13.38:671][627]LogPlayLevel: PlayLevel: No blueprints needed recompiling
[2016.05.31-22.13.38:671][627]PIE: New page: PIE session: Untitled_0 (May 31, 2016, 1:13:38 PM)
[2016.05.31-22.13.38:671][627]LogPlayLevel: Creating play world package: /Temp/UEDPIE_0_Untitled_0
[2016.05.31-22.13.38:671][627]LogPlayLevel: PIE: StaticDuplicateObject took: (0.000303s)
[2016.05.31-22.13.38:671][627]LogAIModule: Creating AISystem for world NewWorld
[2016.05.31-22.13.38:671][627]LogPlayLevel: PIE: World Init took: (0.000331s)
[2016.05.31-22.13.38:671][627]LogPlayLevel: PIE: Created PIE world by copying editor world from /Temp/Untitled_0.NewWorld to /Temp/UEDPIE_0_Untitled_0.NewWorld (0.000731s)
[2016.05.31-22.13.38:685][627]LogInit: XAudio2 using 'SAMSUNG-8 (NVIDIA High Definition Audio)' : 2 channels at 48 kHz using 16 bits per sample (channel mask 0x3)
[2016.05.31-22.13.38:687][627]LogInit: FAudioDevice initialized.
[2016.05.31-22.13.38:716][627]LogWorld: Game class is 'EndlessRunnerGameMode_C'
[2016.05.31-22.13.38:718][627]LogWorld: Bringing World /Temp/UEDPIE_0_Untitled_0.NewWorld up for play (max tick rate 0) at 2016.05.31-18.13.38
[2016.05.31-22.13.38:718][627]LogWorld: Bringing up level for play took: 0.000699
[2016.05.31-22.13.38:720][627]LogScript:Warning: Attempted to get an item from array SpawnPoints out of bounds [3/2]!
[2016.05.31-22.13.38:721][627]LogScript:Warning: Attempted to get an item from array SpawnPoints out of bounds [3/2]!
[2016.05.31-22.13.38:722][627]LogScript:Warning: Attempted to get an item from array SpawnPoints out of bounds [3/2]!
[2016.05.31-22.13.38:723][627]PIE: Info Play in editor start time for /Temp/UEDPIE_0_Untitled_0 1.019
[2016.05.31-22.13.40:874][880]MapCheck: New page: Map Check
[2016.05.31-22.13.40:903][880]Cmd: MAP REBUILD ALLVISIBLE
[2016.05.31-22.13.40:903][880]LogEditorServer: Rebuildmap Clear paths rebuilt
[2016.05.31-22.13.40:941][880]LightingResults: New page: Lighting Build - May 31, 2016, 1:13:40 PM
[2016.05.31-22.13.40:942][880]LogContentBrowser: Native class hierarchy updated for 'StatsViewer' in 0.0002 seconds. Added 5 classes and 0 folders.
[2016.05.31-22.13.40:963][880]LogSwarmInterface: [OpenConnection] Registering TCP channel ...
[2016.05.31-22.13.40:992][880]LogSwarmInterface: [OpenConnection] Connecting to agent ...
[2016.05.31-22.13.40:998][880]LogSwarmInterface: [TryOpenConnection] Testing the Agent
[2016.05.31-22.13.41:506][880]LogSwarmInterface: [TryOpenConnection] Opening Connection to Agent
[2016.05.31-22.13.41:506][880]LogSwarmInterface: [TryOpenConnection] Local Process ID is 4012
[2016.05.31-22.13.43:839][880]LogStaticLightingSystem:Warning: No importance volume found, so the scene bounding box was used.  You can optimize your scene's quality and lighting build times by adding importance volumes.
[2016.05.31-22.13.43:839][880]LogStaticLightingSystem: Running Lightmass w/ ImmediateImport mode ENABLED
[2016.05.31-22.13.43:839][880]LogStaticLightingSystem: Running Lightmass w/ ImmediateProcess mode ENABLED
[2016.05.31-22.13.43:839][880]LogStaticLightingSystem: Running Lightmass w/ Sorting mode ENABLED
[2016.05.31-22.13.43:839][880]LogStaticLightingSystem: Running Lightmass w/ Mapping paddings ENABLED
[2016.05.31-22.13.43:839][880]LogStaticLightingSystem: Running Lightmass w/ Mapping debug paddings DISABLED
[2016.05.31-22.13.43:920][880]Cmd: MAP CHECK DONTDISPLAYDIALOG
[2016.05.31-22.13.43:920][880]MapCheck: New page: Untitled_0 - May 31, 2016, 1:13:43 PM
[2016.05.31-22.13.43:941][880]MapCheck: Info Map check complete: 0 Error(s), 0 Warning(s), took 22.703ms to complete.
[2016.05.31-22.13.43:964][880]LogEditorBuildUtils: Build time 0:00:03
[2016.05.31-22.13.44:555][904]Job is a success!
[2016.05.31-22.13.44:615][905]Lightmass on OZCAR: 317 ms total, 65 ms importing, 10 ms setup, 109 ms photons, 124 ms processing, 0 ms extra exporting [0/0 mappings]. Threads: 468 ms total, 0 ms processing.
[2016.05.31-22.13.44:634][905]LogStaticLightingSystem: Illumination: 3.67 sec (0 ms encoding lightmaps, 0 ms encoding shadowmaps)
[2016.05.31-22.13.44:634][905]LogStaticLightingSystem: Lightmap texture memory:  0.0 MB (0.0 MB streaming, 0.0 MB non-streaming), 0 textures
[2016.05.31-22.13.44:634][905]LogStaticLightingSystem: Shadowmap texture memory: 0.0 MB (0.0 MB streaming, 0.0 MB non-streaming), 0 textures
[2016.05.31-22.13.44:848][906]Cmd: MAP CHECK NOTIFYRESULTS
[2016.05.31-22.13.44:849][906]MapCheck: New page: Untitled_0 - May 31, 2016, 1:13:44 PM
[2016.05.31-22.13.44:876][906]MapCheck: Info Map check complete: 0 Error(s), 0 Warning(s), took 27.803ms to complete.
[2016.05.31-22.13.47:524][203]LogTexture:Display: Building textures: HQ_Lightmap1_2 (AutoDXT)
[2016.05.31-22.13.47:551][203]LogAIModule: Creating AISystem for world EndlessRunner
[2016.05.31-22.13.47:557][203]LogActorComponent: UnregisterComponent: (/Engine/Transient.CharMoveComp) Not registered. Aborting.
[2016.05.31-22.13.49:073][203]LogSavePackage: Save=4.02ms
[2016.05.31-22.13.49:073][203]LogSavePackage: Moving '../../../../../../Documents/Developer/Unreal Engine Projects/Under Development/Bouturon/Saved/EndlessRunnerGameMode856FBFA84F5D3D68186DEEBEB6BCF249.tmp' to '../../../../../../Documents/Developer/Unreal Engine Projects/Under Development/Bouturon/Content/Blueprints/EndlessRunnerGameMode.uasset'
[2016.05.31-22.13.49:074][203]LogSavePackage: Total save time: 6.16ms
[2016.05.31-22.13.49:074][203]LogSavePackage:Display: Finished SavePackage ../../../../../../Documents/Developer/Unreal Engine Projects/Under Development/Bouturon/Content/Blueprints/EndlessRunnerGameMode.uasset
[2016.05.31-22.13.49:104][203]LogSavePackage: Save=15.24ms
[2016.05.31-22.13.49:104][203]LogSavePackage: Moving '../../../../../../Documents/Developer/Unreal Engine Projects/Under Development/Bouturon/Saved/RockObstacleCCD8393D4AA7B623D0685A9D318700A1.tmp' to '../../../../../../Documents/Developer/Unreal Engine Projects/Under Development/Bouturon/Content/Blueprints/RockObstacle.uasset'
[2016.05.31-22.13.49:105][203]LogSavePackage: Total save time: 19.75ms
[2016.05.31-22.13.49:105][203]LogSavePackage:Display: Finished SavePackage ../../../../../../Documents/Developer/Unreal Engine Projects/Under Development/Bouturon/Content/Blueprints/RockObstacle.uasset
[2016.05.31-22.13.53:396][351]Cmd: MAP LOAD FILE="../../../../../../Documents/Developer/Unreal Engine Projects/Under Development/Bouturon/Content/Levels/EndlessRunner.umap" TEMPLATE=0 SHOWPROGRESS=1 FEATURELEVEL=3
[2016.05.31-22.13.53:396][351]LightingResults: New page: Lighting Build
[2016.05.31-22.13.53:405][351]LoadErrors: New page: Loading map: EndlessRunner.umap
[2016.05.31-22.13.53:406][351]MapCheck: New page: Map Check
[2016.05.31-22.13.53:406][351]LightingResults: New page: Lighting Build
[2016.05.31-22.13.53:447][351]LogEditorServer: Finished looking for orphan Actors (0.000 secs)
[2016.05.31-22.13.53:468][351]Cmd: MAP CHECKDEP NOCLEARLOG
[2016.05.31-22.13.53:491][351]MapCheck: Info Map check complete: 0 Error(s), 0 Warning(s), took 22.695ms to complete.
[2016.05.31-22.13.53:493][351]LogFileHelpers: Loading map 'EndlessRunner' took 0.099
[2016.05.31-22.13.56:584][718]LogBlueprintUserMessages: Early PlayInEditor Detection: Level '/Game/Levels/EndlessRunner.EndlessRunner:PersistentLevel' has LevelScriptBlueprint '/Game/Levels/EndlessRunner.EndlessRunner:PersistentLevel.EndlessRunner' with GeneratedClass '/Game/Levels/EndlessRunner.EndlessRunner_C' with ClassGeneratedBy '/Game/Levels/EndlessRunner.EndlessRunner:PersistentLevel.EndlessRunner'
[2016.05.31-22.13.56:584][718]LogPlayLevel: PlayLevel: No blueprints needed recompiling
[2016.05.31-22.13.56:584][718]PIE: New page: PIE session: EndlessRunner (May 31, 2016, 1:13:56 PM)
[2016.05.31-22.13.56:584][718]LogPlayLevel: Creating play world package: /Game/Levels/UEDPIE_0_EndlessRunner
[2016.05.31-22.13.56:586][718]LogPlayLevel: PIE: StaticDuplicateObject took: (0.001618s)
[2016.05.31-22.13.56:586][718]LogAIModule: Creating AISystem for world EndlessRunner
[2016.05.31-22.13.56:586][718]LogPlayLevel: PIE: World Init took: (0.000546s)
[2016.05.31-22.13.56:586][718]LogPlayLevel: PIE: Created PIE world by copying editor world from /Game/Levels/EndlessRunner.EndlessRunner to /Game/Levels/UEDPIE_0_EndlessRunner.EndlessRunner (0.002303s)
[2016.05.31-22.13.56:600][718]LogInit: XAudio2 using 'SAMSUNG-8 (NVIDIA High Definition Audio)' : 2 channels at 48 kHz using 16 bits per sample (channel mask 0x3)
[2016.05.31-22.13.56:602][718]LogInit: FAudioDevice initialized.
[2016.05.31-22.13.56:631][718]LogWorld: Game class is 'EndlessRunnerGameMode_C'
[2016.05.31-22.13.56:632][718]LogWorld: Bringing World /Game/Levels/UEDPIE_0_EndlessRunner.EndlessRunner up for play (max tick rate 0) at 2016.05.31-18.13.56
[2016.05.31-22.13.56:633][718]LogWorld: Bringing up level for play took: 0.000978
[2016.05.31-22.13.56:635][718]LogScript:Warning: Attempted to get an item from array SpawnPoints out of bounds [3/2]!
[2016.05.31-22.13.56:635][718]LogScript:Warning: Attempted to get an item from array SpawnPoints out of bounds [3/2]!
[2016.05.31-22.13.56:636][718]LogScript:Warning: Attempted to get an item from array SpawnPoints out of bounds [3/2]!
[2016.05.31-22.13.56:636][718]LogScript:Warning: Attempted to get an item from array SpawnPoints out of bounds [3/2]!
[2016.05.31-22.13.56:638][718]PIE: Info Play in editor start time for /Game/Levels/UEDPIE_0_EndlessRunner 0.934
[2016.05.31-22.13.56:638][718]LogBlueprintUserMessages: Late PlayInEditor Detection: Level '/Game/Levels/EndlessRunner.EndlessRunner:PersistentLevel' has LevelScriptBlueprint '/Game/Levels/EndlessRunner.EndlessRunner:PersistentLevel.EndlessRunner' with GeneratedClass '/Game/Levels/EndlessRunner.EndlessRunner_C' with ClassGeneratedBy '/Game/Levels/EndlessRunner.EndlessRunner:PersistentLevel.EndlessRunner'
[2016.05.31-22.13.57:580][831]LogScript:Warning: Attempted to get an item from array SpawnPoints out of bounds [3/2]!
[2016.05.31-22.14.01:872][346]LogScript:Warning: Attempted to get an item from array SpawnPoints out of bounds [3/2]!
[2016.05.31-22.14.03:280][515]LogScript:Warning: Attempted to get an item from array SpawnPoints out of bounds [3/2]!
[2016.05.31-22.14.04:713][687]LogBlueprintUserMessages: Early EndPlayMap Detection: Level '/Game/Levels/EndlessRunner.EndlessRunner:PersistentLevel' has LevelScriptBlueprint '/Game/Levels/EndlessRunner.EndlessRunner:PersistentLevel.EndlessRunner' with GeneratedClass '/Game/Levels/EndlessRunner.EndlessRunner_C' with ClassGeneratedBy '/Game/Levels/EndlessRunner.EndlessRunner:PersistentLevel.EndlessRunner'
[2016.05.31-22.14.04:741][687]LogBlueprintUserMessages: Late EndPlayMap Detection: Level '/Game/Levels/EndlessRunner.EndlessRunner:PersistentLevel' has LevelScriptBlueprint '/Game/Levels/EndlessRunner.EndlessRunner:PersistentLevel.EndlessRunner' with GeneratedClass '/Game/Levels/EndlessRunner.EndlessRunner_C' with ClassGeneratedBy '/Game/Levels/EndlessRunner.EndlessRunner:PersistentLevel.EndlessRunner'
[2016.05.31-22.14.39:376][278]LogActorComponent: UnregisterComponent: (/Engine/Transient.CharMoveComp) Not registered. Aborting.
[2016.05.31-22.14.57:254][326]LogBlueprintUserMessages: Early PlayInEditor Detection: Level '/Game/Levels/EndlessRunner.EndlessRunner:PersistentLevel' has LevelScriptBlueprint '/Game/Levels/EndlessRunner.EndlessRunner:PersistentLevel.EndlessRunner' with GeneratedClass '/Game/Levels/EndlessRunner.EndlessRunner_C' with ClassGeneratedBy '/Game/Levels/EndlessRunner.EndlessRunner:PersistentLevel.EndlessRunner'
[2016.05.31-22.14.57:254][326]LogPlayLevel: PlayLevel: No blueprints needed recompiling
[2016.05.31-22.14.57:254][326]PIE: New page: PIE session: EndlessRunner (May 31, 2016, 1:14:57 PM)
[2016.05.31-22.14.57:254][326]LogPlayLevel: Creating play world package: /Game/Levels/UEDPIE_0_EndlessRunner
[2016.05.31-22.14.57:256][326]LogPlayLevel: PIE: StaticDuplicateObject took: (0.001827s)
[2016.05.31-22.14.57:257][326]LogAIModule: Creating AISystem for world EndlessRunner
[2016.05.31-22.14.57:257][326]LogPlayLevel: PIE: World Init took: (0.000616s)
[2016.05.31-22.14.57:257][326]LogPlayLevel: PIE: Created PIE world by copying editor world from /Game/Levels/EndlessRunner.EndlessRunner to /Game/Levels/UEDPIE_0_EndlessRunner.EndlessRunner (0.002586s)
[2016.05.31-22.14.57:257][326]LogActorComponent: UnregisterComponent: (/Engine/Transient.CharMoveComp) Not registered. Aborting.
[2016.05.31-22.14.57:270][326]LogInit: XAudio2 using 'SAMSUNG-8 (NVIDIA High Definition Audio)' : 2 channels at 48 kHz using 16 bits per sample (channel mask 0x3)
[2016.05.31-22.14.57:273][326]LogInit: FAudioDevice initialized.
[2016.05.31-22.14.57:308][326]LogWorld: Game class is 'EndlessRunnerGameMode_C'
[2016.05.31-22.14.57:310][326]LogWorld: Bringing World /Game/Levels/UEDPIE_0_EndlessRunner.EndlessRunner up for play (max tick rate 0) at 2016.05.31-18.14.57
[2016.05.31-22.14.57:310][326]LogWorld: Bringing up level for play took: 0.001015
[2016.05.31-22.14.57:313][326]LogScript:Warning: Attempted to get an item from array SpawnPoints out of bounds [3/2]!
[2016.05.31-22.14.57:314][326]LogScript:Warning: Attempted to get an item from array SpawnPoints out of bounds [3/2]!
[2016.05.31-22.14.57:318][326]PIE: Info Play in editor start time for /Game/Levels/UEDPIE_0_EndlessRunner -0.386
[2016.05.31-22.14.57:319][326]LogBlueprintUserMessages: Late PlayInEditor Detection: Level '/Game/Levels/EndlessRunner.EndlessRunner:PersistentLevel' has LevelScriptBlueprint '/Game/Levels/EndlessRunner.EndlessRunner:PersistentLevel.EndlessRunner' with GeneratedClass '/Game/Levels/EndlessRunner.EndlessRunner_C' with ClassGeneratedBy '/Game/Levels/EndlessRunner.EndlessRunner:PersistentLevel.EndlessRunner'
[2016.05.31-22.14.57:324][327]LogRenderer: Reallocating scene render targets to support 1280x720 (Frame:27531).
[2016.05.31-22.15.05:874][352]LogScript:Warning: Attempted to get an item from array SpawnPoints out of bounds [3/2]!
[2016.05.31-22.15.07:274][520]LogScript:Warning: Attempted to get an item from array SpawnPoints out of bounds [3/2]!
[2016.05.31-22.15.07:941][600]LogScript:Warning: Attempted to get an item from array SpawnPoints out of bounds [3/2]!
[2016.05.31-22.15.11:541][ 32]LogScript:Warning: Attempted to get an item from array SpawnPoints out of bounds [3/2]!
[2016.05.31-22.15.12:649][165]LogBlueprintUserMessages: Early EndPlayMap Detection: Level '/Game/Levels/EndlessRunner.EndlessRunner:PersistentLevel' has LevelScriptBlueprint '/Game/Levels/EndlessRunner.EndlessRunner:PersistentLevel.EndlessRunner' with GeneratedClass '/Game/Levels/EndlessRunner.EndlessRunner_C' with ClassGeneratedBy '/Game/Levels/EndlessRunner.EndlessRunner:PersistentLevel.EndlessRunner'
[2016.05.31-22.15.12:689][165]LogBlueprintUserMessages: Late EndPlayMap Detection: Level '/Game/Levels/EndlessRunner.EndlessRunner:PersistentLevel' has LevelScriptBlueprint '/Game/Levels/EndlessRunner.EndlessRunner:PersistentLevel.EndlessRunner' with GeneratedClass '/Game/Levels/EndlessRunner.EndlessRunner_C' with ClassGeneratedBy '/Game/Levels/EndlessRunner.EndlessRunner:PersistentLevel.EndlessRunner'
[2016.05.31-22.15.52:453][910]BlueprintLog: New page: Compile FloorTile
[2016.05.31-22.15.52:511][910]BlueprintEditorCompileResults: Info [0219.97] Compile of FloorTile successful! [in 58 ms]
[2016.05.31-22.15.53:937][ 79]LogBlueprintUserMessages: Early PlayInEditor Detection: Level '/Game/Levels/EndlessRunner.EndlessRunner:PersistentLevel' has LevelScriptBlueprint '/Game/Levels/EndlessRunner.EndlessRunner:PersistentLevel.EndlessRunner' with GeneratedClass '/Game/Levels/EndlessRunner.EndlessRunner_C' with ClassGeneratedBy '/Game/Levels/EndlessRunner.EndlessRunner:PersistentLevel.EndlessRunner'
[2016.05.31-22.15.53:937][ 79]LogPlayLevel: PlayLevel: No blueprints needed recompiling
[2016.05.31-22.15.53:937][ 79]PIE: New page: PIE session: EndlessRunner (May 31, 2016, 1:15:53 PM)
[2016.05.31-22.15.53:937][ 79]LogPlayLevel: Creating play world package: /Game/Levels/UEDPIE_0_EndlessRunner
[2016.05.31-22.15.53:938][ 79]LogPlayLevel: PIE: StaticDuplicateObject took: (0.001489s)
[2016.05.31-22.15.53:939][ 79]LogAIModule: Creating AISystem for world EndlessRunner
[2016.05.31-22.15.53:939][ 79]LogPlayLevel: PIE: World Init took: (0.000376s)
[2016.05.31-22.15.53:939][ 79]LogPlayLevel: PIE: Created PIE world by copying editor world from /Game/Levels/EndlessRunner.EndlessRunner to /Game/Levels/UEDPIE_0_EndlessRunner.EndlessRunner (0.001995s)
[2016.05.31-22.15.53:953][ 79]LogInit: XAudio2 using 'SAMSUNG-8 (NVIDIA High Definition Audio)' : 2 channels at 48 kHz using 16 bits per sample (channel mask 0x3)
[2016.05.31-22.15.53:955][ 79]LogInit: FAudioDevice initialized.
[2016.05.31-22.15.53:989][ 79]LogWorld: Game class is 'EndlessRunnerGameMode_C'
[2016.05.31-22.15.53:991][ 79]LogWorld: Bringing World /Game/Levels/UEDPIE_0_EndlessRunner.EndlessRunner up for play (max tick rate 0) at 2016.05.31-18.15.53
[2016.05.31-22.15.53:991][ 79]LogWorld: Bringing up level for play took: 0.001104
[2016.05.31-22.15.53:994][ 79]LogScript:Warning: Attempted to get an item from array SpawnPoints out of bounds [3/2]!
[2016.05.31-22.15.53:995][ 79]LogScript:Warning: Attempted to get an item from array SpawnPoints out of bounds [3/2]!
[2016.05.31-22.15.53:996][ 79]LogScript:Warning: Attempted to get an item from array SpawnPoints out of bounds [3/2]!
[2016.05.31-22.15.53:996][ 79]LogScript:Warning: Attempted to get an item from array SpawnPoints out of bounds [3/2]!
[2016.05.31-22.15.53:999][ 79]PIE: Info Play in editor start time for /Game/Levels/UEDPIE_0_EndlessRunner 0.295
[2016.05.31-22.15.54:000][ 79]LogBlueprintUserMessages: Late PlayInEditor Detection: Level '/Game/Levels/EndlessRunner.EndlessRunner:PersistentLevel' has LevelScriptBlueprint '/Game/Levels/EndlessRunner.EndlessRunner:PersistentLevel.EndlessRunner' with GeneratedClass '/Game/Levels/EndlessRunner.EndlessRunner_C' with ClassGeneratedBy '/Game/Levels/EndlessRunner.EndlessRunner:PersistentLevel.EndlessRunner'
[2016.05.31-22.15.56:330][359]LogScript:Warning: Attempted to get an item from array SpawnPoints out of bounds [3/2]!
[2016.05.31-22.16.03:247][189]LogScript:Warning: Attempted to get an item from array SpawnPoints out of bounds [3/2]!
[2016.05.31-22.16.04:298][315]LogBlueprintUserMessages: Early EndPlayMap Detection: Level '/Game/Levels/EndlessRunner.EndlessRunner:PersistentLevel' has LevelScriptBlueprint '/Game/Levels/EndlessRunner.EndlessRunner:PersistentLevel.EndlessRunner' with GeneratedClass '/Game/Levels/EndlessRunner.EndlessRunner_C' with ClassGeneratedBy '/Game/Levels/EndlessRunner.EndlessRunner:PersistentLevel.EndlessRunner'
[2016.05.31-22.16.04:340][315]LogBlueprintUserMessages: Late EndPlayMap Detection: Level '/Game/Levels/EndlessRunner.EndlessRunner:PersistentLevel' has LevelScriptBlueprint '/Game/Levels/EndlessRunner.EndlessRunner:PersistentLevel.EndlessRunner' with GeneratedClass '/Game/Levels/EndlessRunner.EndlessRunner_C' with ClassGeneratedBy '/Game/Levels/EndlessRunner.EndlessRunner:PersistentLevel.EndlessRunner'
[2016.05.31-22.16.06:852][615]LogEditorTransaction: Undo Move Nodes
[2016.05.31-22.16.06:856][615]LogScript:Warning: Attempted to get an item from array SpawnPoints out of bounds [3/2]!
[2016.05.31-22.16.07:227][648]LogEditorTransaction: Undo Create Pin Link
[2016.05.31-22.16.07:394][660]LogEditorTransaction: Undo Create Pin Link
[2016.05.31-22.16.07:655][690]LogEditorTransaction: Undo Create Pin Link
[2016.05.31-22.16.07:658][690]LogScript:Warning: Attempted to get an item from array SpawnPoints out of bounds [3/2]!
[2016.05.31-22.16.07:860][713]LogEditorTransaction: Undo Create Pin Link
[2016.05.31-22.16.07:863][713]LogScript:Warning: Attempted to get an item from array SpawnPoints out of bounds [3/2]!
[2016.05.31-22.16.08:089][739]LogEditorTransaction: Undo Create Pin Link
[2016.05.31-22.16.08:343][768]LogEditorTransaction: Undo Move Node
[2016.05.31-22.16.08:614][799]LogEditorTransaction: Undo Move Node
[2016.05.31-22.16.08:994][843]LogEditorTransaction: Undo Move Node
[2016.05.31-22.16.08:997][843]LogScript:Warning: Attempted to get an item from array SpawnPoints out of bounds [3/2]!
[2016.05.31-22.16.09:256][873]LogEditorTransaction: Undo Paste clipboard contents
[2016.05.31-22.16.09:259][873]LogScript:Warning: Attempted to get an item from array SpawnPoints out of bounds [3/2]!
[2016.05.31-22.16.09:528][903]LogEditorTransaction: Undo Paste clipboard contents
[2016.05.31-22.16.09:531][903]LogScript:Warning: Attempted to get an item from array SpawnPoints out of bounds [3/2]!
[2016.05.31-22.16.09:798][934]LogEditorTransaction: Undo Delete current selection
[2016.05.31-22.16.10:153][975]LogEditorTransaction: Undo Delete current selection
[2016.05.31-22.16.10:657][ 34]LogEditorTransaction: Undo Delete current selection
[2016.05.31-22.16.11:220][100]LogEditorTransaction: Undo Add Node
[2016.05.31-22.16.13:075][321]BlueprintLog: New page: Compile FloorTile
[2016.05.31-22.16.13:139][321]BlueprintEditorCompileResults: Info [0240.60] Compile of FloorTile successful! [in 63 ms]
[2016.05.31-22.16.13:939][412]Cmd: OBJ SAVEPACKAGE PACKAGE="/Game/Blueprints/FloorTile" FILE="../../../../../../Documents/Developer/Unreal Engine Projects/Under Development/Bouturon/Content/Blueprints/FloorTile.uasset" SILENT=true
[2016.05.31-22.16.13:986][412]LogSavePackage: Save=43.22ms
[2016.05.31-22.16.13:986][412]LogSavePackage: Moving '../../../../../../Documents/Developer/Unreal Engine Projects/Under Development/Bouturon/Saved/FloorTile82C5D0B04679ED91A0CA17BF5559AF86.tmp' to '../../../../../../Documents/Developer/Unreal Engine Projects/Under Development/Bouturon/Content/Blueprints/FloorTile.uasset'
[2016.05.31-22.16.13:987][412]LogSavePackage: Total save time: 47.85ms
[2016.05.31-22.16.13:987][412]LogSavePackage:Display: Finished SavePackage ../../../../../../Documents/Developer/Unreal Engine Projects/Under Development/Bouturon/Content/Blueprints/FloorTile.uasset
[2016.05.31-22.16.15:514][593]LogBlueprintUserMessages: Early PlayInEditor Detection: Level '/Game/Levels/EndlessRunner.EndlessRunner:PersistentLevel' has LevelScriptBlueprint '/Game/Levels/EndlessRunner.EndlessRunner:PersistentLevel.EndlessRunner' with GeneratedClass '/Game/Levels/EndlessRunner.EndlessRunner_C' with ClassGeneratedBy '/Game/Levels/EndlessRunner.EndlessRunner:PersistentLevel.EndlessRunner'
[2016.05.31-22.16.15:514][593]LogPlayLevel: PlayLevel: No blueprints needed recompiling
[2016.05.31-22.16.15:514][593]PIE: New page: PIE session: EndlessRunner (May 31, 2016, 1:16:15 PM)
[2016.05.31-22.16.15:514][593]LogPlayLevel: Creating play world package: /Game/Levels/UEDPIE_0_EndlessRunner
[2016.05.31-22.16.15:515][593]LogPlayLevel: PIE: StaticDuplicateObject took: (0.001361s)
[2016.05.31-22.16.15:516][593]LogAIModule: Creating AISystem for world EndlessRunner
[2016.05.31-22.16.15:516][593]LogPlayLevel: PIE: World Init took: (0.000441s)
[2016.05.31-22.16.15:516][593]LogPlayLevel: PIE: Created PIE world by copying editor world from /Game/Levels/EndlessRunner.EndlessRunner to /Game/Levels/UEDPIE_0_EndlessRunner.EndlessRunner (0.001939s)
[2016.05.31-22.16.15:530][593]LogInit: XAudio2 using 'SAMSUNG-8 (NVIDIA High Definition Audio)' : 2 channels at 48 kHz using 16 bits per sample (channel mask 0x3)
[2016.05.31-22.16.15:532][593]LogInit: FAudioDevice initialized.
[2016.05.31-22.16.15:558][593]LogWorld: Game class is 'EndlessRunnerGameMode_C'
[2016.05.31-22.16.15:560][593]LogWorld: Bringing World /Game/Levels/UEDPIE_0_EndlessRunner.EndlessRunner up for play (max tick rate 0) at 2016.05.31-18.16.15
[2016.05.31-22.16.15:561][593]LogWorld: Bringing up level for play took: 0.000944
[2016.05.31-22.16.15:563][593]LogScript:Warning: Attempted to get an item from array SpawnPoints out of bounds [3/2]!
[2016.05.31-22.16.15:565][593]LogScript:Warning: Attempted to get an item from array SpawnPoints out of bounds [3/2]!
[2016.05.31-22.16.15:566][593]PIE: Info Play in editor start time for /Game/Levels/UEDPIE_0_EndlessRunner -0.138
[2016.05.31-22.16.15:566][593]LogBlueprintUserMessages: Late PlayInEditor Detection: Level '/Game/Levels/EndlessRunner.EndlessRunner:PersistentLevel' has LevelScriptBlueprint '/Game/Levels/EndlessRunner.EndlessRunner:PersistentLevel.EndlessRunner' with GeneratedClass '/Game/Levels/EndlessRunner.EndlessRunner_C' with ClassGeneratedBy '/Game/Levels/EndlessRunner.EndlessRunner:PersistentLevel.EndlessRunner'
[2016.05.31-22.16.19:241][ 34]LogScript:Warning: Attempted to get an item from array SpawnPoints out of bounds [3/2]!
[2016.05.31-22.16.26:092][856]LogScript:Warning: Attempted to get an item from array SpawnPoints out of bounds [3/2]!
[2016.05.31-22.16.27:450][ 19]LogScript:Warning: Attempted to get an item from array SpawnPoints out of bounds [3/2]!
[2016.05.31-22.16.30:867][429]LogScript:Warning: Attempted to get an item from array SpawnPoints out of bounds [3/2]!
[2016.05.31-22.16.32:884][671]LogScript:Warning: Attempted to get an item from array SpawnPoints out of bounds [3/2]!
[2016.05.31-22.16.33:551][751]LogScript:Warning: Attempted to get an item from array SpawnPoints out of bounds [3/2]!
[2016.05.31-22.16.37:876][270]LogScript:Warning: Attempted to get an item from array SpawnPoints out of bounds [3/2]!
[2016.05.31-22.16.40:876][630]LogScript:Warning: Attempted to get an item from array SpawnPoints out of bounds [3/2]!
[2016.05.31-22.16.49:609][678]LogBlueprintUserMessages: Early EndPlayMap Detection: Level '/Game/Levels/EndlessRunner.EndlessRunner:PersistentLevel' has LevelScriptBlueprint '/Game/Levels/EndlessRunner.EndlessRunner:PersistentLevel.EndlessRunner' with GeneratedClass '/Game/Levels/EndlessRunner.EndlessRunner_C' with ClassGeneratedBy '/Game/Levels/EndlessRunner.EndlessRunner:PersistentLevel.EndlessRunner'
[2016.05.31-22.16.49:643][678]LogBlueprintUserMessages: Late EndPlayMap Detection: Level '/Game/Levels/EndlessRunner.EndlessRunner:PersistentLevel' has LevelScriptBlueprint '/Game/Levels/EndlessRunner.EndlessRunner:PersistentLevel.EndlessRunner' with GeneratedClass '/Game/Levels/EndlessRunner.EndlessRunner_C' with ClassGeneratedBy '/Game/Levels/EndlessRunner.EndlessRunner:PersistentLevel.EndlessRunner'
[2016.05.31-22.16.56:093][172]LogBlueprintUserMessages: Early PlayInEditor Detection: Level '/Game/Levels/EndlessRunner.EndlessRunner:PersistentLevel' has LevelScriptBlueprint '/Game/Levels/EndlessRunner.EndlessRunner:PersistentLevel.EndlessRunner' with GeneratedClass '/Game/Levels/EndlessRunner.EndlessRunner_C' with ClassGeneratedBy '/Game/Levels/EndlessRunner.EndlessRunner:PersistentLevel.EndlessRunner'
[2016.05.31-22.16.56:093][172]LogPlayLevel: PlayLevel: No blueprints needed recompiling
[2016.05.31-22.16.56:093][172]PIE: New page: PIE session: EndlessRunner (May 31, 2016, 1:16:56 PM)
[2016.05.31-22.16.56:093][172]LogPlayLevel: Creating play world package: /Game/Levels/UEDPIE_0_EndlessRunner
[2016.05.31-22.16.56:095][172]LogPlayLevel: PIE: StaticDuplicateObject took: (0.001430s)
[2016.05.31-22.16.56:095][172]LogAIModule: Creating AISystem for world EndlessRunner
[2016.05.31-22.16.56:095][172]LogPlayLevel: PIE: World Init took: (0.000450s)
[2016.05.31-22.16.56:095][172]LogPlayLevel: PIE: Created PIE world by copying editor world from /Game/Levels/EndlessRunner.EndlessRunner to /Game/Levels/UEDPIE_0_EndlessRunner.EndlessRunner (0.001997s)
[2016.05.31-22.16.56:095][172]LogActorComponent: UnregisterComponent: (/Engine/Transient.CharMoveComp) Not registered. Aborting.
[2016.05.31-22.16.56:109][172]LogInit: XAudio2 using 'SAMSUNG-8 (NVIDIA High Definition Audio)' : 2 channels at 48 kHz using 16 bits per sample (channel mask 0x3)
[2016.05.31-22.16.56:112][172]LogInit: FAudioDevice initialized.
[2016.05.31-22.16.56:140][172]LogWorld: Game class is 'EndlessRunnerGameMode_C'
[2016.05.31-22.16.56:142][172]LogWorld: Bringing World /Game/Levels/UEDPIE_0_EndlessRunner.EndlessRunner up for play (max tick rate 0) at 2016.05.31-18.16.56
[2016.05.31-22.16.56:143][172]LogWorld: Bringing up level for play took: 0.000993
[2016.05.31-22.16.56:144][172]LogScript:Warning: Attempted to get an item from array SpawnPoints out of bounds [3/2]!
[2016.05.31-22.16.56:145][172]LogScript:Warning: Attempted to get an item from array SpawnPoints out of bounds [3/2]!
[2016.05.31-22.16.56:146][172]LogScript:Warning: Attempted to get an item from array SpawnPoints out of bounds [3/2]!
[2016.05.31-22.16.56:147][172]LogScript:Warning: Attempted to get an item from array SpawnPoints out of bounds [3/2]!
[2016.05.31-22.16.56:148][172]PIE: Info Play in editor start time for /Game/Levels/UEDPIE_0_EndlessRunner 0.443
[2016.05.31-22.16.56:148][172]LogBlueprintUserMessages: Late PlayInEditor Detection: Level '/Game/Levels/EndlessRunner.EndlessRunner:PersistentLevel' has LevelScriptBlueprint '/Game/Levels/EndlessRunner.EndlessRunner:PersistentLevel.EndlessRunner' with GeneratedClass '/Game/Levels/EndlessRunner.EndlessRunner_C' with ClassGeneratedBy '/Game/Levels/EndlessRunner.EndlessRunner:PersistentLevel.EndlessRunner'
[2016.05.31-22.16.56:964][270]LogBlueprintUserMessages: Early EndPlayMap Detection: Level '/Game/Levels/EndlessRunner.EndlessRunner:PersistentLevel' has LevelScriptBlueprint '/Game/Levels/EndlessRunner.EndlessRunner:PersistentLevel.EndlessRunner' with GeneratedClass '/Game/Levels/EndlessRunner.EndlessRunner_C' with ClassGeneratedBy '/Game/Levels/EndlessRunner.EndlessRunner:PersistentLevel.EndlessRunner'
[2016.05.31-22.16.56:994][270]LogBlueprintUserMessages: Late EndPlayMap Detection: Level '/Game/Levels/EndlessRunner.EndlessRunner:PersistentLevel' has LevelScriptBlueprint '/Game/Levels/EndlessRunner.EndlessRunner:PersistentLevel.EndlessRunner' with GeneratedClass '/Game/Levels/EndlessRunner.EndlessRunner_C' with ClassGeneratedBy '/Game/Levels/EndlessRunner.EndlessRunner:PersistentLevel.EndlessRunner'
[2016.05.31-22.16.58:584][458]LogBlueprintUserMessages: Early PlayInEditor Detection: Level '/Game/Levels/EndlessRunner.EndlessRunner:PersistentLevel' has LevelScriptBlueprint '/Game/Levels/EndlessRunner.EndlessRunner:PersistentLevel.EndlessRunner' with GeneratedClass '/Game/Levels/EndlessRunner.EndlessRunner_C' with ClassGeneratedBy '/Game/Levels/EndlessRunner.EndlessRunner:PersistentLevel.EndlessRunner'
[2016.05.31-22.16.58:584][458]LogPlayLevel: PlayLevel: No blueprints needed recompiling
[2016.05.31-22.16.58:584][458]PIE: New page: PIE session: EndlessRunner (May 31, 2016, 1:16:58 PM)
[2016.05.31-22.16.58:584][458]LogPlayLevel: Creating play world package: /Game/Levels/UEDPIE_0_EndlessRunner
[2016.05.31-22.16.58:586][458]LogPlayLevel: PIE: StaticDuplicateObject took: (0.001301s)
[2016.05.31-22.16.58:586][458]LogAIModule: Creating AISystem for world EndlessRunner
[2016.05.31-22.16.58:586][458]LogPlayLevel: PIE: World Init took: (0.000482s)
[2016.05.31-22.16.58:586][458]LogPlayLevel: PIE: Created PIE world by copying editor world from /Game/Levels/EndlessRunner.EndlessRunner to /Game/Levels/UEDPIE_0_EndlessRunner.EndlessRunner (0.001888s)
[2016.05.31-22.16.58:600][458]LogInit: XAudio2 using 'SAMSUNG-8 (NVIDIA High Definition Audio)' : 2 channels at 48 kHz using 16 bits per sample (channel mask 0x3)
[2016.05.31-22.16.58:602][458]LogInit: FAudioDevice initialized.
[2016.05.31-22.16.58:632][458]LogWorld: Game class is 'EndlessRunnerGameMode_C'
[2016.05.31-22.16.58:634][458]LogWorld: Bringing World /Game/Levels/UEDPIE_0_EndlessRunner.EndlessRunner up for play (max tick rate 0) at 2016.05.31-18.16.58
[2016.05.31-22.16.58:634][458]LogWorld: Bringing up level for play took: 0.000983
[2016.05.31-22.16.58:638][458]LogScript:Warning: Attempted to get an item from array SpawnPoints out of bounds [3/2]!
[2016.05.31-22.16.58:639][458]PIE: Info Play in editor start time for /Game/Levels/UEDPIE_0_EndlessRunner 0.935
[2016.05.31-22.16.58:639][458]LogBlueprintUserMessages: Late PlayInEditor Detection: Level '/Game/Levels/EndlessRunner.EndlessRunner:PersistentLevel' has LevelScriptBlueprint '/Game/Levels/EndlessRunner.EndlessRunner:PersistentLevel.EndlessRunner' with GeneratedClass '/Game/Levels/EndlessRunner.EndlessRunner_C' with ClassGeneratedBy '/Game/Levels/EndlessRunner.EndlessRunner:PersistentLevel.EndlessRunner'
[2016.05.31-22.16.59:580][571]LogScript:Warning: Attempted to get an item from array SpawnPoints out of bounds [3/2]!
[2016.05.31-22.17.00:247][651]LogScript:Warning: Attempted to get an item from array SpawnPoints out of bounds [3/2]!
[2016.05.31-22.17.01:589][812]LogScript:Warning: Attempted to get an item from array SpawnPoints out of bounds [3/2]!
[2016.05.31-22.17.04:131][117]LogBlueprintUserMessages: Early EndPlayMap Detection: Level '/Game/Levels/EndlessRunner.EndlessRunner:PersistentLevel' has LevelScriptBlueprint '/Game/Levels/EndlessRunner.EndlessRunner:PersistentLevel.EndlessRunner' with GeneratedClass '/Game/Levels/EndlessRunner.EndlessRunner_C' with ClassGeneratedBy '/Game/Levels/EndlessRunner.EndlessRunner:PersistentLevel.EndlessRunner'
[2016.05.31-22.17.04:163][117]LogBlueprintUserMessages: Late EndPlayMap Detection: Level '/Game/Levels/EndlessRunner.EndlessRunner:PersistentLevel' has LevelScriptBlueprint '/Game/Levels/EndlessRunner.EndlessRunner:PersistentLevel.EndlessRunner' with GeneratedClass '/Game/Levels/EndlessRunner.EndlessRunner_C' with ClassGeneratedBy '/Game/Levels/EndlessRunner.EndlessRunner:PersistentLevel.EndlessRunner'
[2016.05.31-22.17.46:397][989]LogSlate:Warning: Prevented a slow task dialog from being summoned while a context menu was open
[2016.05.31-22.17.52:656][736]LogUObjectGlobals:Warning: Failed to find object 'Class None.None'
[2016.05.31-22.17.56:244][163]BlueprintLog: New page: Compile FloorTile
[2016.05.31-22.17.56:256][163]LogActorComponent: UnregisterComponent: (/Engine/Transient.CharMoveComp) Not registered. Aborting.
[2016.05.31-22.17.56:300][163]BlueprintEditorCompileResults: Info [0343.76] Compile of FloorTile successful! [in 56 ms]
[2016.05.31-22.17.59:331][526]MapCheck: New page: Map Check
[2016.05.31-22.17.59:347][526]Cmd: MAP REBUILD ALLVISIBLE
[2016.05.31-22.17.59:347][526]LogEditorServer: Rebuildmap Clear paths rebuilt
[2016.05.31-22.17.59:384][526]LightingResults: New page: Lighting Build - May 31, 2016, 1:17:59 PM
[2016.05.31-22.17.59:389][526]LogSwarmInterface: [OpenConnection] Registering TCP channel ...
[2016.05.31-22.17.59:390][526]LogSwarmInterface: [OpenConnection] Connecting to agent ...
[2016.05.31-22.17.59:390][526]LogSwarmInterface: [TryOpenConnection] Testing the Agent
[2016.05.31-22.17.59:392][526]LogSwarmInterface: [TryOpenConnection] Opening Connection to Agent
[2016.05.31-22.17.59:392][526]LogSwarmInterface: [TryOpenConnection] Local Process ID is 4012
[2016.05.31-22.18.03:907][526]LogStaticLightingSystem:Warning: No importance volume found, so the scene bounding box was used.  You can optimize your scene's quality and lighting build times by adding importance volumes.
[2016.05.31-22.18.03:907][526]LogStaticLightingSystem: Running Lightmass w/ ImmediateImport mode ENABLED
[2016.05.31-22.18.03:907][526]LogStaticLightingSystem: Running Lightmass w/ ImmediateProcess mode ENABLED
[2016.05.31-22.18.03:907][526]LogStaticLightingSystem: Running Lightmass w/ Sorting mode ENABLED
[2016.05.31-22.18.03:907][526]LogStaticLightingSystem: Running Lightmass w/ Mapping paddings ENABLED
[2016.05.31-22.18.03:907][526]LogStaticLightingSystem: Running Lightmass w/ Mapping debug paddings DISABLED
[2016.05.31-22.18.03:964][526]Cmd: MAP CHECK DONTDISPLAYDIALOG
[2016.05.31-22.18.03:964][526]MapCheck: New page: EndlessRunner - May 31, 2016, 1:18:03 PM
[2016.05.31-22.18.03:987][526]MapCheck: Info Map check complete: 0 Error(s), 0 Warning(s), took 23.219ms to complete.
[2016.05.31-22.18.04:009][526]LogEditorBuildUtils: Build time 0:00:04
[2016.05.31-22.18.04:636][553]Job is a success!
[2016.05.31-22.18.04:677][555]LogTexture:Display: Building textures: HQ_Lightmap1_1 (AutoDXT)
[2016.05.31-22.18.04:677][555]LogTexture:Display: Building textures: LQ_Lightmap_1_1 (DXT1)
[2016.05.31-22.18.04:677][555]LogTexture:Display: Building textures: ShadowMapTexture2D_1 (G8)
[2016.05.31-22.18.04:695][555]Lightmass on OZCAR: 325 ms total, 69 ms importing, 10 ms setup, 107 ms photons, 123 ms processing, 0 ms extra exporting [1/1 mappings]. Threads: 461 ms total, 59 ms processing.
[2016.05.31-22.18.04:699][555]LogStaticLightingSystem: Illumination: 5.29 sec (0 ms encoding lightmaps, 0 ms encoding shadowmaps)
[2016.05.31-22.18.04:700][555]LogStaticLightingSystem: Lightmap texture memory:  0.0 MB (0.0 MB streaming, 0.0 MB non-streaming), 2 textures
[2016.05.31-22.18.04:700][555]LogStaticLightingSystem: Shadowmap texture memory: 0.0 MB (0.0 MB streaming, 0.0 MB non-streaming), 1 textures
[2016.05.31-22.18.04:915][556]Cmd: MAP CHECK NOTIFYRESULTS
[2016.05.31-22.18.04:915][556]MapCheck: New page: EndlessRunner - May 31, 2016, 1:18:04 PM
[2016.05.31-22.18.04:952][556]MapCheck: Info Map check complete: 0 Error(s), 0 Warning(s), took 37.725ms to complete.
[2016.05.31-22.18.05:047][561]LogBlueprintUserMessages: Early PlayInEditor Detection: Level '/Game/Levels/EndlessRunner.EndlessRunner:PersistentLevel' has LevelScriptBlueprint '/Game/Levels/EndlessRunner.EndlessRunner:PersistentLevel.EndlessRunner' with GeneratedClass '/Game/Levels/EndlessRunner.EndlessRunner_C' with ClassGeneratedBy '/Game/Levels/EndlessRunner.EndlessRunner:PersistentLevel.EndlessRunner'
[2016.05.31-22.18.05:047][561]LogPlayLevel: PlayLevel: No blueprints needed recompiling
[2016.05.31-22.18.05:047][561]PIE: New page: PIE session: EndlessRunner (May 31, 2016, 1:18:05 PM)
[2016.05.31-22.18.05:047][561]LogPlayLevel: Creating play world package: /Game/Levels/UEDPIE_0_EndlessRunner
[2016.05.31-22.18.05:049][561]LogPlayLevel: PIE: StaticDuplicateObject took: (0.001835s)
[2016.05.31-22.18.05:049][561]LogAIModule: Creating AISystem for world EndlessRunner
[2016.05.31-22.18.05:049][561]LogPlayLevel: PIE: World Init took: (0.000549s)
[2016.05.31-22.18.05:049][561]LogPlayLevel: PIE: Created PIE world by copying editor world from /Game/Levels/EndlessRunner.EndlessRunner to /Game/Levels/UEDPIE_0_EndlessRunner.EndlessRunner (0.002504s)
[2016.05.31-22.18.05:064][561]LogInit: XAudio2 using 'SAMSUNG-8 (NVIDIA High Definition Audio)' : 2 channels at 48 kHz using 16 bits per sample (channel mask 0x3)
[2016.05.31-22.18.05:067][561]LogInit: FAudioDevice initialized.
[2016.05.31-22.18.05:097][561]LogWorld: Game class is 'EndlessRunnerGameMode_C'
[2016.05.31-22.18.05:099][561]LogWorld: Bringing World /Game/Levels/UEDPIE_0_EndlessRunner.EndlessRunner up for play (max tick rate 0) at 2016.05.31-18.18.05
[2016.05.31-22.18.05:099][561]LogWorld: Bringing up level for play took: 0.000803
[2016.05.31-22.18.05:099][561]LogSpawn:Warning: SpawnActor failed because no class was specified
[2016.05.31-22.18.05:101][561]LogScript:Warning: Attempted to get an item from array SpawnPoints out of bounds [3/2]!
[2016.05.31-22.18.05:102][561]LogScript:Warning: Attempted to get an item from array SpawnPoints out of bounds [3/2]!
[2016.05.31-22.18.05:104][561]PIE: Info Play in editor start time for /Game/Levels/UEDPIE_0_EndlessRunner -0.601
[2016.05.31-22.18.05:104][561]LogBlueprintUserMessages: Late PlayInEditor Detection: Level '/Game/Levels/EndlessRunner.EndlessRunner:PersistentLevel' has LevelScriptBlueprint '/Game/Levels/EndlessRunner.EndlessRunner:PersistentLevel.EndlessRunner' with GeneratedClass '/Game/Levels/EndlessRunner.EndlessRunner_C' with ClassGeneratedBy '/Game/Levels/EndlessRunner.EndlessRunner:PersistentLevel.EndlessRunner'
[2016.05.31-22.18.12:890][490]LogScript:Warning: Attempted to get an item from array SpawnPoints out of bounds [3/2]!
[2016.05.31-22.18.13:574][572]LogScript:Warning: Attempted to get an item from array SpawnPoints out of bounds [3/2]!
[2016.05.31-22.18.14:398][671]LogScript:Warning: Attempted to get an item from array SpawnPoints out of bounds [3/2]!
[2016.05.31-22.18.19:190][246]LogScript:Warning: Attempted to get an item from array SpawnPoints out of bounds [3/2]!
[2016.05.31-22.18.19:857][326]LogScript:Warning: Attempted to get an item from array SpawnPoints out of bounds [3/2]!
[2016.05.31-22.18.20:523][406]LogScript:Warning: Attempted to get an item from array SpawnPoints out of bounds [3/2]!
[2016.05.31-22.18.21:348][505]LogBlueprintUserMessages: Early EndPlayMap Detection: Level '/Game/Levels/EndlessRunner.EndlessRunner:PersistentLevel' has LevelScriptBlueprint '/Game/Levels/EndlessRunner.EndlessRunner:PersistentLevel.EndlessRunner' with GeneratedClass '/Game/Levels/EndlessRunner.EndlessRunner_C' with ClassGeneratedBy '/Game/Levels/EndlessRunner.EndlessRunner:PersistentLevel.EndlessRunner'
[2016.05.31-22.18.21:379][505]LogBlueprintUserMessages: Late EndPlayMap Detection: Level '/Game/Levels/EndlessRunner.EndlessRunner:PersistentLevel' has LevelScriptBlueprint '/Game/Levels/EndlessRunner.EndlessRunner:PersistentLevel.EndlessRunner' with GeneratedClass '/Game/Levels/EndlessRunner.EndlessRunner_C' with ClassGeneratedBy '/Game/Levels/EndlessRunner.EndlessRunner:PersistentLevel.EndlessRunner'
[2016.05.31-22.18.26:724][144]LogSlate:Warning: Prevented a slow task dialog from being summoned while a context menu was open
[2016.05.31-22.21.15:990][252]LogSlate:Warning: Prevented a slow task dialog from being summoned while a context menu was open
[2016.05.31-22.21.20:628][788]BlueprintLog: New page: Compile EndlessRunner_HUD
[2016.05.31-22.21.20:630][788]LogActorComponent: UnregisterComponent: (/Engine/Transient.CharMoveComp) Not registered. Aborting.
[2016.05.31-22.21.20:676][788]BlueprintEditorCompileResults: Info [0548.14] Compile of EndlessRunner_HUD successful! [in 48 ms]
[2016.05.31-22.21.22:640][ 23]MapCheck: New page: Map Check
[2016.05.31-22.21.22:655][ 23]Cmd: MAP REBUILD ALLVISIBLE
[2016.05.31-22.21.22:655][ 23]LogEditorServer: Rebuildmap Clear paths rebuilt
[2016.05.31-22.21.22:692][ 23]LightingResults: New page: Lighting Build - May 31, 2016, 1:21:22 PM
[2016.05.31-22.21.22:697][ 23]LogSwarmInterface: [OpenConnection] Registering TCP channel ...
[2016.05.31-22.21.22:698][ 23]LogSwarmInterface: [OpenConnection] Connecting to agent ...
[2016.05.31-22.21.22:698][ 23]LogSwarmInterface: [TryOpenConnection] Testing the Agent
[2016.05.31-22.21.22:698][ 23]LogSwarmInterface: [TryOpenConnection] Opening Connection to Agent
[2016.05.31-22.21.22:698][ 23]LogSwarmInterface: [TryOpenConnection] Local Process ID is 4012
[2016.05.31-22.21.27:207][ 23]LogStaticLightingSystem:Warning: No importance volume found, so the scene bounding box was used.  You can optimize your scene's quality and lighting build times by adding importance volumes.
[2016.05.31-22.21.27:207][ 23]LogStaticLightingSystem: Running Lightmass w/ ImmediateImport mode ENABLED
[2016.05.31-22.21.27:207][ 23]LogStaticLightingSystem: Running Lightmass w/ ImmediateProcess mode ENABLED
[2016.05.31-22.21.27:207][ 23]LogStaticLightingSystem: Running Lightmass w/ Sorting mode ENABLED
[2016.05.31-22.21.27:207][ 23]LogStaticLightingSystem: Running Lightmass w/ Mapping paddings ENABLED
[2016.05.31-22.21.27:207][ 23]LogStaticLightingSystem: Running Lightmass w/ Mapping debug paddings DISABLED
[2016.05.31-22.21.27:263][ 23]Cmd: MAP CHECK DONTDISPLAYDIALOG
[2016.05.31-22.21.27:264][ 23]MapCheck: New page: EndlessRunner - May 31, 2016, 1:21:27 PM
[2016.05.31-22.21.27:287][ 23]MapCheck: Info Map check complete: 0 Error(s), 0 Warning(s), took 23.204ms to complete.
[2016.05.31-22.21.27:309][ 23]LogEditorBuildUtils: Build time 0:00:04
[2016.05.31-22.21.27:928][ 46]Job is a success!
[2016.05.31-22.21.29:427][191]LogSavePackage: Save=47.60ms
[2016.05.31-22.21.29:427][191]LogSavePackage: Moving '../../../../../../Documents/Developer/Unreal Engine Projects/Under Development/Bouturon/Saved/EndlessRunner22A6BD34499F08066FE17A9928D492F6.tmp' to '../../../../../../Documents/Developer/Unreal Engine Projects/Under Development/Bouturon/Content/Levels/EndlessRunner.umap'
[2016.05.31-22.21.29:428][191]LogSavePackage: Total save time: 52.27ms
[2016.05.31-22.21.29:428][191]LogSavePackage:Display: Finished SavePackage ../../../../../../Documents/Developer/Unreal Engine Projects/Under Development/Bouturon/Content/Levels/EndlessRunner.umap
[2016.05.31-22.21.29:449][191]LogFileHelpers: Saving map 'EndlessRunner' took 0.108
[2016.05.31-22.21.29:461][191]LogSavePackage: Save=5.56ms
[2016.05.31-22.21.29:461][191]LogSavePackage: Moving '../../../../../../Documents/Developer/Unreal Engine Projects/Under Development/Bouturon/Saved/EndlessRunner_HUD747C37CB464B67AE218889A4F9956352.tmp' to '../../../../../../Documents/Developer/Unreal Engine Projects/Under Development/Bouturon/Content/Blueprints/EndlessRunner_HUD.uasset'
[2016.05.31-22.21.29:462][191]LogSavePackage: Total save time: 6.59ms
[2016.05.31-22.21.29:462][191]LogSavePackage:Display: Finished SavePackage ../../../../../../Documents/Developer/Unreal Engine Projects/Under Development/Bouturon/Content/Blueprints/EndlessRunner_HUD.uasset
[2016.05.31-22.21.29:486][191]LogSavePackage: Save=15.12ms
[2016.05.31-22.21.29:486][191]LogSavePackage: Moving '../../../../../../Documents/Developer/Unreal Engine Projects/Under Development/Bouturon/Saved/EndlessRunnerGameModeE03175094F16B92E1FCDA2A9FE067F9C.tmp' to '../../../../../../Documents/Developer/Unreal Engine Projects/Under Development/Bouturon/Content/Blueprints/GameModes/EndlessRunnerGameMode.uasset'
[2016.05.31-22.21.29:487][191]LogSavePackage: Total save time: 19.72ms
[2016.05.31-22.21.29:487][191]LogSavePackage:Display: Finished SavePackage ../../../../../../Documents/Developer/Unreal Engine Projects/Under Development/Bouturon/Content/Blueprints/GameModes/EndlessRunnerGameMode.uasset
[2016.05.31-22.21.30:401][296]LogSlate:Warning: Prevented a slow task dialog from being summoned while a context menu was open
[2016.05.31-22.21.59:588][773]LogWindows:Error: Windows GetLastError: The operation completed successfully. (0)
[2016.05.31-22.22.00:049][773]LogCrashTracker: 


[2016.05.31-22.22.00:115][773]LogCrashTracker: 


[2016.05.31-22.22.00:115][773]LogWindows:Error: === Critical error: ===
Assertion failed: FindObject<UBlueprint>(Outer, *NewBPName.ToString()) == NULL [File:D:\BuildFarm\buildmachine_++UE4+Release-4.11\Engine\Source\Editor\UnrealEd\Private\Kismet2\Kismet2.cpp] [Line: 379] 





[2016.05.31-22.22.00:139][773]LogExit: Executing StaticShutdownAfterError
[2016.05.31-22.22.00:158][773]LogPhysics:Warning: PHYSX: ..\..\PhysX\src\NpScene.cpp (2946) 8 : PxScene::unlockWrite() called without matching call to PxScene::lockWrite(), behaviour will be undefined.
[2016.05.31-22.22.00:158][773]LogPhysics:Warning: PHYSX: ..\..\PhysX\src\NpScene.cpp (2946) 8 : PxScene::unlockWrite() called without matching call to PxScene::lockWrite(), behaviour will be undefined.
[2016.05.31-22.22.00:158][773]LogPhysics:Warning: PHYSX: ..\..\PhysX\src\NpScene.cpp (2946) 8 : PxScene::unlockWrite() called without matching call to PxScene::lockWrite(), behaviour will be undefined.
[2016.05.31-22.22.00:158][773]LogPhysics:Warning: PHYSX: ..\..\PhysX\src\NpScene.cpp (2946) 8 : PxScene::unlockWrite() called without matching call to PxScene::lockWrite(), behaviour will be undefined.
[2016.05.31-22.22.00:158][773]LogPhysics:Warning: PHYSX: ..\..\PhysX\src\NpScene.cpp (2946) 8 : PxScene::unlockWrite() called without matching call to PxScene::lockWrite(), behaviour will be undefined.
[2016.05.31-22.22.00:158][773]LogPhysics:Warning: PHYSX: ..\..\PhysX\src\NpScene.cpp (2946) 8 : PxScene::unlockWrite() called without matching call to PxScene::lockWrite(), behaviour will be undefined.
[2016.05.31-22.22.00:158][773]LogPhysics:Warning: PHYSX: ..\..\PhysX\src\NpScene.cpp (2946) 8 : PxScene::unlockWrite() called without matching call to PxScene::lockWrite(), behaviour will be undefined.
[2016.05.31-22.22.00:158][773]LogPhysics:Warning: PHYSX: ..\..\PhysX\src\NpScene.cpp (2946) 8 : PxScene::unlockWrite() called without matching call to PxScene::lockWrite(), behaviour will be undefined.
[2016.05.31-22.22.00:158][773]LogPhysics:Warning: PHYSX: ..\..\PhysX\src\NpScene.cpp (2946) 8 : PxScene::unlockWrite() called without matching call to PxScene::lockWrite(), behaviour will be undefined.
[2016.05.31-22.22.00:158][773]LogPhysics:Warning: PHYSX: ..\..\PhysX\src\NpScene.cpp (2946) 8 : PxScene::unlockWrite() called without matching call to PxScene::lockWrite(), behaviour will be undefined.
[2016.05.31-22.22.00:158][773]LogWindows: FPlatformMisc::RequestExit(1)
[2016.05.31-22.22.00:158][773]Log file closed, 05/31/16 18:22:00
