Log file open, 06/04/16 13:28:26
LogInit:Display: Running engine for game: Bouturon
LogPlatformFile: Not using cached read wrapper
LogInit:Display: RandInit(-1283274181) SRandInit(-1283274180).
LogTaskGraph: Started task graph with 4 named threads and 7 total threads.
LogStats: Stats thread started at 0.058169
LogInit: Version: 4.11.2-2946394+++UE4+Release-4.11
LogInit: API Version: 2927265
LogInit: Compiled (64-bit): Apr 18 2016 02:18:46
LogInit: Compiled with Visual C++: 19.00.23026.00
LogInit: Build Configuration: Development
LogInit: Branch Name: ++UE4+Release-4.11
LogInit: Command line:  
LogInit: Base directory: O:/Program Files/Epic Games/4.11/Engine/Binaries/Win64/
LogInit: Installed Engine Build: 1
LogInit: Using libcurl 7.41.0
LogInit:  - built for x86_64-pc-win32
LogInit:  - supports SSL with WinSSL
LogInit:  - other features:
LogInit:      CURL_VERSION_SSL
LogInit:      CURL_VERSION_IPV6
LogInit:      CURL_VERSION_ASYNCHDNS
LogInit:      CURL_VERSION_LARGEFILE
LogInit:      CURL_VERSION_IDN
LogInit:  CurlRequestOptions (configurable via config and command line):
LogInit:  - bVerifyPeer = true  - Libcurl will verify peer certificate
LogInit:  - bUseHttpProxy = false  - Libcurl will NOT use HTTP proxy
LogInit:  - bDontReuseConnections = false  - Libcurl will reuse connections
LogInit:  - CertBundlePath = nullptr  - Libcurl will use whatever was configured at build time.
LogInit: Presizing for max 16777216 objects, including 0 objects not considered by GC, pre-allocating 0 bytes for permanent pool.
LogInit: Object subsystem initialized
[2016.06.04-17.28.26:334][  0]LogInit: Selected Device Profile: [Windows]
[2016.06.04-17.28.26:334][  0]LogInit: Applying CVar settings loaded from the selected device profile: [Windows]
[2016.06.04-17.28.26:341][  0]LogInit: Computer: OZCAR
[2016.06.04-17.28.26:341][  0]LogInit: User: OscarRomero
[2016.06.04-17.28.26:341][  0]LogInit: CPU Page size=65536, Cores=4
[2016.06.04-17.28.26:341][  0]LogInit: High frequency timer resolution =3.421867 MHz
[2016.06.04-17.28.26:341][  0]LogMemory: Memory total: Physical=15.9GB (16GB approx)
[2016.06.04-17.28.26:341][  0]LogMemory: Platform Memory Stats for Windows
[2016.06.04-17.28.26:341][  0]LogMemory: Process Physical Memory: 313.39 MB used, 313.39 MB peak
[2016.06.04-17.28.26:341][  0]LogMemory: Process Virtual Memory: 314.81 MB used, 314.81 MB peak
[2016.06.04-17.28.26:341][  0]LogMemory: Physical Memory: 5537.01 MB used, 16299.50 MB total
[2016.06.04-17.28.26:341][  0]LogMemory: Virtual Memory: 651.62 MB used, 134217728.00 MB total
[2016.06.04-17.28.26:366][  0]LogTextLocalizationManager: No specific translations for ('en-US') exist, so ('en') translations will be used.
[2016.06.04-17.28.26:640][  0]LogD3D11RHI: D3D11 adapters:
[2016.06.04-17.28.26:661][  0]LogD3D11RHI:    0. 'NVIDIA GeForce GTX 980 Ti' (Feature Level 11_0)
[2016.06.04-17.28.26:661][  0]LogD3D11RHI:       6047MB of dedicated video memory, 0MB of dedicated system memory, and 8149MB of shared system memory, 1 output[s]
[2016.06.04-17.28.26:662][  0]LogD3D11RHI:    1. 'Microsoft Basic Render Driver' (Feature Level 11_0)
[2016.06.04-17.28.26:662][  0]LogD3D11RHI:       0MB of dedicated video memory, 0MB of dedicated system memory, and 8149MB of shared system memory, 0 output[s]
[2016.06.04-17.28.26:662][  0]LogD3D11RHI: Chosen D3D11 Adapter: 0
[2016.06.04-17.28.26:665][  0]LogD3D11RHI: Creating new Direct3DDevice
[2016.06.04-17.28.26:666][  0]LogD3D11RHI:     Adapter Name: NVIDIA GeForce GTX 980 Ti
[2016.06.04-17.28.26:666][  0]LogD3D11RHI:   Driver Version: Unknown (internal Unknown)
[2016.06.04-17.28.26:666][  0]LogD3D11RHI:      Driver Date: Unknown
[2016.06.04-17.28.26:666][  0]LogRHI: Texture pool is 1361 MB (70% of 1945 MB)
[2016.06.04-17.28.26:676][  0]LogD3D11RHI: Async texture creation enabled
[2016.06.04-17.28.26:684][  0]LogShaderCompilers: Guid format shader working directory is -11 characters bigger than the processId version (../../../../../../Documents/Developer/Repositories/Bouturon/Intermediate/Shaders/WorkingDirectory/16484/).
[2016.06.04-17.28.26:684][  0]LogShaderCompilers: Cleaned the shader compiler working directory 'C:/Users/OSCARR~1/AppData/Local/Temp/UnrealShaderWorkingDir/52984704421DD481FC9FE38481AF19FE/'.
[2016.06.04-17.28.26:684][  0]LogShaderCompilers:Display: Using Local Shader Compiler.
[2016.06.04-17.28.27:332][  0]LogTemp:Display: Loaded TP AllDesktopTargetPlatform
[2016.06.04-17.28.27:334][  0]LogTemp:Display: Loaded TP WindowsClientTargetPlatform
[2016.06.04-17.28.27:336][  0]LogTemp:Display: Loaded TP WindowsNoEditorTargetPlatform
[2016.06.04-17.28.27:339][  0]LogTemp:Display: Loaded TP WindowsServerTargetPlatform
[2016.06.04-17.28.27:342][  0]LogTemp:Display: Loaded TP WindowsTargetPlatform
[2016.06.04-17.28.27:344][  0]LogTemp:Display: Loaded TP AndroidTargetPlatform
[2016.06.04-17.28.27:346][  0]LogTemp:Display: Loaded TP Android_ASTCTargetPlatform
[2016.06.04-17.28.27:348][  0]LogTemp:Display: Loaded TP Android_ATCTargetPlatform
[2016.06.04-17.28.27:350][  0]LogTemp:Display: Loaded TP Android_DXTTargetPlatform
[2016.06.04-17.28.27:352][  0]LogTemp:Display: Loaded TP Android_ETC1TargetPlatform
[2016.06.04-17.28.27:354][  0]LogTemp:Display: Loaded TP Android_ETC2TargetPlatform
[2016.06.04-17.28.27:359][  0]LogTemp:Display: Loaded TP Android_MultiTargetPlatform
[2016.06.04-17.28.27:360][  0]LogTemp:Display: Loaded TP Android_PVRTCTargetPlatform
[2016.06.04-17.28.27:360][  0]LogTemp:Display: Loaded TP HTML5TargetPlatform
[2016.06.04-17.28.27:374][  0]LogTemp:Display: Loaded TP IOSTargetPlatform
[2016.06.04-17.28.27:376][  0]LogTemp:Display: Loaded TP TVOSTargetPlatform
[2016.06.04-17.28.27:378][  0]LogTemp:Display: Loaded TP LinuxNoEditorTargetPlatform
[2016.06.04-17.28.27:380][  0]LogTemp:Display: Loaded TP LinuxServerTargetPlatform
[2016.06.04-17.28.27:381][  0]LogTemp:Display: Loaded TP LinuxTargetPlatform
[2016.06.04-17.28.27:381][  0]LogTargetPlatformManager:Display: Building Assets For Windows
[2016.06.04-17.28.27:415][  0]LogDerivedDataCache:Display: Max Cache Size: 512 MB
[2016.06.04-17.28.27:446][  0]LogDerivedDataCache: Loaded boot cache 0.03s 46MB C:/Users/Oscar Romero/AppData/Local/UnrealEngine/4.11/DerivedDataCache/Boot.ddc.
[2016.06.04-17.28.27:446][  0]LogDerivedDataCache:Display: Loaded Boot cache: C:/Users/Oscar Romero/AppData/Local/UnrealEngine/4.11/DerivedDataCache/Boot.ddc
[2016.06.04-17.28.27:446][  0]LogDerivedDataCache: FDerivedDataBackendGraph:  Pak pak cache file ../../../../../../Documents/Developer/Repositories/Bouturon/DerivedDataCache/DDC.ddp not found, will not use a pak cache.
[2016.06.04-17.28.27:446][  0]LogDerivedDataCache: Unable to find inner node Pak for hierarchical cache Hierarchy.
[2016.06.04-17.28.27:446][  0]LogDerivedDataCache: FDerivedDataBackendGraph:  CompressedPak pak cache file ../../../../../../Documents/Developer/Repositories/Bouturon/DerivedDataCache/Compressed.ddp not found, will not use a pak cache.
[2016.06.04-17.28.27:446][  0]LogDerivedDataCache: Unable to find inner node CompressedPak for hierarchical cache Hierarchy.
[2016.06.04-17.28.27:456][  0]LogDerivedDataCache:Display: Pak cache opened for reading ../../../Engine/DerivedDataCache/Compressed.ddp.
[2016.06.04-17.28.27:467][  0]LogDerivedDataCache: Using Local data cache path C:/Users/Oscar Romero/AppData/Local/UnrealEngine/Common/DerivedDataCache: Writable
[2016.06.04-17.28.27:564][  0]LogInit: Selected Device Profile: [Windows]
[2016.06.04-17.28.27:565][  0]LogContentStreaming: Texture pool size is 0.00 MB
[2016.06.04-17.28.27:584][  0]LogMaterial: Uniform references updated for custom material expression Custom.
[2016.06.04-17.28.27:661][  0]LogMeshUtilities: No automatic mesh reduction module available
[2016.06.04-17.28.27:661][  0]LogMeshUtilities: No automatic mesh merging module available
[2016.06.04-17.28.27:661][  0]LogMeshUtilities: No distributed automatic mesh merging module available
[2016.06.04-17.28.27:805][  0]LogUObjectArray: 27679 objects as part of root set at end of initial load.
[2016.06.04-17.28.27:805][  0]LogUObjectAllocator: 5591592 out of 0 bytes used by permanent object pool.
[2016.06.04-17.28.27:805][  0]LogUObjectArray: CloseDisregardForGC: 0/0 objects in disregard for GC pool
[2016.06.04-17.28.27:809][  0]LogInit: WinSock: version 1.1 (2.2), MaxSocks=32767, MaxUdp=65467
[2016.06.04-17.28.27:852][  0]LogSlate: SlateFontCache - WITH_FREETYPE: 1, WITH_HARFBUZZ: 1
[2016.06.04-17.28.27:852][  0]LogSlate: SlateFontCache - WITH_FREETYPE: 1, WITH_HARFBUZZ: 1
[2016.06.04-17.28.27:915][  0]LogStreaming:Warning: Failed to read file '../../../Engine/Content/Editor/Slate/Common/Selection_16x.png' error.
[2016.06.04-17.28.27:915][  0]LogSlate: Could not find file for Slate resource: ../../../Engine/Content/Editor/Slate/Common/Selection_16x.png
[2016.06.04-17.28.27:915][  0]LogStreaming:Warning: Failed to read file '../../../Engine/Content/Editor/Slate/Common/Selection_16x.png' error.
[2016.06.04-17.28.27:915][  0]LogSlate: Could not find file for Slate resource: ../../../Engine/Content/Editor/Slate/Common/Selection_16x.png
[2016.06.04-17.28.27:915][  0]LogStreaming:Warning: Failed to read file '../../../Engine/Content/Editor/Slate/Common/Selection_16x.png' error.
[2016.06.04-17.28.27:915][  0]LogSlate: Could not find file for Slate resource: ../../../Engine/Content/Editor/Slate/Common/Selection_16x.png
[2016.06.04-17.28.28:261][  0]LogUdpMessaging: Initializing bridge on interface 0.0.0.0:0 to multicast group 230.0.0.1:6666.
[2016.06.04-17.28.28:349][  0]LogAssetRegistry: FAssetRegistry took 0.0209 seconds to start up
[2016.06.04-17.28.28:433][  0]SourceControl: Info Source control is disabled
[2016.06.04-17.28.28:433][  0]SourceControl: Info Source control is disabled
[2016.06.04-17.28.28:436][  0]SourceControl: Info Source control is disabled
[2016.06.04-17.28.28:439][  0]SourceControl: Info Source control is disabled
[2016.06.04-17.28.28:488][  0]LogHMD: Failed to initialize OpenVR with code 110
[2016.06.04-17.28.28:533][  0]LogEngine: Initializing Engine...
[2016.06.04-17.28.28:626][  0]LogAIModule: Creating AISystem for world NewWorld
[2016.06.04-17.28.28:633][  0]LogInit: XAudio2 using 'SAMSUNG-8 (NVIDIA High Definition Audio)' : 2 channels at 48 kHz using 16 bits per sample (channel mask 0x3)
[2016.06.04-17.28.28:638][  0]LogInit: FAudioDevice initialized.
[2016.06.04-17.28.28:653][  0]LogDerivedDataCache: Saved boot cache 0.02s 46MB C:/Users/Oscar Romero/AppData/Local/UnrealEngine/4.11/DerivedDataCache/Boot.ddc.
[2016.06.04-17.28.28:658][  0]LogInit: Texture streaming: Enabled
[2016.06.04-17.28.28:669][  0]LogInit: Transaction tracking system initialized
[2016.06.04-17.28.28:681][  0]BlueprintLog: New page: Editor Load
[2016.06.04-17.28.28:714][  0]LocalizationService: Info Localization service is disabled
[2016.06.04-17.28.28:769][  0]LogConsoleResponse:Display: 
[2016.06.04-17.28.28:853][  0]LogCook:Display: Max memory allowance for cook 8192mb
[2016.06.04-17.28.28:853][  0]LogCook:Display: Mobile HDR setting 1
[2016.06.04-17.28.28:853][  0]LogCook:Display: Done creating registry. It took  0.00s.
[2016.06.04-17.28.28:878][  0]LogFileCache: Scanning file cache for directory 'O:/Documents/Developer/Repositories/Bouturon/Content/' took 0.01s
[2016.06.04-17.28.28:879][  0]SourceControl: Info Source control is disabled
[2016.06.04-17.28.28:879][  0]Cmd: MAP LOAD FILE="../../../../../../Documents/Developer/Repositories/Bouturon/Content/ThirdPersonBP/Maps/ThirdPersonExampleMap.umap" TEMPLATE=0 SHOWPROGRESS=1 FEATURELEVEL=3
[2016.06.04-17.28.28:879][  0]LogEditorServer:Warning: Can't find file '../../../../../../Documents/Developer/Repositories/Bouturon/Content/ThirdPersonBP/Maps/ThirdPersonExampleMap.umap'
[2016.06.04-17.28.28:879][  0]Cmd: MAP CHECKDEP NOCLEARLOG
[2016.06.04-17.28.28:900][  0]MapCheck: Info Map check complete: 0 Error(s), 0 Warning(s), took 21.377ms to complete.
[2016.06.04-17.28.28:900][  0]LogFileHelpers: Loading map 'ThirdPersonExampleMap' took 0.022
[2016.06.04-17.28.28:975][  0]LogCollectionManager: Loaded 0 collections in 0.000677 seconds
[2016.06.04-17.28.29:010][  0]LogFileCache: Scanning file cache for directory 'O:/Documents/Developer/Repositories/Bouturon/Saved/Collections/' took 0.01s
[2016.06.04-17.28.29:010][  0]LogFileCache: Scanning file cache for directory 'O:/Documents/Developer/Repositories/Bouturon/Content/Developers/OscarRomero/Collections/' took 0.01s
[2016.06.04-17.28.29:010][  0]LogFileCache: Scanning file cache for directory 'O:/Documents/Developer/Repositories/Bouturon/Content/Collections/' took 0.01s
[2016.06.04-17.28.29:010][  0]LogCollectionManager: Rebuilt the GUID cache for 0 collections in 0.000002 seconds
[2016.06.04-17.28.29:015][  0]LogContentBrowser: Native class hierarchy populated in 0.0044 seconds. Added 1979 classes and 343 folders.
[2016.06.04-17.28.29:016][  0]LogStats: UGameplayTagsManager::ConstructGameplayTagTree: Construct from data asset -  0.000 s
[2016.06.04-17.28.29:016][  0]LogStats: UGameplayTagsManager::ConstructGameplayTagTree: GameplayTagTreeChangedEvent.Broadcast -  0.000 s
[2016.06.04-17.28.29:017][  0]LogContentBrowser: Native class hierarchy updated for 'GameplayTags' in 0.0002 seconds. Added 12 classes and 0 folders.
[2016.06.04-17.28.29:018][  0]LogContentBrowser: Native class hierarchy updated for 'WidgetCarousel' in 0.0002 seconds. Added 0 classes and 0 folders.
[2016.06.04-17.28.29:021][  0]LogContentBrowser: Native class hierarchy updated for 'SuperSearch' in 0.0002 seconds. Added 1 classes and 2 folders.
[2016.06.04-17.28.29:040][  0]LogContentBrowser: Native class hierarchy updated for 'AddContentDialog' in 0.0002 seconds. Added 0 classes and 0 folders.
[2016.06.04-17.28.29:042][  0]LogContentBrowser: Native class hierarchy updated for 'SceneOutliner' in 0.0002 seconds. Added 1 classes and 2 folders.
[2016.06.04-17.28.29:055][  0]LogCrashTracker: Crashtracker disabled due to settings.
[2016.06.04-17.28.29:059][  0]LogUObjectGlobals:Warning: Failed to find object 'Class None.'
[2016.06.04-17.28.29:082][  0]LogContentBrowser: Native class hierarchy updated for 'HierarchicalLODOutliner' in 0.0002 seconds. Added 1 classes and 2 folders.
[2016.06.04-17.28.29:082][  0]LogLoad: Full Startup: 3.17 seconds (BP compile: 0.01 seconds)
[2016.06.04-17.28.29:082][  0]LogExternalProfiler: Found external profiler: VSPerf
[2016.06.04-17.28.29:082][  0]LogExternalProfiler: Using external profiler: VSPerf
[2016.06.04-17.28.29:091][  0]LogWindowsTextInputMethodSystem:Display: IME system now deactivated.
[2016.06.04-17.28.29:091][  0]LogWindowsTextInputMethodSystem:Display: IME system now deactivated.
[2016.06.04-17.28.29:091][  0]LogOcInput: OculusInput pre-init called
[2016.06.04-17.28.29:103][  0]LogAssetRegistry: Asset discovery search completed in 0.7749 seconds
[2016.06.04-17.28.29:103][  0]LogCollectionManager: Rebuilt the object cache for 0 collections in 0.000001 seconds (found 0 objects)
[2016.06.04-17.28.29:103][  0]LogCollectionManager: Fixed up redirectors for 0 collections in 0.000013 seconds (updated 0 objects)
[2016.06.04-17.28.29:117][  0]LogContentStreaming: Texture pool size now 1000 MB
[2016.06.04-17.28.29:214][  0]LogRenderer: Reallocating scene render targets to support 1208x576 (Frame:2).
[2016.06.04-17.28.32:256][338]LogPlayLevel: PlayLevel: No blueprints needed recompiling
[2016.06.04-17.28.32:257][338]PIE: New page: PIE session: Untitled_0 (Jun 4, 2016, 8:28:32 AM)
[2016.06.04-17.28.32:257][338]LogPlayLevel: Creating play world package: /Temp/UEDPIE_0_Untitled_0
[2016.06.04-17.28.32:258][338]LogPlayLevel: PIE: StaticDuplicateObject took: (0.000394s)
[2016.06.04-17.28.32:258][338]LogAIModule: Creating AISystem for world NewWorld
[2016.06.04-17.28.32:258][338]LogPlayLevel: PIE: World Init took: (0.000379s)
[2016.06.04-17.28.32:258][338]LogPlayLevel: PIE: Created PIE world by copying editor world from /Temp/Untitled_0.NewWorld to /Temp/UEDPIE_0_Untitled_0.NewWorld (0.000880s)
[2016.06.04-17.28.32:268][338]LogInit: XAudio2 using 'SAMSUNG-8 (NVIDIA High Definition Audio)' : 2 channels at 48 kHz using 16 bits per sample (channel mask 0x3)
[2016.06.04-17.28.32:270][338]LogInit: FAudioDevice initialized.
[2016.06.04-17.28.32:318][338]LogLinker:Warning: Can't find file '/Game/ThirdPersonBP/Blueprints/ThirdPersonGameMode'
[2016.06.04-17.28.32:318][338]LogLinker:Warning: Can't find file '/Game/ThirdPersonBP/Blueprints/ThirdPersonGameMode'
[2016.06.04-17.28.32:318][338]LogUObjectGlobals:Warning: Failed to find object 'Class /Game/ThirdPersonBP/Blueprints/ThirdPersonGameMode.ThirdPersonGameMode_C'
[2016.06.04-17.28.32:318][338]LogWorld: Game class is 'GameMode'
[2016.06.04-17.28.32:320][338]LogWorld: Bringing World /Temp/UEDPIE_0_Untitled_0.NewWorld up for play (max tick rate 0) at 2016.06.04-13.28.32
[2016.06.04-17.28.32:320][338]LogWorld: Bringing up level for play took: 0.000545
[2016.06.04-17.28.32:322][338]LogContentBrowser: Native class hierarchy updated for 'MovieSceneCapture' in 0.0002 seconds. Added 9 classes and 0 folders.
[2016.06.04-17.28.32:327][338]PIE: Info Play in editor start time for /Temp/UEDPIE_0_Untitled_0 0.968
[2016.06.04-17.28.32:337][339]LogRenderer: Reallocating scene render targets to support 1208x1336 (Frame:337).
[2016.06.04-17.28.37:137][900]LogAIModule: Creating AISystem for world MainMenu
[2016.06.04-17.28.37:147][900]Cmd: MAP LOAD FILE="../../../../../../Documents/Developer/Repositories/Bouturon/Content/Levels/MainMenu.umap" TEMPLATE=0 SHOWPROGRESS=1 FEATURELEVEL=3
[2016.06.04-17.28.37:147][900]LightingResults: New page: Lighting Build
[2016.06.04-17.28.37:148][900]LogContentBrowser: Native class hierarchy updated for 'StatsViewer' in 0.0002 seconds. Added 5 classes and 0 folders.
[2016.06.04-17.28.37:158][900]LoadErrors: New page: Loading map: MainMenu.umap
[2016.06.04-17.28.37:158][900]MapCheck: New page: Map Check
[2016.06.04-17.28.37:158][900]LightingResults: New page: Lighting Build
[2016.06.04-17.28.37:164][900]LogEditorServer: Finished looking for orphan Actors (0.000 secs)
[2016.06.04-17.28.37:189][900]Cmd: MAP CHECKDEP NOCLEARLOG
[2016.06.04-17.28.37:205][900]MapCheck: Info Map check complete: 0 Error(s), 0 Warning(s), took 16.039ms to complete.
[2016.06.04-17.28.37:205][900]LogFileHelpers: Loading map 'MainMenu' took 0.059
[2016.06.04-17.28.39:101][125]LogPlayLevel: PlayLevel: No blueprints needed recompiling
[2016.06.04-17.28.39:101][125]PIE: New page: PIE session: MainMenu (Jun 4, 2016, 8:28:39 AM)
[2016.06.04-17.28.39:101][125]LogPlayLevel: Creating play world package: /Game/Levels/UEDPIE_0_MainMenu
[2016.06.04-17.28.39:101][125]LogPlayLevel: PIE: StaticDuplicateObject took: (0.000319s)
[2016.06.04-17.28.39:102][125]LogAIModule: Creating AISystem for world MainMenu
[2016.06.04-17.28.39:102][125]LogPlayLevel: PIE: World Init took: (0.000328s)
[2016.06.04-17.28.39:102][125]LogPlayLevel: PIE: Created PIE world by copying editor world from /Game/Levels/MainMenu.MainMenu to /Game/Levels/UEDPIE_0_MainMenu.MainMenu (0.000737s)
[2016.06.04-17.28.39:112][125]LogInit: XAudio2 using 'SAMSUNG-8 (NVIDIA High Definition Audio)' : 2 channels at 48 kHz using 16 bits per sample (channel mask 0x3)
[2016.06.04-17.28.39:115][125]LogInit: FAudioDevice initialized.
[2016.06.04-17.28.39:146][125]LogWorld: Game class is 'MainMenuGameMode_C'
[2016.06.04-17.28.39:148][125]LogWorld: Bringing World /Game/Levels/UEDPIE_0_MainMenu.MainMenu up for play (max tick rate 0) at 2016.06.04-13.28.39
[2016.06.04-17.28.39:148][125]LogWorld: Bringing up level for play took: 0.000574
[2016.06.04-17.28.39:148][125]LogSpawn:Warning: SpawnActor failed because no class was specified
[2016.06.04-17.28.39:152][125]PIE: Info Play in editor start time for /Game/Levels/UEDPIE_0_MainMenu -0.206
[2016.06.04-17.28.43:878][689]LogNet: Browse: /Game/Levels/EndlessRunner
[2016.06.04-17.28.43:878][689]LogLoad: LoadMap: /Game/Levels/EndlessRunner
[2016.06.04-17.28.43:883][689]Cmd: MEM
[2016.06.04-17.28.43:888][689]LogMemory: Platform Memory Stats for Windows
[2016.06.04-17.28.43:888][689]LogMemory: Process Physical Memory: 886.50 MB used, 891.13 MB peak
[2016.06.04-17.28.43:888][689]LogMemory: Process Virtual Memory: 1335.51 MB used, 1405.84 MB peak
[2016.06.04-17.28.43:888][689]LogMemory: Physical Memory: 6114.22 MB used, 16299.50 MB total
[2016.06.04-17.28.43:888][689]LogMemory: Virtual Memory: 2099.98 MB used, 134217728.00 MB total
[2016.06.04-17.28.43:888][689]LogMemory: 
[2016.06.04-17.28.43:888][689]Allocator Stats for TBB: (not implemented)
[2016.06.04-17.28.44:642][689]LogAIModule: Creating AISystem for world EndlessRunner
[2016.06.04-17.28.44:642][689]LogWorld: Game class is 'EndlessRunnerGameMode_C'
[2016.06.04-17.28.44:644][689]LogWorld: Bringing World /Game/Levels/UEDPIE_0_EndlessRunner.EndlessRunner up for play (max tick rate 0) at 2016.06.04-13.28.44
[2016.06.04-17.28.44:645][689]LogWorld: Bringing up level for play took: 0.001353
[2016.06.04-17.28.44:645][689]LogSpawn:Warning: SpawnActor failed because no class was specified
[2016.06.04-17.28.44:681][690]LogCharacterMovement:Warning: GetSimulationTimeStep() - Max iterations 8 hit while remaining time 0.100000 > MaxSimulationTimeStep (0.050) for 'RunCharacter_C_0', movement 'Walking'
[2016.06.04-17.28.59:837][470]LogContentBrowser: Native class hierarchy updated for 'BlueprintGraph' in 0.0004 seconds. Added 108 classes and 0 folders.
[2016.06.04-17.30.22:776][329]LogEditorTransaction: Undo Move Node
[2016.06.04-17.30.22:784][329]LogActorComponent: UnregisterComponent: (/Engine/Transient.RotatingMovement_GEN_VARIABLE) Not registered. Aborting.
[2016.06.04-17.30.27:564][875]LogEditorTransaction: Undo Move Node
[2016.06.04-17.31.29:333][165]BlueprintLog: New page: Compile Tile_Basic
[2016.06.04-17.31.29:355][165]LogBlueprint:Warning: USimpleConstructionScript::FixupRootNodeParentReferences() - Couldn't find inherited parent component 'Floor Tile' for 'Stairs' in BlueprintGeneratedClass 'REINST_Ramp_StairsDown_C_118' (it may have been removed)
[2016.06.04-17.31.29:374][165]LogBlueprint:Warning: USimpleConstructionScript::FixupRootNodeParentReferences() - Couldn't find inherited parent component 'Floor Tile' for 'Stairs' in BlueprintGeneratedClass 'REINST_Ramp_StairsUp_C_120' (it may have been removed)
[2016.06.04-17.31.29:494][165]BlueprintEditorCompileResults: Info [0183.58] Compile of Tile_Basic successful! [in 161 ms]
[2016.06.04-17.31.34:254][733]LogPlayLevel: PlayLevel: No blueprints needed recompiling
[2016.06.04-17.31.34:254][733]PIE: New page: PIE session: MainMenu (Jun 4, 2016, 8:31:34 AM)
[2016.06.04-17.31.34:254][733]LogPlayLevel: Creating play world package: /Game/Levels/UEDPIE_0_MainMenu
[2016.06.04-17.31.34:255][733]LogPlayLevel: PIE: StaticDuplicateObject took: (0.000306s)
[2016.06.04-17.31.34:255][733]LogAIModule: Creating AISystem for world MainMenu
[2016.06.04-17.31.34:255][733]LogPlayLevel: PIE: World Init took: (0.000333s)
[2016.06.04-17.31.34:255][733]LogPlayLevel: PIE: Created PIE world by copying editor world from /Game/Levels/MainMenu.MainMenu to /Game/Levels/UEDPIE_0_MainMenu.MainMenu (0.000743s)
[2016.06.04-17.31.34:269][733]LogInit: XAudio2 using 'SAMSUNG-8 (NVIDIA High Definition Audio)' : 2 channels at 48 kHz using 16 bits per sample (channel mask 0x3)
[2016.06.04-17.31.34:272][733]LogInit: FAudioDevice initialized.
[2016.06.04-17.31.34:306][733]LogWorld: Game class is 'MainMenuGameMode_C'
[2016.06.04-17.31.34:307][733]LogWorld: Bringing World /Game/Levels/UEDPIE_0_MainMenu.MainMenu up for play (max tick rate 0) at 2016.06.04-13.31.34
[2016.06.04-17.31.34:308][733]LogWorld: Bringing up level for play took: 0.000682
[2016.06.04-17.31.34:308][733]LogSpawn:Warning: SpawnActor failed because no class was specified
[2016.06.04-17.31.34:317][733]PIE: Info Play in editor start time for /Game/Levels/UEDPIE_0_MainMenu 0.958
[2016.06.04-17.31.36:308][970]LogNet: Browse: /Game/Levels/EndlessRunner
[2016.06.04-17.31.36:308][970]LogLoad: LoadMap: /Game/Levels/EndlessRunner
[2016.06.04-17.31.36:318][970]Cmd: MEM
[2016.06.04-17.31.36:328][970]LogMemory: Platform Memory Stats for Windows
[2016.06.04-17.31.36:328][970]LogMemory: Process Physical Memory: 1284.48 MB used, 1284.50 MB peak
[2016.06.04-17.31.36:328][970]LogMemory: Process Virtual Memory: 2027.77 MB used, 2027.81 MB peak
[2016.06.04-17.31.36:328][970]LogMemory: Physical Memory: 6503.11 MB used, 16299.50 MB total
[2016.06.04-17.31.36:328][970]LogMemory: Virtual Memory: 2797.86 MB used, 134217728.00 MB total
[2016.06.04-17.31.36:328][970]LogMemory: 
[2016.06.04-17.31.36:328][970]Allocator Stats for TBB: (not implemented)
[2016.06.04-17.31.36:427][970]LogAIModule: Creating AISystem for world EndlessRunner
[2016.06.04-17.31.36:427][970]LogWorld: Game class is 'EndlessRunnerGameMode_C'
[2016.06.04-17.31.36:429][970]LogWorld: Bringing World /Game/Levels/UEDPIE_0_EndlessRunner.EndlessRunner up for play (max tick rate 0) at 2016.06.04-13.31.36
[2016.06.04-17.31.36:429][970]LogWorld: Bringing up level for play took: 0.001202
[2016.06.04-17.31.36:429][970]LogSpawn:Warning: SpawnActor failed because no class was specified
[2016.06.04-17.31.54:437][125]LogNet: Browse: /Game/Levels/EndlessRunner
[2016.06.04-17.31.54:437][125]LogLoad: LoadMap: /Game/Levels/EndlessRunner
[2016.06.04-17.31.54:451][125]Cmd: MEM
[2016.06.04-17.31.54:461][125]LogMemory: Platform Memory Stats for Windows
[2016.06.04-17.31.54:461][125]LogMemory: Process Physical Memory: 1359.13 MB used, 1377.97 MB peak
[2016.06.04-17.31.54:461][125]LogMemory: Process Virtual Memory: 2103.12 MB used, 2201.47 MB peak
[2016.06.04-17.31.54:461][125]LogMemory: Physical Memory: 6580.38 MB used, 16299.50 MB total
[2016.06.04-17.31.54:461][125]LogMemory: Virtual Memory: 2886.70 MB used, 134217728.00 MB total
[2016.06.04-17.31.54:461][125]LogMemory: 
[2016.06.04-17.31.54:461][125]Allocator Stats for TBB: (not implemented)
[2016.06.04-17.31.54:553][125]LogAIModule: Creating AISystem for world EndlessRunner
[2016.06.04-17.31.54:553][125]LogWorld: Game class is 'EndlessRunnerGameMode_C'
[2016.06.04-17.31.54:555][125]LogWorld: Bringing World /Game/Levels/UEDPIE_0_EndlessRunner.EndlessRunner up for play (max tick rate 0) at 2016.06.04-13.31.54
[2016.06.04-17.31.54:555][125]LogWorld: Bringing up level for play took: 0.001321
[2016.06.04-17.31.54:556][125]LogSpawn:Warning: SpawnActor failed because no class was specified
[2016.06.04-17.32.33:976][849]LogNet: Browse: /Game/Levels/MainMenu
[2016.06.04-17.32.33:976][849]LogLoad: LoadMap: /Game/Levels/MainMenu
[2016.06.04-17.32.33:992][849]Cmd: MEM
[2016.06.04-17.32.34:002][849]LogMemory: Platform Memory Stats for Windows
[2016.06.04-17.32.34:002][849]LogMemory: Process Physical Memory: 1359.91 MB used, 1394.00 MB peak
[2016.06.04-17.32.34:002][849]LogMemory: Process Virtual Memory: 2116.08 MB used, 2216.16 MB peak
[2016.06.04-17.32.34:002][849]LogMemory: Physical Memory: 6583.57 MB used, 16299.50 MB total
[2016.06.04-17.32.34:002][849]LogMemory: Virtual Memory: 2899.82 MB used, 134217728.00 MB total
[2016.06.04-17.32.34:002][849]LogMemory: 
[2016.06.04-17.32.34:002][849]Allocator Stats for TBB: (not implemented)
[2016.06.04-17.32.34:002][849]LogPlayLevel: Creating play world package: /Game/Levels/UEDPIE_0_MainMenu
[2016.06.04-17.32.34:002][849]LogPlayLevel: PIE: StaticDuplicateObject took: (0.000319s)
[2016.06.04-17.32.34:003][849]LogAIModule: Creating AISystem for world MainMenu
[2016.06.04-17.32.34:003][849]LogPlayLevel: PIE: World Init took: (0.000337s)
[2016.06.04-17.32.34:003][849]LogPlayLevel: PIE: Created PIE world by copying editor world from /Game/Levels/MainMenu.MainMenu to /Game/Levels/UEDPIE_0_MainMenu.MainMenu (0.000762s)
[2016.06.04-17.32.34:003][849]LogWorld: Game class is 'MainMenuGameMode_C'
[2016.06.04-17.32.34:004][849]LogWorld: Bringing World /Game/Levels/UEDPIE_0_MainMenu.MainMenu up for play (max tick rate 0) at 2016.06.04-13.32.34
[2016.06.04-17.32.34:004][849]LogWorld: Bringing up level for play took: 0.000589
[2016.06.04-17.32.34:004][849]LogGameMode: Warning - PATHS NOT DEFINED or NO PLAYERSTART with positive rating
[2016.06.04-17.32.34:005][849]LogSpawn:Warning: SpawnActor failed because no class was specified
[2016.06.04-17.32.37:510][262]BlueprintLog: New page: Compile Tile_Basic
[2016.06.04-17.32.37:530][262]LogBlueprint:Warning: USimpleConstructionScript::FixupRootNodeParentReferences() - Couldn't find inherited parent component 'Floor Tile' for 'Stairs' in BlueprintGeneratedClass 'REINST_Ramp_StairsDown_C_132' (it may have been removed)
[2016.06.04-17.32.37:542][262]LogBlueprint:Warning: USimpleConstructionScript::FixupRootNodeParentReferences() - Couldn't find inherited parent component 'Floor Tile' for 'Stairs' in BlueprintGeneratedClass 'REINST_Ramp_StairsUp_C_134' (it may have been removed)
[2016.06.04-17.32.37:662][262]BlueprintEditorCompileResults: Info [0251.75] Compile of Tile_Basic successful! [in 151 ms]
[2016.06.04-17.32.39:993][539]LogPlayLevel: PlayLevel: No blueprints needed recompiling
[2016.06.04-17.32.39:993][539]PIE: New page: PIE session: MainMenu (Jun 4, 2016, 8:32:39 AM)
[2016.06.04-17.32.39:993][539]LogPlayLevel: Creating play world package: /Game/Levels/UEDPIE_0_MainMenu
[2016.06.04-17.32.39:993][539]LogPlayLevel: PIE: StaticDuplicateObject took: (0.000318s)
[2016.06.04-17.32.39:993][539]LogAIModule: Creating AISystem for world MainMenu
[2016.06.04-17.32.39:994][539]LogPlayLevel: PIE: World Init took: (0.000343s)
[2016.06.04-17.32.39:994][539]LogPlayLevel: PIE: Created PIE world by copying editor world from /Game/Levels/MainMenu.MainMenu to /Game/Levels/UEDPIE_0_MainMenu.MainMenu (0.000762s)
[2016.06.04-17.32.40:008][539]LogInit: XAudio2 using 'SAMSUNG-8 (NVIDIA High Definition Audio)' : 2 channels at 48 kHz using 16 bits per sample (channel mask 0x3)
[2016.06.04-17.32.40:010][539]LogInit: FAudioDevice initialized.
[2016.06.04-17.32.40:047][539]LogWorld: Game class is 'MainMenuGameMode_C'
[2016.06.04-17.32.40:048][539]LogWorld: Bringing World /Game/Levels/UEDPIE_0_MainMenu.MainMenu up for play (max tick rate 0) at 2016.06.04-13.32.40
[2016.06.04-17.32.40:048][539]LogWorld: Bringing up level for play took: 0.000706
[2016.06.04-17.32.40:049][539]LogSpawn:Warning: SpawnActor failed because no class was specified
[2016.06.04-17.32.40:056][539]PIE: Info Play in editor start time for /Game/Levels/UEDPIE_0_MainMenu 0.697
[2016.06.04-17.32.41:827][750]LogNet: Browse: /Game/Levels/EndlessRunner
[2016.06.04-17.32.41:827][750]LogLoad: LoadMap: /Game/Levels/EndlessRunner
[2016.06.04-17.32.41:837][750]Cmd: MEM
[2016.06.04-17.32.41:847][750]LogMemory: Platform Memory Stats for Windows
[2016.06.04-17.32.41:847][750]LogMemory: Process Physical Memory: 1366.36 MB used, 1394.00 MB peak
[2016.06.04-17.32.41:847][750]LogMemory: Process Virtual Memory: 2113.04 MB used, 2216.16 MB peak
[2016.06.04-17.32.41:847][750]LogMemory: Physical Memory: 6588.89 MB used, 16299.50 MB total
[2016.06.04-17.32.41:847][750]LogMemory: Virtual Memory: 2895.01 MB used, 134217728.00 MB total
[2016.06.04-17.32.41:847][750]LogMemory: 
[2016.06.04-17.32.41:847][750]Allocator Stats for TBB: (not implemented)
[2016.06.04-17.32.41:942][750]LogAIModule: Creating AISystem for world EndlessRunner
[2016.06.04-17.32.41:943][750]LogWorld: Game class is 'EndlessRunnerGameMode_C'
[2016.06.04-17.32.41:944][750]LogWorld: Bringing World /Game/Levels/UEDPIE_0_EndlessRunner.EndlessRunner up for play (max tick rate 0) at 2016.06.04-13.32.41
[2016.06.04-17.32.41:944][750]LogWorld: Bringing up level for play took: 0.001149
[2016.06.04-17.32.41:945][750]LogSpawn:Warning: SpawnActor failed because no class was specified
[2016.06.04-17.32.57:096][551]Cmd: OBJ SAVEPACKAGE PACKAGE="/Game/Blueprints/Tiles/Tile_Basic" FILE="../../../../../../Documents/Developer/Repositories/Bouturon/Content/Blueprints/Tiles/Tile_Basic.uasset" SILENT=true
[2016.06.04-17.32.57:173][551]LogSavePackage: Save=71.36ms
[2016.06.04-17.32.57:173][551]LogSavePackage: Moving '../../../../../../Documents/Developer/Repositories/Bouturon/Saved/Tile_Basic674AC69B49AA098CA6F2E2A51F022073.tmp' to '../../../../../../Documents/Developer/Repositories/Bouturon/Content/Blueprints/Tiles/Tile_Basic.uasset'
[2016.06.04-17.32.57:174][551]LogSavePackage: Total save time: 77.84ms
[2016.06.04-17.32.57:174][551]LogSavePackage:Display: Finished SavePackage ../../../../../../Documents/Developer/Repositories/Bouturon/Content/Blueprints/Tiles/Tile_Basic.uasset
[2016.06.04-17.37.15:303][815]LogEditorTransaction: Undo Resize Widget
[2016.06.04-17.44.17:058][688]LogFileHelpers: Editor autosave (incl. sublevels) for '/Game/Levels/MainMenu' took 0.015
[2016.06.04-17.44.17:061][688]OBJ SavePackage: Generating thumbnails for [0] asset(s) in package [/Game/Blueprints/UMG/GameOverHUD] ([1] browsable assets)...
[2016.06.04-17.44.17:061][688]OBJ SavePackage: Finished generating thumbnails for package [/Game/Blueprints/UMG/GameOverHUD]
[2016.06.04-17.44.17:100][688]LogSavePackage: Save=33.18ms
[2016.06.04-17.44.17:100][688]LogSavePackage: Moving '../../../../../../Documents/Developer/Repositories/Bouturon/Saved/GameOverHUD_Auto1A62EF0DC4780955ECB48E09A332CF870.tmp' to '../../../../../../Documents/Developer/Repositories/Bouturon/Saved/Autosaves/Game/Blueprints/UMG/GameOverHUD_Auto1.uasset'
[2016.06.04-17.44.17:100][688]LogSavePackage: Total save time: 38.61ms
[2016.06.04-17.44.17:100][688]LogSavePackage:Display: Finished SavePackage ../../../../../../Documents/Developer/Repositories/Bouturon/Saved/Autosaves/Game/Blueprints/UMG/GameOverHUD_Auto1.uasset
[2016.06.04-17.44.17:100][688]LogFileHelpers: Auto-saving content packages took 0.042
[2016.06.04-17.44.28:263][  4]BlueprintLog: New page: Compile GameOverHUD
[2016.06.04-17.44.28:337][  4]BlueprintEditorCompileResults: Info [0962.42] Compile of GameOverHUD successful! [in 74 ms]
[2016.06.04-17.44.32:098][453]LogPlayLevel: PlayLevel: No blueprints needed recompiling
[2016.06.04-17.44.32:098][453]PIE: New page: PIE session: MainMenu (Jun 4, 2016, 8:44:32 AM)
[2016.06.04-17.44.32:099][453]LogPlayLevel: Creating play world package: /Game/Levels/UEDPIE_0_MainMenu
[2016.06.04-17.44.32:099][453]LogPlayLevel: PIE: StaticDuplicateObject took: (0.000326s)
[2016.06.04-17.44.32:099][453]LogAIModule: Creating AISystem for world MainMenu
[2016.06.04-17.44.32:099][453]LogPlayLevel: PIE: World Init took: (0.000369s)
[2016.06.04-17.44.32:099][453]LogPlayLevel: PIE: Created PIE world by copying editor world from /Game/Levels/MainMenu.MainMenu to /Game/Levels/UEDPIE_0_MainMenu.MainMenu (0.000802s)
[2016.06.04-17.44.32:113][453]LogInit: XAudio2 using 'SAMSUNG-8 (NVIDIA High Definition Audio)' : 2 channels at 48 kHz using 16 bits per sample (channel mask 0x3)
[2016.06.04-17.44.32:116][453]LogInit: FAudioDevice initialized.
[2016.06.04-17.44.32:153][453]LogWorld: Game class is 'MainMenuGameMode_C'
[2016.06.04-17.44.32:155][453]LogWorld: Bringing World /Game/Levels/UEDPIE_0_MainMenu.MainMenu up for play (max tick rate 0) at 2016.06.04-13.44.32
[2016.06.04-17.44.32:155][453]LogWorld: Bringing up level for play took: 0.000610
[2016.06.04-17.44.32:155][453]LogSpawn:Warning: SpawnActor failed because no class was specified
[2016.06.04-17.44.32:162][453]PIE: Info Play in editor start time for /Game/Levels/UEDPIE_0_MainMenu 0.803
[2016.06.04-17.44.34:049][679]LogNet: Browse: /Game/Levels/EndlessRunner
[2016.06.04-17.44.34:050][679]LogLoad: LoadMap: /Game/Levels/EndlessRunner
[2016.06.04-17.44.34:062][679]Cmd: MEM
[2016.06.04-17.44.34:072][679]LogMemory: Platform Memory Stats for Windows
[2016.06.04-17.44.34:072][679]LogMemory: Process Physical Memory: 1391.26 MB used, 1415.32 MB peak
[2016.06.04-17.44.34:072][679]LogMemory: Process Virtual Memory: 2170.98 MB used, 2246.48 MB peak
[2016.06.04-17.44.34:072][679]LogMemory: Physical Memory: 6872.93 MB used, 16299.50 MB total
[2016.06.04-17.44.34:072][679]LogMemory: Virtual Memory: 2951.91 MB used, 134217728.00 MB total
[2016.06.04-17.44.34:072][679]LogMemory: 
[2016.06.04-17.44.34:072][679]Allocator Stats for TBB: (not implemented)
[2016.06.04-17.44.34:166][679]LogAIModule: Creating AISystem for world EndlessRunner
[2016.06.04-17.44.34:166][679]LogWorld: Game class is 'EndlessRunnerGameMode_C'
[2016.06.04-17.44.34:168][679]LogWorld: Bringing World /Game/Levels/UEDPIE_0_EndlessRunner.EndlessRunner up for play (max tick rate 0) at 2016.06.04-13.44.34
[2016.06.04-17.44.34:168][679]LogWorld: Bringing up level for play took: 0.001186
[2016.06.04-17.44.34:169][679]LogSpawn:Warning: SpawnActor failed because no class was specified
[2016.06.04-17.47.04:793][422]BlueprintLog: New page: Compile GameOverHUD
[2016.06.04-17.47.04:798][422]LogBlueprint:Error: [compiler GameOverHUD] Error This blueprint (self) is not a RunCharacter_C, therefore ' Target ' must have a connection.
[2016.06.04-17.47.04:798][422]LogBlueprint:Error: [compiler GameOverHUD] Error Variable node  Get TotalCoins  uses an invalid target.  It may depend on a node that is not connected to the execution chain, and got purged.
[2016.06.04-17.47.04:824][422]LogActorComponent: UnregisterComponent: (/Engine/Transient.CharMoveComp) Not registered. Aborting.
[2016.06.04-17.47.04:910][422]LogBlueprint:Warning: [compiler GameOverHUD] Warning [1118.99] Compile of GameOverHUD failed. 2 Fatal Issue(s) 0 Warning(s) [in 116 ms]
[2016.06.04-17.47.04:910][422]BlueprintEditorCompileResults:Error: Error This blueprint (self) is not a RunCharacter_C, therefore ' Target ' must have a connection.
[2016.06.04-17.47.04:910][422]BlueprintEditorCompileResults:Error: Error Variable node  Get TotalCoins  uses an invalid target.  It may depend on a node that is not connected to the execution chain, and got purged.
[2016.06.04-17.47.04:910][422]BlueprintEditorCompileResults:Warning: Warning [1118.99] Compile of GameOverHUD failed. 2 Fatal Issue(s) 0 Warning(s) [in 116 ms]
[2016.06.04-17.47.46:557][410]LogActorComponent: UnregisterComponent: (/Engine/Transient.CharMoveComp) Not registered. Aborting.
[2016.06.04-17.47.52:656][138]LogActorComponent: UnregisterComponent: (/Engine/Transient.CharacterMovementComponent_0) Not registered. Aborting.
[2016.06.04-17.48.02:253][288]LogActorComponent: UnregisterComponent: (/Engine/Transient.CharacterMovementComponent_1) Not registered. Aborting.
[2016.06.04-17.48.04:924][603]LogActorComponent: UnregisterComponent: (/Engine/Transient.CharacterMovementComponent_2) Not registered. Aborting.
[2016.06.04-17.48.23:531][826]BlueprintLog: New page: Compile RunCharacter
[2016.06.04-17.48.23:567][826]LogBlueprint:Error: [compiler GameOverHUD] Error This blueprint (self) is not a RunCharacter_C, therefore ' Target ' must have a connection.
[2016.06.04-17.48.23:567][826]LogBlueprint:Error: [compiler GameOverHUD] Error Variable node  Get TotalCoins  uses an invalid target.  It may depend on a node that is not connected to the execution chain, and got purged.
[2016.06.04-17.48.23:591][826]LogActorComponent: UnregisterComponent: (/Engine/Transient.CharacterMovementComponent_3) Not registered. Aborting.
[2016.06.04-17.48.23:688][826]BlueprintEditorCompileResults: Info [1197.77] Compile of RunCharacter successful! [in 156 ms]
[2016.06.04-17.49.21:236][708]BlueprintLog: New page: Compile GameOverHUD
[2016.06.04-17.49.21:243][708]LogActorComponent: UnregisterComponent: (/Engine/Transient.CharMoveComp) Not registered. Aborting.
[2016.06.04-17.49.21:293][708]BlueprintEditorCompileResults: Info The execution path doesn't end with a return node.  Cast Failed 
[2016.06.04-17.49.21:293][708]BlueprintEditorCompileResults: Info [1255.38] Compile of GameOverHUD successful! [in 56 ms]
[2016.06.04-17.49.34:832][328]LogActorComponent: UnregisterComponent: (/Engine/Transient.CharMoveComp) Not registered. Aborting.
[2016.06.04-17.49.36:865][567]BlueprintLog: New page: Compile RunCharacter
[2016.06.04-17.49.36:901][567]LogBlueprint:Error: [compiler GameOverHUD] Error Could not find a function named "GetTotalCoins" in 'RunCharacter_C'.
Make sure 'RunCharacter_C' has been compiled for  Get Total Coins 
[2016.06.04-17.49.36:901][567]LogBlueprint:Error: [compiler GameOverHUD] Error Binding: Property ' TextDelegate ' on Widget ' ScoreNumberText ': Binding: 'Get_ScoreNumberText_Text_0' : 'Get_ScoreNumberText_Text_0' was not found on 'Game Over HUD'.
[2016.06.04-17.49.36:929][567]LogActorComponent: UnregisterComponent: (/Engine/Transient.CharacterMovementComponent_4) Not registered. Aborting.
[2016.06.04-17.49.37:026][567]BlueprintEditorCompileResults: Info [1271.11] Compile of RunCharacter successful! [in 160 ms]
[2016.06.04-17.49.58:858][160]BlueprintLog: New page: Compile GameOverHUD
[2016.06.04-17.49.58:887][160]LogActorComponent: UnregisterComponent: (/Engine/Transient.CharMoveComp) Not registered. Aborting.
[2016.06.04-17.49.58:944][160]BlueprintEditorCompileResults: Info The execution path doesn't end with a return node.  Cast Failed 
[2016.06.04-17.49.58:944][160]BlueprintEditorCompileResults: Info [1293.03] Compile of GameOverHUD successful! [in 86 ms]
[2016.06.04-17.50.00:366][327]LogPlayLevel: PlayLevel: No blueprints needed recompiling
[2016.06.04-17.50.00:366][327]PIE: New page: PIE session: MainMenu (Jun 4, 2016, 8:50:00 AM)
[2016.06.04-17.50.00:366][327]LogPlayLevel: Creating play world package: /Game/Levels/UEDPIE_0_MainMenu
[2016.06.04-17.50.00:367][327]LogPlayLevel: PIE: StaticDuplicateObject took: (0.000323s)
[2016.06.04-17.50.00:367][327]LogAIModule: Creating AISystem for world MainMenu
[2016.06.04-17.50.00:367][327]LogPlayLevel: PIE: World Init took: (0.000380s)
[2016.06.04-17.50.00:367][327]LogPlayLevel: PIE: Created PIE world by copying editor world from /Game/Levels/MainMenu.MainMenu to /Game/Levels/UEDPIE_0_MainMenu.MainMenu (0.000809s)
[2016.06.04-17.50.00:367][327]LogActorComponent: UnregisterComponent: (/Engine/Transient.CharMoveComp) Not registered. Aborting.
[2016.06.04-17.50.00:382][327]LogInit: XAudio2 using 'SAMSUNG-8 (NVIDIA High Definition Audio)' : 2 channels at 48 kHz using 16 bits per sample (channel mask 0x3)
[2016.06.04-17.50.00:385][327]LogInit: FAudioDevice initialized.
[2016.06.04-17.50.00:418][327]LogWorld: Game class is 'MainMenuGameMode_C'
[2016.06.04-17.50.00:419][327]LogWorld: Bringing World /Game/Levels/UEDPIE_0_MainMenu.MainMenu up for play (max tick rate 0) at 2016.06.04-13.50.00
[2016.06.04-17.50.00:419][327]LogWorld: Bringing up level for play took: 0.000727
[2016.06.04-17.50.00:420][327]LogGameMode: Warning - PATHS NOT DEFINED or NO PLAYERSTART with positive rating
[2016.06.04-17.50.00:420][327]LogSpawn:Warning: SpawnActor failed because no class was specified
[2016.06.04-17.50.00:424][327]PIE: Info Play in editor start time for /Game/Levels/UEDPIE_0_MainMenu -0.935
[2016.06.04-17.50.02:032][519]LogNet: Browse: /Game/Levels/EndlessRunner
[2016.06.04-17.50.02:032][519]LogLoad: LoadMap: /Game/Levels/EndlessRunner
[2016.06.04-17.50.02:047][519]Cmd: MEM
[2016.06.04-17.50.02:057][519]LogMemory: Platform Memory Stats for Windows
[2016.06.04-17.50.02:057][519]LogMemory: Process Physical Memory: 1545.25 MB used, 1552.44 MB peak
[2016.06.04-17.50.02:057][519]LogMemory: Process Virtual Memory: 2365.02 MB used, 2366.46 MB peak
[2016.06.04-17.50.02:057][519]LogMemory: Physical Memory: 7001.30 MB used, 16299.50 MB total
[2016.06.04-17.50.02:057][519]LogMemory: Virtual Memory: 3138.18 MB used, 134217728.00 MB total
[2016.06.04-17.50.02:057][519]LogMemory: 
[2016.06.04-17.50.02:057][519]Allocator Stats for TBB: (not implemented)
[2016.06.04-17.50.02:154][519]LogAIModule: Creating AISystem for world EndlessRunner
[2016.06.04-17.50.02:154][519]LogWorld: Game class is 'EndlessRunnerGameMode_C'
[2016.06.04-17.50.02:156][519]LogWorld: Bringing World /Game/Levels/UEDPIE_0_EndlessRunner.EndlessRunner up for play (max tick rate 0) at 2016.06.04-13.50.02
[2016.06.04-17.50.02:156][519]LogWorld: Bringing up level for play took: 0.001194
[2016.06.04-17.50.02:157][519]LogSpawn:Warning: SpawnActor failed because no class was specified
[2016.06.04-17.50.12:693][781]LogNet: Browse: /Game/Levels/EndlessRunner
[2016.06.04-17.50.12:693][781]LogLoad: LoadMap: /Game/Levels/EndlessRunner
[2016.06.04-17.50.12:708][781]Cmd: MEM
[2016.06.04-17.50.12:718][781]LogMemory: Platform Memory Stats for Windows
[2016.06.04-17.50.12:718][781]LogMemory: Process Physical Memory: 1552.13 MB used, 1580.02 MB peak
[2016.06.04-17.50.12:718][781]LogMemory: Process Virtual Memory: 2385.04 MB used, 2484.03 MB peak
[2016.06.04-17.50.12:718][781]LogMemory: Physical Memory: 7011.05 MB used, 16299.50 MB total
[2016.06.04-17.50.12:718][781]LogMemory: Virtual Memory: 3155.56 MB used, 134217728.00 MB total
[2016.06.04-17.50.12:718][781]LogMemory: 
[2016.06.04-17.50.12:718][781]Allocator Stats for TBB: (not implemented)
[2016.06.04-17.50.12:811][781]LogAIModule: Creating AISystem for world EndlessRunner
[2016.06.04-17.50.12:811][781]LogWorld: Game class is 'EndlessRunnerGameMode_C'
[2016.06.04-17.50.12:812][781]LogWorld: Bringing World /Game/Levels/UEDPIE_0_EndlessRunner.EndlessRunner up for play (max tick rate 0) at 2016.06.04-13.50.12
[2016.06.04-17.50.12:813][781]LogWorld: Bringing up level for play took: 0.001138
[2016.06.04-17.50.12:813][781]LogSpawn:Warning: SpawnActor failed because no class was specified
[2016.06.04-17.51.17:666][533]BlueprintLog: New page: Compile RunCharacter
[2016.06.04-17.51.17:786][533]BlueprintEditorCompileResults: Info [1371.87] Compile of RunCharacter successful! [in 120 ms]
[2016.06.04-17.51.18:529][611]Cmd: OBJ SAVEPACKAGE PACKAGE="/Game/Blueprints/Characters/RunCharacter" FILE="../../../../../../Documents/Developer/Repositories/Bouturon/Content/Blueprints/Characters/RunCharacter.uasset" SILENT=true
[2016.06.04-17.51.18:643][611]LogSavePackage: Save=107.64ms
[2016.06.04-17.51.18:643][611]LogSavePackage: Moving '../../../../../../Documents/Developer/Repositories/Bouturon/Saved/RunCharacter17AACC61443D629A2E22A09EB91D0DD8.tmp' to '../../../../../../Documents/Developer/Repositories/Bouturon/Content/Blueprints/Characters/RunCharacter.uasset'
[2016.06.04-17.51.18:644][611]LogSavePackage: Total save time: 114.41ms
[2016.06.04-17.51.18:644][611]LogSavePackage:Display: Finished SavePackage ../../../../../../Documents/Developer/Repositories/Bouturon/Content/Blueprints/Characters/RunCharacter.uasset
[2016.06.04-17.51.20:448][824]Cmd: OBJ SAVEPACKAGE PACKAGE="/Game/Blueprints/UMG/GameOverHUD" FILE="../../../../../../Documents/Developer/Repositories/Bouturon/Content/Blueprints/UMG/GameOverHUD.uasset" SILENT=true
[2016.06.04-17.51.20:476][824]LogSavePackage: Save=22.06ms
[2016.06.04-17.51.20:476][824]LogSavePackage: Moving '../../../../../../Documents/Developer/Repositories/Bouturon/Saved/GameOverHUD80FA126748E4CFFC8E7EC8A5B68C93D5.tmp' to '../../../../../../Documents/Developer/Repositories/Bouturon/Content/Blueprints/UMG/GameOverHUD.uasset'
[2016.06.04-17.51.20:477][824]LogSavePackage: Total save time: 27.93ms
[2016.06.04-17.51.20:477][824]LogSavePackage:Display: Finished SavePackage ../../../../../../Documents/Developer/Repositories/Bouturon/Content/Blueprints/UMG/GameOverHUD.uasset
[2016.06.04-17.51.27:508][653]LogAIModule: Creating AISystem for world EndlessRunner
[2016.06.04-17.51.27:511][653]LogActorComponent: UnregisterComponent: (/Engine/Transient.CharMoveComp) Not registered. Aborting.
[2016.06.04-17.51.27:523][653]Cmd: MAP LOAD FILE="../../../../../../Documents/Developer/Repositories/Bouturon/Content/Levels/EndlessRunner.umap" TEMPLATE=0 SHOWPROGRESS=1 FEATURELEVEL=3
[2016.06.04-17.51.27:523][653]LightingResults: New page: Lighting Build
[2016.06.04-17.51.27:532][653]LoadErrors: New page: Loading map: EndlessRunner.umap
[2016.06.04-17.51.27:532][653]MapCheck: New page: Map Check
[2016.06.04-17.51.27:532][653]LightingResults: New page: Lighting Build
[2016.06.04-17.51.27:544][653]LogEditorServer: Finished looking for orphan Actors (0.000 secs)
[2016.06.04-17.51.27:569][653]Cmd: MAP CHECKDEP NOCLEARLOG
[2016.06.04-17.51.27:595][653]MapCheck: Info Map check complete: 0 Error(s), 0 Warning(s), took 26.647ms to complete.
[2016.06.04-17.51.27:595][653]LogFileHelpers: Loading map 'EndlessRunner' took 0.074
[2016.06.04-17.51.34:632][490]LogAIModule: Creating AISystem for world MainMenu
[2016.06.04-17.51.34:644][490]Cmd: MAP LOAD FILE="../../../../../../Documents/Developer/Repositories/Bouturon/Content/Levels/MainMenu.umap" TEMPLATE=0 SHOWPROGRESS=1 FEATURELEVEL=3
[2016.06.04-17.51.34:644][490]LightingResults: New page: Lighting Build
[2016.06.04-17.51.34:653][490]LoadErrors: New page: Loading map: MainMenu.umap
[2016.06.04-17.51.34:653][490]MapCheck: New page: Map Check
[2016.06.04-17.51.34:653][490]LightingResults: New page: Lighting Build
[2016.06.04-17.51.34:693][490]LogEditorServer: Finished looking for orphan Actors (0.000 secs)
[2016.06.04-17.51.34:718][490]Cmd: MAP CHECKDEP NOCLEARLOG
[2016.06.04-17.51.34:744][490]MapCheck: Info Map check complete: 0 Error(s), 0 Warning(s), took 26.46ms to complete.
[2016.06.04-17.51.34:744][490]LogFileHelpers: Loading map 'MainMenu' took 0.101
[2016.06.04-17.51.36:883][742]LogAIModule: Creating AISystem for world EndlessRunner
[2016.06.04-17.51.36:897][742]Cmd: MAP LOAD FILE="../../../../../../Documents/Developer/Repositories/Bouturon/Content/Levels/EndlessRunner.umap" TEMPLATE=0 SHOWPROGRESS=1 FEATURELEVEL=3
[2016.06.04-17.51.36:897][742]LightingResults: New page: Lighting Build
[2016.06.04-17.51.36:906][742]LoadErrors: New page: Loading map: EndlessRunner.umap
[2016.06.04-17.51.36:906][742]MapCheck: New page: Map Check
[2016.06.04-17.51.36:906][742]LightingResults: New page: Lighting Build
[2016.06.04-17.51.36:951][742]LogEditorServer: Finished looking for orphan Actors (0.000 secs)
[2016.06.04-17.51.36:976][742]Cmd: MAP CHECKDEP NOCLEARLOG
[2016.06.04-17.51.37:002][742]MapCheck: Info Map check complete: 0 Error(s), 0 Warning(s), took 26.127ms to complete.
[2016.06.04-17.51.37:002][742]LogFileHelpers: Loading map 'EndlessRunner' took 0.106
[2016.06.04-17.51.43:580][527]LogAIModule: Creating AISystem for world MainMenu
[2016.06.04-17.51.43:592][527]Cmd: MAP LOAD FILE="../../../../../../Documents/Developer/Repositories/Bouturon/Content/Levels/MainMenu.umap" TEMPLATE=0 SHOWPROGRESS=1 FEATURELEVEL=3
[2016.06.04-17.51.43:592][527]LightingResults: New page: Lighting Build
[2016.06.04-17.51.43:601][527]LoadErrors: New page: Loading map: MainMenu.umap
[2016.06.04-17.51.43:602][527]MapCheck: New page: Map Check
[2016.06.04-17.51.43:602][527]LightingResults: New page: Lighting Build
[2016.06.04-17.51.43:641][527]LogEditorServer: Finished looking for orphan Actors (0.000 secs)
[2016.06.04-17.51.43:667][527]Cmd: MAP CHECKDEP NOCLEARLOG
[2016.06.04-17.51.43:693][527]MapCheck: Info Map check complete: 0 Error(s), 0 Warning(s), took 26.068ms to complete.
[2016.06.04-17.51.43:693][527]LogFileHelpers: Loading map 'MainMenu' took 0.101
[2016.06.04-17.51.46:234][829]LogAIModule: Creating AISystem for world EndlessRunner
[2016.06.04-17.51.46:247][829]Cmd: MAP LOAD FILE="../../../../../../Documents/Developer/Repositories/Bouturon/Content/Levels/EndlessRunner.umap" TEMPLATE=0 SHOWPROGRESS=1 FEATURELEVEL=3
[2016.06.04-17.51.46:247][829]LightingResults: New page: Lighting Build
[2016.06.04-17.51.46:256][829]LoadErrors: New page: Loading map: EndlessRunner.umap
[2016.06.04-17.51.46:256][829]MapCheck: New page: Map Check
[2016.06.04-17.51.46:256][829]LightingResults: New page: Lighting Build
[2016.06.04-17.51.46:302][829]LogEditorServer: Finished looking for orphan Actors (0.000 secs)
[2016.06.04-17.51.46:327][829]Cmd: MAP CHECKDEP NOCLEARLOG
[2016.06.04-17.51.46:353][829]MapCheck: Info Map check complete: 0 Error(s), 0 Warning(s), took 25.6ms to complete.
[2016.06.04-17.51.46:353][829]LogFileHelpers: Loading map 'EndlessRunner' took 0.107
[2016.06.04-17.52.27:606][748]BlueprintLog: New page: Compile EndllessRunnerHUD
[2016.06.04-17.52.27:666][748]BlueprintEditorCompileResults: Info The execution path doesn't end with a return node.  Cast Failed 
[2016.06.04-17.52.27:666][748]BlueprintEditorCompileResults: Info [1441.75] Compile of EndllessRunnerHUD successful! [in 59 ms]
[2016.06.04-17.53.33:961][661]BlueprintLog: New page: Compile EndlessRunnerGameMode
[2016.06.04-17.53.34:026][661]BlueprintEditorCompileResults: Info [1508.11] Compile of EndlessRunnerGameMode successful! [in 64 ms]
[2016.06.04-17.53.35:063][783]LogBlueprintUserMessages: Early PlayInEditor Detection: Level '/Game/Levels/EndlessRunner.EndlessRunner:PersistentLevel' has LevelScriptBlueprint '/Game/Levels/EndlessRunner.EndlessRunner:PersistentLevel.EndlessRunner' with GeneratedClass '/Game/Levels/EndlessRunner.EndlessRunner_C' with ClassGeneratedBy '/Game/Levels/EndlessRunner.EndlessRunner:PersistentLevel.EndlessRunner'
[2016.06.04-17.53.35:064][783]LogPlayLevel: PlayLevel: No blueprints needed recompiling
[2016.06.04-17.53.35:064][783]PIE: New page: PIE session: EndlessRunner (Jun 4, 2016, 8:53:35 AM)
[2016.06.04-17.53.35:064][783]LogPlayLevel: Creating play world package: /Game/Levels/UEDPIE_0_EndlessRunner
[2016.06.04-17.53.35:065][783]LogPlayLevel: PIE: StaticDuplicateObject took: (0.001613s)
[2016.06.04-17.53.35:066][783]LogAIModule: Creating AISystem for world EndlessRunner
[2016.06.04-17.53.35:066][783]LogPlayLevel: PIE: World Init took: (0.000464s)
[2016.06.04-17.53.35:066][783]LogPlayLevel: PIE: Created PIE world by copying editor world from /Game/Levels/EndlessRunner.EndlessRunner to /Game/Levels/UEDPIE_0_EndlessRunner.EndlessRunner (0.002209s)
[2016.06.04-17.53.35:081][783]LogInit: XAudio2 using 'SAMSUNG-8 (NVIDIA High Definition Audio)' : 2 channels at 48 kHz using 16 bits per sample (channel mask 0x3)
[2016.06.04-17.53.35:084][783]LogInit: FAudioDevice initialized.
[2016.06.04-17.53.35:114][783]LogWorld: Game class is 'EndlessRunnerGameMode_C'
[2016.06.04-17.53.35:116][783]LogWorld: Bringing World /Game/Levels/UEDPIE_0_EndlessRunner.EndlessRunner up for play (max tick rate 0) at 2016.06.04-13.53.35
[2016.06.04-17.53.35:116][783]LogWorld: Bringing up level for play took: 0.001111
[2016.06.04-17.53.35:117][783]LogSpawn:Warning: SpawnActor failed because no class was specified
[2016.06.04-17.53.35:132][783]PIE: Info Play in editor start time for /Game/Levels/UEDPIE_0_EndlessRunner -0.226
[2016.06.04-17.53.35:132][783]LogBlueprintUserMessages: Late PlayInEditor Detection: Level '/Game/Levels/EndlessRunner.EndlessRunner:PersistentLevel' has LevelScriptBlueprint '/Game/Levels/EndlessRunner.EndlessRunner:PersistentLevel.EndlessRunner' with GeneratedClass '/Game/Levels/EndlessRunner.EndlessRunner_C' with ClassGeneratedBy '/Game/Levels/EndlessRunner.EndlessRunner:PersistentLevel.EndlessRunner'
[2016.06.04-17.53.44:026][841]LogBlueprintUserMessages: Early EndPlayMap Detection: Level '/Game/Levels/EndlessRunner.EndlessRunner:PersistentLevel' has LevelScriptBlueprint '/Game/Levels/EndlessRunner.EndlessRunner:PersistentLevel.EndlessRunner' with GeneratedClass '/Game/Levels/EndlessRunner.EndlessRunner_C' with ClassGeneratedBy '/Game/Levels/EndlessRunner.EndlessRunner:PersistentLevel.EndlessRunner'
[2016.06.04-17.53.44:073][841]LogBlueprintUserMessages: Late EndPlayMap Detection: Level '/Game/Levels/EndlessRunner.EndlessRunner:PersistentLevel' has LevelScriptBlueprint '/Game/Levels/EndlessRunner.EndlessRunner:PersistentLevel.EndlessRunner' with GeneratedClass '/Game/Levels/EndlessRunner.EndlessRunner_C' with ClassGeneratedBy '/Game/Levels/EndlessRunner.EndlessRunner:PersistentLevel.EndlessRunner'
[2016.06.04-17.54.15:838][644]BlueprintLog: New page: Compile EndllessRunnerHUD
[2016.06.04-17.54.15:899][644]BlueprintEditorCompileResults: Info The execution path doesn't end with a return node.  Cast Failed 
[2016.06.04-17.54.15:899][644]BlueprintEditorCompileResults: Info [1549.98] Compile of EndllessRunnerHUD successful! [in 60 ms]
[2016.06.04-17.54.16:553][719]LogBlueprintUserMessages: Early PlayInEditor Detection: Level '/Game/Levels/EndlessRunner.EndlessRunner:PersistentLevel' has LevelScriptBlueprint '/Game/Levels/EndlessRunner.EndlessRunner:PersistentLevel.EndlessRunner' with GeneratedClass '/Game/Levels/EndlessRunner.EndlessRunner_C' with ClassGeneratedBy '/Game/Levels/EndlessRunner.EndlessRunner:PersistentLevel.EndlessRunner'
[2016.06.04-17.54.16:553][719]LogPlayLevel: PlayLevel: No blueprints needed recompiling
[2016.06.04-17.54.16:553][719]PIE: New page: PIE session: EndlessRunner (Jun 4, 2016, 8:54:16 AM)
[2016.06.04-17.54.16:553][719]LogPlayLevel: Creating play world package: /Game/Levels/UEDPIE_0_EndlessRunner
[2016.06.04-17.54.16:554][719]LogPlayLevel: PIE: StaticDuplicateObject took: (0.001416s)
[2016.06.04-17.54.16:555][719]LogAIModule: Creating AISystem for world EndlessRunner
[2016.06.04-17.54.16:555][719]LogPlayLevel: PIE: World Init took: (0.000497s)
[2016.06.04-17.54.16:555][719]LogPlayLevel: PIE: Created PIE world by copying editor world from /Game/Levels/EndlessRunner.EndlessRunner to /Game/Levels/UEDPIE_0_EndlessRunner.EndlessRunner (0.002053s)
[2016.06.04-17.54.16:570][719]LogInit: XAudio2 using 'SAMSUNG-8 (NVIDIA High Definition Audio)' : 2 channels at 48 kHz using 16 bits per sample (channel mask 0x3)
[2016.06.04-17.54.16:572][719]LogInit: FAudioDevice initialized.
[2016.06.04-17.54.16:610][719]LogWorld: Game class is 'EndlessRunnerGameMode_C'
[2016.06.04-17.54.16:611][719]LogWorld: Bringing World /Game/Levels/UEDPIE_0_EndlessRunner.EndlessRunner up for play (max tick rate 0) at 2016.06.04-13.54.16
[2016.06.04-17.54.16:611][719]LogWorld: Bringing up level for play took: 0.000816
[2016.06.04-17.54.16:612][719]LogSpawn:Warning: SpawnActor failed because no class was specified
[2016.06.04-17.54.16:631][719]PIE: Info Play in editor start time for /Game/Levels/UEDPIE_0_EndlessRunner -0.728
[2016.06.04-17.54.16:631][719]LogBlueprintUserMessages: Late PlayInEditor Detection: Level '/Game/Levels/EndlessRunner.EndlessRunner:PersistentLevel' has LevelScriptBlueprint '/Game/Levels/EndlessRunner.EndlessRunner:PersistentLevel.EndlessRunner' with GeneratedClass '/Game/Levels/EndlessRunner.EndlessRunner_C' with ClassGeneratedBy '/Game/Levels/EndlessRunner.EndlessRunner:PersistentLevel.EndlessRunner'
[2016.06.04-17.54.22:849][460]LogBlueprintUserMessages: Early EndPlayMap Detection: Level '/Game/Levels/EndlessRunner.EndlessRunner:PersistentLevel' has LevelScriptBlueprint '/Game/Levels/EndlessRunner.EndlessRunner:PersistentLevel.EndlessRunner' with GeneratedClass '/Game/Levels/EndlessRunner.EndlessRunner_C' with ClassGeneratedBy '/Game/Levels/EndlessRunner.EndlessRunner:PersistentLevel.EndlessRunner'
[2016.06.04-17.54.22:893][460]LogBlueprintUserMessages: Late EndPlayMap Detection: Level '/Game/Levels/EndlessRunner.EndlessRunner:PersistentLevel' has LevelScriptBlueprint '/Game/Levels/EndlessRunner.EndlessRunner:PersistentLevel.EndlessRunner' with GeneratedClass '/Game/Levels/EndlessRunner.EndlessRunner_C' with ClassGeneratedBy '/Game/Levels/EndlessRunner.EndlessRunner:PersistentLevel.EndlessRunner'
[2016.06.04-17.54.28:880][174]LogBlueprintUserMessages: Early PlayInEditor Detection: Level '/Game/Levels/EndlessRunner.EndlessRunner:PersistentLevel' has LevelScriptBlueprint '/Game/Levels/EndlessRunner.EndlessRunner:PersistentLevel.EndlessRunner' with GeneratedClass '/Game/Levels/EndlessRunner.EndlessRunner_C' with ClassGeneratedBy '/Game/Levels/EndlessRunner.EndlessRunner:PersistentLevel.EndlessRunner'
[2016.06.04-17.54.28:880][174]BlueprintLog: New page: Pre-Play auto-recompile
[2016.06.04-17.54.28:888][174]LogPlayLevel: [PlayLevel] Compiling EndllessRunnerHUD before play...
[2016.06.04-17.54.28:937][174]LogPlayLevel: PlayLevel: Blueprint regeneration took 56 ms (2 blueprints)
[2016.06.04-17.54.28:939][174]LogPlayLevel: [PlayLevel] Compiling EndlessRunnerGameMode before play...
[2016.06.04-17.54.28:991][174]LogPlayLevel: PlayLevel: Blueprint regeneration took 111 ms (3 blueprints)
[2016.06.04-17.54.28:991][174]LogPlayLevel: [PlayLevel] Compiling Tile_Basic before play...
[2016.06.04-17.54.29:010][174]LogBlueprint:Warning: USimpleConstructionScript::FixupRootNodeParentReferences() - Couldn't find inherited parent component 'Floor Tile' for 'Stairs' in BlueprintGeneratedClass 'REINST_Ramp_StairsDown_C_270' (it may have been removed)
[2016.06.04-17.54.29:025][174]LogBlueprint:Warning: USimpleConstructionScript::FixupRootNodeParentReferences() - Couldn't find inherited parent component 'Floor Tile' for 'Stairs' in BlueprintGeneratedClass 'REINST_Ramp_StairsUp_C_272' (it may have been removed)
[2016.06.04-17.54.29:145][174]LogPlayLevel: PlayLevel: Blueprint regeneration took 264 ms (5 blueprints)
[2016.06.04-17.54.29:145][174]LogPlayLevel: [PlayLevel] Compiling Ramp_StairsDown before play...
[2016.06.04-17.54.29:182][174]LogPlayLevel: PlayLevel: Blueprint regeneration took 302 ms (5 blueprints)
[2016.06.04-17.54.29:182][174]LogPlayLevel: [PlayLevel] Compiling Ramp_StairsUp before play...
[2016.06.04-17.54.29:219][174]LogPlayLevel: PlayLevel: Blueprint regeneration took 339 ms (5 blueprints)
[2016.06.04-17.54.29:231][174]PIE: New page: PIE session: EndlessRunner (Jun 4, 2016, 8:54:29 AM)
[2016.06.04-17.54.29:231][174]LogPlayLevel: Creating play world package: /Game/Levels/UEDPIE_0_EndlessRunner
[2016.06.04-17.54.29:233][174]LogPlayLevel: PIE: StaticDuplicateObject took: (0.001723s)
[2016.06.04-17.54.29:233][174]LogAIModule: Creating AISystem for world EndlessRunner
[2016.06.04-17.54.29:233][174]LogPlayLevel: PIE: World Init took: (0.000389s)
[2016.06.04-17.54.29:233][174]LogPlayLevel: PIE: Created PIE world by copying editor world from /Game/Levels/EndlessRunner.EndlessRunner to /Game/Levels/UEDPIE_0_EndlessRunner.EndlessRunner (0.002244s)
[2016.06.04-17.54.29:249][174]LogInit: XAudio2 using 'SAMSUNG-8 (NVIDIA High Definition Audio)' : 2 channels at 48 kHz using 16 bits per sample (channel mask 0x3)
[2016.06.04-17.54.29:251][174]LogInit: FAudioDevice initialized.
[2016.06.04-17.54.29:284][174]LogWorld: Game class is 'EndlessRunnerGameMode_C'
[2016.06.04-17.54.29:286][174]LogWorld: Bringing World /Game/Levels/UEDPIE_0_EndlessRunner.EndlessRunner up for play (max tick rate 0) at 2016.06.04-13.54.29
[2016.06.04-17.54.29:286][174]LogWorld: Bringing up level for play took: 0.000937
[2016.06.04-17.54.29:287][174]LogSpawn:Warning: SpawnActor failed because no class was specified
[2016.06.04-17.54.29:303][174]PIE: Info Play in editor start time for /Game/Levels/UEDPIE_0_EndlessRunner -0.054
[2016.06.04-17.54.29:304][174]LogBlueprintUserMessages: Late PlayInEditor Detection: Level '/Game/Levels/EndlessRunner.EndlessRunner:PersistentLevel' has LevelScriptBlueprint '/Game/Levels/EndlessRunner.EndlessRunner:PersistentLevel.EndlessRunner' with GeneratedClass '/Game/Levels/EndlessRunner.EndlessRunner_C' with ClassGeneratedBy '/Game/Levels/EndlessRunner.EndlessRunner:PersistentLevel.EndlessRunner'
[2016.06.04-17.54.29:324][175]LogCharacterMovement:Warning: GetSimulationTimeStep() - Max iterations 8 hit while remaining time 0.100000 > MaxSimulationTimeStep (0.050) for 'RunCharacter_C_10', movement 'Walking'
[2016.06.04-17.54.52:476][946]LogBlueprintUserMessages: Early EndPlayMap Detection: Level '/Game/Levels/EndlessRunner.EndlessRunner:PersistentLevel' has LevelScriptBlueprint '/Game/Levels/EndlessRunner.EndlessRunner:PersistentLevel.EndlessRunner' with GeneratedClass '/Game/Levels/EndlessRunner.EndlessRunner_C' with ClassGeneratedBy '/Game/Levels/EndlessRunner.EndlessRunner:PersistentLevel.EndlessRunner'
[2016.06.04-17.54.52:524][946]LogBlueprintUserMessages: Late EndPlayMap Detection: Level '/Game/Levels/EndlessRunner.EndlessRunner:PersistentLevel' has LevelScriptBlueprint '/Game/Levels/EndlessRunner.EndlessRunner:PersistentLevel.EndlessRunner' with GeneratedClass '/Game/Levels/EndlessRunner.EndlessRunner_C' with ClassGeneratedBy '/Game/Levels/EndlessRunner.EndlessRunner:PersistentLevel.EndlessRunner'
[2016.06.04-17.58.06:646][429]BlueprintLog: New page: Compile RunCharacter
[2016.06.04-17.58.06:791][429]BlueprintEditorCompileResults: Info [1780.88] Compile of RunCharacter successful! [in 144 ms]
[2016.06.04-17.58.07:808][542]LogBlueprintUserMessages: Early PlayInEditor Detection: Level '/Game/Levels/EndlessRunner.EndlessRunner:PersistentLevel' has LevelScriptBlueprint '/Game/Levels/EndlessRunner.EndlessRunner:PersistentLevel.EndlessRunner' with GeneratedClass '/Game/Levels/EndlessRunner.EndlessRunner_C' with ClassGeneratedBy '/Game/Levels/EndlessRunner.EndlessRunner:PersistentLevel.EndlessRunner'
[2016.06.04-17.58.07:808][542]LogPlayLevel: PlayLevel: No blueprints needed recompiling
[2016.06.04-17.58.07:808][542]PIE: New page: PIE session: EndlessRunner (Jun 4, 2016, 8:58:07 AM)
[2016.06.04-17.58.07:808][542]LogPlayLevel: Creating play world package: /Game/Levels/UEDPIE_0_EndlessRunner
[2016.06.04-17.58.07:810][542]LogPlayLevel: PIE: StaticDuplicateObject took: (0.001787s)
[2016.06.04-17.58.07:810][542]LogAIModule: Creating AISystem for world EndlessRunner
[2016.06.04-17.58.07:810][542]LogPlayLevel: PIE: World Init took: (0.000681s)
[2016.06.04-17.58.07:810][542]LogPlayLevel: PIE: Created PIE world by copying editor world from /Game/Levels/EndlessRunner.EndlessRunner to /Game/Levels/UEDPIE_0_EndlessRunner.EndlessRunner (0.002590s)
[2016.06.04-17.58.07:826][542]LogInit: XAudio2 using 'SAMSUNG-8 (NVIDIA High Definition Audio)' : 2 channels at 48 kHz using 16 bits per sample (channel mask 0x3)
[2016.06.04-17.58.07:829][542]LogInit: FAudioDevice initialized.
[2016.06.04-17.58.07:865][542]LogWorld: Game class is 'EndlessRunnerGameMode_C'
[2016.06.04-17.58.07:867][542]LogWorld: Bringing World /Game/Levels/UEDPIE_0_EndlessRunner.EndlessRunner up for play (max tick rate 0) at 2016.06.04-13.58.07
[2016.06.04-17.58.07:867][542]LogWorld: Bringing up level for play took: 0.001007
[2016.06.04-17.58.07:868][542]LogSpawn:Warning: SpawnActor failed because no class was specified
[2016.06.04-17.58.07:890][542]PIE: Info Play in editor start time for /Game/Levels/UEDPIE_0_EndlessRunner 0.532
[2016.06.04-17.58.07:891][542]LogBlueprintUserMessages: Late PlayInEditor Detection: Level '/Game/Levels/EndlessRunner.EndlessRunner:PersistentLevel' has LevelScriptBlueprint '/Game/Levels/EndlessRunner.EndlessRunner:PersistentLevel.EndlessRunner' with GeneratedClass '/Game/Levels/EndlessRunner.EndlessRunner_C' with ClassGeneratedBy '/Game/Levels/EndlessRunner.EndlessRunner:PersistentLevel.EndlessRunner'
[2016.06.04-17.58.15:005][381]LogBlueprintUserMessages: Early EndPlayMap Detection: Level '/Game/Levels/EndlessRunner.EndlessRunner:PersistentLevel' has LevelScriptBlueprint '/Game/Levels/EndlessRunner.EndlessRunner:PersistentLevel.EndlessRunner' with GeneratedClass '/Game/Levels/EndlessRunner.EndlessRunner_C' with ClassGeneratedBy '/Game/Levels/EndlessRunner.EndlessRunner:PersistentLevel.EndlessRunner'
[2016.06.04-17.58.15:051][381]LogBlueprintUserMessages: Late EndPlayMap Detection: Level '/Game/Levels/EndlessRunner.EndlessRunner:PersistentLevel' has LevelScriptBlueprint '/Game/Levels/EndlessRunner.EndlessRunner:PersistentLevel.EndlessRunner' with GeneratedClass '/Game/Levels/EndlessRunner.EndlessRunner_C' with ClassGeneratedBy '/Game/Levels/EndlessRunner.EndlessRunner:PersistentLevel.EndlessRunner'
[2016.06.04-17.58.17:294][642]LogBlueprintUserMessages: Early PlayInEditor Detection: Level '/Game/Levels/EndlessRunner.EndlessRunner:PersistentLevel' has LevelScriptBlueprint '/Game/Levels/EndlessRunner.EndlessRunner:PersistentLevel.EndlessRunner' with GeneratedClass '/Game/Levels/EndlessRunner.EndlessRunner_C' with ClassGeneratedBy '/Game/Levels/EndlessRunner.EndlessRunner:PersistentLevel.EndlessRunner'
[2016.06.04-17.58.17:294][642]LogPlayLevel: PlayLevel: No blueprints needed recompiling
[2016.06.04-17.58.17:294][642]PIE: New page: PIE session: EndlessRunner (Jun 4, 2016, 8:58:17 AM)
[2016.06.04-17.58.17:294][642]LogPlayLevel: Creating play world package: /Game/Levels/UEDPIE_0_EndlessRunner
[2016.06.04-17.58.17:296][642]LogPlayLevel: PIE: StaticDuplicateObject took: (0.001684s)
[2016.06.04-17.58.17:296][642]LogAIModule: Creating AISystem for world EndlessRunner
[2016.06.04-17.58.17:296][642]LogPlayLevel: PIE: World Init took: (0.000550s)
[2016.06.04-17.58.17:296][642]LogPlayLevel: PIE: Created PIE world by copying editor world from /Game/Levels/EndlessRunner.EndlessRunner to /Game/Levels/UEDPIE_0_EndlessRunner.EndlessRunner (0.002357s)
[2016.06.04-17.58.17:311][642]LogInit: XAudio2 using 'SAMSUNG-8 (NVIDIA High Definition Audio)' : 2 channels at 48 kHz using 16 bits per sample (channel mask 0x3)
[2016.06.04-17.58.17:314][642]LogInit: FAudioDevice initialized.
[2016.06.04-17.58.17:350][642]LogWorld: Game class is 'EndlessRunnerGameMode_C'
[2016.06.04-17.58.17:352][642]LogWorld: Bringing World /Game/Levels/UEDPIE_0_EndlessRunner.EndlessRunner up for play (max tick rate 0) at 2016.06.04-13.58.17
[2016.06.04-17.58.17:352][642]LogWorld: Bringing up level for play took: 0.000897
[2016.06.04-17.58.17:352][642]LogSpawn:Warning: SpawnActor failed because no class was specified
[2016.06.04-17.58.17:375][642]PIE: Info Play in editor start time for /Game/Levels/UEDPIE_0_EndlessRunner 0.017
[2016.06.04-17.58.17:375][642]LogBlueprintUserMessages: Late PlayInEditor Detection: Level '/Game/Levels/EndlessRunner.EndlessRunner:PersistentLevel' has LevelScriptBlueprint '/Game/Levels/EndlessRunner.EndlessRunner:PersistentLevel.EndlessRunner' with GeneratedClass '/Game/Levels/EndlessRunner.EndlessRunner_C' with ClassGeneratedBy '/Game/Levels/EndlessRunner.EndlessRunner:PersistentLevel.EndlessRunner'
[2016.06.04-17.59.03:849][197]LogBlueprintUserMessages: Early EndPlayMap Detection: Level '/Game/Levels/EndlessRunner.EndlessRunner:PersistentLevel' has LevelScriptBlueprint '/Game/Levels/EndlessRunner.EndlessRunner:PersistentLevel.EndlessRunner' with GeneratedClass '/Game/Levels/EndlessRunner.EndlessRunner_C' with ClassGeneratedBy '/Game/Levels/EndlessRunner.EndlessRunner:PersistentLevel.EndlessRunner'
[2016.06.04-17.59.03:892][197]LogBlueprintUserMessages: Late EndPlayMap Detection: Level '/Game/Levels/EndlessRunner.EndlessRunner:PersistentLevel' has LevelScriptBlueprint '/Game/Levels/EndlessRunner.EndlessRunner:PersistentLevel.EndlessRunner' with GeneratedClass '/Game/Levels/EndlessRunner.EndlessRunner_C' with ClassGeneratedBy '/Game/Levels/EndlessRunner.EndlessRunner:PersistentLevel.EndlessRunner'
[2016.06.04-17.59.09:390][840]LogSavePackage: Save=48.72ms
[2016.06.04-17.59.09:390][840]LogSavePackage: Moving '../../../../../../Documents/Developer/Repositories/Bouturon/Saved/EndlessRunnerGameMode8C2FF58E49A156F6176A008C147FC071.tmp' to '../../../../../../Documents/Developer/Repositories/Bouturon/Content/Blueprints/GameModes/EndlessRunnerGameMode.uasset'
[2016.06.04-17.59.09:391][840]LogSavePackage: Total save time: 55.32ms
[2016.06.04-17.59.09:391][840]LogSavePackage:Display: Finished SavePackage ../../../../../../Documents/Developer/Repositories/Bouturon/Content/Blueprints/GameModes/EndlessRunnerGameMode.uasset
[2016.06.04-17.59.09:407][840]Cmd: OBJ SAVEPACKAGE PACKAGE="/Game/Blueprints/Characters/RunCharacter" FILE="../../../../../../Documents/Developer/Repositories/Bouturon/Content/Blueprints/Characters/RunCharacter.uasset" SILENT=true
[2016.06.04-17.59.09:519][840]LogSavePackage: Save=106.50ms
[2016.06.04-17.59.09:519][840]LogSavePackage: Moving '../../../../../../Documents/Developer/Repositories/Bouturon/Saved/RunCharacter787555D54C7E99953FEE47B9F3A2840F.tmp' to '../../../../../../Documents/Developer/Repositories/Bouturon/Content/Blueprints/Characters/RunCharacter.uasset'
[2016.06.04-17.59.09:520][840]LogSavePackage: Total save time: 113.17ms
[2016.06.04-17.59.09:520][840]LogSavePackage:Display: Finished SavePackage ../../../../../../Documents/Developer/Repositories/Bouturon/Content/Blueprints/Characters/RunCharacter.uasset
[2016.06.04-17.59.09:526][840]Cmd: OBJ SAVEPACKAGE PACKAGE="/Game/Blueprints/UMG/EndllessRunnerHUD" FILE="../../../../../../Documents/Developer/Repositories/Bouturon/Content/Blueprints/UMG/EndllessRunnerHUD.uasset" SILENT=true
[2016.06.04-17.59.09:544][840]LogSavePackage: Save=12.51ms
[2016.06.04-17.59.09:544][840]LogSavePackage: Moving '../../../../../../Documents/Developer/Repositories/Bouturon/Saved/EndllessRunnerHUD20BD261E42C959D21C22CC88DFFDDFEC.tmp' to '../../../../../../Documents/Developer/Repositories/Bouturon/Content/Blueprints/UMG/EndllessRunnerHUD.uasset'
[2016.06.04-17.59.09:545][840]LogSavePackage: Total save time: 18.56ms
[2016.06.04-17.59.09:545][840]LogSavePackage:Display: Finished SavePackage ../../../../../../Documents/Developer/Repositories/Bouturon/Content/Blueprints/UMG/EndllessRunnerHUD.uasset
[2016.06.04-17.59.10:799][989]LogActorComponent: UnregisterComponent: (/Engine/Transient.CharMoveComp) Not registered. Aborting.
[2016.06.04-17.59.10:930][989]LogActorComponent: UnregisterComponent: (/Engine/Transient.EditorFloorComp) Not registered. Aborting.
[2016.06.04-17.59.11:058][990]Cmd: QUIT_EDITOR
[2016.06.04-17.59.11:406][990]LogWindowsTextInputMethodSystem:Display: IME system now deactivated.
[2016.06.04-17.59.11:407][990]LogWindowsTextInputMethodSystem:Display: IME system now deactivated.
[2016.06.04-17.59.11:436][990]LogExit: Preparing to exit.
[2016.06.04-17.59.11:799][990]LogExit: Editor shut down
[2016.06.04-17.59.11:799][990]LogExit: Transaction tracking system shut down
[2016.06.04-17.59.11:907][990]LogObj: Freed 0b from 0 cluster array pools.
[2016.06.04-17.59.11:907][990]LogExit: Object subsystem successfully closed.
[2016.06.04-17.59.11:915][990]LogD3D11RHI: Shutdown
[2016.06.04-17.59.11:915][990]LogD3D11RHI: CleanupD3DDevice
[2016.06.04-17.59.11:974][990]LogD3D11RHI: ~FD3D11DynamicRHI
[2016.06.04-17.59.12:073][990]LogDerivedDataCache: Shutdown
[2016.06.04-17.59.12:073][990]LogModuleManager: Shutting down and abandoning module SequencerWidgets (207)
[2016.06.04-17.59.12:073][990]LogModuleManager: Shutting down and abandoning module BlueprintGraph (206)
[2016.06.04-17.59.12:073][990]LogModuleManager: Shutting down and abandoning module StatsViewer (205)
[2016.06.04-17.59.12:073][990]LogModuleManager: Shutting down and abandoning module MovieSceneCapture (204)
[2016.06.04-17.59.12:073][990]LogModuleManager: Shutting down and abandoning module HierarchicalLODOutliner (203)
[2016.06.04-17.59.12:073][990]LogModuleManager: Shutting down and abandoning module CrashTracker (202)
[2016.06.04-17.59.12:073][990]LogModuleManager: Shutting down and abandoning module SceneOutliner (201)
[2016.06.04-17.59.12:073][990]LogModuleManager: Shutting down and abandoning module SuperSearch (200)
[2016.06.04-17.59.12:073][990]LogModuleManager: Shutting down and abandoning module WidgetCarousel (199)
[2016.06.04-17.59.12:073][990]LogModuleManager: Shutting down and abandoning module AddContentDialog (198)
[2016.06.04-17.59.12:074][990]LogModuleManager: Shutting down and abandoning module GameplayTags (197)
[2016.06.04-17.59.12:074][990]LogModuleManager: Shutting down and abandoning module EditorWidgets (196)
[2016.06.04-17.59.12:074][990]LogModuleManager: Shutting down and abandoning module CollectionManager (195)
[2016.06.04-17.59.12:074][990]LogModuleManager: Shutting down and abandoning module FoliageEdit (194)
[2016.06.04-17.59.12:074][990]LogModuleManager: Shutting down and abandoning module LandscapeEditor (193)
[2016.06.04-17.59.12:074][990]LogModuleManager: Shutting down and abandoning module ActorPickerMode (192)
[2016.06.04-17.59.12:074][990]LogModuleManager: Shutting down and abandoning module GeometryMode (191)
[2016.06.04-17.59.12:074][990]LogModuleManager: Shutting down and abandoning module TextureAlignMode (190)
[2016.06.04-17.59.12:074][990]LogModuleManager: Shutting down and abandoning module BspMode (189)
[2016.06.04-17.59.12:074][990]LogModuleManager: Shutting down and abandoning module PlacementMode (188)
[2016.06.04-17.59.12:074][990]LogModuleManager: Shutting down and abandoning module AutomationWorker (187)
[2016.06.04-17.59.12:074][990]LogModuleManager: Shutting down and abandoning module CharacterAI (186)
[2016.06.04-17.59.12:074][990]LogModuleManager: Shutting down and abandoning module SmartSnapping (185)
[2016.06.04-17.59.12:074][990]LogModuleManager: Shutting down and abandoning module ViewportSnapping (184)
[2016.06.04-17.59.12:074][990]LogModuleManager: Shutting down and abandoning module LogVisualizer (183)
[2016.06.04-17.59.12:074][990]LogModuleManager: Shutting down and abandoning module GameProjectGeneration (182)
[2016.06.04-17.59.12:074][990]LogModuleManager: Shutting down and abandoning module IntroTutorials (181)
[2016.06.04-17.59.12:074][990]LogModuleManager: Shutting down and abandoning module EditorLiveStreaming (180)
[2016.06.04-17.59.12:074][990]LogModuleManager: Shutting down and abandoning module IOSPlatformEditor (179)
[2016.06.04-17.59.12:074][990]LogModuleManager: Shutting down and abandoning module HTML5PlatformEditor (178)
[2016.06.04-17.59.12:074][990]LogModuleManager: Shutting down and abandoning module AndroidDeviceDetection (177)
[2016.06.04-17.59.12:247][990]LogModuleManager: Shutting down and abandoning module AndroidPlatformEditor (176)
[2016.06.04-17.59.12:247][990]LogModuleManager: Shutting down and abandoning module IOSRuntimeSettings (175)
[2016.06.04-17.59.12:247][990]LogModuleManager: Shutting down and abandoning module AndroidRuntimeSettings (174)
[2016.06.04-17.59.12:247][990]LogModuleManager: Shutting down and abandoning module MergeActors (173)
[2016.06.04-17.59.12:247][990]LogModuleManager: Shutting down and abandoning module SizeMap (172)
[2016.06.04-17.59.12:247][990]LogModuleManager: Shutting down and abandoning module TreeMap (171)
[2016.06.04-17.59.12:247][990]LogModuleManager: Shutting down and abandoning module ReferenceViewer (170)
[2016.06.04-17.59.12:247][990]LogModuleManager: Shutting down and abandoning module LocalizationService (169)
[2016.06.04-17.59.12:247][990]LogModuleManager: Shutting down and abandoning module LocalizationDashboard (168)
[2016.06.04-17.59.12:247][990]LogModuleManager: Shutting down and abandoning module HardwareTargeting (167)
[2016.06.04-17.59.12:247][990]LogModuleManager: Shutting down and abandoning module DeviceProfileEditor (166)
[2016.06.04-17.59.12:247][990]LogModuleManager: Shutting down and abandoning module UndoHistory (165)
[2016.06.04-17.59.12:247][990]LogModuleManager: Shutting down and abandoning module UserFeedback (164)
[2016.06.04-17.59.12:247][990]LogModuleManager: Shutting down and abandoning module XmlParser (163)
[2016.06.04-17.59.12:247][990]LogModuleManager: Shutting down and abandoning module Blutility (162)
[2016.06.04-17.59.12:247][990]LogModuleManager: Shutting down and abandoning module ProjectTargetPlatformEditor (161)
[2016.06.04-17.59.12:247][990]LogModuleManager: Shutting down and abandoning module ProjectSettingsViewer (160)
[2016.06.04-17.59.12:247][990]LogModuleManager: Shutting down and abandoning module InputBindingEditor (159)
[2016.06.04-17.59.12:247][990]LogModuleManager: Shutting down and abandoning module EditorSettingsViewer (158)
[2016.06.04-17.59.12:247][990]LogModuleManager: Shutting down and abandoning module SettingsEditor (157)
[2016.06.04-17.59.12:247][990]LogModuleManager: Shutting down and abandoning module ProjectLauncher (156)
[2016.06.04-17.59.12:247][990]LogModuleManager: Shutting down and abandoning module SessionFrontend (155)
[2016.06.04-17.59.12:247][990]LogModuleManager: Shutting down and abandoning module ProfilerClient (154)
[2016.06.04-17.59.12:247][990]LogModuleManager: Shutting down and abandoning module TargetDeviceServices (153)
[2016.06.04-17.59.12:247][990]LogModuleManager: Shutting down and abandoning module DeviceManager (152)
[2016.06.04-17.59.12:279][990]LogModuleManager: Shutting down and abandoning module AutomationController (151)
[2016.06.04-17.59.12:279][990]LogModuleManager: Shutting down and abandoning module AutomationWindow (150)
[2016.06.04-17.59.12:279][990]LogModuleManager: Shutting down and abandoning module Layers (149)
[2016.06.04-17.59.12:279][990]LogModuleManager: Shutting down and abandoning module ComponentVisualizers (148)
[2016.06.04-17.59.12:279][990]LogModuleManager: Shutting down and abandoning module DetailCustomizations (147)
[2016.06.04-17.59.12:279][990]LogModuleManager: Shutting down and abandoning module PackagesDialog (146)
[2016.06.04-17.59.12:279][990]LogModuleManager: Shutting down and abandoning module Persona (145)
[2016.06.04-17.59.12:279][990]LogModuleManager: Shutting down and abandoning module Kismet (144)
[2016.06.04-17.59.12:279][990]LogModuleManager: Shutting down and abandoning module GraphEditor (143)
[2016.06.04-17.59.12:279][990]LogModuleManager: Shutting down and abandoning module ClassViewer (142)
[2016.06.04-17.59.12:279][990]LogModuleManager: Shutting down and abandoning module Toolbox (141)
[2016.06.04-17.59.12:279][990]LogModuleManager: Shutting down and abandoning module ModuleUI (140)
[2016.06.04-17.59.12:279][990]LogModuleManager: Shutting down and abandoning module MovieSceneTools (139)
[2016.06.04-17.59.12:279][990]LogModuleManager: Shutting down and abandoning module OutputLog (138)
[2016.06.04-17.59.12:279][990]LogModuleManager: Shutting down and abandoning module GammaUI (137)
[2016.06.04-17.59.12:279][990]LogModuleManager: Shutting down and abandoning module Documentation (136)
[2016.06.04-17.59.12:279][990]LogModuleManager: Shutting down and abandoning module StreamingPauseRendering (135)
[2016.06.04-17.59.12:279][990]LogModuleManager: Shutting down and abandoning module AnalyticsET (134)
[2016.06.04-17.59.12:280][990]LogModuleManager: Shutting down and abandoning module Analytics (133)
[2016.06.04-17.59.12:280][990]LogModuleManager: Shutting down and abandoning module PortalServices (132)
[2016.06.04-17.59.12:280][990]LogModuleManager: Shutting down and abandoning module PortalRpc (131)
[2016.06.04-17.59.12:280][990]LogModuleManager: Shutting down and abandoning module MessagingRpc (130)
[2016.06.04-17.59.12:280][990]LogModuleManager: Shutting down and abandoning module AITestSuite (129)
[2016.06.04-17.59.12:280][990]LogModuleManager: Shutting down and abandoning module GameplayDebugger (128)
[2016.06.04-17.59.12:280][990]LogModuleManager: Shutting down and abandoning module AIModule (127)
[2016.06.04-17.59.12:280][990]LogModuleManager: Shutting down and abandoning module ProfilerService (126)
[2016.06.04-17.59.12:303][990]LogModuleManager: Shutting down and abandoning module TaskGraph (125)
[2016.06.04-17.59.12:303][990]LogModuleManager: Shutting down and abandoning module SlateRemote (124)
[2016.06.04-17.59.12:303][990]LogModuleManager: Shutting down and abandoning module SteamVRController (123)
[2016.06.04-17.59.12:303][990]LogModuleManager: Shutting down and abandoning module SteamVR (122)
[2016.06.04-17.59.12:303][990]LogModuleManager: Shutting down and abandoning module ProceduralMeshComponent (121)
[2016.06.04-17.59.12:303][990]LogModuleManager: Shutting down and abandoning module OculusLibrary (120)
[2016.06.04-17.59.12:303][990]LogModuleManager: Shutting down and abandoning module OculusInput (119)
[2016.06.04-17.59.12:303][990]LogModuleManager: Shutting down and abandoning module CustomMeshComponent (118)
[2016.06.04-17.59.12:303][990]LogModuleManager: Shutting down and abandoning module CableComponent (117)
[2016.06.04-17.59.12:303][990]LogModuleManager: Shutting down and abandoning module ArchVisCharacter (116)
[2016.06.04-17.59.12:303][990]LogModuleManager: Shutting down and abandoning module MediaPlayerEditor (115)
[2016.06.04-17.59.12:303][990]LogModuleManager: Shutting down and abandoning module HTML5Networking (114)
[2016.06.04-17.59.12:303][990]LogModuleManager: Shutting down and abandoning module SpeedTreeImporter (113)
[2016.06.04-17.59.12:303][990]LogModuleManager: Shutting down and abandoning module PluginBrowser (112)
[2016.06.04-17.59.12:303][990]LogModuleManager: Shutting down and abandoning module EpicSurvey (111)
[2016.06.04-17.59.12:303][990]LogModuleManager: Shutting down and abandoning module DesktopPlatform (110)
[2016.06.04-17.59.12:303][990]LogModuleManager: Shutting down and abandoning module VisualStudioSourceCodeAccess (109)
[2016.06.04-17.59.12:303][990]LogModuleManager: Shutting down and abandoning module UObjectPlugin (108)
[2016.06.04-17.59.12:303][990]LogModuleManager: Shutting down and abandoning module SubversionSourceControl (107)
[2016.06.04-17.59.12:303][990]LogModuleManager: Shutting down and abandoning module PerforceSourceControl (106)
[2016.06.04-17.59.12:303][990]LogModuleManager: Shutting down and abandoning module SourceControl (105)
[2016.06.04-17.59.12:303][990]LogModuleManager: Shutting down and abandoning module GitSourceControl (104)
[2016.06.04-17.59.12:303][990]LogModuleManager: Shutting down and abandoning module LightPropagationVolumeEditor (103)
[2016.06.04-17.59.12:303][990]LogModuleManager: Shutting down and abandoning module PaperTiledImporter (102)
[2016.06.04-17.59.12:303][990]LogModuleManager: Shutting down and abandoning module PaperSpriteSheetImporter (101)
[2016.06.04-17.59.12:303][990]LogModuleManager: Shutting down and abandoning module MeshPaint (100)
[2016.06.04-17.59.12:303][990]LogModuleManager: Shutting down and abandoning module HotReload (99)
[2016.06.04-17.59.12:303][990]LogModuleManager: Shutting down and abandoning module MainFrame (98)
[2016.06.04-17.59.12:303][990]LogModuleManager: Shutting down and abandoning module LevelEditor (97)
[2016.06.04-17.59.12:304][990]LogModuleManager: Shutting down and abandoning module DirectoryWatcher (96)
[2016.06.04-17.59.12:304][990]LogModuleManager: Shutting down and abandoning module AssetRegistry (95)
[2016.06.04-17.59.12:425][990]LogModuleManager: Shutting down and abandoning module ContentBrowser (94)
[2016.06.04-17.59.12:425][990]LogModuleManager: Shutting down and abandoning module Paper2DEditor (93)
[2016.06.04-17.59.12:425][990]LogModuleManager: Shutting down and abandoning module UdpMessaging (92)
[2016.06.04-17.59.12:526][990]LogModuleManager: Shutting down and abandoning module LightPropagationVolumeRuntime (91)
[2016.06.04-17.59.12:526][990]LogModuleManager: Shutting down and abandoning module Paper2D (90)
[2016.06.04-17.59.12:526][990]LogModuleManager: Shutting down and abandoning module WindowsMoviePlayer (89)
[2016.06.04-17.59.12:526][990]LogModuleManager: Shutting down and abandoning module Media (88)
[2016.06.04-17.59.12:526][990]LogModuleManager: Shutting down and abandoning module WmfMedia (87)
[2016.06.04-17.59.12:526][990]LogModuleManager: Shutting down and abandoning module MediaAssets (86)
[2016.06.04-17.59.12:526][990]LogModuleManager: Shutting down and abandoning module GameLiveStreaming (85)
[2016.06.04-17.59.12:526][990]LogModuleManager: Shutting down and abandoning module GameplayTagsEditor (84)
[2016.06.04-17.59.12:526][990]LogModuleManager: Shutting down and abandoning module OnlineBlueprintSupport (83)
[2016.06.04-17.59.12:526][990]LogModuleManager: Shutting down and abandoning module GameplayTasksEditor (82)
[2016.06.04-17.59.12:526][990]LogModuleManager: Shutting down and abandoning module PropertyEditor (81)
[2016.06.04-17.59.12:526][990]LogModuleManager: Shutting down and abandoning module BehaviorTreeEditor (80)
[2016.06.04-17.59.12:526][990]LogModuleManager: Shutting down and abandoning module FunctionalTesting (79)
[2016.06.04-17.59.12:526][990]LogModuleManager: Shutting down and abandoning module CollisionAnalyzer (78)
[2016.06.04-17.59.12:526][990]LogModuleManager: Shutting down and abandoning module WorkspaceMenuStructure (77)
[2016.06.04-17.59.12:526][990]LogModuleManager: Shutting down and abandoning module MessageLog (76)
[2016.06.04-17.59.12:526][990]LogModuleManager: Shutting down and abandoning module Sequencer (75)
[2016.06.04-17.59.12:526][990]LogModuleManager: Shutting down and abandoning module AssetTools (74)
[2016.06.04-17.59.12:526][990]LogModuleManager: Shutting down and abandoning module UMGEditor (73)
[2016.06.04-17.59.12:526][990]LogModuleManager: Shutting down and abandoning module UMG (72)
[2016.06.04-17.59.12:526][990]LogModuleManager: Shutting down and abandoning module SlateReflector (71)
[2016.06.04-17.59.12:526][990]LogModuleManager: Shutting down and abandoning module Slate (70)
[2016.06.04-17.59.12:526][990]LogModuleManager: Shutting down and abandoning module EditorStyle (69)
[2016.06.04-17.59.12:527][990]LogModuleManager: Shutting down and abandoning module SessionServices (68)
[2016.06.04-17.59.12:527][990]LogModuleManager: Shutting down and abandoning module SourceCodeAccess (67)
[2016.06.04-17.59.12:527][990]LogModuleManager: Shutting down and abandoning module HeadMountedDisplay (66)
[2016.06.04-17.59.12:527][990]LogModuleManager: Shutting down and abandoning module XAudio2 (65)
[2016.06.04-17.59.12:527][990]LogModuleManager: Shutting down and abandoning module Networking (63)
[2016.06.04-17.59.12:527][990]LogModuleManager: Shutting down and abandoning module Core (62)
[2016.06.04-17.59.12:527][990]LogModuleManager: Shutting down and abandoning module KismetCompiler (61)
[2016.06.04-17.59.12:527][990]LogModuleManager: Shutting down and abandoning module PhysXFormats (60)
[2016.06.04-17.59.12:527][990]LogModuleManager: Shutting down and abandoning module MeshUtilities (59)
[2016.06.04-17.59.12:527][990]LogModuleManager: Shutting down and abandoning module CookingStats (58)
[2016.06.04-17.59.12:527][990]LogModuleManager: Shutting down and abandoning module DerivedDataCache (57)
[2016.06.04-17.59.12:527][990]LogDerivedDataCache: Shutdown
[2016.06.04-17.59.12:527][990]LogModuleManager: Shutting down and abandoning module ShaderFormatOpenGL (56)
[2016.06.04-17.59.12:527][990]LogModuleManager: Shutting down and abandoning module ShaderFormatD3D (55)
[2016.06.04-17.59.12:527][990]LogModuleManager: Shutting down and abandoning module MetalShaderFormat (54)
[2016.06.04-17.59.12:527][990]LogModuleManager: Shutting down and abandoning module TextureFormatUncompressed (53)
[2016.06.04-17.59.12:527][990]LogModuleManager: Shutting down and abandoning module TextureFormatPVR (52)
[2016.06.04-17.59.12:527][990]LogModuleManager: Shutting down and abandoning module TextureFormatIntelISPCTexComp (51)
[2016.06.04-17.59.12:527][990]LogModuleManager: Shutting down and abandoning module TextureFormatDXT (50)
[2016.06.04-17.59.12:527][990]LogModuleManager: Shutting down and abandoning module ImageWrapper (49)
[2016.06.04-17.59.12:527][990]LogModuleManager: Shutting down and abandoning module TextureFormatASTC (48)
[2016.06.04-17.59.12:527][990]LogModuleManager: Shutting down and abandoning module TextureFormatAndroid (47)
[2016.06.04-17.59.12:527][990]LogModuleManager: Shutting down and abandoning module AudioFormatOpus (46)
[2016.06.04-17.59.12:527][990]LogModuleManager: Shutting down and abandoning module AudioFormatOgg (45)
[2016.06.04-17.59.12:527][990]LogModuleManager: Shutting down and abandoning module AudioFormatADPCM (44)
[2016.06.04-17.59.12:527][990]LogModuleManager: Shutting down and abandoning module LinuxTargetPlatform (43)
[2016.06.04-17.59.12:527][990]LogModuleManager: Shutting down and abandoning module LinuxServerTargetPlatform (42)
[2016.06.04-17.59.12:527][990]LogModuleManager: Shutting down and abandoning module LinuxNoEditorTargetPlatform (41)
[2016.06.04-17.59.12:527][990]LogModuleManager: Shutting down and abandoning module TVOSTargetPlatform (40)
[2016.06.04-17.59.12:527][990]LogModuleManager: Shutting down and abandoning module Messaging (39)
[2016.06.04-17.59.12:527][990]LogModuleManager: Shutting down and abandoning module IOSTargetPlatform (38)
[2016.06.04-17.59.12:527][990]LogModuleManager: Shutting down and abandoning module HTML5TargetPlatform (37)
[2016.06.04-17.59.12:527][990]LogModuleManager: Shutting down and abandoning module Android_PVRTCTargetPlatform (36)
[2016.06.04-17.59.12:527][990]LogModuleManager: Shutting down and abandoning module Android_MultiTargetPlatform (35)
[2016.06.04-17.59.12:527][990]LogModuleManager: Shutting down and abandoning module Android_ETC2TargetPlatform (34)
[2016.06.04-17.59.12:527][990]LogModuleManager: Shutting down and abandoning module Android_ETC1TargetPlatform (33)
[2016.06.04-17.59.12:527][990]LogModuleManager: Shutting down and abandoning module Android_DXTTargetPlatform (32)
[2016.06.04-17.59.12:527][990]LogModuleManager: Shutting down and abandoning module Android_ATCTargetPlatform (31)
[2016.06.04-17.59.12:527][990]LogModuleManager: Shutting down and abandoning module Android_ASTCTargetPlatform (30)
[2016.06.04-17.59.12:527][990]LogModuleManager: Shutting down and abandoning module AndroidTargetPlatform (29)
[2016.06.04-17.59.12:527][990]LogModuleManager: Shutting down and abandoning module WindowsTargetPlatform (28)
[2016.06.04-17.59.12:527][990]LogModuleManager: Shutting down and abandoning module WindowsServerTargetPlatform (27)
[2016.06.04-17.59.12:527][990]LogModuleManager: Shutting down and abandoning module WindowsNoEditorTargetPlatform (26)
[2016.06.04-17.59.12:527][990]LogModuleManager: Shutting down and abandoning module WindowsClientTargetPlatform (25)
[2016.06.04-17.59.12:527][990]LogModuleManager: Shutting down and abandoning module AllDesktopTargetPlatform (24)
[2016.06.04-17.59.12:527][990]LogModuleManager: Shutting down and abandoning module TargetPlatform (23)
[2016.06.04-17.59.12:527][990]LogModuleManager: Shutting down and abandoning module InputCore (22)
[2016.06.04-17.59.12:527][990]LogModuleManager: Shutting down and abandoning module Settings (21)
[2016.06.04-17.59.12:527][990]LogModuleManager: Shutting down and abandoning module OnlineSubsystem (19)
[2016.06.04-17.59.12:527][990]LogModuleManager: Shutting down and abandoning module HTTP (18)
[2016.06.04-17.59.13:529][990]LogModuleManager: Shutting down and abandoning module XMPP (17)
[2016.06.04-17.59.13:529][990]LogModuleManager: Shutting down and abandoning module OculusRift (16)
[2016.06.04-17.59.13:529][990]LogModuleManager: Shutting down and abandoning module ExampleDeviceProfileSelector (15)
[2016.06.04-17.59.13:529][990]LogModuleManager: Shutting down and abandoning module TextureCompressor (14)
[2016.06.04-17.59.13:529][990]LogModuleManager: Shutting down and abandoning module ShaderCore (13)
[2016.06.04-17.59.13:529][990]LogModuleManager: Shutting down and abandoning module Landscape (12)
[2016.06.04-17.59.13:529][990]LogModuleManager: Shutting down and abandoning module SlateRHIRenderer (11)
[2016.06.04-17.59.13:532][990]LogModuleManager: Shutting down and abandoning module OpenGLDrv (10)
[2016.06.04-17.59.13:532][990]LogModuleManager: Shutting down and abandoning module D3D11RHI (9)
[2016.06.04-17.59.13:532][990]LogModuleManager: Shutting down and abandoning module AnimGraphRuntime (8)
[2016.06.04-17.59.13:532][990]LogModuleManager: Shutting down and abandoning module Renderer (7)
[2016.06.04-17.59.13:532][990]LogModuleManager: Shutting down and abandoning module Engine (6)
[2016.06.04-17.59.13:532][990]LogModuleManager: Shutting down and abandoning module CoreUObject (5)
[2016.06.04-17.59.13:532][990]LogModuleManager: Shutting down and abandoning module NetworkFile (4)
[2016.06.04-17.59.13:532][990]LogModuleManager: Shutting down and abandoning module StreamingFile (3)
[2016.06.04-17.59.13:532][990]LogModuleManager: Shutting down and abandoning module SandboxFile (2)
[2016.06.04-17.59.13:532][990]LogModuleManager: Shutting down and abandoning module PakFile (1)
[2016.06.04-17.59.13:533][990]LogExit: Exiting.
[2016.06.04-17.59.13:534][990]Log file closed, 06/04/16 13:59:13
