Log file open, 05/31/16 12:49:27
LogInit:Display: Running engine for game: Bouturon
LogPlatformFile: Not using cached read wrapper
LogInit:Display: RandInit(2115182799) SRandInit(2115182800).
LogTaskGraph: Started task graph with 4 named threads and 7 total threads.
LogStats: Stats thread started at 0.060103
LogInit: Version: 4.11.2-2946394+++UE4+Release-4.11
LogInit: API Version: 2927265
LogInit: Compiled (64-bit): Apr 18 2016 02:18:46
LogInit: Compiled with Visual C++: 19.00.23026.00
LogInit: Build Configuration: Development
LogInit: Branch Name: ++UE4+Release-4.11
LogInit: Command line:  /Temp/Autosaves/Game/ThirdPersonBP/Maps/UEDPCThirdPersonExampleMap -game -PIEVIACONSOLE -ResX=1280 -ResY=720  -Multiprocess -messaging -SessionName="Play in Standalone Game" -featureleveles2 -faketouches 
LogInit: Base directory: O:/Program Files/Epic Games/4.11/Engine/Binaries/Win64/
LogInit: Installed Engine Build: 1
LogInit: Using libcurl 7.41.0
LogInit:  - built for x86_64-pc-win32
LogInit:  - supports SSL with WinSSL
LogInit:  - other features:
LogInit:      CURL_VERSION_SSL
LogInit:      CURL_VERSION_IPV6
LogInit:      CURL_VERSION_ASYNCHDNS
LogInit:      CURL_VERSION_LARGEFILE
LogInit:      CURL_VERSION_IDN
LogInit:  CurlRequestOptions (configurable via config and command line):
LogInit:  - bVerifyPeer = true  - Libcurl will verify peer certificate
LogInit:  - bUseHttpProxy = false  - Libcurl will NOT use HTTP proxy
LogInit:  - bDontReuseConnections = false  - Libcurl will reuse connections
LogInit:  - CertBundlePath = nullptr  - Libcurl will use whatever was configured at build time.
LogInit: Presizing for max 16777216 objects, including 0 objects not considered by GC, pre-allocating 0 bytes for permanent pool.
LogInit: Object subsystem initialized
[2016.05.31-16.49.27:166][  0]LogInit: Selected Device Profile: [Windows]
[2016.05.31-16.49.27:166][  0]LogInit: Applying CVar settings loaded from the selected device profile: [Windows]
[2016.05.31-16.49.27:168][  0]LogInit: Computer: OZCAR
[2016.05.31-16.49.27:168][  0]LogInit: User: OscarRomero
[2016.05.31-16.49.27:168][  0]LogInit: CPU Page size=65536, Cores=4
[2016.05.31-16.49.27:168][  0]LogInit: High frequency timer resolution =3.421867 MHz
[2016.05.31-16.49.27:168][  0]LogMemory: Memory total: Physical=15.9GB (16GB approx)
[2016.05.31-16.49.27:168][  0]LogMemory: Platform Memory Stats for Windows
[2016.05.31-16.49.27:168][  0]LogMemory: Process Physical Memory: 312.14 MB used, 312.14 MB peak
[2016.05.31-16.49.27:168][  0]LogMemory: Process Virtual Memory: 315.73 MB used, 315.73 MB peak
[2016.05.31-16.49.27:168][  0]LogMemory: Physical Memory: 6125.39 MB used, 16299.50 MB total
[2016.05.31-16.49.27:168][  0]LogMemory: Virtual Memory: 652.55 MB used, 134217728.00 MB total
[2016.05.31-16.49.27:192][  0]LogTextLocalizationManager: No specific translations for ('en-US') exist, so ('en') translations will be used.
[2016.05.31-16.49.27:432][  0]LogD3D11RHI: D3D11 adapters:
[2016.05.31-16.49.27:449][  0]LogD3D11RHI:    0. 'NVIDIA GeForce GTX 980 Ti' (Feature Level 11_0)
[2016.05.31-16.49.27:449][  0]LogD3D11RHI:       6047MB of dedicated video memory, 0MB of dedicated system memory, and 8149MB of shared system memory, 1 output[s]
[2016.05.31-16.49.27:451][  0]LogD3D11RHI:    1. 'Microsoft Basic Render Driver' (Feature Level 11_0)
[2016.05.31-16.49.27:451][  0]LogD3D11RHI:       0MB of dedicated video memory, 0MB of dedicated system memory, and 8149MB of shared system memory, 0 output[s]
[2016.05.31-16.49.27:451][  0]LogD3D11RHI: Chosen D3D11 Adapter: 0
[2016.05.31-16.49.27:454][  0]LogD3D11RHI: Creating new Direct3DDevice
[2016.05.31-16.49.27:454][  0]LogD3D11RHI:     Adapter Name: NVIDIA GeForce GTX 980 Ti
[2016.05.31-16.49.27:454][  0]LogD3D11RHI:   Driver Version: Unknown (internal Unknown)
[2016.05.31-16.49.27:454][  0]LogD3D11RHI:      Driver Date: Unknown
[2016.05.31-16.49.27:454][  0]LogRHI: Texture pool is 1361 MB (70% of 1945 MB)
[2016.05.31-16.49.27:463][  0]LogD3D11RHI: Async texture creation enabled
[2016.05.31-16.49.27:471][  0]LogShaderCompilers: Guid format shader working directory is -38 characters bigger than the processId version (../../../../../../Documents/Developer/Unreal Engine Projects/Under Development/Bouturon/Intermediate/Shaders/WorkingDirectory/7532/).
[2016.05.31-16.49.27:471][  0]LogShaderCompilers: Cleaned the shader compiler working directory 'C:/Users/OSCARR~1/AppData/Local/Temp/UnrealShaderWorkingDir/142443854C59276CC5684588DE20ACED/'.
[2016.05.31-16.49.27:471][  0]LogShaderCompilers:Display: Using Local Shader Compiler.
[2016.05.31-16.49.28:078][  0]LogTemp:Display: Loaded TP AllDesktopTargetPlatform
[2016.05.31-16.49.28:080][  0]LogTemp:Display: Loaded TP WindowsClientTargetPlatform
[2016.05.31-16.49.28:082][  0]LogTemp:Display: Loaded TP WindowsNoEditorTargetPlatform
[2016.05.31-16.49.28:085][  0]LogTemp:Display: Loaded TP WindowsServerTargetPlatform
[2016.05.31-16.49.28:087][  0]LogTemp:Display: Loaded TP WindowsTargetPlatform
[2016.05.31-16.49.28:089][  0]LogTemp:Display: Loaded TP AndroidTargetPlatform
[2016.05.31-16.49.28:090][  0]LogTemp:Display: Loaded TP Android_ASTCTargetPlatform
[2016.05.31-16.49.28:092][  0]LogTemp:Display: Loaded TP Android_ATCTargetPlatform
[2016.05.31-16.49.28:094][  0]LogTemp:Display: Loaded TP Android_DXTTargetPlatform
[2016.05.31-16.49.28:096][  0]LogTemp:Display: Loaded TP Android_ETC1TargetPlatform
[2016.05.31-16.49.28:098][  0]LogTemp:Display: Loaded TP Android_ETC2TargetPlatform
[2016.05.31-16.49.28:102][  0]LogTemp:Display: Loaded TP Android_MultiTargetPlatform
[2016.05.31-16.49.28:102][  0]LogTemp:Display: Loaded TP Android_PVRTCTargetPlatform
[2016.05.31-16.49.28:103][  0]LogTemp:Display: Loaded TP HTML5TargetPlatform
[2016.05.31-16.49.28:117][  0]LogTemp:Display: Loaded TP IOSTargetPlatform
[2016.05.31-16.49.28:118][  0]LogTemp:Display: Loaded TP TVOSTargetPlatform
[2016.05.31-16.49.28:120][  0]LogTemp:Display: Loaded TP LinuxNoEditorTargetPlatform
[2016.05.31-16.49.28:122][  0]LogTemp:Display: Loaded TP LinuxServerTargetPlatform
[2016.05.31-16.49.28:124][  0]LogTemp:Display: Loaded TP LinuxTargetPlatform
[2016.05.31-16.49.28:124][  0]LogTargetPlatformManager:Display: Building Assets For Windows
[2016.05.31-16.49.28:156][  0]LogDerivedDataCache:Display: Max Cache Size: 512 MB
[2016.05.31-16.49.28:190][  0]LogDerivedDataCache: Loaded boot cache 0.03s 46MB C:/Users/Oscar Romero/AppData/Local/UnrealEngine/4.11/DerivedDataCache/Boot.ddc.
[2016.05.31-16.49.28:190][  0]LogDerivedDataCache:Display: Loaded Boot cache: C:/Users/Oscar Romero/AppData/Local/UnrealEngine/4.11/DerivedDataCache/Boot.ddc
[2016.05.31-16.49.28:190][  0]LogDerivedDataCache: FDerivedDataBackendGraph:  Pak pak cache file ../../../../../../Documents/Developer/Unreal Engine Projects/Under Development/Bouturon/DerivedDataCache/DDC.ddp not found, will not use a pak cache.
[2016.05.31-16.49.28:190][  0]LogDerivedDataCache: Unable to find inner node Pak for hierarchical cache Hierarchy.
[2016.05.31-16.49.28:190][  0]LogDerivedDataCache: FDerivedDataBackendGraph:  CompressedPak pak cache file ../../../../../../Documents/Developer/Unreal Engine Projects/Under Development/Bouturon/DerivedDataCache/Compressed.ddp not found, will not use a pak cache.
[2016.05.31-16.49.28:190][  0]LogDerivedDataCache: Unable to find inner node CompressedPak for hierarchical cache Hierarchy.
[2016.05.31-16.49.28:200][  0]LogDerivedDataCache:Display: Pak cache opened for reading ../../../Engine/DerivedDataCache/Compressed.ddp.
[2016.05.31-16.49.28:211][  0]LogDerivedDataCache: Using Local data cache path C:/Users/Oscar Romero/AppData/Local/UnrealEngine/Common/DerivedDataCache: Writable
[2016.05.31-16.49.28:320][  0]LogInit: Selected Device Profile: [Windows]
[2016.05.31-16.49.28:323][  0]LogMaterial: Uniform references updated for custom material expression Custom.
[2016.05.31-16.49.28:323][  0]LogContentStreaming: Texture pool size is 1000.00 MB
[2016.05.31-16.49.28:388][  0]LogMeshUtilities: No automatic mesh reduction module available
[2016.05.31-16.49.28:388][  0]LogMeshUtilities: No automati