Log file open, 06/02/16 16:49:13
LogInit:Display: Running engine for game: Bouturon
LogPlatformFile: Not using cached read wrapper
LogInit:Display: RandInit(-1601565670) SRandInit(-1601565669).
LogTaskGraph: Started task graph with 4 named threads and 7 total threads.
LogStats: Stats thread started at 0.059169
LogInit: Version: 4.11.2-2946394+++UE4+Release-4.11
LogInit: API Version: 2927265
LogInit: Compiled (64-bit): Apr 18 2016 02:18:46
LogInit: Compiled with Visual C++: 19.00.23026.00
LogInit: Build Configuration: Development
LogInit: Branch Name: ++UE4+Release-4.11
LogInit: Command line:  /Temp/Autosaves/Game/Levels/UEDPCEndlessRunner -game -PIEVIACONSOLE -ResX=1280 -ResY=720  -Multiprocess -messaging -SessionName="Play in Standalone Game" -featureleveles2 -faketouches 
LogInit: Base directory: O:/Program Files/Epic Games/4.11/Engine/Binaries/Win64/
LogInit: Installed Engine Build: 1
LogInit: Using libcurl 7.41.0
LogInit:  - built for x86_64-pc-win32
LogInit:  - supports SSL with WinSSL
LogInit:  - other features:
LogInit:      CURL_VERSION_SSL
LogInit:      CURL_VERSION_IPV6
LogInit:      CURL_VERSION_ASYNCHDNS
LogInit:      CURL_VERSION_LARGEFILE
LogInit:      CURL_VERSION_IDN
LogInit:  CurlRequestOptions (configurable via config and command line):
LogInit:  - bVerifyPeer = true  - Libcurl will verify peer certificate
LogInit:  - bUseHttpProxy = false  - Libcurl will NOT use HTTP proxy
LogInit:  - bDontReuseConnections = false  - Libcurl will reuse connections
LogInit:  - CertBundlePath = nullptr  - Libcurl will use whatever was configured at build time.
LogInit: Presizing for max 16777216 objects, including 0 objects not considered by GC, pre-allocating 0 bytes for permanent pool.
LogInit: Object subsystem initialized
[2016.06.02-20.49.13:797][  0]LogInit: Selected Device Profile: [Windows]
[2016.06.02-20.49.13:797][  0]LogInit: Applying CVar settings loaded from the selected device profile: [Windows]
[2016.06.02-20.49.13:798][  0]LogInit: Computer: OZCAR
[2016.06.02-20.49.13:798][  0]LogInit: User: OscarRomero
[2016.06.02-20.49.13:798][  0]LogInit: CPU Page size=65536, Cores=4
[2016.06.02-20.49.13:798][  0]LogInit: High frequency timer resolution =3.421867 MHz
[2016.06.02-20.49.13:798][  0]LogMemory: Memory total: Physical=15.9GB (16GB approx)
[2016.06.02-20.49.13:798][  0]LogMemory: Platform Memory Stats for Windows
[2016.06.02-20.49.13:798][  0]LogMemory: Process Physical Memory: 312.38 MB used, 312.38 MB peak
[2016.06.02-20.49.13:798][  0]LogMemory: Process Virtual Memory: 314.70 MB used, 314.70 MB peak
[2016.06.02-20.49.13:798][  0]LogMemory: Physical Memory: 6646.60 MB used, 16299.50 MB total
[2016.06.02-20.49.13:798][  0]LogMemory: Virtual Memory: 651.62 MB used, 134217728.00 MB total
[2016.06.02-20.49.13:822][  0]LogTextLocalizationManager: No specific translations for ('en-US') exist, so ('en') translations will be used.
[2016.06.02-20.49.14:063][  0]LogD3D11RHI: D3D11 adapters:
[2016.06.02-20.49.14:081][  0]LogD3D11RHI:    0. 'NVIDIA GeForce GTX 980 Ti' (Feature Level 11_0)
[2016.06.02-20.49.14:081][  0]LogD3D11RHI:       6047MB of dedicated video memory, 0MB of dedicated system memory, and 8149MB of shared system memory, 1 output[s]
[2016.06.02-20.49.14:082][  0]LogD3D11RHI:    1. 'Microsoft Basic Render Driver' (Feature Level 11_0)
[2016.06.02-20.49.14:082][  0]LogD3D11RHI:       0MB of dedicated video memory, 0MB of dedicated system memory, and 8149MB of shared system memory, 0 output[s]
[2016.06.02-20.49.14:082][  0]LogD3D11RHI: Chosen D3D11 Adapter: 0
[2016.06.02-20.49.14:085][  0]LogD3D11RHI: Creating new Direct3DDevice
[2016.06.02-20.49.14:085][  0]LogD3D11RHI:     Adapter Name: NVIDIA GeForce GTX 980 Ti
[2016.06.02-20.49.14:085][  0]LogD3D11RHI:   Driver Version: Unknown (internal Unknown)
[2016.06.02-20.49.14:085][  0]LogD3D11RHI:      Driver Date: Unknown
[2016.06.02-20.49.14:085][  0]LogRHI: Texture pool is 1361 MB (70% of 1945 MB)
[2016.06.02-20.49.14:095][  0]LogD3D11RHI: Async texture creation enabled
[2016.06.02-20.49.14:102][  0]LogShaderCompilers: Guid format shader working directory is -11 characters bigger than the processId version (../../../../../../Documents/Developer/Repositories/Bouturon/Intermediate/Shaders/WorkingDirectory/15064/).
[2016.06.02-20.49.14:103][  0]LogShaderCompilers: Cleaned the shader compiler working directory 'C:/Users/OSCARR~1/AppData/Local/Temp/UnrealShaderWorkingDir/DAF69C4D485D710CB06D558B3A1C9A0D/'.
[2016.06.02-20.49.14:103][  0]LogShaderCompilers:Display: Using Local Shader Compiler.
[2016.06.02-20.49.14:663][  0]LogTemp:Display: Loaded TP AllDesktopTargetPlatform
[2016.06.02-20.49.14:665][  0]LogTemp:Display: Loaded TP WindowsClientTargetPlatform
[2016.06.02-20.49.14:667][  0]LogTemp:Display: Loaded TP WindowsNoEditorTargetPlatform
[2016.06.02-20.49.14:669][  0]LogTemp:Display: Loaded TP WindowsServerTargetPlatform
[2016.06.02-20.49.14:671][  0]LogTemp:Display: Loaded TP WindowsTargetPlatform
[2016.06.02-20.49.14:673][  0]LogTemp:Display: Loaded TP AndroidTargetPlatform
[2016.06.02-20.49.14:675][  0]LogTemp:Display: Loaded TP Android_ASTCTargetPlatform
[2016.06.02-20.49.14:676][  0]LogTemp:Display: Loaded TP Android_ATCTargetPlatform
[2016.06.02-20.49.14:678][  0]LogTemp:Display: Loaded TP Android_DXTTargetPlatform
[2016.06.02-20.49.14:680][  0]LogTemp:Display: Loaded TP Android_ETC1TargetPlatform
[2016.06.02-20.49.14:682][  0]LogTemp:Display: Loaded TP Android_ETC2TargetPlatform
[2016.06.02-20.49.14:685][  0]LogTemp:Display: Loaded TP Android_MultiTargetPlatform
[2016.06.02-20.49.14:685][  0]LogTemp:Display: Loaded TP Android_PVRTCTargetPlatform
[2016.06.02-20.49.14:686][  0]LogTemp:Display: Loaded TP HTML5TargetPlatform
[2016.06.02-20.49.14:699][  0]LogTemp:Display: Loaded TP IOSTargetPlatform
[2016.06.02-20.49.14:701][  0]LogTemp:Display: Loaded TP TVOSTargetPlatform
[2016.06.02-20.49.14:703][  0]LogTemp:Display: Loaded TP LinuxNoEditorTargetPlatform
[2016.06.02-20.49.14:704][  0]LogTemp:Display: Loaded TP LinuxServerTargetPlatform
[2016.06.02-20.49.14:706][  0]LogTemp:Display: Loaded TP LinuxTargetPlatform
[2016.06.02-20.49.14:706][  0]LogTargetPlatformManager:Display: Building Assets For Windows
[2016.06.02-20.49.14:736][  0]LogDerivedDataCache:Display: Max Cache Size: 512 MB
[2016.06.02-20.49.14:766][  0]LogDerivedDataCache: Loaded boot cache 0.03s 46MB C:/Users/Oscar Romero/AppData/Local/UnrealEngine/4.11/DerivedDataCache/Boot.ddc.
[2016.06.02-20.49.14:766][  0]LogDerivedDataCache:Display: Loaded Boot cache: C:/Users/Oscar Romero/AppData/Local/UnrealEngine/4.11/DerivedDataCache/Boot.ddc
[2016.06.02-20.49.14:766][  0]LogDerivedDataCache: FDerivedDataBackendGraph:  Pak pak cache file ../../../../../../Documents/Developer/Repositories/Bouturon/DerivedDataCache/DDC.ddp not found, will not use a pak cache.
[2016.06.02-20.49.14:766][  0]LogDerivedDataCache: Unable to find inner node Pak for hierarchical cache Hierarchy.
[2016.06.02-20.49.14:766][  0]LogDerivedDataCache: FDerivedDataBackendGraph:  CompressedPak pak cache file ../../../../../../Documents/Developer/Repositories/Bouturon/DerivedDataCache/Compressed.ddp not found, will not use a pak cache.
[2016.06.02-20.49.14:766][  0]LogDerivedDataCache: Unable to find inner node CompressedPak for hierarchical cache Hierarchy.
[2016.06.02-20.49.14:775][  0]LogDerivedDataCache:Display: Pak cache opened for reading ../../../Engine/DerivedDataCache/Compressed.ddp.
[2016.06.02-20.49.14:786][  0]LogDerivedDataCache: Using Local data cache path C:/Users/Oscar Romero/AppData/Local/UnrealEngine/Common/DerivedDataCache: Writable
[2016.06.02-20.49.14:887][  0]LogInit: Selected Device Profile: [Windows]
[2016.06.02-20.49.14:890][  0]LogMaterial: Uniform references updated for custom material expression Custom.
[2016.06.02-20.49.14:890][  0]LogContentStreaming: Texture pool size is 1000.00 MB
[2016.06.02-20.49.14:951][  0]LogMeshUtilities: No automatic mesh reduction module available
[2016.06.02-20.49.14:951][  0]LogMeshUtilities: No automatic mesh merging module available
[2016.06.02-20.49.14:951][  0]LogMeshUtilities: No distributed automatic mesh merging module available
[2016.06.02-20.49.15:081][  0]LogInit: WinSock: version 1.1 (2.2), MaxSocks=32767, MaxUdp=65467
[2016.06.02-20.49.15:108][  0]LogSlate: SlateFontCache - WITH_FREETYPE: 1, WITH_HARFBUZZ: 1
[2016.06.02-20.49.15:108][  0]LogSlate: SlateFontCache - WITH_FREETYPE: 1, WITH_HARFBUZZ: 1
[2016.06.02-20.49.15:196][  0]LogWindowsMoviePlayer: Unable to load movie: ../../../../../../Documents/Developer/Repositories/Bouturon/Content/Movies/Default_Startup.mp4
[2016.06.02-20.49.15:244][  0]LogUdpMessaging: Initializing bridge on interface 0.0.0.0:0 to multicast group 230.0.0.1:6666.
[2016.06.02-20.49.15:302][  0]SourceControl: Info Source control is disabled
[2016.06.02-20.49.15:302][  0]SourceControl: Info Source control is disabled
[2016.06.02-20.49.15:305][  0]SourceControl: Info Source control is disabled
[2016.06.02-20.49.15:336][  0]LogHMD: Failed to initialize OpenVR with code 110
[2016.06.02-20.49.15:345][  0]LogUObjectArray: 29224 objects as part of root set at end of initial load.
[2016.06.02-20.49.15:345][  0]LogUObjectAllocator: 6081368 out of 0 bytes used by permanent object pool.
[2016.06.02-20.49.15:345][  0]LogUObjectArray: CloseDisregardForGC: 0/0 objects in disregard for GC pool
[2016.06.02-20.49.15:381][  0]LogEngine: Initializing Engine...
[2016.06.02-20.49.15:398][  0]LogMaterial: Missing cached shader map for material LevelColorationLitMaterial, compiling. Is special engine material.
[2016.06.02-20.49.15:550][  0]LogMaterial: Missing cached shader map for material LevelColorationUnlitMaterial, compiling. Is special engine material.
[2016.06.02-20.49.15:564][  0]LogMaterial: Missing cached shader map for material MAT_LevelColorationLitLightmapUV, compiling. Is special engine material.
[2016.06.02-20.49.15:677][  0]LogMaterial: Missing cached shader map for material ShadedLevelColorationLitMaterial, compiling. Is special engine material.
[2016.06.02-20.49.15:790][  0]LogMaterial: Missing cached shader map for material ShadedLevelColorationUnlitMateri, compiling. Is special engine material.
[2016.06.02-20.49.15:803][  0]LogMaterial: Missing cached shader map for material VertexColorMaterial, compiling. 
[2016.06.02-20.49.15:825][  0]LogMaterial: Missing cached shader map for material VertexColorViewMode_ColorOnly, compiling. 
[2016.06.02-20.49.15:828][  0]LogMaterial: Missing cached shader map for material VertexColorViewMode_AlphaAsColor, compiling. 
[2016.06.02-20.49.15:832][  0]LogMaterial: Missing cached shader map for material VertexColorViewMode_RedOnly, compiling. 
[2016.06.02-20.49.15:836][  0]LogMaterial: Missing cached shader map for material VertexColorViewMode_GreenOnly, compiling. 
[2016.06.02-20.49.15:840][  0]LogMaterial: Missing cached shader map for material VertexColorViewMode_BlueOnly, compiling. 
[2016.06.02-20.49.15:844][  0]LogMaterial: Missing cached shader map for material RemoveSurfaceMaterial, compiling. 
[2016.06.02-20.49.15:847][  0]LogMaterial: Missing cached shader map for material DebugMeshMaterial, compiling. 
[2016.06.02-20.49.15:851][  0]LogMaterial: Missing cached shader map for material M_InvalidLightmapSettings, compiling. 
[2016.06.02-20.49.15:864][  0]LogMaterial: Missing cached shader map for material GizmoMaterial, compiling. 
[2016.06.02-20.49.15:875][  0]LogInit: XAudio2 using 'SAMSUNG-8 (NVIDIA High Definition Audio)' : 2 channels at 48 kHz using 16 bits per sample (channel mask 0x3)
[2016.06.02-20.49.15:880][  0]LogInit: FAudioDevice initialized.
[2016.06.02-20.49.15:883][  0]LogInit: Texture streaming: Enabled
[2016.06.02-20.49.15:884][  0]LogMaterial: Missing cached shader map for material BaseColor, compiling. 
[2016.06.02-20.49.15:887][  0]LogMaterial: Missing cached shader map for material CustomDepth, compiling. 
[2016.06.02-20.49.15:892][  0]LogMaterial: Missing cached shader map for material CustomStencil, compiling. 
[2016.06.02-20.49.15:895][  0]LogMaterial: Missing cached shader map for material FinalImage, compiling. 
[2016.06.02-20.49.15:898][  0]LogMaterial: Missing cached shader map for material LightingModel, compiling. 
[2016.06.02-20.49.15:901][  0]LogMaterial: Missing cached shader map for material MaterialAO, compiling. 
[2016.06.02-20.49.15:903][  0]LogMaterial: Missing cached shader map for material Metallic, compiling. 
[2016.06.02-20.49.15:906][  0]LogMaterial: Missing cached shader map for material Opacity, compiling. 
[2016.06.02-20.49.15:909][  0]LogMaterial: Missing cached shader map for material Roughness, compiling. 
[2016.06.02-20.49.15:912][  0]LogMaterial: Missing cached shader map for material SceneColor, compiling. 
[2016.06.02-20.49.15:914][  0]LogMaterial: Missing cached shader map for material SceneDepth, compiling. 
[2016.06.02-20.49.15:917][  0]LogMaterial: Missing cached shader map for material SeparateTranslucencyRGB, compiling. 
[2016.06.02-20.49.15:919][  0]LogMaterial: Missing cached shader map for material SeparateTranslucencyA, compiling. 
[2016.06.02-20.49.15:922][  0]LogMaterial: Missing cached shader map for material Specular, compiling. 
[2016.06.02-20.49.15:925][  0]LogMaterial: Missing cached shader map for material SubsurfaceColor, compiling. 
[2016.06.02-20.49.15:928][  0]LogMaterial: Missing cached shader map for material WorldNormal, compiling. 
[2016.06.02-20.49.15:930][  0]LogMaterial: Missing cached shader map for material AmbientOcclusion, compiling. 
[2016.06.02-20.49.15:934][  0]LogMaterial: Missing cached shader map for material CustomDepthWorldUnits, compiling. 
[2016.06.02-20.49.15:936][  0]LogMaterial: Missing cached shader map for material SceneDepthWorldUnits, compiling. 
[2016.06.02-20.49.15:939][  0]LogMaterial: Missing cached shader map for material HDRColor, compiling. 
[2016.06.02-20.49.15:950][  0]LogNet: Browse: /Temp/Autosaves/Game/Levels/UEDPCEndlessRunner?Name=Player
[2016.06.02-20.49.15:950][  0]LogLoad: LoadMap: /Temp/Autosaves/Game/Levels/UEDPCEndlessRunner?Name=Player
[2016.06.02-20.49.15:959][  0]LogMemory: Platform Memory Stats for Windows
[2016.06.02-20.49.15:959][  0]LogMemory: Process Physical Memory: 927.62 MB used, 929.08 MB peak
[2016.06.02-20.49.15:959][  0]LogMemory: Process Virtual Memory: 945.39 MB used, 952.36 MB peak
[2016.06.02-20.49.15:959][  0]LogMemory: Physical Memory: 7283.75 MB used, 16299.50 MB total
[2016.06.02-20.49.15:959][  0]LogMemory: Virtual Memory: 1521.58 MB used, 134217728.00 MB total
[2016.06.02-20.49.15:959][  0]LogMemory: 
[2016.06.02-20.49.15:959][  0]Allocator Stats for TBB: (not implemented)
[2016.06.02-20.49.16:211][  0]LogMaterial: Missing cached shader map for material M_Sky_Panning_Clouds2, compiling. 
[2016.06.02-20.49.16:222][  0]LogMaterial: Missing cached shader map for material M_Ground_Grass, compiling. 
[2016.06.02-20.49.16:261][  0]LogMaterial: Missing cached shader map for material M_Metal_Gold, compiling. 
[2016.06.02-20.49.16:297][  0]LogMaterial: Missing cached shader map for material M_Rock, compiling. 
[2016.06.02-20.49.16:318][  0]LogMaterial: Missing cached shader map for material M_UE4Man_Body, compiling. 
[2016.06.02-20.49.16:344][  0]LogMaterial: Missing cached shader map for material M_UE4Man_Body, compiling. 
[2016.06.02-20.49.16:369][  0]LogMaterial: Missing cached shader map for material m_flare_01, compiling. 
[2016.06.02-20.49.16:372][  0]LogMaterial: Missing cached shader map for material M_radial_ramp, compiling. 
[2016.06.02-20.49.16:376][  0]LogMaterial: Missing cached shader map for material M_explosion_subUV, compiling. 
[2016.06.02-20.49.16:380][  0]LogMaterial: Missing cached shader map for material M_smoke_subUV, compiling. 
[2016.06.02-20.49.16:405][  0]LogMaterial: Missing cached shader map for material M_Burst, compiling. 
[2016.06.02-20.49.16:411][  0]LogMaterial: Missing cached shader map for material RampMaterial, compiling. 
[2016.06.02-20.49.16:439][  0]LogMaterial: Missing cached shader map for material M_CobbleStone_Smooth, compiling. 
[2016.06.02-20.49.16:461][  0]LogMaterial: Missing cached shader map for material M_Brick_Cut_Stone, compiling. 
[2016.06.02-20.49.16:511][  0]LogAIModule: Creating AISystem for world EndlessRunner
[2016.06.02-20.49.16:512][  0]LogWorld: Game class is 'EndlessRunnerGameMode_C'
[2016.06.02-20.49.16:513][  0]LogWorld: Bringing World /Temp/Autosaves/Game/Levels/UEDPCEndlessRunner.EndlessRunner up for play (max tick rate 0) at 2016.06.02-16.49.16
[2016.06.02-20.49.16:513][  0]LogWorld: Bringing up level for play took: 0.001190
[2016.06.02-20.49.16:514][  0]LogSpawn:Warning: SpawnActor failed because no class was specified
[2016.06.02-20.49.16:531][  0]LogInit:Display: Game Engine Initialized.
[2016.06.02-20.49.16:737][  0]LogLoad: Full Startup: 3.28 seconds (BP compile: 0.09 seconds)
[2016.06.02-20.49.16:737][  0]LogExternalProfiler: Found external profiler: VSPerf
[2016.06.02-20.49.16:737][  0]LogExternalProfiler: Using external profiler: VSPerf
[2016.06.02-20.49.16:755][  0]LogWindowsTextInputMethodSystem:Display: IME system now deactivated.
[2016.06.02-20.49.16:755][  0]LogWindowsTextInputMethodSystem:Display: IME system now deactivated.
[2016.06.02-20.49.16:755][  0]LogOcInput: OculusInput pre-init called
[2016.06.02-20.49.16:790][  1]LogRenderer: Reallocating scene render targets to support 1280x720 (Frame:2).
[2016.06.02-20.49.49:858][  6]LogNet: Browse: /Temp/Autosaves/Game/Levels/UEDPCEndlessRunner?Name=Player?restart
[2016.06.02-20.49.49:858][  6]LogLoad: LoadMap: /Temp/Autosaves/Game/Levels/UEDPCEndlessRunner?Name=Player
[2016.06.02-20.49.49:899][  6]LogMemory: Platform Memory Stats for Windows
[2016.06.02-20.49.49:899][  6]LogMemory: Process Physical Memory: 1128.23 MB used, 1155.35 MB peak
[2016.06.02-20.49.49:899][  6]LogMemory: Process Virtual Memory: 1214.43 MB used, 1243.99 MB peak
[2016.06.02-20.49.49:899][  6]LogMemory: Physical Memory: 7486.14 MB used, 16299.50 MB total
[2016.06.02-20.49.49:899][  6]LogMemory: Virtual Memory: 1801.46 MB used, 134217728.00 MB total
[2016.06.02-20.49.49:899][  6]LogMemory: 
[2016.06.02-20.49.49:899][  6]Allocator Stats for TBB: (not implemented)
[2016.06.02-20.49.50:194][  6]LogAIModule: Creating AISystem for world EndlessRunner
[2016.06.02-20.49.50:194][  6]LogWorld: Game class is 'EndlessRunnerGameMode_C'
[2016.06.02-20.49.50:195][  6]LogWorld: Bringing World /Temp/Autosaves/Game/Levels/UEDPCEndlessRunner.EndlessRunner up for play (max tick rate 0) at 2016.06.02-16.49.50
[2016.06.02-20.49.50:195][  6]LogWorld: Bringing up level for play took: 0.000801
[2016.06.02-20.49.50:196][  6]LogSpawn:Warning: SpawnActor failed because no class was specified
[2016.06.02-20.49.52:941][168]LogWindowsTextInputMethodSystem:Display: IME system now deactivated.
[2016.06.02-20.49.52:941][168]LogWindowsTextInputMethodSystem:Display: IME system now deactivated.
[2016.06.02-20.49.52:944][168]LogEngine: All Windows Closed
[2016.06.02-20.49.52:944][168]LogWindows: FPlatformMisc::RequestExit(0)
[2016.06.02-20.49.53:403][169]LogExit: Preparing to exit.
[2016.06.02-20.49.54:377][169]LogExit: Game engine shut down
[2016.06.02-20.49.54:443][169]LogObj: Freed 0b from 0 cluster array pools.
[2016.06.02-20.49.54:443][169]LogExit: Object subsystem successfully closed.
[2016.06.02-20.49.54:452][169]LogD3D11RHI: Shutdown
[2016.06.02-20.49.54:452][169]LogD3D11RHI: CleanupD3DDevice
[2016.06.02-20.49.54:474][169]LogD3D11RHI: ~FD3D11DynamicRHI
[2016.06.02-20.49.54:816][169]LogDerivedDataCache: Shutdown
[2016.06.02-20.49.54:817][169]LogModuleManager: Shutting down and abandoning module AndroidDeviceDetection (124)
[2016.06.02-20.49.55:768][169]LogModuleManager: Shutting down and abandoning module AutomationController (123)
[2016.06.02-20.49.55:768][169]LogModuleManager: Shutting down and abandoning module AutomationWorker (122)
[2016.06.02-20.49.55:768][169]LogModuleManager: Shutting down and abandoning module CharacterAI (121)
[2016.06.02-20.49.55:768][169]LogModuleManager: Shutting down and abandoning module AITestSuite (120)
[2016.06.02-20.49.55:768][169]LogModuleManager: Shutting down and abandoning module GameplayDebugger (119)
[2016.06.02-20.49.55:768][169]LogModuleManager: Shutting down and abandoning module AIModule (118)
[2016.06.02-20.