Log file open, 06/02/16 16:45:29
LogInit:Display: Running engine for game: Bouturon
LogPlatformFile: Not using cached read wrapper
LogInit:Display: RandInit(1926980163) SRandInit(1926980163).
LogTaskGraph: Started task graph with 4 named threads and 7 total threads.
LogStats: Stats thread started at 0.058172
LogInit: Version: 4.11.2-2946394+++UE4+Release-4.11
LogInit: API Version: 2927265
LogInit: Compiled (64-bit): Apr 18 2016 02:18:46
LogInit: Compiled with Visual C++: 19.00.23026.00
LogInit: Build Configuration: Development
LogInit: Branch Name: ++UE4+Release-4.11
LogInit: Command line:  /Temp/Autosaves/Game/Levels/UEDPCEndlessRunner -game -PIEVIACONSOLE -ResX=1280 -ResY=720  -Multiprocess -messaging -SessionName="Play in Standalone Game" -featureleveles2 -faketouches 
LogInit: Base directory: O:/Program Files/Epic Games/4.11/Engine/Binaries/Win64/
LogInit: Installed Engine Build: 1
LogInit: Using libcurl 7.41.0
LogInit:  - built for x86_64-pc-win32
LogInit:  - supports SSL with WinSSL
LogInit:  - other features:
LogInit:      CURL_VERSION_SSL
LogInit:      CURL_VERSION_IPV6
LogInit:      CURL_VERSION_ASYNCHDNS
LogInit:      CURL_VERSION_LARGEFILE
LogInit:      CURL_VERSION_IDN
LogInit:  CurlRequestOptions (configurable via config and command line):
LogInit:  - bVerifyPeer = true  - Libcurl will verify peer certificate
LogInit:  - bUseHttpProxy = false  - Libcurl will NOT use HTTP proxy
LogInit:  - bDontReuseConnections = false  - Libcurl will reuse connections
LogInit:  - CertBundlePath = nullptr  - Libcurl will use whatever was configured at build time.
LogInit: Presizing for max 16777216 objects, including 0 objects not considered by GC, pre-allocating 0 bytes for permanent pool.
LogInit: Object subsystem initialized
[2016.06.02-20.45.29:809][  0]LogInit: Selected Device Profile: [Windows]
[2016.06.02-20.45.29:809][  0]LogInit: Applying CVar settings loaded from the selected device profile: [Windows]
[2016.06.02-20.45.29:810][  0]LogInit: Computer: OZCAR
[2016.06.02-20.45.29:810][  0]LogInit: User: OscarRomero
[2016.06.02-20.45.29:810][  0]LogInit: CPU Page size=65536, Cores=4
[2016.06.02-20.45.29:810][  0]LogInit: High frequency timer resolution =3.421867 MHz
[2016.06.02-20.45.29:810][  0]LogMemory: Memory total: Physical=15.9GB (16GB approx)
[2016.06.02-20.45.29:810][  0]LogMemory: Platform Memory Stats for Windows
[2016.06.02-20.45.29:810][  0]LogMemory: Process Physical Memory: 312.43 MB used, 312.43 MB peak
[2016.06.02-20.45.29:810][  0]LogMemory: Process Virtual Memory: 314.81 MB used, 314.81 MB peak
[2016.06.02-20.45.29:810][  0]LogMemory: Physical Memory: 6603.51 MB used, 16299.50 MB total
[2016.06.02-20.45.29:810][  0]LogMemory: Virtual Memory: 651.62 MB used, 134217728.00 MB total
[2016.06.02-20.45.29:834][  0]LogTextLocalizationManager: No specific translations for ('en-US') exist, so ('en') translations will be used.
[2016.06.02-20.45.30:070][  0]LogD3D11RHI: D3D11 adapters:
[2016.06.02-20.45.30:085][  0]LogD3D11RHI:    0. 'NVIDIA GeForce GTX 980 Ti' (Feature Level 11_0)
[2016.06.02-20.45.30:085][  0]LogD3D11RHI:       6047MB of dedicated video memory, 0MB of dedicated system memory, and 8149MB of shared system memory, 1 output[s]
[2016.06.02-20.45.30:086][  0]LogD3D11RHI:    1. 'Microsoft Basic Render Driver' (Feature Level 11_0)
[2016.06.02-20.45.30:086][  0]LogD3D11RHI:       0MB of dedicated video memory, 0MB of dedicated system memory, and 8149MB of shared system memory, 0 output[s]
[2016.06.02-20.45.30:086][  0]LogD3D11RHI: Chosen D3D11 Adapter: 0
[2016.06.02-20.45.30:089][  0]LogD3D11RHI: Creating new Direct3DDevice
[2016.06.02-20.45.30:089][  0]LogD3D11RHI:     Adapter Name: NVIDIA GeForce GTX 980 Ti
[2016.06.02-20.45.30:089][  0]LogD3D11RHI:   Driver Version: Unknown (internal Unknown)
[2016.06.02-20.45.30:089][  0]LogD3D11RHI:      Driver Date: Unknown
[2016.06.02-20.45.30:089][  0]LogRHI: Texture pool is 1361 MB (70% of 1945 MB)
[2016.06.02-20.45.30:098][  0]LogD3D11RHI: Async texture creation enabled
[2016.06.02-20.45.30:111][  0]LogShaderCompilers: Guid format shader working directory is -10 characters bigger than the processId version (../../../../../../Documents/Developer/Repositories/Bouturon/Intermediate/Shaders/WorkingDirectory/9728/).
[2016.06.02-20.45.30:111][  0]LogShaderCompilers: Cleaned the shader compiler working directory 'C:/Users/OSCARR~1/AppData/Local/Temp/UnrealShaderWorkingDir/11D99B5B4791E000E1BCCB951ECBB9E4/'.
[2016.06.02-20.45.30:111][  0]LogShaderCompilers:Display: Using Local Shader Compiler.
[2016.06.02-20.45.30:677][  0]LogTemp:Display: Loaded TP AllDesktopTargetPlatform
[2016.06.02-20.45.30:679][  0]LogTemp:Display: Loaded TP WindowsClientTargetPlatform
[2016.06.02-20.45.30:681][  0]LogTemp:Display: Loaded TP WindowsNoEditorTargetPlatform
[2016.06.02-20.45.30:683][  0]LogTemp:Display: Loaded TP WindowsServerTargetPlatform
[2016.06.02-20.45.30:686][  0]LogTemp:Display: Loaded TP WindowsTargetPlatform
[2016.06.02-20.45.30:687][  0]LogTemp:Display: Loaded TP AndroidTargetPlatform
[2016.06.02-20.45.30:689][  0]LogTemp:Display: Loaded TP Android_ASTCTargetPlatform
[2016.06.02-20.45.30:691][  0]LogTemp:Display: Loaded TP Android_ATCTargetPlatform
[2016.06.02-20.45.30:693][  0]LogTemp:Display: Loaded TP Android_DXTTargetPlatform
[2016.06.02-20.45.30:695][  0]LogTemp:Display: Loaded TP Android_ETC1TargetPlatform
[2016.06.02-20.45.30:696][  0]LogTemp:Display: Loaded TP Android_ETC2TargetPlatform
[2016.06.02-20.45.30:700][  0]LogTemp:Display: Loaded TP Android_MultiTargetPlatform
[2016.06.02-20.45.30:700][  0]LogTemp:Display: Loaded TP Android_PVRTCTargetPlatform
[2016.06.02-20.45.30:700][  0]LogTemp:Display: Loaded TP HTML5TargetPlatform
[2016.06.02-20.45.30:714][  0]LogTemp:Display: Loaded TP IOSTargetPlatform
[2016.06.02-20.45.30:715][  0]LogTemp:Display: Loaded TP TVOSTargetPlatform
[2016.06.02-20.45.30:717][  0]LogTemp:Display: Loaded TP LinuxNoEditorTargetPlatform
[2016.06.02-20.45.30:719][  0]LogTemp:Display: Loaded TP LinuxServerTargetPlatform
[2016.06.02-20.45.30:721][  0]LogTemp:Display: Loaded TP LinuxTargetPlatform
[2016.06.02-20.45.30:721][  0]LogTargetPlatformManager:Display: Building Assets For Windows
[2016.06.02-20.45.30:750][  0]LogDerivedDataCache:Display: Max Cache Size: 512 MB
[2016.06.02-20.45.30:781][  0]LogDerivedDataCache: Loaded boot cache 0.03s 46MB C:/Users/Oscar Romero/AppData/Local/UnrealEngine/4.11/DerivedDataCache/Boot.ddc.
[2016.06.02-20.45.30:781][  0]LogDerivedDataCache:Display: Loaded Boot cache: C:/Users/Oscar Romero/AppData/Local/UnrealEngine/4.11/DerivedDataCache/Boot.ddc
[2016.06.02-20.45.30:781][  0]LogDerivedDataCache: FDerivedDataBackendGraph:  Pak pak cache file ../../../../../../Documents/Developer/Repositories/Bouturon/DerivedDataCache/DDC.ddp not found, will not use a pak cache.
[2016.06.02-20.45.30:781][  0]LogDerivedDataCache: Unable to find inner node Pak for hierarchical cache Hierarchy.
[2016.06.02-20.45.30:781][  0]LogDerivedDataCache: FDerivedDataBackendGraph:  CompressedPak pak cache file ../../../../../../Documents/Developer/Repositories/Bouturon/DerivedDataCache/Compressed.ddp not found, will not use a pak cache.
[2016.06.02-20.45.30:781][  0]LogDerivedDataCache: Unable to find inner node CompressedPak for hierarchical cache Hierarchy.
[2016.06.02-20.45.30:790][  0]LogDerivedDataCache:Display: Pak cache opened for reading ../../../Engine/DerivedDataCache/Compressed.ddp.
[2016.06.02-20.45.30:802][  0]LogDerivedDataCache: Using Local data cache path C:/Users/Oscar Romero/AppData/Local/UnrealEngine/Common/DerivedDataCache: Writable
[2016.06.02-20.45.30:907][  0]LogInit: Selected Device Profile: [Windows]
[2016.06.02-20.45.30:910][  0]LogMaterial: Uniform references updated for custom material expression Custom.
[2016.06.02-20.45.30:910][  0]LogContentStreaming: Texture pool size is 1000.00 MB
[2016.06.02-20.45.31:017][  0]LogMeshUtilities: No automatic mesh reduction module available
[2016.06.02-20.45.31:017][  0]LogMeshUtilities: No automatic mesh merging module available
[2016.06.02-20.45.31:017][  0]LogMeshUtilities: No distributed automatic mesh merging module available
[2016.06.02-20.45.31:184][  0]LogInit: WinSock: version 1.1 (2.2), MaxSocks=32767, MaxUdp=65467
[2016.06.02-20.45.31:211][  0]LogSlate: SlateFontCache - WITH_FREETYPE: 1, WITH_HARFBUZZ: 1
[2016.06.02-20.45.31:211][  0]LogSlate: SlateFontCache - WITH_FREETYPE: 1, WITH_HARFBUZZ: 1
[2016.06.02-20.45.31:294][  0]LogWindowsMoviePlayer: Unable to load movie: ../../../../../../Documents/Developer/Repositories/Bouturon/Content/Movies/Default_Startup.mp4
[2016.06.02-20.45.31:347][  0]LogUdpMessaging: Initializing bridge on interface 0.0.0.0:0 to multicast group 230.0.0.1:6666.
[2016.06.02-20.45.31:405][  0]SourceControl: Info Source control is disabled
[2016.06.02-20.45.31:405][  0]SourceControl: Info Source control is disabled
[2016.06.02-20.45.31:408][  0]SourceControl: Info Source control is disabled
[2016.06.02-20.45.31:439][  0]LogHMD: Failed to initialize OpenVR with code 110
[2016.06.02-20.45.31:448][  0]LogUObjectArray: 29224 objects as part of root set at end of initial load.
[2016.06.02-20.45.31:448][  0]LogUObjectAllocator: 6081368 out of 0 bytes used by permanent object pool.
[2016.06.02-20.45.31:448][  0]LogUObjectArray: CloseDisregardForGC: 0/0 objects in disregard for GC pool
[2016.06.02-20.45.31:490][  0]LogEngine: Initializing Engine...
[2016.06.02-20.45.31:511][  0]LogMaterial: Missing cached shader map for material LevelColorationLitMaterial, compiling. Is special engine material.
[2016.06.02-20.45.31:679][  0]LogMaterial: Missing cached shader map for material LevelColorationUnlitMaterial, compiling. Is special engine material.
[2016.06.02-20.45.31:693][  0]LogMaterial: Missing cached shader map for material MAT_LevelColorationLitLightmapUV, compiling. Is special engine material.
[2016.06.02-20.45.31:808][  0]LogMaterial: Missing cached shader map for material ShadedLevelColorationLitMaterial, compiling. Is special engine material.
[2016.06.02-20.45.31:929][  0]LogMaterial: Missing cached shader map for material ShadedLevelColorationUnlitMateri, compiling. Is special engine material.
[2016.06.02-20.45.31:943][  0]LogMaterial: Missing cached shader map for material VertexColorMaterial, compiling. 
[2016.06.02-20.45.31:967][  0]LogMaterial: Missing cached shader map for material VertexColorViewMode_ColorOnly, compiling. 
[2016.06.02-20.45.31:977][  0]LogMaterial: Missing cached shader map for material VertexColorViewMode_AlphaAsColor, compiling. 
[2016.06.02-20.45.31:981][  0]LogMaterial: Missing cached shader map for material VertexColorViewMode_RedOnly, compiling. 
[2016.06.02-20.45.31:985][  0]LogMaterial: Missing cached shader map for material VertexColorViewMode_GreenOnly, compiling. 
[2016.06.02-20.45.31:989][  0]LogMaterial: Missing cached shader map for material VertexColorViewMode_BlueOnly, compiling. 
[2016.06.02-20.45.31:992][  0]LogMaterial: Missing cached shader map for material RemoveSurfaceMaterial, compiling. 
[2016.06.02-20.45.31:995][  0]LogMaterial: Missing cached shader map for material DebugMeshMaterial, compiling. 
[2016.06.02-20.45.32:006][  0]LogMaterial: Missing cached shader map for material M_InvalidLightmapSettings, compiling. 
[2016.06.02-20.45.32:020][  0]LogMaterial: Missing cached shader map for material GizmoMaterial, compiling. 
[2016.06.02-20.45.32:034][  0]LogInit: XAudio2 using 'SAMSUNG-8 (NVIDIA High Definition Audio)' : 2 channels at 48 kHz using 16 bits per sample (channel mask 0x3)
[2016.06.02-20.45.32:039][  0]LogInit: FAudioDevice initialized.
[2016.06.02-20.45.32:042][  0]LogInit: Texture streaming: Enabled
[2016.06.02-20.45.32:043][  0]LogMaterial: Missing cached shader map for material BaseColor, compiling. 
[2016.06.02-20.45.32:046][  0]LogMaterial: Missing cached shader map for material CustomDepth, compiling. 
[2016.06.02-20.45.32:051][  0]LogMaterial: Missing cached shader map for material CustomStencil, compiling. 
[2016.06.02-20.45.32:054][  0]LogMaterial: Missing cached shader map for material FinalImage, compiling. 
[2016.06.02-20.45.32:057][  0]LogMaterial: Missing cached shader map for material LightingModel, compiling. 
[2016.06.02-20.45.32:059][  0]LogMaterial: Missing cached shader map for material MaterialAO, compiling. 
[2016.06.02-20.45.32:062][  0]LogMaterial: Missing cached shader map for material Metallic, compiling. 
[2016.06.02-20.45.32:065][  0]LogMaterial: Missing cached shader map for material Opacity, compiling. 
[2016.06.02-20.45.32:068][  0]LogMaterial: Missing cached shader map for material Roughness, compiling. 
[2016.06.02-20.45.32:070][  0]LogMaterial: Missing cached shader map for material SceneColor, compiling. 
[2016.06.02-20.45.32:073][  0]LogMaterial: Missing cached shader map for material SceneDepth, compiling. 
[2016.06.02-20.45.32:076][  0]LogMaterial: Missing cached shader map for material SeparateTranslucencyRGB, compiling. 
[2016.06.02-20.45.32:078][  0]LogMaterial: Missing cached shader map for material SeparateTranslucencyA, compiling. 
[2016.06.02-20.45.32:081][  0]LogMaterial: Missing cached shader map for material Specular, compiling. 
[2016.06.02-20.45.32:084][  0]LogMaterial: Missing cached shader map for material SubsurfaceColor, compiling. 
[2016.06.02-20.45.32:086][  0]LogMaterial: Missing cached shader map for material WorldNormal, compiling. 
[2016.06.02-20.45.32:089][  0]LogMaterial: Missing cached shader map for material AmbientOcclusion, compiling. 
[2016.06.02-20.45.32:093][  0]LogMaterial: Missing cached shader map for material CustomDepthWorldUnits, compiling. 
[2016.06.02-20.45.32:095][  0]LogMaterial: Missing cached shader map for material SceneDepthWorldUnits, compiling. 
[2016.06.02-20.45.32:098][  0]LogMaterial: Missing cached shader map for material HDRColor, compiling. 
[2016.06.02-20.45.32:108][  0]LogNet: Browse: /Temp/Autosaves/Game/Levels/UEDPCEndlessRunner?Name=Player
[2016.06.02-20.45.32:108][  0]LogLoad: LoadMap: /Temp/Autosaves/Game/Levels/UEDPCEndlessRunner?Name=Player
[2016.06.02-20.45.32:117][  0]LogMemory: Platform Memory Stats for Windows
[2016.06.02-20.45.32:117][  0]LogMemory: Process Physical Memory: 928.30 MB used, 928.89 MB peak
[2016.06.02-20.45.32:117][  0]LogMemory: Process Virtual Memory: 945.86 MB used, 952.86 MB peak
[2016.06.02-20.45.32:117][  0]LogMemory: Physical Memory: 7216.42 MB used, 16299.50 MB total
[2016.06.02-20.45.32:117][  0]LogMemory: Virtual Memory: 1521.83 MB used, 134217728.00 MB total
[2016.06.02-20.45.32:117][  0]LogMemory: 
[2016.06.02-20.45.32:117][  0]Allocator Stats for TBB: (not implemented)
[2016.06.02-20.45.32:370][  0]LogMaterial: Missing cached shader map for material RampMaterial, compiling. 
[2016.06.02-20.45.32:389][  0]LogMaterial: Missing cached shader map for material M_Rock, compiling. 
[2016.06.02-20.45.32:410][  0]LogMaterial: Missing cached shader map for material M_UE4Man_Body, compiling. 
[2016.06.02-20.45.32:436][  0]LogMaterial: Missing cached shader map for material M_UE4Man_Body, compiling. 
[2016.06.02-20.45.32:461][  0]LogMaterial: Missing cached shader map for material M_explosion_subUV, compiling. 
[2016.06.02-20.45.32:465][  0]LogMaterial: Missing cached shader map for material M_smoke_subUV, compiling. 
[2016.06.02-20.45.32:488][  0]LogMaterial: Missing cached shader map for material M_Burst, compiling. 
[2016.06.02-20.45.32:492][  0]LogMaterial: Missing cached shader map for material m_flare_01, compiling. 
[2016.06.02-20.45.32:496][  0]LogMaterial: Missing cached shader map for material M_radial_ramp, compiling. 
[2016.06.02-20.45.32:502][  0]LogMaterial: Missing cached shader map for material M_CobbleStone_Smooth, compiling. 
[2016.06.02-20.45.32:524][  0]LogMaterial: Missing cached shader map for material M_Brick_Cut_Stone, compiling. 
[2016.06.02-20.45.32:558][  0]LogMaterial: Missing cached shader map for material M_Sky_Panning_Clouds2, compiling. 
[2016.06.02-20.45.32:571][  0]LogMaterial: Missing cached shader map for material M_Metal_Gold, compiling. 
[2016.06.02-20.45.32:614][  0]LogMaterial: Missing cached shader map for material M_Ground_Grass, compiling. 
[2016.06.02-20.45.32:663][  0]LogAIModule: Creating AISystem for world EndlessRunner
[2016.06.02-20.45.32:663][  0]LogWorld: Game class is 'EndlessRunnerGameMode_C'
[2016.06.02-20.45.32:664][  0]LogWorld: Bringing World /Temp/Autosaves/Game/Levels/UEDPCEndlessRunner.EndlessRunner up for play (max tick rate 0) at 2016.06.02-16.45.32
[2016.06.02-20.45.32:665][  0]LogWorld: Bringing up level for play took: 0.001126
[2016.06.02-20.45.32:665][  0]LogSpawn:Warning: SpawnActor failed because no class was specified
[2016.06.02-20.45.32:682][  0]LogInit:Display: Game Engine Initialized.
[2016.06.02-20.45.32:890][  0]LogLoad: Full Startup: 3.40 seconds (BP compile: 0.08 seconds)
[2016.06.02-20.45.32:890][  0]LogExternalProfiler: Found external profiler: VSPerf
[2016.06.02-20.45.32:890][  0]LogExternalProfiler: Using external profiler: VSPerf
[2016.06.02-20.45.32:907][  0]LogWindowsTextInputMethodSystem:Display: IME system now deactivated.
[2016.06.02-20.45.32:907][  0]LogWindowsTextInputMethodSystem:Display: IME system now deactivated.
[2016.06.02-20.45.32:907][  0]LogOcInput: OculusInput pre-init called
[2016.06.02-20.45.32:942][  1]LogRenderer: Reallocating scene render targets to support 1280x720 (Frame:2).
[2016.06.02-20.45.35:815][175]LogNet: Browse: /Temp/Autosaves/Game/Levels/UEDPCEndlessRunner?Name=Player?restart
[2016.06.02-20.45.35:815][175]LogLoad: LoadMap: /Temp/Autosaves/Game/Levels/UEDPCEndlessRunner?Name=Player
[2016.06.02-20.45.35:847][175]LogMemory: Platform Memory Stats for Windows
[2016.06.02-20.45.35:847][175]LogMemory: Process Physical Memory: 1125.29 MB used, 1131.61 MB peak
[2016.06.02-20.45.35:847][175]LogMemory: Process Virtual Memory: 1175.15 MB used, 1181.38 MB peak
[2016.06.02-20.45.35:847][175]LogMemory: Physical Memory: 7430.74 MB used, 16299.50 MB total
[2016.06.02-20.45.35:847][175]LogMemory: Virtual Memory: 1761.13 MB used, 134217728.00 MB total
[2016.06.02-20.45.35:847][175]LogMemory: 
[2016.06.02-20.45.35:847][175]Allocator Stats for TBB: (not implemented)
[2016.06.02-20.45.36:127][175]LogAIModule: Creating AISystem for world EndlessRunner
[2016.06.02-20.45.36:127][175]LogWorld: Game class is 'EndlessRunnerGameMode_C'
[2016.06.02-20.45.36:130][175]LogWorld: Bringing World /Temp/Autosaves/Game/Levels/UEDPCEndlessRunner.EndlessRunner up for play (max tick rate 0) at 2016.06.02-16.45.36
[2016.06.02-20.45.36:130][175]LogWorld: Bringing up level for play took: 0.001406
[2016.06.02-20.45.36:130][175]LogSpawn:Warning: SpawnActor failed because no class was specified
[2016.06.02-20.45.49:086][960]LogNet: Browse: /Temp/Autosaves/Game/Levels/UEDPCEndlessRunner?Name=Player?restart
[2016.06.02-20.45.49:086][960]LogLoad: LoadMap: /Temp/Autosaves/Game/Levels/UEDPCEndlessRunner?Name=Player
[2016.06.02-20.45.49:123][960]LogMemory: Platform Memory Stats for Windows
[2016.06.02-20.45.49:123][960]LogMemory: Process Physical Memory: 1137.96 MB used, 1168.20 MB peak
[2016.06.02-20.45.49:123][960]LogMemory: Process Virtual Memory: 1213.23 MB used, 1249.71 MB peak
[2016.06.02-20.45.49:123][960]LogMemory: Physical Memory: 7456.79 MB used, 16299.50 MB total
[2016.06.02-20.45.49:123][960]LogMemory: Virtual Memory: 1820.71 MB used, 134217728.00 MB total
[2016.06.02-20.45.49:123][960]LogMemory: 
[2016.06.02-20.45.49:123][960]Allocator Stats for TBB: (not implemented)
[2016.06.02-20.45.49:411][960]LogAIModule: Creating AISystem for world EndlessRunner
[2016.06.02-20.45.49:411][960]LogWorld: Game class is 'EndlessRunnerGameMode_C'
[2016.06.02-20.45.49:412][960]LogWorld: Bringing World /Temp/Autosaves/Game/Levels/UEDPCEndlessRunner.EndlessRunner up for play (max tick rate 0) at 2016.06.02-16.45.49
[2016.06.02-20.45.49:413][960]LogWorld: Bringing up level for play took: 0.000860
[2016.06.02-20.45.49:413][960]LogSpawn:Warning: SpawnActor failed because no class was specified
[2016.06.02-20.45.53:336][192]LogWindowsTextInputMethodSystem:Display: IME system now deactivated.
[2016.06.02-20.45.53:336][192]LogWindowsTextInputMethodSystem:Display: IME system now deactivated.
[2016.06.02-20.45.53:338][192]LogEngine: All Windows Closed
[2016.06.02-20.45.53:338][192]LogWindows: FPlatformMisc::RequestExit(0)
[2016.06.02-20.45.53:503][193]LogExit: Preparing to exit.
[2016.06.02-20.45.54:474][193]LogExit: Game engine shut down
[2016.06.02-20.45.54:539][193]LogObj: Freed 0b from 0 cluster array pools.
[2016.06.02-20.45.54:539][193]LogExit: Object subsystem successfully closed.
[2016.06.02-20.45.54:548][193]LogD3D11RHI: Shutdown
[2016.06.02-20.45.54:548][193]LogD3D11RHI: CleanupD3DDevice
[2016.06.02-20.45.54:575][193]LogD3D11RHI: ~FD3D11DynamicRHI
[2016.06.02-20.45.54:814][193]LogDerivedDataCache: Shutdown
[2016.06.02-20.45.54:814][193]LogModuleManager: Shutting down and abandoning module AndroidDeviceDetection (124)
[2016.06.02-20.45.54:904][193]LogModuleManager: Shutting down and abandoning module AutomationController (123)
[2016.06.02-20.45.54:904][193]LogModuleManager: Shutting down and abandoning module AutomationWorker (122)
[2016.06.02-20.45.54:904][193]LogModuleManager: Shutting down and abandoning module CharacterAI (121)
[2016.06.02-20.45.54:904][193]LogModuleManager: Shutting down and abandoning module AITestSuite (120)
[2016.06.02-20.45.54:904][193]LogModuleManager: Shutting down and abandoning module GameplayDebugger (119)
[2016.06.02-20.45.54:904][193]LogModuleManager: Shutting down and abandoning module AIModule (118)
[2016.06.02-20.45.54:904][193]LogModuleManager: Shutting down and abandoning module MovieSceneCapture (117)
[2016.06.02-20.45.54:904][193]LogModuleManager: Shutting down and abandoning module StreamingPauseRendering (116)
[2016.06.02-20.45.54:904][193]LogModuleManager: Shutting down and abandoning module PortalServices (115)
[2016.06.02-20.45.54:904][193]LogModuleManager: Shutting down and abandoning module PortalRpc (114)
[2016.06.02-20.45.54:904][193]LogModuleManager: Shutting down and abandoning module MessagingRpc (113)
[2016.06.02-20.45.54:904][193]LogModuleManager: Shutting down and abandoning module ProfilerService (112)
[2016.06.02-20.45.54:973][193]LogModuleManager: Shutting down and abandoning module TaskGraph (111)
[2016.06.02-20.45.54:973][193]LogModuleManager: Shutting down and abandoning module SlateRemote (110)
[2016.06.02-20.45.54:973][193]LogModuleManager: Shutting down and abandoning module SteamVRController (109)
[2016.06.02-20.45.54:973][193]LogModuleManager: Shutting down and abandoning module SteamVR (108)
[2016.06.02-20.45.54:973][193]LogModuleManager: Shutting down and abandoning module ProceduralMeshComponent (107)
[2016.06.02-20.45.54:973][193]LogModuleManager: Shutting down and abandoning module OculusLibrary (106)
[2016.06.02-20.45.54:973][193]LogModuleManager: Shutting down and abandoning module OculusInput (105)
[2016.06.02-20.45.54:973][193]LogModuleManager: Shutting down and abandoning module CustomMeshComponent (104)
[2016.06.02-20.45.54:973][193]LogModuleManager: Shutting down and abandoning module CableComponent (103)
[2016.06.02-20.45.54:973][193]LogModuleManager: Shutting down and abandoning module ArchVisCharacter (102)
[2016.06.02-20.45.54:973][193]LogModuleManager: Shutting down and abandoning module HTML5Networking (101)
[2016.06.02-20.45.54:973][193]LogModuleManager: Shutting down and abandoning module DesktopPlatform (100)
[2016.06.02-20.45.54:973][193]LogModuleManager: Shutting down and abandoning module DirectoryWatcher (99)
[2016.06.02-20.45.54:973][193]LogModuleManager: Shutting down and abandoning module HotReload (98)
[2016.06.02-20.45.54:973][193]LogModuleManager: Shutting down and abandoning module VisualStudioSourceCodeAccess (97)
[2016.06.02-20.45.54:973][193]LogModuleManager: Shutting down and abandoning module UObjectPlugin (96)
[2016.06.02-20.45.54:973][193]LogModuleManager: Shutting down and abandoning module SubversionSourceControl (95)
[2016.06.02-20.45.54:973][193]LogModuleManager: Shutting down and abandoning module SourceControl (94)
[2016.06.02-20.45.54:973][193]LogModuleManager: Shutting down and abandoning module PerforceSourceControl (93)
[2016.06.02-20.45.54:973][193]LogModuleManager: Shutting down and abandoning module UdpMessaging (92)
[2016.06.02-20.45.55:073][193]LogModuleManager: Shutting down and abandoning module LightPropagationVolumeRuntime (91)
[2016.06.02-20.45.55:073][193]LogModuleManager: Shutting down and abandoning module Paper2D (90)
[2016.06.02-20.45.55:073][193]LogModuleManager: Shutting down and abandoning module WindowsMoviePlayer (89)
[2016.06.02-20.45.55:073][193]LogModuleManager: Shutting down and abandoning module Media (88)
[2016.06.02-20.45.55:073][193]LogModuleManager: Shutting down and abandoning module WmfMedia (87)
[2016.06.02-20.45.55:073][193]LogModuleManager: Shutting down and abandoning module MediaAssets (86)
[2016.06.02-20.45.55:073][193]LogModuleManager: Shutting down and abandoning module GameLiveStreaming (85)
[2016.06.02-20.45.55:073][193]LogModuleManager: Shutting down and abandoning module GameplayTagsEditor (84)
[2016.06.02-20.45.55:073][193]LogModuleManager: Shutting down and abandoning module OnlineBlueprintSupport (83)
[2016.06.02-20.45.55:073][193]LogModuleManager: Shutting down and abandoning module GameplayTasksEditor (82)
[2016.06.02-20.45.55:073][193]LogModuleManager: Shutting down and abandoning module PropertyEditor (81)
[2016.06.02-20.45.55:073][193]LogModuleManager: Shutting down and abandoning module BehaviorTreeEditor (80)
[2016.06.02-20.45.55:073][193]LogModuleManager: Shutting down and abandoning module FunctionalTesting (79)
[2016.06.02-20.45.55:073][193]LogModuleManager: Shutting down and abandoning module CollisionAnalyzer (78)
[2016.06.02-20.45.55:073][193]LogModuleManager: Shutting down and abandoning module WorkspaceMenuStructure (77)
[2016.06.02-20.45.55:073][193]LogModuleManager: Shutting down and abandoning module MessageLog (76)
[2016.06.02-20.45.55:073][193]LogModuleManager: Shutting down and abandoning module Sequencer (75)
[2016.06.02-20.45.55:073][193]LogModuleManager: Shutting down and abandoning module AssetTools (74)
[2016.06.02-20.45.55:073][193]LogModuleManager: Shutting down and abandoning module UMGEditor (73)
[2016.06.02-20.45.55:073][193]LogModuleManager: Shutting down and abandoning module UMG (72)
[2016.06.02-20.45.55:073][193]LogModuleManager: Shutting down and abandoning module SlateReflector (71)
[2016.06.02-20.45.55:073][193]LogModuleManager: Shutting down and abandoning module Slate (70)
[2016.06.02-20.45.55:073][193]LogModuleManager: Shutting down and abandoning module EditorStyle (69)
[2016.06.02-20.45.55:074][193]LogModuleManager: Shutting down and abandoning module SessionServices (68)
[2016.06.02-20.45.55:074][193]LogModuleManager: Shutting down and abandoning module SourceCodeAccess (67)
[2016.06.02-20.45.55:074][193]LogModuleManager: Shutting down and abandoning module HeadMountedDisplay (66)
[2016.06.02-20.45.55:074][193]LogModuleManager: Shutting down and abandoning module XAudio2 (65)
[2016.06.02-20.45.55:074][193]LogModuleManager: Shutting down and abandoning module Networking (63)
[2016.06.02-20.45.55:074][193]LogModuleManager: Shutting down and abandoning module Core (62)
[2016.06.02-20.45.55:074][193]LogModuleManager: Shutting down and abandoning module KismetCompiler (61)
[2016.06.02-20.45.55:074][193]LogModuleManager: Shutting down and abandoning module PhysXFormats (60)
[2016.06.02-20.45.55:074][193]LogModuleManager: Shutting down and abandoning module MeshUtilities (59)
[2016.06.02-20.45.55:074][193]LogModuleManager: Shutting down and abandoning module CookingStats (58)
[2016.06.02-20.45.55:074][193]LogModuleManager: Shutting down and abandoning module DerivedDataCache (57)
[2016.06.02-20.45.55:074][193]LogDerivedDataCache: Shutdown
[2016.06.02-20.45.55:074][193]LogModuleManager: Shutting down and abandoning module ShaderFormatOpenGL (56)
[2016.06.02-20.45.55:074][193]LogModuleManager: Shutting down and abandoning module ShaderFormatD3D (55)
[2016.06.02-20.45.55:074][193]LogModuleManager: Shutting down and abandoning module MetalShaderFormat (54)
[2016.06.02-20.45.55:074][193]LogModuleManager: Shutting down and abandoning module TextureFormatUncompressed (53)
[2016.06.02-20.45.55:074][193]LogModuleManager: Shutting down and abandoning module TextureFormatPVR (52)
[2016.06.02-20.45.55:074][193]LogModuleManager: Shutting down and abandoning module TextureFormatIntelISPCTexComp (51)
[2016.06.02-20.45.55:075][193]LogModuleManager: Shutting down and abandoning module TextureFormatDXT (50)
[2016.06.02-20.45.55:075][193]LogModuleManager: Shutting down and abandoning module ImageWrapper (49)
[2016.06.02-20.45.55:075][193]LogModuleManager: Shutting down and abandoning module TextureFormatASTC (48)
[2016.06.02-20.45.55:075][193]LogModuleManager: Shutting down and abandoning module TextureFormatAndroid (47)
[2016.06.02-20.45.55:075][193]LogModuleManager: Shutting down and abandoning module AudioFormatOpus (46)
[2016.06.02-20.45.55:075][193]LogModuleManager: Shutting down and abandoning module AudioFormatOgg (45)
[2016.06.02-20.45.55:075][193]LogModuleManager: Shutting down and abandoning module AudioFormatADPCM (44)
[2016.06.02-20.45.55:075][193]LogModuleManager: Shutting down and abandoning module LinuxTargetPlatform (43)
[2016.06.02-20.45.55:075][193]LogModuleManager: Shutting down and abandoning module LinuxServerTargetPlatform (42)
[2016.06.02-20.45.55:075][193]LogModuleManager: Shutting down and abandoning module LinuxNoEditorTargetPlatform (41)
[2016.06.02-20.45.55:075][193]LogModuleManager: Shutting down and abandoning module TVOSTargetPlatform (40)
[2016.06.02-20.45.55:075][193]LogModuleManager: Shutting down and abandoning module Messaging (39)
[2016.06.02-20.45.55:075][193]LogModuleManager: Shutting down and abandoning module IOSTargetPlatform (38)
[2016.06.02-20.45.55:075][193]LogModuleManager: Shutting down and abandoning module HTML5TargetPlatform (37)
[2016.06.02-20.45.55:075][193]LogModuleManager: Shutting down and abandoning module Android_PVRTCTargetPlatform (36)
[2016.06.02-20.45.55:075][193]LogModuleManager: Shutting down and abandoning module Android_MultiTargetPlatform (35)
[2016.06.02-20.45.55:075][193]LogModuleManager: Shutting down and abandoning module Android_ETC2TargetPlatform (34)
[2016.06.02-20.45.55:075][193]LogModuleManager: Shutting down and abandoning module Android_ETC1TargetPlatform (33)
[2016.06.02-20.45.55:075][193]LogModuleManager: Shutting down and abandoning module Android_DXTTargetPlatform (32)
[2016.06.02-20.45.55:075][193]LogModuleManager: Shutting down and abandoning module Android_ATCTargetPlatform (31)
[2016.06.02-20.45.55:075][193]LogModuleManager: Shutting down and abandoning module Android_ASTCTargetPlatform (30)
[2016.06.02-20.45.55:075][193]LogModuleManager: Shutting down and abandoning module AndroidTargetPlatform (29)
[2016.06.02-20.45.55:075][193]LogModuleManager: Shutting down and abandoning module WindowsTargetPlatform (28)
[2016.06.02-20.45.55:075][193]LogModuleManager: Shutting down and abandoning module WindowsServerTargetPlatform (27)
[2016.06.02-20.45.55:075][193]LogModuleManager: Shutting down and abandoning module WindowsNoEditorTargetPlatform (26)
[2016.06.02-20.45.55:075][193]LogModuleManager: Shutting down and abandoning module WindowsClientTargetPlatform (25)
[2016.06.02-20.45.55:075][193]LogModuleManager: Shutting down and abandoning module AllDesktopTargetPlatform (24)
[2016.06.02-20.45.55:075][193]LogModuleManager: Shutting down and abandoning module TargetPlatform (23)
[2016.06.02-20.45.55:075][193]LogModuleManager: Shutting down and abandoning module InputCore (22)
[2016.06.02-20.45.55:075][193]LogModuleManager: Shutting down and abandoning module Settings (21)
[2016.06.02-20.45.55:075][193]LogModuleManager: Shutting down and abandoning module OnlineSubsystem (19)
[2016.06.02-20.45.55:075][193]LogModuleManager: Shutting down and abandoning module HTTP (18)
[2016.06.02-20.45.55:075][193]LogModuleManager: Shutting down and abandoning module XMPP (17)
[2016.06.02-20.45.55:075][193]LogModuleManager: Shutting down and abandoning module OculusRift (16)
[2016.06.02-20.45.55:075][193]LogModuleManager: Shutting down and abandoning module ExampleDeviceProfileSelector (15)
[2016.06.02-20.45.55:075][193]LogModuleManager: Shutting down and abandoning module TextureCompressor (14)
[2016.06.02-20.45.55:075][193]LogModuleManager: Shutting down and abandoning module ShaderCore (13)
[2016.06.02-20.45.55:075][193]LogModuleManager: Shutting down and abandoning module Landscape (12)
[2016.06.02-20.45.55:075][193]LogModuleManager: Shutting down and abandoning module SlateRHIRenderer (11)
[2016.06.02-20.45.55:075][193]LogModuleManager: Shutting down and abandoning module OpenGLDrv (10)
[2016.06.02-20.45.55:075][193]LogModuleManager: Shutting down and abandoning module D3D11RHI (9)
[2016.06.02-20.45.55:075][193]LogModuleManager: Shutting down and abandoning module AnimGraphRuntime (8)
[2016.06.02-20.45.55:075][193]LogModuleManager: Shutting down and abandoning module Renderer (7)
[2016.06.02-20.45.55:075][193]LogModuleManager: Shutting down and abandoning module Engine (6)
[2016.06.02-20.45.55:075][193]LogModuleManager: Shutting down and abandoning module CoreUObject (5)
[2016.06.02-20.45.55:075][193]LogModuleManager: Shutting down and abandoning module NetworkFile (4)
[2016.06.02-20.45.55:075][193]LogModuleManager: Shutting down and abandoning module StreamingFile (3)
[2016.06.02-20.45.55:075][193]LogModuleManager: Shutting down and abandoning module SandboxFile (2)
[2016.06.02-20.45.55:075][193]LogModuleManager: Shutting down and abandoning module PakFile (1)
[2016.06.02-20.45.55:076][193]LogExit: Exiting.
[2016.06.02-20.45.55:076][193]Log file closed, 06/02/16 16:45:55
