Log file open, 06/01/16 18:10:08
LogInit:Display: Running engine for game: Bouturon
LogPlatformFile: Not using cached read wrapper
LogInit:Display: RandInit(-1467689774) SRandInit(-1467689773).
LogTaskGraph: Started task graph with 4 named threads and 7 total threads.
LogStats: Stats thread started at 0.059637
LogInit: Version: 4.11.2-2946394+++UE4+Release-4.11
LogInit: API Version: 2927265
LogInit: Compiled (64-bit): Apr 18 2016 02:18:46
LogInit: Compiled with Visual C++: 19.00.23026.00
LogInit: Build Configuration: Development
LogInit: Branch Name: ++UE4+Release-4.11
LogInit: Command line:  
LogInit: Base directory: O:/Program Files/Epic Games/4.11/Engine/Binaries/Win64/
LogInit: Installed Engine Build: 1
LogInit: Using libcurl 7.41.0
LogInit:  - built for x86_64-pc-win32
LogInit:  - supports SSL with WinSSL
LogInit:  - other features:
LogInit:      CURL_VERSION_SSL
LogInit:      CURL_VERSION_IPV6
LogInit:      CURL_VERSION_ASYNCHDNS
LogInit:      CURL_VERSION_LARGEFILE
LogInit:      CURL_VERSION_IDN
LogInit:  CurlRequestOptions (configurable via config and command line):
LogInit:  - bVerifyPeer = true  - Libcurl will verify peer certificate
LogInit:  - bUseHttpProxy = false  - Libcurl will NOT use HTTP proxy
LogInit:  - bDontReuseConnections = false  - Libcurl will reuse connections
LogInit:  - CertBundlePath = nullptr  - Libcurl will use whatever was configured at build time.
LogInit: Presizing for max 16777216 objects, including 0 objects not considered by GC, pre-allocating 0 bytes for permanent pool.
LogInit: Object subsystem initialized
[2016.06.01-22.10.08:118][  0]LogInit: Selected Device Profile: [Windows]
[2016.06.01-22.10.08:118][  0]LogInit: Applying CVar settings loaded from the selected device profile: [Windows]
[2016.06.01-22.10.08:124][  0]LogInit: Computer: OZCAR
[2016.06.01-22.10.08:124][  0]LogInit: User: OscarRomero
[2016.06.01-22.10.08:124][  0]LogInit: CPU Page size=65536, Cores=4
[2016.06.01-22.10.08:124][  0]LogInit: High frequency timer resolution =3.421867 MHz
[2016.06.01-22.10.08:124][  0]LogMemory: Memory total: Physical=15.9GB (16GB approx)
[2016.06.01-22.10.08:124][  0]LogMemory: Platform Memory Stats for Windows
[2016.06.01-22.10.08:124][  0]LogMemory: Process Physical Memory: 312.69 MB used, 312.69 MB peak
[2016.06.01-22.10.08:124][  0]LogMemory: Process Virtual Memory: 314.75 MB used, 314.75 MB peak
[2016.06.01-22.10.08:124][  0]LogMemory: Physical Memory: 6203.35 MB used, 16299.50 MB total
[2016.06.01-22.10.08:124][  0]LogMemory: Virtual Memory: 651.62 MB used, 134217728.00 MB total
[2016.06.01-22.10.08:149][  0]LogTextLocalizationManager: No specific translations for ('en-US') exist, so ('en') translations will be used.
[2016.06.01-22.10.08:412][  0]LogD3D11RHI: D3D11 adapters:
[2016.06.01-22.10.08:432][  0]LogD3D11RHI:    0. 'NVIDIA GeForce GTX 980 Ti' (Feature Level 11_0)
[2016.06.01-22.10.08:432][  0]LogD3D11RHI:       6047MB of dedicated video memory, 0MB of dedicated system memory, and 8149MB of shared system memory, 1 output[s]
[2016.06.01-22.10.08:433][  0]LogD3D11RHI:    1. 'Microsoft Basic Render Driver' (Feature Level 11_0)
[2016.06.01-22.10.08:433][  0]LogD3D11RHI:       0MB of dedicated video memory, 0MB of dedicated system memory, and 8149MB of shared system memory, 0 output[s]
[2016.06.01-22.10.08:433][  0]LogD3D11RHI: Chosen D3D11 Adapter: 0
[2016.06.01-22.10.08:436][  0]LogD3D11RHI: Creating new Direct3DDevice
[2016.06.01-22.10.08:437][  0]LogD3D11RHI:     Adapter Name: NVIDIA GeForce GTX 980 Ti
[2016.06.01-22.10.08:437][  0]LogD3D11RHI:   Driver Version: Unknown (internal Unknown)
[2016.06.01-22.10.08:437][  0]LogD3D11RHI:      Driver Date: Unknown
[2016.06.01-22.10.08:437][  0]LogRHI: Texture pool is 1361 MB (70% of 1945 MB)
[2016.06.01-22.10.08:446][  0]LogD3D11RHI: Async texture creation enabled
[2016.06.01-22.10.08:455][  0]LogShaderCompilers: Guid format shader working directory is -11 characters bigger than the processId version (../../../../../../Documents/Developer/Repositories/Bouturon/Intermediate/Shaders/WorkingDirectory/10024/).
[2016.06.01-22.10.08:455][  0]LogShaderCompilers: Cleaned the shader compiler working directory 'C:/Users/OSCARR~1/AppData/Local/Temp/UnrealShaderWorkingDir/18F950F74E7850C7098EA583CBEFA324/'.
[2016.06.01-22.10.08:455][  0]LogShaderCompilers:Display: Using Local Shader Compiler.
[2016.06.01-22.10.09:087][  0]LogTemp:Display: Loaded TP AllDesktopTargetPlatform
[2016.06.01-22.10.09:089][  0]LogTemp:Display: Loaded TP WindowsClientTargetPlatform
[2016.06.01-22.10.09:091][  0]LogTemp:Display: Loaded TP WindowsNoEditorTargetPlatform
[2016.06.01-22.10.09:094][  0]LogTemp:Display: Loaded TP WindowsServerTargetPlatform
[2016.06.01-22.10.09:096][  0]LogTemp:Display: Loaded TP WindowsTargetPlatform
[2016.06.01-22.10.09:098][  0]LogTemp:Display: Loaded TP AndroidTargetPlatform
[2016.06.01-22.10.09:099][  0]LogTemp:Display: Loaded TP Android_ASTCTargetPlatform
[2016.06.01-22.10.09:101][  0]LogTemp:Display: Loaded TP Android_ATCTargetPlatform
[2016.06.01-22.10.09:103][  0]LogTemp:Display: Loaded TP Android_DXTTargetPlatform
[2016.06.01-22.10.09:105][  0]LogTemp:Display: Loaded TP Android_ETC1TargetPlatform
[2016.06.01-22.10.09:107][  0]LogTemp:Display: Loaded TP Android_ETC2TargetPlatform
[2016.06.01-22.10.09:110][  0]LogTemp:Display: Loaded TP Android_MultiTargetPlatform
[2016.06.01-22.10.09:110][  0]LogTemp:Display: Loaded TP Android_PVRTCTargetPlatform
[2016.06.01-22.10.09:111][  0]LogTemp:Display: Loaded TP HTML5TargetPlatform
[2016.06.01-22.10.09:125][  0]LogTemp:Display: Loaded TP IOSTargetPlatform
[2016.06.01-22.10.09:126][  0]LogTemp:Display: Loaded TP TVOSTargetPlatform
[2016.06.01-22.10.09:128][  0]LogTemp:Display: Loaded TP LinuxNoEditorTargetPlatform
[2016.06.01-22.10.09:130][  0]LogTemp:Display: Loaded TP LinuxServerTargetPlatform
[2016.06.01-22.10.09:132][  0]LogTemp:Display: Loaded TP LinuxTargetPlatform
[2016.06.01-22.10.09:132][  0]LogTargetPlatformManager:Display: Building Assets For Windows
[2016.06.01-22.10.09:164][  0]LogDerivedDataCache:Display: Max Cache Size: 512 MB
[2016.06.01-22.10.09:194][  0]LogDerivedDataCache: Loaded boot cache 0.03s 46MB C:/Users/Oscar Romero/AppData/Local/UnrealEngine/4.11/DerivedDataCache/Boot.ddc.
[2016.06.01-22.10.09:194][  0]LogDerivedDataCache:Display: Loaded Boot cache: C:/Users/Oscar Romero/AppData/Local/UnrealEngine/4.11/DerivedDataCache/Boot.ddc
[2016.06.01-22.10.09:194][  0]LogDerivedDataCache: FDerivedDataBackendGraph:  Pak pak cache file ../../../../../../Documents/Developer/Repositories/Bouturon/DerivedDataCache/DDC.ddp not found, will not use a pak cache.
[2016.06.01-22.10.09:194][  0]LogDerivedDataCache: Unable to find inner node Pak for hierarchical cache Hierarchy.
[2016.06.01-22.10.09:194][  0]LogDerivedDataCache: FDerivedDataBackendGraph:  CompressedPak pak cache file ../../../../../../Documents/Developer/Repositories/Bouturon/DerivedDataCache/Compressed.ddp not found, will not use a pak cache.
[2016.06.01-22.10.09:194][  0]LogDerivedDataCache: Unable to find inner node CompressedPak for hierarchical cache Hierarchy.
[2016.06.01-22.10.09:204][  0]LogDerivedDataCache:Display: Pak cache opened for reading ../../../Engine/DerivedDataCache/Compressed.ddp.
[2016.06.01-22.10.09:216][  0]LogDerivedDataCache: Using Local data cache path C:/Users/Oscar Romero/AppData/Local/UnrealEngine/Common/DerivedDataCache: Writable
[2016.06.01-22.10.09:308][  0]LogInit: Selected Device Profile: [Windows]
[2016.06.01-22.10.09:308][  0]LogContentStreaming: Texture pool size is 0.00 MB
[2016.06.01-22.10.09:327][  0]LogMaterial: Uniform references updated for custom material expression Custom.
[2016.06.01-22.10.09:400][  0]LogMeshUtilities: No automatic mesh reduction module available
[2016.06.01-22.10.09:400][  0]LogMeshUtilities: No automatic mesh merging module available
[2016.06.01-22.10.09:400][  0]LogMeshUtilities: No distributed automatic mesh merging module available
[2016.06.01-22.10.09:538][  0]LogUObjectArray: 27679 objects as part of root set at end of initial load.
[2016.06.01-22.10.09:538][  0]LogUObjectAllocator: 5591592 out of 0 bytes used by permanent object pool.
[2016.06.01-22.10.09:538][  0]LogUObjectArray: CloseDisregardForGC: 0/0 objects in disregard for GC pool
[2016.06.01-22.10.09:540][  0]LogInit: WinSock: version 1.1 (2.2), MaxSocks=32767, MaxUdp=65467
[2016.06.01-22.10.09:580][  0]LogSlate: SlateFontCache - WITH_FREETYPE: 1, WITH_HARFBUZZ: 1
[2016.06.01-22.10.09:580][  0]LogSlate: SlateFontCache - WITH_FREETYPE: 1, WITH_HARFBUZZ: 1
[2016.06.01-22.10.09:637][  0]LogStreaming:Warning: Failed to read file '../../../Engine/Content/Editor/Slate/Common/Selection_16x.png' error.
[2016.06.01-22.10.09:637][  0]LogSlate: Could not find file for Slate resource: ../../../Engine/Content/Editor/Slate/Common/Selection_16x.png
[2016.06.01-22.10.09:637][  0]LogStreaming:Warning: Failed to read file '../../../Engine/Content/Editor/Slate/Common/Selection_16x.png' error.
[2016.06.01-22.10.09:637][  0]LogSlate: Could not find file for Slate resource: ../../../Engine/Content/Editor/Slate/Common/Selection_16x.png
[2016.06.01-22.10.09:637][  0]LogStreaming:Warning: Failed to read file '../../../Engine/Content/Editor/Slate/Common/Selection_16x.png' error.
[2016.06.01-22.10.09:637][  0]LogSlate: Could not find file for Slate resource: ../../../Engine/Content/Editor/Slate/Common/Selection_16x.png
[2016.06.01-22.10.09:956][  0]LogUdpMessaging: Initializing bridge on interface 0.0.0.0:0 to multicast group 230.0.0.1:6666.
[2016.06.01-22.10.10:049][  0]LogAssetRegistry: FAssetRegistry took 0.0219 seconds to start up
[2016.06.01-22.10.10:124][  0]SourceControl: Info Source control is disabled
[2016.06.01-22.10.10:124][  0]SourceControl: Info Source control is disabled
[2016.06.01-22.10.10:127][  0]SourceControl: Info Source control is disabled
[2016.06.01-22.10.10:130][  0]SourceControl: Info Source control is disabled
[2016.06.01-22.10.10:174][  0]LogHMD: Failed to initialize OpenVR with code 110
[2016.06.01-22.10.10:216][  0]LogEngine: Initializing Engine...
[2016.06.01-22.10.10:303][  0]LogAIModule: Creating AISystem for world NewWorld
[2016.06.01-22.10.10:309][  0]LogInit: XAudio2 using 'SAMSUNG-8 (NVIDIA High Definition Audio)' : 2 channels at 48 kHz using 16 bits per sample (channel mask 0x3)
[2016.06.01-22.10.10:319][  0]LogInit: FAudioDevice initialized.
[2016.06.01-22.10.10:333][  0]LogDerivedDataCache: Saved boot cache 0.01s 46MB C:/Users/Oscar Romero/AppData/Local/UnrealEngine/4.11/DerivedDataCache/Boot.ddc.
[2016.06.01-22.10.10:336][  0]LogInit: Texture streaming: Enabled
[2016.06.01-22.10.10:347][  0]LogInit: Transaction tracking system initialized
[2016.06.01-22.10.10:357][  0]BlueprintLog: New page: Editor Load
[2016.06.01-22.10.10:386][  0]LocalizationService: Info Localization service is disabled
[2016.06.01-22.10.10:437][  0]LogConsoleResponse:Display: 
[2016.06.01-22.10.10:498][  0]LogCook:Display: Max memory allowance for cook 8192mb
[2016.06.01-22.10.10:498][  0]LogCook:Display: Mobile HDR setting 1
[2016.06.01-22.10.10:498][  0]LogCook:Display: Done creating registry. It took  0.00s.
[2016.06.01-22.10.10:519][  0]LogFileCache: Scanning file cache for directory 'O:/Documents/Developer/Repositories/Bouturon/Content/' took 0.01s
[2016.06.01-22.10.10:519][  0]SourceControl: Info Source control is disabled
[2016.06.01-22.10.10:519][  0]Cmd: MAP LOAD FILE="../../../../../../Documents/Developer/Repositories/Bouturon/Content/ThirdPersonBP/Maps/ThirdPersonExampleMap.umap" TEMPLATE=0 SHOWPROGRESS=1 FEATURELEVEL=3
[2016.06.01-22.10.10:519][  0]LogEditorServer:Warning: Can't find file '../../../../../../Documents/Developer/Repositories/Bouturon/Content/ThirdPersonBP/Maps/ThirdPersonExampleMap.umap'
[2016.06.01-22.10.10:519][  0]Cmd: MAP CHECKDEP NOCLEARLOG
[2016.06.01-22.10.10:535][  0]MapCheck: Info Map check complete: 0 Error(s), 0 Warning(s), took 15.136ms to complete.
[2016.06.01-22.10.10:535][  0]LogFileHelpers: Loading map 'ThirdPersonExampleMap' took 0.015
[2016.06.01-22.10.10:629][  0]LogCollectionManager: Loaded 0 collections in 0.000631 seconds
[2016.06.01-22.10.10:664][  0]LogFileCache: Scanning file cache for directory 'O:/Documents/Developer/Repositories/Bouturon/Saved/Collections/' took 0.01s
[2016.06.01-22.10.10:664][  0]LogFileCache: Scanning file cache for directory 'O:/Documents/Developer/Repositories/Bouturon/Content/Developers/OscarRomero/Collections/' took 0.01s
[2016.06.01-22.10.10:664][  0]LogFileCache: Scanning file cache for directory 'O:/Documents/Developer/Repositories/Bouturon/Content/Collections/' took 0.01s
[2016.06.01-22.10.10:664][  0]LogCollectionManager: Rebuilt the GUID cache for 0 collections in 0.000002 seconds
[2016.06.01-22.10.10:669][  0]LogContentBrowser: Native class hierarchy populated in 0.0045 seconds. Added 1979 classes and 343 folders.
[2016.06.01-22.10.10:670][  0]LogStats: UGameplayTagsManager::ConstructGameplayTagTree: Construct from data asset -  0.000 s
[2016.06.01-22.10.10:670][  0]LogStats: UGameplayTagsManager::ConstructGameplayTagTree: GameplayTagTreeChangedEvent.Broadcast -  0.000 s
[2016.06.01-22.10.10:670][  0]LogContentBrowser: Native class hierarchy updated for 'GameplayTags' in 0.0002 seconds. Added 12 classes and 0 folders.
[2016.06.01-22.10.10:672][  0]LogContentBrowser: Native class hierarchy updated for 'WidgetCarousel' in 0.0002 seconds. Added 0 classes and 0 folders.
[2016.06.01-22.10.10:675][  0]LogContentBrowser: Native class hierarchy updated for 'SuperSearch' in 0.0002 seconds. Added 1 classes and 2 folders.
[2016.06.01-22.10.10:691][  0]LogContentBrowser: Native class hierarchy updated for 'AddContentDialog' in 0.0002 seconds. Added 0 classes and 0 folders.
[2016.06.01-22.10.10:693][  0]LogContentBrowser: Native class hierarchy updated for 'SceneOutliner' in 0.0002 seconds. Added 1 classes and 2 folders.
[2016.06.01-22.10.10:722][  0]LogCrashTracker: Crashtracker disabled due to settings.
[2016.06.01-22.10.10:726][  0]LogUObjectGlobals:Warning: Failed to find object 'Class None.'
[2016.06.01-22.10.10:750][  0]LogContentBrowser: Native class hierarchy updated for 'HierarchicalLODOutliner' in 0.0002 seconds. Added 1 classes and 2 folders.
[2016.06.01-22.10.10:750][  0]LogLoad: Full Startup: 3.03 seconds (BP compile: 0.01 seconds)
[2016.06.01-22.10.10:750][  0]LogExternalProfiler: Found external profiler: VSPerf
[2016.06.01-22.10.10:750][  0]LogExternalProfiler: Using external profiler: VSPerf
[2016.06.01-22.10.10:760][  0]LogWindowsTextInputMethodSystem:Display: IME system now deactivated.
[2016.06.01-22.10.10:760][  0]LogWindowsTextInputMethodSystem:Display: IME system now deactivated.
[2016.06.01-22.10.10:761][  0]LogOcInput: OculusInput pre-init called
[2016.06.01-22.10.10:774][  0]LogAssetRegistry: Asset discovery search completed in 0.7467 seconds
[2016.06.01-22.10.10:774][  0]LogCollectionManager: Rebuilt the object cache for 0 collections in 0.000000 seconds (found 0 objects)
[2016.06.01-22.10.10:774][  0]LogCollectionManager: Fixed up redirectors for 0 collections in 0.000012 seconds (updated 0 objects)
[2016.06.01-22.10.10:787][  0]LogContentStreaming: Texture pool size now 1000 MB
[2016.06.01-22.10.10:879][  0]LogRenderer: Reallocating scene render targets to support 1032x576 (Frame:2).
[2016.06.01-22.12.48:380][872]LogPlayLevel: PlayLevel: No blueprints needed recompiling
[2016.06.01-22.12.48:381][872]PIE: New page: PIE session: Untitled_0 (Jun 1, 2016, 1:12:48 PM)
[2016.06.01-22.12.48:381][872]LogPlayLevel: Creating play world package: /Temp/UEDPIE_0_Untitled_0
[2016.06.01-22.12.48:381][872]LogPlayLevel: PIE: StaticDuplicateObject took: (0.000407s)
[2016.06.01-22.12.48:382][872]LogAIModule: Creating AISystem for world NewWorld
[2016.06.01-22.12.48:382][872]LogPlayLevel: PIE: World Init took: (0.000459s)
[2016.06.01-22.12.48:382][872]LogPlayLevel: PIE: Created PIE world by copying editor world from /Temp/Untitled_0.NewWorld to /Temp/UEDPIE_0_Untitled_0.NewWorld (0.000987s)
[2016.06.01-22.12.48:393][872]LogInit: XAudio2 using 'SAMSUNG-8 (NVIDIA High Definition Audio)' : 2 channels at 48 kHz using 16 bits per sample (channel mask 0x3)
[2016.06.01-22.12.48:397][872]LogInit: FAudioDevice initialized.
[2016.06.01-22.12.48:437][872]LogLinker:Warning: Can't find file '/Game/ThirdPersonBP/Blueprints/ThirdPersonGameMode'
[2016.06.01-22.12.48:437][872]LogLinker:Warning: Can't find file '/Game/ThirdPersonBP/Blueprints/ThirdPersonGameMode'
[2016.06.01-22.12.48:437][872]LogUObjectGlobals:Warning: Failed to find object 'Class /Game/ThirdPersonBP/Blueprints/ThirdPersonGameMode.ThirdPersonGameMode_C'
[2016.06.01-22.12.48:437][872]LogWorld: Game class is 'GameMode'
[2016.06.01-22.12.48:439][872]LogWorld: Bringing World /Temp/UEDPIE_0_Untitled_0.NewWorld up for play (max tick rate 0) at 2016.06.01-18.12.48
[2016.06.01-22.12.48:439][872]LogWorld: Bringing up level for play took: 0.000474
[2016.06.01-22.12.48:441][872]LogContentBrowser: Native class hierarchy updated for 'MovieSceneCapture' in 0.0003 seconds. Added 9 classes and 0 folders.
[2016.06.01-22.12.48:442][872]PIE: Info Play in editor start time for /Temp/UEDPIE_0_Untitled_0 0.824
[2016.06.01-22.12.56:758][821]LogTexture:Display: Building textures: HQ_Lightmap1_1 (AutoDXT)
[2016.06.01-22.12.56:849][821]LogAIModule: Creating AISystem for world EndlessRunner
[2016.06.01-22.12.57:821][821]Cmd: MAP LOAD FILE="../../../../../../Documents/Developer/Repositories/Bouturon/Content/Levels/EndlessRunner.umap" TEMPLATE=0 SHOWPROGRESS=1 FEATURELEVEL=3
[2016.06.01-22.12.57:843][821]LightingResults: New page: Lighting Build
[2016.06.01-22.12.57:844][821]LogContentBrowser: Native class hierarchy updated for 'StatsViewer' in 0.0002 seconds. Added 5 classes and 0 folders.
[2016.06.01-22.12.57:853][821]LoadErrors: New page: Loading map: EndlessRunner.umap
[2016.06.01-22.12.57:853][821]MapCheck: New page: Map Check
[2016.06.01-22.12.57:853][821]LightingResults: New page: Lighting Build
[2016.06.01-22.12.57:888][821]LogEditorServer: Finished looking for orphan Actors (0.000 secs)
[2016.06.01-22.12.57:913][821]Cmd: MAP CHECKDEP NOCLEARLOG
[2016.06.01-22.12.57:937][821]MapCheck: Info Map check complete: 0 Error(s), 0 Warning(s), took 23.94ms to complete.
[2016.06.01-22.12.57:937][821]LogFileHelpers: Loading map 'EndlessRunner' took 1.062
[2016.06.01-22.12.58:898][934]LogBlueprintUserMessages: Early PlayInEditor Detection: Level '/Game/Levels/EndlessRunner.EndlessRunner:PersistentLevel' has LevelScriptBlueprint '/Game/Levels/EndlessRunner.EndlessRunner:PersistentLevel.EndlessRunner' with GeneratedClass '/Game/Levels/EndlessRunner.EndlessRunner_C' with ClassGeneratedBy '/Game/Levels/EndlessRunner.EndlessRunner:PersistentLevel.EndlessRunner'
[2016.06.01-22.12.58:898][934]LogPlayLevel: PlayLevel: No blueprints needed recompiling
[2016.06.01-22.12.58:898][934]PIE: New page: PIE session: EndlessRunner (Jun 1, 2016, 1:12:58 PM)
[2016.06.01-22.12.58:898][934]LogPlayLevel: Creating play world package: /Game/Levels/UEDPIE_0_EndlessRunner
[2016.06.01-22.12.58:899][934]LogPlayLevel: PIE: StaticDuplicateObject took: (0.001439s)
[2016.06.01-22.12.58:900][934]LogAIModule: Creating AISystem for world EndlessRunner
[2016.06.01-22.12.58:900][934]LogPlayLevel: PIE: World Init took: (0.000386s)
[2016.06.01-22.12.58:900][934]LogPlayLevel: PIE: Created PIE world by copying editor world from /Game/Levels/EndlessRunner.EndlessRunner to /Game/Levels/UEDPIE_0_EndlessRunner.EndlessRunner (0.001936s)
[2016.06.01-22.12.58:908][934]LogInit: XAudio2 using 'SAMSUNG-8 (NVIDIA High Definition Audio)' : 2 channels at 48 kHz using 16 bits per sample (channel mask 0x3)
[2016.06.01-22.12.58:911][934]LogInit: FAudioDevice initialized.
[2016.06.01-22.12.58:941][934]LogWorld: Game class is 'EndlessRunnerGameMode_C'
[2016.06.01-22.12.58:943][934]LogWorld: Bringing World /Game/Levels/UEDPIE_0_EndlessRunner.EndlessRunner up for play (max tick rate 0) at 2016.06.01-18.12.58
[2016.06.01-22.12.58:943][934]LogWorld: Bringing up level for play took: 0.000933
[2016.06.01-22.12.58:944][934]LogSpawn:Warning: SpawnActor failed because no class was specified
[2016.06.01-22.12.58:959][934]PIE: Info Play in editor start time for /Game/Levels/UEDPIE_0_EndlessRunner -0.658
[2016.06.01-22.12.58:960][934]LogBlueprintUserMessages: Late PlayInEditor Detection: Level '/Game/Levels/EndlessRunner.EndlessRunner:PersistentLevel' has LevelScriptBlueprint '/Game/Levels/EndlessRunner.EndlessRunner:PersistentLevel.EndlessRunner' with GeneratedClass '/Game/Levels/EndlessRunner.EndlessRunner_C' with ClassGeneratedBy '/Game/Levels/EndlessRunner.EndlessRunner:PersistentLevel.EndlessRunner'
[2016.06.01-22.13.00:509][119]LogBlueprintUserMessages: [RunCharacter_C_0] Swiped Right
[2016.06.01-22.13.01:125][193]LogBlueprintUserMessages: [RunCharacter_C_0] Swiped Left
[2016.06.01-22.13.01:717][264]LogBlueprintUserMessages: [RunCharacter_C_0] Swiped Left
[2016.06.01-22.13.02:860][400]LogBlueprintUserMessages: [RunCharacter_C_0] Swiped Right
[2016.06.01-22.13.05:159][675]Cmd: RestartLevel
[2016.06.01-22.13.05:167][676]LogNet: Browse: /Game/Levels/EndlessRunner?restart
[2016.06.01-22.13.05:167][676]LogLoad: LoadMap: /Game/Levels/EndlessRunner
[2016.06.01-22.13.05:175][676]Cmd: MEM
[2016.06.01-22.13.05:180][676]LogMemory: Platform Memory Stats for Windows
[2016.06.01-22.13.05:180][676]LogMemory: Process Physical Memory: 968.95 MB used, 973.22 MB peak
[2016.06.01-22.13.05:180][676]LogMemory: Process Virtual Memory: 1347.55 MB used, 1355.06 MB peak
[2016.06.01-22.13.05:181][676]LogMemory: Physical Memory: 6885.87 MB used, 16299.50 MB total
[2016.06.01-22.13.05:181][676]LogMemory: Virtual Memory: 2066.48 MB used, 134217728.00 MB total
[2016.06.01-22.13.05:181][676]LogMemory: 
[2016.06.01-22.13.05:181][676]Allocator Stats for TBB: (not implemented)
[2016.06.01-22.13.05:181][676]LogPlayLevel: Creating play world package: /Game/Levels/UEDPIE_0_EndlessRunner
[2016.06.01-22.13.05:182][676]LogPlayLevel: PIE: StaticDuplicateObject took: (0.001293s)
[2016.06.01-22.13.05:182][676]LogAIModule: Creating AISystem for world EndlessRunner
[2016.06.01-22.13.05:182][676]LogPlayLevel: PIE: World Init took: (0.000428s)
[2016.06.01-22.13.05:182][676]LogPlayLevel: PIE: Created PIE world by copying editor world from /Game/Levels/EndlessRunner.EndlessRunner to /Game/Levels/UEDPIE_0_EndlessRunner.EndlessRunner (0.001832s)
[2016.06.01-22.13.05:182][676]LogWorld: Game class is 'EndlessRunnerGameMode_C'
[2016.06.01-22.13.05:184][676]LogWorld: Bringing World /Game/Levels/UEDPIE_0_EndlessRunner.EndlessRunner up for play (max tick rate 0) at 2016.06.01-18.13.05
[2016.06.01-22.13.05:184][676]LogWorld: Bringing up level for play took: 0.000908
[2016.06.01-22.13.05:184][676]LogSpawn:Warning: SpawnActor failed because no class was specified
[2016.06.01-22.13.08:549][ 78]LogBlueprintUserMessages: Early EndPlayMap Detection: Level '/Game/Levels/EndlessRunner.EndlessRunner:PersistentLevel' has LevelScriptBlueprint '/Game/Levels/EndlessRunner.EndlessRunner:PersistentLevel.EndlessRunner' with GeneratedClass '/Game/Levels/EndlessRunner.EndlessRunner_C' with ClassGeneratedBy '/Game/Levels/EndlessRunner.EndlessRunner:PersistentLevel.EndlessRunner'
[2016.06.01-22.13.08:575][ 78]LogBlueprintUserMessages: Late EndPlayMap Detection: Level '/Game/Levels/EndlessRunner.EndlessRunner:PersistentLevel' has LevelScriptBlueprint '/Game/Levels/EndlessRunner.EndlessRunner:PersistentLevel.EndlessRunner' with GeneratedClass '/Game/Levels/EndlessRunner.EndlessRunner_C' with ClassGeneratedBy '/Game/Levels/EndlessRunner.EndlessRunner:PersistentLevel.EndlessRunner'
[2016.06.01-22.15.12:690][425]LogContentBrowser: Native class hierarchy updated for 'BlueprintGraph' in 0.0004 seconds. Added 108 classes and 0 folders.
[2016.06.01-22.18.28:209][321]BlueprintLog: New page: Compile RunCharacter
[2016.06.01-22.18.28:255][321]LogActorComponent: UnregisterComponent: (/Engine/Transient.CharMoveComp) Not registered. Aborting.
[2016.06.01-22.18.28:313][321]BlueprintEditorCompileResults: Info [0500.60] Compile of RunCharacter successful! [in 104 ms]
[2016.06.01-22.18.29:732][488]LogBlueprintUserMessages: Early PlayInEditor Detection: Level '/Game/Levels/EndlessRunner.EndlessRunner:PersistentLevel' has LevelScriptBlueprint '/Game/Levels/EndlessRunner.EndlessRunner:PersistentLevel.EndlessRunner' with GeneratedClass '/Game/Levels/EndlessRunner.EndlessRunner_C' with ClassGeneratedBy '/Game/Levels/EndlessRunner.EndlessRunner:PersistentLevel.EndlessRunner'
[2016.06.01-22.18.29:732][488]LogPlayLevel: PlayLevel: No blueprints needed recompiling
[2016.06.01-22.18.29:732][488]PIE: New page: PIE session: EndlessRunner (Jun 1, 2016, 1:18:29 PM)
[2016.06.01-22.18.29:732][488]LogPlayLevel: Creating play world package: /Game/Levels/UEDPIE_0_EndlessRunner
[2016.06.01-22.18.29:733][488]LogPlayLevel: PIE: StaticDuplicateObject took: (0.001390s)
[2016.06.01-22.18.29:734][488]LogAIModule: Creating AISystem for world EndlessRunner
[2016.06.01-22.18.29:734][488]LogPlayLevel: PIE: World Init took: (0.000603s)
[2016.06.01-22.18.29:734][488]LogPlayLevel: PIE: Created PIE world by copying editor world from /Game/Levels/EndlessRunner.EndlessRunner to /Game/Levels/UEDPIE_0_EndlessRunner.EndlessRunner (0.002105s)
[2016.06.01-22.18.29:734][488]LogActorComponent: UnregisterComponent: (/Engine/Transient.CharMoveComp) Not registered. Aborting.
[2016.06.01-22.18.29:748][488]LogInit: XAudio2 using 'SAMSUNG-8 (NVIDIA High Definition Audio)' : 2 channels at 48 kHz using 16 bits per sample (channel mask 0x3)
[2016.06.01-22.18.29:751][488]LogInit: FAudioDevice initialized.
[2016.06.01-22.18.29:790][488]LogWorld: Game class is 'EndlessRunnerGameMode_C'
[2016.06.01-22.18.29:791][488]LogWorld: Bringing World /Game/Levels/UEDPIE_0_EndlessRunner.EndlessRunner up for play (max tick rate 0) at 2016.06.01-18.18.29
[2016.06.01-22.18.29:791][488]LogWorld: Bringing up level for play took: 0.000981
[2016.06.01-22.18.29:792][488]LogSpawn:Warning: SpawnActor failed because no class was specified
[2016.06.01-22.18.29:814][488]PIE: Info Play in editor start time for /Game/Levels/UEDPIE_0_EndlessRunner 0.196
[2016.06.01-22.18.29:814][488]LogBlueprintUserMessages: Late PlayInEditor Detection: Level '/Game/Levels/EndlessRunner.EndlessRunner:PersistentLevel' has LevelScriptBlueprint '/Game/Levels/EndlessRunner.EndlessRunner:PersistentLevel.EndlessRunner' with GeneratedClass '/Game/Levels/EndlessRunner.EndlessRunner_C' with ClassGeneratedBy '/Game/Levels/EndlessRunner.EndlessRunner:PersistentLevel.EndlessRunner'
[2016.06.01-22.18.29:824][489]LogRenderer: Reallocating scene render targets to support 1280x720 (Frame:39712).
[2016.06.01-22.18.30:664][577]LogBlueprintUserMessages: [RunCharacter_C_12] Swiped Right
[2016.06.01-22.18.31:348][659]LogBlueprintUserMessages: [RunCharacter_C_12] Swiped Left
[2016.06.01-22.18.31:706][702]LogBlueprintUserMessages: [RunCharacter_C_12] Swiped Left
[2016.06.01-22.18.32:331][777]LogBlueprintUserMessages: [RunCharacter_C_12] Swiped Right
[2016.06.01-22.18.32:872][842]LogBlueprintUserMessages: [RunCharacter_C_12] Swiped Right
[2016.06.01-22.18.33:731][945]LogBlueprintUserMessages: [RunCharacter_C_12] Swiped Left
[2016.06.01-22.18.34:206][  2]LogBlueprintUserMessages: [RunCharacter_C_12] Swiped Left
[2016.06.01-22.18.34:940][ 90]LogBlueprintUserMessages: [RunCharacter_C_12] Swiped Right
[2016.06.01-22.18.35:540][162]LogBlueprintUserMessages: [RunCharacter_C_12] Swiped Right
[2016.06.01-22.18.36:257][248]LogBlueprintUserMessages: [RunCharacter_C_12] Swiped Left
[2016.06.01-22.18.36:856][320]LogBlueprintUserMessages: [RunCharacter_C_12] Swiped Left
[2016.06.01-22.18.37:399][385]LogBlueprintUserMessages: [RunCharacter_C_12] Swiped Right
[2016.06.01-22.18.38:724][544]LogBlueprintUserMessages: Early EndPlayMap Detection: Level '/Game/Levels/EndlessRunner.EndlessRunner:PersistentLevel' has LevelScriptBlueprint '/Game/Levels/EndlessRunner.EndlessRunner:PersistentLevel.EndlessRunner' with GeneratedClass '/Game/Levels/EndlessRunner.EndlessRunner_C' with ClassGeneratedBy '/Game/Levels/EndlessRunner.EndlessRunner:PersistentLevel.EndlessRunner'
[2016.06.01-22.18.38:766][544]LogBlueprintUserMessages: Late EndPlayMap Detection: Level '/Game/Levels/EndlessRunner.EndlessRunner:PersistentLevel' has LevelScriptBlueprint '/Game/Levels/EndlessRunner.EndlessRunner:PersistentLevel.EndlessRunner' with GeneratedClass '/Game/Levels/EndlessRunner.EndlessRunner_C' with ClassGeneratedBy '/Game/Levels/EndlessRunner.EndlessRunner:PersistentLevel.EndlessRunner'
[2016.06.01-22.23.14:943][345]LogFileHelpers: Editor autosave (incl. sublevels) for '/Game/Levels/EndlessRunner' took 0.010
[2016.06.01-22.23.14:946][345]OBJ SavePackage: Generating thumbnails for [1] asset(s) in package [/Game/Blueprints/Characters/RunCharacter] ([1] browsable assets)...
[2016.06.01-22.23.14:966][345]OBJ SavePackage:     Rendered thumbnail for [Blueprint /Game/Blueprints/Characters/RunCharacter.RunCharacter]
[2016.06.01-22.23.14:966][345]OBJ SavePackage: Finished generating thumbnails for package [/Game/Blueprints/Characters/RunCharacter]
[2016.06.01-22.23.15:101][345]LogSavePackage: Save=128.07ms
[2016.06.01-22.23.15:101][345]LogSavePackage: Moving '../../../../../../Documents/Developer/Repositories/Bouturon/Saved/RunCharacter_Auto1EB78281B4FFDFD5EE9C3F1A38AB7F8FE.tmp' to '../../../../../../Documents/Developer/Repositories/Bouturon/Saved/Autosaves/Game/Blueprints/Characters/RunCharacter_Auto1.uasset'
[2016.06.01-22.23.15:102][345]LogSavePackage: Total save time: 134.36ms
[2016.06.01-22.23.15:102][345]LogSavePackage:Display: Finished SavePackage ../../../../../../Documents/Developer/Repositories/Bouturon/Saved/Autosaves/Game/Blueprints/Characters/RunCharacter_Auto1.uasset
[2016.06.01-22.23.15:102][345]LogFileHelpers: Auto-saving content packages took 0.158
[2016.06.01-22.23.50:082][540]LogBlueprintUserMessages: Early PlayInEditor Detection: Level '/Game/Levels/EndlessRunner.EndlessRunner:PersistentLevel' has LevelScriptBlueprint '/Game/Levels/EndlessRunner.EndlessRunner:PersistentLevel.EndlessRunner' with GeneratedClass '/Game/Levels/EndlessRunner.EndlessRunner_C' with ClassGeneratedBy '/Game/Levels/EndlessRunner.EndlessRunner:PersistentLevel.EndlessRunner'
[2016.06.01-22.23.50:082][540]LogPlayLevel: PlayLevel: No blueprints needed recompiling
[2016.06.01-22.23.50:082][540]PIE: New page: PIE session: EndlessRunner (Jun 1, 2016, 1:23:50 PM)
[2016.06.01-22.23.50:082][540]LogPlayLevel: Creating play world package: /Game/Levels/UEDPIE_0_EndlessRunner
[2016.06.01-22.23.50:084][540]LogPlayLevel: PIE: StaticDuplicateObject took: (0.001660s)
[2016.06.01-22.23.50:085][540]LogAIModule: Creating AISystem for world EndlessRunner
[2016.06.01-22.23.50:085][540]LogPlayLevel: PIE: World Init took: (0.000539s)
[2016.06.01-22.23.50:085][540]LogPlayLevel: PIE: Created PIE world by copying editor world from /Game/Levels/EndlessRunner.EndlessRunner to /Game/Levels/UEDPIE_0_EndlessRunner.EndlessRunner (0.002326s)
[2016.06.01-22.23.50:085][540]LogActorComponent: UnregisterComponent: (/Engine/Transient.CharMoveComp) Not registered. Aborting.
[2016.06.01-22.23.50:099][540]LogInit: XAudio2 using 'SAMSUNG-8 (NVIDIA High Definition Audio)' : 2 channels at 48 kHz using 16 bits per sample (channel mask 0x3)
[2016.06.01-22.23.50:102][540]LogInit: FAudioDevice initialized.
[2016.06.01-22.23.50:139][540]LogWorld: Game class is 'EndlessRunnerGameMode_C'
[2016.06.01-22.23.50:141][540]LogWorld: Bringing World /Game/Levels/UEDPIE_0_EndlessRunner.EndlessRunner up for play (max tick rate 0) at 2016.06.01-18.23.50
[2016.06.01-22.23.50:142][540]LogWorld: Bringing up level for play took: 0.001159
[2016.06.01-22.23.50:142][540]LogSpawn:Warning: SpawnActor failed because no class was specified
[2016.06.01-22.23.50:165][540]PIE: Info Play in editor start time for /Game/Levels/UEDPIE_0_EndlessRunner 0.547
[2016.06.01-22.23.50:165][540]LogBlueprintUserMessages: Late PlayInEditor Detection: Level '/Game/Levels/EndlessRunner.EndlessRunner:PersistentLevel' has LevelScriptBlueprint '/Game/Levels/EndlessRunner.EndlessRunner:PersistentLevel.EndlessRunner' with GeneratedClass '/Game/Levels/EndlessRunner.EndlessRunner_C' with ClassGeneratedBy '/Game/Levels/EndlessRunner.EndlessRunner:PersistentLevel.EndlessRunner'
[2016.06.01-22.23.51:007][632]LogBlueprintUserMessages: [RunCharacter_C_13] Swiped Left
[2016.06.01-22.23.51:882][737]LogBlueprintUserMessages: [RunCharacter_C_13] Swiped Right
[2016.06.01-22.23.53:165][891]LogBlueprintUserMessages: [RunCharacter_C_13] Swiped Up
[2016.06.01-22.23.53:957][986]LogBlueprintUserMessages: [RunCharacter_C_13] Swiped Left
[2016.06.01-22.23.54:857][ 94]LogBlueprintUserMessages: [RunCharacter_C_13] Swiped Right
[2016.06.01-22.23.56:542][296]LogBlueprintUserMessages: [RunCharacter_C_13] Swiped Left
[2016.06.01-22.23.57:418][401]LogBlueprintUserMessages: [RunCharacter_C_13] Swiped Right
[2016.06.01-22.23.58:550][537]LogBlueprintUserMessages: Early EndPlayMap Detection: Level '/Game/Levels/EndlessRunner.EndlessRunner:PersistentLevel' has LevelScriptBlueprint '/Game/Levels/EndlessRunner.EndlessRunner:PersistentLevel.EndlessRunner' with GeneratedClass '/Game/Levels/EndlessRunner.EndlessRunner_C' with ClassGeneratedBy '/Game/Levels/EndlessRunner.EndlessRunner:PersistentLevel.EndlessRunner'
[2016.06.01-22.23.58:597][537]LogBlueprintUserMessages: Late EndPlayMap Detection: Level '/Game/Levels/EndlessRunner.EndlessRunner:PersistentLevel' has LevelScriptBlueprint '/Game/Levels/EndlessRunner.EndlessRunner:PersistentLevel.EndlessRunner' with GeneratedClass '/Game/Levels/EndlessRunner.EndlessRunner_C' with ClassGeneratedBy '/Game/Levels/EndlessRunner.EndlessRunner:PersistentLevel.EndlessRunner'
[2016.06.01-22.27.18:034][386]BlueprintLog: New page: Compile RunCharacter
[2016.06.01-22.27.18:076][386]LogActorComponent: UnregisterComponent: (/Engine/Transient.CharMoveComp) Not registered. Aborting.
[2016.06.01-22.27.18:126][386]BlueprintEditorCompileResults: Info [1030.41] Compile of RunCharacter successful! [in 91 ms]
[2016.06.01-22.27.23:845][ 69]LogBlueprintUserMessages: Early PlayInEditor Detection: Level '/Game/Levels/EndlessRunner.EndlessRunner:PersistentLevel' has LevelScriptBlueprint '/Game/Levels/EndlessRunner.EndlessRunner:PersistentLevel.EndlessRunner' with GeneratedClass '/Game/Levels/EndlessRunner.EndlessRunner_C' with ClassGeneratedBy '/Game/Levels/EndlessRunner.EndlessRunner:PersistentLevel.EndlessRunner'
[2016.06.01-22.27.23:845][ 69]LogPlayLevel: PlayLevel: No blueprints needed recompiling
[2016.06.01-22.27.23:845][ 69]PIE: New page: PIE session: EndlessRunner (Jun 1, 2016, 1:27:23 PM)
[2016.06.01-22.27.23:845][ 69]LogPlayLevel: Creating play world package: /Game/Levels/UEDPIE_0_EndlessRunner
[2016.06.01-22.27.23:846][ 69]LogPlayLevel: PIE: StaticDuplicateObject took: (0.001346s)
[2016.06.01-22.27.23:847][ 69]LogAIModule: Creating AISystem for world EndlessRunner
[2016.06.01-22.27.23:847][ 69]LogPlayLevel: PIE: World Init took: (0.000507s)
[2016.06.01-22.27.23:847][ 69]LogPlayLevel: PIE: Created PIE world by copying editor world from /Game/Levels/EndlessRunner.EndlessRunner to /Game/Levels/UEDPIE_0_EndlessRunner.EndlessRunner (0.001968s)
[2016.06.01-22.27.23:847][ 69]LogActorComponent: UnregisterComponent: (/Engine/Transient.CharMoveComp) Not registered. Aborting.
[2016.06.01-22.27.23:861][ 69]LogInit: XAudio2 using 'SAMSUNG-8 (NVIDIA High Definition Audio)' : 2 channels at 48 kHz using 16 bits per sample (channel mask 0x3)
[2016.06.01-22.27.23:864][ 69]LogInit: FAudioDevice initialized.
[2016.06.01-22.27.23:905][ 69]LogWorld: Game class is 'EndlessRunnerGameMode_C'
[2016.06.01-22.27.23:906][ 69]LogWorld: Bringing World /Game/Levels/UEDPIE_0_EndlessRunner.EndlessRunner up for play (max tick rate 0) at 2016.06.01-18.27.23
[2016.06.01-22.27.23:906][ 69]LogWorld: Bringing up level for play took: 0.001118
[2016.06.01-22.27.23:907][ 69]LogSpawn:Warning: SpawnActor failed because no class was specified
[2016.06.01-22.27.23:929][ 69]PIE: Info Play in editor start time for /Game/Levels/UEDPIE_0_EndlessRunner 0.311
[2016.06.01-22.27.23:929][ 69]LogBlueprintUserMessages: Late PlayInEditor Detection: Level '/Game/Levels/EndlessRunner.EndlessRunner:PersistentLevel' has LevelScriptBlueprint '/Game/Levels/EndlessRunner.EndlessRunner:PersistentLevel.EndlessRunner' with GeneratedClass '/Game/Levels/EndlessRunner.EndlessRunner_C' with ClassGeneratedBy '/Game/Levels/EndlessRunner.EndlessRunner:PersistentLevel.EndlessRunner'
[2016.06.01-22.27.24:851][174]LogBlueprintUserMessages: [RunCharacter_C_12] Swiped Right
[2016.06.01-22.27.26:035][314]LogBlueprintUserMessages: Early EndPlayMap Detection: Level '/Game/Levels/EndlessRunner.EndlessRunner:PersistentLevel' has LevelScriptBlueprint '/Game/Levels/EndlessRunner.EndlessRunner:PersistentLevel.EndlessRunner' with GeneratedClass '/Game/Levels/EndlessRunner.EndlessRunner_C' with ClassGeneratedBy '/Game/Levels/EndlessRunner.EndlessRunner:PersistentLevel.EndlessRunner'
[2016.06.01-22.27.26:077][314]LogBlueprintUserMessages: Late EndPlayMap Detection: Level '/Game/Levels/EndlessRunner.EndlessRunner:PersistentLevel' has LevelScriptBlueprint '/Game/Levels/EndlessRunner.EndlessRunner:PersistentLevel.EndlessRunner' with GeneratedClass '/Game/Levels/EndlessRunner.EndlessRunner_C' with ClassGeneratedBy '/Game/Levels/EndlessRunner.EndlessRunner:PersistentLevel.EndlessRunner'
[2016.06.01-22.27.27:066][428]LogBlueprintUserMessages: Early PlayInEditor Detection: Level '/Game/Levels/EndlessRunner.EndlessRunner:PersistentLevel' has LevelScriptBlueprint '/Game/Levels/EndlessRunner.EndlessRunner:PersistentLevel.EndlessRunner' with GeneratedClass '/Game/Levels/EndlessRunner.EndlessRunner_C' with ClassGeneratedBy '/Game/Levels/EndlessRunner.EndlessRunner:PersistentLevel.EndlessRunner'
[2016.06.01-22.27.27:066][428]LogPlayLevel: PlayLevel: No blueprints needed recompiling
[2016.06.01-22.27.27:066][428]PIE: New page: PIE session: EndlessRunner (Jun 1, 2016, 1:27:27 PM)
[2016.06.01-22.27.27:066][428]LogPlayLevel: Creating play world package: /Game/Levels/UEDPIE_0_EndlessRunner
[2016.06.01-22.27.27:068][428]LogPlayLevel: PIE: StaticDuplicateObject took: (0.001855s)
[2016.06.01-22.27.27:068][428]LogAIModule: Creating AISystem for world EndlessRunner
[2016.06.01-22.27.27:069][428]LogPlayLevel: PIE: World Init took: (0.000551s)
[2016.06.01-22.27.27:069][428]LogPlayLevel: PIE: Created PIE world by copying editor world from /Game/Levels/EndlessRunner.EndlessRunner to /Game/Levels/UEDPIE_0_EndlessRunner.EndlessRunner (0.002538s)
[2016.06.01-22.27.27:083][428]LogInit: XAudio2 using 'SAMSUNG-8 (NVIDIA High Definition Audio)' : 2 channels at 48 kHz using 16 bits per sample (channel mask 0x3)
[2016.06.01-22.27.27:085][428]LogInit: FAudioDevice initialized.
[2016.06.01-22.27.27:120][428]LogWorld: Game class is 'EndlessRunnerGameMode_C'
[2016.06.01-22.27.27:121][428]LogWorld: Bringing World /Game/Levels/UEDPIE_0_EndlessRunner.EndlessRunner up for play (max tick rate 0) at 2016.06.01-18.27.27
[2016.06.01-22.27.27:122][428]LogWorld: Bringing up level for play took: 0.001172
[2016.06.01-22.27.27:122][428]LogSpawn:Warning: SpawnActor failed because no class was specified
[2016.06.01-22.27.27:144][428]PIE: Info Play in editor start time for /Game/Levels/UEDPIE_0_EndlessRunner -0.474
[2016.06.01-22.27.27:144][428]LogBlueprintUserMessages: Late PlayInEditor Detection: Level '/Game/Levels/EndlessRunner.EndlessRunner:PersistentLevel' has LevelScriptBlueprint '/Game/Levels/EndlessRunner.EndlessRunner:PersistentLevel.EndlessRunner' with GeneratedClass '/Game/Levels/EndlessRunner.EndlessRunner_C' with ClassGeneratedBy '/Game/Levels/EndlessRunner.EndlessRunner:PersistentLevel.EndlessRunner'
[2016.06.01-22.27.28:055][537]LogBlueprintUserMessages: [RunCharacter_C_13] Swiped Left
[2016.06.01-22.27.28:965][646]LogBlueprintUserMessages: Early EndPlayMap Detection: Level '/Game/Levels/EndlessRunner.EndlessRunner:PersistentLevel' has LevelScriptBlueprint '/Game/Levels/EndlessRunner.EndlessRunner:PersistentLevel.EndlessRunner' with GeneratedClass '/Game/Levels/EndlessRunner.EndlessRunner_C' with ClassGeneratedBy '/Game/Levels/EndlessRunner.EndlessRunner:PersistentLevel.EndlessRunner'
[2016.06.01-22.27.29:008][646]LogBlueprintUserMessages: Late EndPlayMap Detection: Level '/Game/Levels/EndlessRunner.EndlessRunner:PersistentLevel' has LevelScriptBlueprint '/Game/Levels/EndlessRunner.EndlessRunner:PersistentLevel.EndlessRunner' with GeneratedClass '/Game/Levels/EndlessRunner.EndlessRunner_C' with ClassGeneratedBy '/Game/Levels/EndlessRunner.EndlessRunner:PersistentLevel.EndlessRunner'
[2016.06.01-22.27.31:265][914]LogEditorTransaction: Undo Create Pin Link
[2016.06.01-22.27.32:066][984]LogEditorTransaction: Undo Create Pin Link
[2016.06.01-22.27.32:074][984]LogActorComponent: UnregisterComponent: (/Engine/Transient.CharMoveComp) Not registered. Aborting.
[2016.06.01-22.27.32:758][ 60]LogEditorTransaction: Undo Move Node
[2016.06.01-22.27.32:766][ 60]LogActorComponent: UnregisterComponent: (/Engine/Transient.CharacterMovementComponent_0) Not registered. Aborting.
[2016.06.01-22.27.33:141][ 99]LogEditorTransaction: Undo Move Node
[2016.06.01-22.27.33:149][ 99]LogActorComponent: UnregisterComponent: (/Engine/Transient.CharacterMovementComponent_1) Not registered. Aborting.
[2016.06.01-22.27.33:351][117]LogEditorTransaction: Undo Create Pin Link
[2016.06.01-22.27.33:360][117]LogActorComponent: UnregisterComponent: (/Engine/Transient.CharacterMovementComponent_2) Not registered. Aborting.
[2016.06.01-22.27.33:559][135]LogEditorTransaction: Undo Move Node
[2016.06.01-22.27.33:568][135]LogActorComponent: UnregisterComponent: (/Engine/Transient.CharacterMovementComponent_3) Not registered. Aborting.
[2016.06.01-22.27.44:688][463]LogEditorTransaction: Undo Paste clipboard contents
[2016.06.01-22.27.44:696][463]LogActorComponent: UnregisterComponent: (/Engine/Transient.CharacterMovementComponent_4) Not registered. Aborting.
[2016.06.01-22.27.45:250][503]LogEditorTransaction: Undo Create Pin Link
[2016.06.01-22.27.45:259][503]LogActorComponent: UnregisterComponent: (/Engine/Transient.CharacterMovementComponent_5) Not registered. Aborting.
[2016.06.01-22.27.45:824][565]LogEditorTransaction: Undo Move Node
[2016.06.01-22.27.45:832][565]LogActorComponent: UnregisterComponent: (/Engine/Transient.CharacterMovementComponent_6) Not registered. Aborting.
[2016.06.01-22.27.46:198][603]LogEditorTransaction: Undo Create Pin Link
[2016.06.01-22.27.46:206][603]LogActorComponent: UnregisterComponent: (/Engine/Transient.CharacterMovementComponent_7) Not registered. Aborting.
[2016.06.01-22.27.46:482][630]LogEditorTransaction: Undo Move Node
[2016.06.01-22.27.46:490][630]LogActorComponent: UnregisterComponent: (/Engine/Transient.CharacterMovementComponent_8) Not registered. Aborting.
[2016.06.01-22.27.46:946][679]LogEditorTransaction: Undo Add Node
[2016.06.01-22.27.46:954][679]LogActorComponent: UnregisterComponent: (/Engine/Transient.CharacterMovementComponent_9) Not registered. Aborting.
[2016.06.01-22.27.47:361][722]LogEditorTransaction: Undo Move Node
[2016.06.01-22.27.47:369][722]LogActorComponent: UnregisterComponent: (/Engine/Transient.CharacterMovementComponent_10) Not registered. Aborting.
[2016.06.01-22.27.48:193][815]LogEditorTransaction: Undo Break Pin Links
[2016.06.01-22.27.48:201][815]LogActorComponent: UnregisterComponent: (/Engine/Transient.CharacterMovementComponent_11) Not registered. Aborting.
[2016.06.01-22.27.48:625][860]LogEditorTransaction: Undo Move Node
[2016.06.01-22.27.48:633][860]LogActorComponent: UnregisterComponent: (/Engine/Transient.CharacterMovementComponent_12) Not registered. Aborting.
[2016.06.01-22.27.48:982][896]LogEditorTransaction: Undo Break Pin Links
[2016.06.01-22.27.48:991][896]LogActorComponent: UnregisterComponent: (/Engine/Transient.CharacterMovementComponent_13) Not registered. Aborting.
[2016.06.01-22.27.49:748][981]LogEditorTransaction: Undo Create Pin Link
[2016.06.01-22.28.37:355][684]BlueprintLog: New page: Compile RunCharacter
[2016.06.01-22.28.37:398][684]LogActorComponent: UnregisterComponent: (/Engine/Transient.CharacterMovementComponent_14) Not registered. Aborting.
[2016.06.01-22.28.37:462][684]BlueprintEditorCompileResults: Info [1109.75] Compile of RunCharacter successful! [in 107 ms]
[2016.06.01-22.30.31:632][372]LogBlueprintUserMessages: Early PlayInEditor Detection: Level '/Game/Levels/EndlessRunner.EndlessRunner:PersistentLevel' has LevelScriptBlueprint '/Game/Levels/EndlessRunner.EndlessRunner:PersistentLevel.EndlessRunner' with GeneratedClass '/Game/Levels/EndlessRunner.EndlessRunner_C' with ClassGeneratedBy '/Game/Levels/EndlessRunner.EndlessRunner:PersistentLevel.EndlessRunner'
[2016.06.01-22.30.31:632][372]LogPlayLevel: PlayLevel: No blueprints needed recompiling
[2016.06.01-22.30.31:632][372]PIE: New page: PIE session: EndlessRunner (Jun 1, 2016, 1:30:31 PM)
[2016.06.01-22.30.31:632][372]LogPlayLevel: Creating play world package: /Game/Levels/UEDPIE_0_EndlessRunner
[2016.06.01-22.30.31:634][372]LogPlayLevel: PIE: StaticDuplicateObject took: (0.001753s)
[2016.06.01-22.30.31:634][372]LogAIModule: Creating AISystem for world EndlessRunner
[2016.06.01-22.30.31:635][372]LogPlayLevel: PIE: World Init took: (0.000745s)
[2016.06.01-22.30.31:635][372]LogPlayLevel: PIE: Created PIE world by copying editor world from /Game/Levels/EndlessRunner.EndlessRunner to /Game/Levels/UEDPIE_0_EndlessRunner.EndlessRunner (0.002629s)
[2016.06.01-22.30.31:635][372]LogActorComponent: UnregisterComponent: (/Engine/Transient.CharMoveComp) Not registered. Aborting.
[2016.06.01-22.30.31:649][372]LogInit: XAudio2 using 'SAMSUNG-8 (NVIDIA High Definition Audio)' : 2 channels at 48 kHz using 16 bits per sample (channel mask 0x3)
[2016.06.01-22.30.31:652][372]LogInit: FAudioDevice initialized.
[2016.06.01-22.30.31:686][372]LogWorld: Game class is 'EndlessRunnerGameMode_C'
[2016.06.01-22.30.31:688][372]LogWorld: Bringing World /Game/Levels/UEDPIE_0_EndlessRunner.EndlessRunner up for play (max tick rate 0) at 2016.06.01-18.30.31
[2016.06.01-22.30.31:688][372]LogWorld: Bringing up level for play took: 0.000994
[2016.06.01-22.30.31:689][372]LogSpawn:Warning: SpawnActor failed because no class was specified
[2016.06.01-22.30.31:711][372]PIE: Info Play in editor start time for /Game/Levels/UEDPIE_0_EndlessRunner 0.093
[2016.06.01-22.30.31:711][372]LogBlueprintUserMessages: Late PlayInEditor Detection: Level '/Game/Levels/EndlessRunner.EndlessRunner:PersistentLevel' has LevelScriptBlueprint '/Game/Levels/EndlessRunner.EndlessRunner:PersistentLevel.EndlessRunner' with GeneratedClass '/Game/Levels/EndlessRunner.EndlessRunner_C' with ClassGeneratedBy '/Game/Levels/EndlessRunner.EndlessRunner:PersistentLevel.EndlessRunner'
[2016.06.01-22.30.34:477][693]Cmd: RestartLevel
[2016.06.01-22.30.34:485][694]LogNet: Browse: /Game/Levels/EndlessRunner?restart
[2016.06.01-22.30.34:485][694]LogLoad: LoadMap: /Game/Levels/EndlessRunner
[2016.06.01-22.30.34:497][694]Cmd: MEM
[2016.06.01-22.30.34:507][694]LogMemory: Platform Memory Stats for Windows
[2016.06.01-22.30.34:507][694]LogMemory: Process Physical Memory: 1157.81 MB used, 1157.81 MB peak
[2016.06.01-22.30.34:507][694]LogMemory: Process Virtual Memory: 1660.90 MB used, 1742.34 MB peak
[2016.06.01-22.30.34:507][694]LogMemory: Physical Memory: 7034.33 MB used, 16299.50 MB total
[2016.06.01-22.30.34:507][694]LogMemory: Virtual Memory: 2414.49 MB used, 134217728.00 MB total
[2016.06.01-22.30.34:507][694]LogMemory: 
[2016.06.01-22.30.34:507][694]Allocator Stats for TBB: (not implemented)
[2016.06.01-22.30.34:507][694]LogPlayLevel: Creating play world package: /Game/Levels/UEDPIE_0_EndlessRunner
[2016.06.01-22.30.34:508][694]LogPlayLevel: PIE: StaticDuplicateObject took: (0.001360s)
[2016.06.01-22.30.34:509][694]LogAIModule: Creating AISystem for world EndlessRunner
[2016.06.01-22.30.34:509][694]LogPlayLevel: PIE: World Init took: (0.000512s)
[2016.06.01-22.30.34:509][694]LogPlayLevel: PIE: Created PIE world by copying editor world from /Game/Levels/EndlessRunner.EndlessRunner to /Game/Levels/UEDPIE_0_EndlessRunner.EndlessRunner (0.001987s)
[2016.06.01-22.30.34:509][694]LogWorld: Game class is 'EndlessRunnerGameMode_C'
[2016.06.01-22.30.34:510][694]LogWorld: Bringing World /Game/Levels/UEDPIE_0_EndlessRunner.EndlessRunner up for play (max tick rate 0) at 2016.06.01-18.30.34
[2016.06.01-22.30.34:510][694]LogWorld: Bringing up level for play took: 0.000830
[2016.06.01-22.30.34:511][694]LogSpawn:Warning: SpawnActor failed because no class was specified
[2016.06.01-22.30.34:967][747]LogBlueprintUserMessages: [RunCharacter_C_13] Swiped Left
[2016.06.01-22.30.37:343][ 32]Cmd: RestartLevel
[2016.06.01-22.30.37:351][ 33]LogNet: Browse: /Game/Levels/EndlessRunner?restart
[2016.06.01-22.30.37:351][ 33]LogLoad: LoadMap: /Game/Levels/EndlessRunner
[2016.06.01-22.30.37:363][ 33]Cmd: MEM
[2016.06.01-22.30.37:373][ 33]LogMemory: Platform Memory Stats for Windows
[2016.06.01-22.30.37:373][ 33]LogMemory: Process Physical Memory: 1158.95 MB used, 1160.34 MB peak
[2016.06.01-22.30.37:373][ 33]LogMemory: Process Virtual Memory: 1719.17 MB used, 1742.34 MB peak
[2016.06.01-22.30.37:373][ 33]LogMemory: Physical Memory: 7039.65 MB used, 16299.50 MB total
[2016.06.01-22.30.37:373][ 33]LogMemory: Virtual Memory: 2466.49 MB used, 134217728.00 MB total
[2016.06.01-22.30.37:373][ 33]LogMemory: 
[2016.06.01-22.30.37:373][ 33]Allocator Stats for TBB: (not implemented)
[2016.06.01-22.30.37:373][ 33]LogPlayLevel: Creating play world package: /Game/Levels/UEDPIE_0_EndlessRunner
[2016.06.01-22.30.37:375][ 33]LogPlayLevel: PIE: StaticDuplicateObject took: (0.001599s)
[2016.06.01-22.30.37:375][ 33]LogAIModule: Creating AISystem for world EndlessRunner
[2016.06.01-22.30.37:375][ 33]LogPlayLevel: PIE: World Init took: (0.000378s)
[2016.06.01-22.30.37:375][ 33]LogPlayLevel: PIE: Created PIE world by copying editor world from /Game/Levels/EndlessRunner.EndlessRunner to /Game/Levels/UEDPIE_0_EndlessRunner.EndlessRunner (0.002101s)
[2016.06.01-22.30.37:375][ 33]LogWorld: Game class is 'EndlessRunnerGameMode_C'
[2016.06.01-22.30.37:376][ 33]LogWorld: Bringing World /Game/Levels/UEDPIE_0_EndlessRunner.EndlessRunner up for play (max tick rate 0) at 2016.06.01-18.30.37
[2016.06.01-22.30.37:377][ 33]LogWorld: Bringing up level for play took: 0.000834
[2016.06.01-22.30.37:377][ 33]LogSpawn:Warning: SpawnActor failed because no class was specified
[2016.06.01-22.30.37:697][ 69]LogBlueprintUserMessages: [RunCharacter_C_14] Swiped Right
[2016.06.01-22.30.38:330][145]LogBlueprintUserMessages: [RunCharacter_C_14] Swiped Up
[2016.06.01-22.30.39:064][233]LogBlueprintUserMessages: [RunCharacter_C_14] Swiped Left
[2016.06.01-22.30.39:514][287]LogBlueprintUserMessages: [RunCharacter_C_14] Swiped Left
[2016.06.01-22.30.40:478][402]LogBlueprintUserMessages: [RunCharacter_C_14] Swiped Up
[2016.06.01-22.30.41:425][515]LogBlueprintUserMessages: [RunCharacter_C_14] Swiped Right
[2016.06.01-22.30.42:032][588]LogBlueprintUserMessages: [RunCharacter_C_14] Swiped Up
[2016.06.01-22.30.43:445][757]LogBlueprintUserMessages: Early EndPlayMap Detection: Level '/Game/Levels/EndlessRunner.EndlessRunner:PersistentLevel' has LevelScriptBlueprint '/Game/Levels/EndlessRunner.EndlessRunner:PersistentLevel.EndlessRunner' with GeneratedClass '/Game/Levels/EndlessRunner.EndlessRunner_C' with ClassGeneratedBy '/Game/Levels/EndlessRunner.EndlessRunner:PersistentLevel.EndlessRunner'
[2016.06.01-22.30.43:491][757]LogBlueprintUserMessages: Late EndPlayMap Detection: Level '/Game/Levels/EndlessRunner.EndlessRunner:PersistentLevel' has LevelScriptBlueprint '/Game/Levels/EndlessRunner.EndlessRunner:PersistentLevel.EndlessRunner' with GeneratedClass '/Game/Levels/EndlessRunner.EndlessRunner_C' with ClassGeneratedBy '/Game/Levels/EndlessRunner.EndlessRunner:PersistentLevel.EndlessRunner'
[2016.06.01-22.32.30:972][330]LogBlueprintUserMessages: Early PlayInEditor Detection: Level '/Game/Levels/EndlessRunner.EndlessRunner:PersistentLevel' has LevelScriptBlueprint '/Game/Levels/EndlessRunner.EndlessRunner:PersistentLevel.EndlessRunner' with GeneratedClass '/Game/Levels/EndlessRunner.EndlessRunner_C' with ClassGeneratedBy '/Game/Levels/EndlessRunner.EndlessRunner:PersistentLevel.EndlessRunner'
[2016.06.01-22.32.30:972][330]LogPlayLevel: PlayLevel: No blueprints needed recompiling
[2016.06.01-22.32.30:972][330]PIE: New page: PIE session: EndlessRunner (Jun 1, 2016, 1:32:30 PM)
[2016.06.01-22.32.30:972][330]LogPlayLevel: Creating play world package: /Game/Levels/UEDPIE_0_EndlessRunner
[2016.06.01-22.32.30:973][330]LogPlayLevel: PIE: StaticDuplicateObject took: (0.001584s)
[2016.06.01-22.32.30:974][330]LogAIModule: Creating AISystem for world EndlessRunner
[2016.06.01-22.32.30:974][330]LogPlayLevel: PIE: World Init took: (0.000707s)
[2016.06.01-22.32.30:974][330]LogPlayLevel: PIE: Created PIE world by copying editor world from /Game/Levels/EndlessRunner.EndlessRunner to /Game/Levels/UEDPIE_0_EndlessRunner.EndlessRunner (0.002426s)
[2016.06.01-22.32.30:988][330]LogInit: XAudio2 using 'SAMSUNG-8 (NVIDIA High Definition Audio)' : 2 channels at 48 kHz using 16 bits per sample (channel mask 0x3)
[2016.06.01-22.32.30:991][330]LogInit: FAudioDevice initialized.
[2016.06.01-22.32.31:026][330]LogWorld: Game class is 'EndlessRunnerGameMode_C'
[2016.06.01-22.32.31:027][330]LogWorld: Bringing World /Game/Levels/UEDPIE_0_EndlessRunner.EndlessRunner up for play (max tick rate 0) at 2016.06.01-18.32.31
[2016.06.01-22.32.31:028][330]LogWorld: Bringing up level for play took: 0.000918
[2016.06.01-22.32.31:028][330]LogSpawn:Warning: SpawnActor failed because no class was specified
[2016.06.01-22.32.31:052][330]PIE: Info Play in editor start time for /Game/Levels/UEDPIE_0_EndlessRunner -0.566
[2016.06.01-22.32.31:052][330]LogBlueprintUserMessages: Late PlayInEditor Detection: Level '/Game/Levels/EndlessRunner.EndlessRunner:PersistentLevel' has LevelScriptBlueprint '/Game/Levels/EndlessRunner.EndlessRunner:PersistentLevel.EndlessRunner' with GeneratedClass '/Game/Levels/EndlessRunner.EndlessRunner_C' with ClassGeneratedBy '/Game/Levels/EndlessRunner.EndlessRunner:PersistentLevel.EndlessRunner'
[2016.06.01-22.32.32:174][459]LogBlueprintUserMessages: [RunCharacter_C_15] Swiped Right
[2016.06.01-22.32.32:717][524]LogBlueprintUserMessages: [RunCharacter_C_15] Swiped Up
[2016.06.01-22.32.33:842][659]LogBlueprintUserMessages: [RunCharacter_C_15] Swiped Left
[2016.06.01-22.32.34:484][736]LogBlueprintUserMessages: [RunCharacter_C_15] Swiped Left
[2016.06.01-22.32.35:620][872]LogBlueprintUserMessages: [RunCharacter_C_15] Swiped Up
[2016.06.01-22.32.36:350][959]LogBlueprintUserMessages: [RunCharacter_C_15] Swiped Right
[2016.06.01-22.32.40:738][481]LogBlueprintUserMessages: Early EndPlayMap Detection: Level '/Game/Levels/EndlessRunner.EndlessRunner:PersistentLevel' has LevelScriptBlueprint '/Game/Levels/EndlessRunner.EndlessRunner:PersistentLevel.EndlessRunner' with GeneratedClass '/Game/Levels/EndlessRunner.EndlessRunner_C' with ClassGeneratedBy '/Game/Levels/EndlessRunner.EndlessRunner:PersistentLevel.EndlessRunner'
[2016.06.01-22.32.40:782][481]LogBlueprintUserMessages: Late EndPlayMap Detection: Level '/Game/Levels/EndlessRunner.EndlessRunner:PersistentLevel' has LevelScriptBlueprint '/Game/Levels/EndlessRunner.EndlessRunner:PersistentLevel.EndlessRunner' with GeneratedClass '/Game/Levels/EndlessRunner.EndlessRunner_C' with ClassGeneratedBy '/Game/Levels/EndlessRunner.EndlessRunner:PersistentLevel.EndlessRunner'
[2016.06.01-22.32.43:441][796]LogBlueprintUserMessages: Early PlayInEditor Detection: Level '/Game/Levels/EndlessRunner.EndlessRunner:PersistentLevel' has LevelScriptBlueprint '/Game/Levels/EndlessRunner.EndlessRunner:PersistentLevel.EndlessRunner' with GeneratedClass '/Game/Levels/EndlessRunner.EndlessRunner_C' with ClassGeneratedBy '/Game/Levels/EndlessRunner.EndlessRunner:PersistentLevel.EndlessRunner'
[2016.06.01-22.32.43:441][796]LogPlayLevel: PlayLevel: No blueprints needed recompiling
[2016.06.01-22.32.43:442][796]PIE: New page: PIE session: EndlessRunner (Jun 1, 2016, 1:32:43 PM)
[2016.06.01-22.32.43:442][796]LogPlayLevel: Creating play world package: /Game/Levels/UEDPIE_0_EndlessRunner
[2016.06.01-22.32.43:443][796]LogPlayLevel: PIE: StaticDuplicateObject took: (0.001531s)
[2016.06.01-22.32.43:444][796]LogAIModule: Creating AISystem for world EndlessRunner
[2016.06.01-22.32.43:444][796]LogPlayLevel: PIE: World Init took: (0.000549s)
[2016.06.01-22.32.43:444][796]LogPlayLevel: PIE: Created PIE world by copying editor world from /Game/Levels/EndlessRunner.EndlessRunner to /Game/Levels/UEDPIE_0_EndlessRunner.EndlessRunner (0.002263s)
[2016.06.01-22.32.43:457][796]LogInit: XAudio2 using 'SAMSUNG-8 (NVIDIA High Definition Audio)' : 2 channels at 48 kHz using 16 bits per sample (channel mask 0x3)
[2016.06.01-22.32.43:460][796]LogInit: FAudioDevice initialized.
[2016.06.01-22.32.43:490][796]LogWorld: Game class is 'EndlessRunnerGameMode_C'
[2016.06.01-22.32.43:492][796]LogWorld: Bringing World /Game/Levels/UEDPIE_0_EndlessRunner.EndlessRunner up for play (max tick rate 0) at 2016.06.01-18.32.43
[2016.06.01-22.32.43:492][796]LogWorld: Bringing up level for play took: 0.000931
[2016.06.01-22.32.43:493][796]LogSpawn:Warning: SpawnActor failed because no class was specified
[2016.06.01-22.32.43:511][796]PIE: Info Play in editor start time for /Game/Levels/UEDPIE_0_EndlessRunner -0.107
[2016.06.01-22.32.43:511][796]LogBlueprintUserMessages: Late PlayInEditor Detection: Level '/Game/Levels/EndlessRunner.EndlessRunner:PersistentLevel' has LevelScriptBlueprint '/Game/Levels/EndlessRunner.EndlessRunner:PersistentLevel.EndlessRunner' with GeneratedClass '/Game/Levels/EndlessRunner.EndlessRunner_C' with ClassGeneratedBy '/Game/Levels/EndlessRunner.EndlessRunner:PersistentLevel.EndlessRunner'
[2016.06.01-22.32.44:463][910]LogBlueprintUserMessages: [RunCharacter_C_16] Swiped Right
[2016.06.01-22.32.44:913][964]LogBlueprintUserMessages: [RunCharacter_C_16] Swiped Left
[2016.06.01-22.32.45:305][ 11]LogBlueprintUserMessages: [RunCharacter_C_16] Swiped Up
[2016.06.01-22.32.46:297][130]LogBlueprintUserMessages: [RunCharacter_C_16] Swiped Up
[2016.06.01-22.32.46:805][191]LogBlueprintUserMessages: [RunCharacter_C_16] Swiped Right
[2016.06.01-22.32.48:970][448]LogBlueprintUserMessages: [RunCharacter_C_16] Swiped Left
[2016.06.01-22.32.49:836][552]LogBlueprintUserMessages: [RunCharacter_C_16] Swiped Up
[2016.06.01-22.32.50:461][627]LogBlueprintUserMessages: [RunCharacter_C_16] Swiped Left
[2016.06.01-22.32.52:053][818]LogBlueprintUserMessages: [RunCharacter_C_16] Swiped Right
[2016.06.01-22.32.52:411][861]LogBlueprintUserMessages: [RunCharacter_C_16] Swiped Right
[2016.06.01-22.32.52:745][901]LogBlueprintUserMessages: [RunCharacter_C_16] Swiped Up
[2016.06.01-22.32.54:020][ 54]LogBlueprintUserMessages: [RunCharacter_C_16] Swiped Up
[2016.06.01-22.32.56:203][316]LogBlueprintUserMessages: [RunCharacter_C_16] Swiped Left
[2016.06.01-22.32.57:003][412]LogBlueprintUserMessages: [RunCharacter_C_16] Swiped Up
[2016.06.01-22.32.58:112][545]LogBlueprintUserMessages: [RunCharacter_C_16] Swiped Up
[2016.06.01-22.32.59:445][705]LogBlueprintUserMessages: [RunCharacter_C_16] Swiped Right
[2016.06.01-22.33.00:127][787]LogBlueprintUserMessages: [RunCharacter_C_16] Swiped Up
[2016.06.01-22.33.04:161][271]Cmd: RestartLevel
[2016.06.01-22.33.04:169][272]LogNet: Browse: /Game/Levels/EndlessRunner?restart
[2016.06.01-22.33.04:169][272]LogLoad: LoadMap: /Game/Levels/EndlessRunner
[2016.06.01-22.33.04:183][272]Cmd: MEM
[2016.06.01-22.33.04:193][272]LogMemory: Platform Memory Stats for Windows
[2016.06.01-22.33.04:193][272]LogMemory: Process Physical Memory: 1183.82 MB used, 1184.91 MB peak
[2016.06.01-22.33.04:193][272]LogMemory: Process Virtual Memory: 1734.74 MB used, 1742.34 MB peak
[2016.06.01-22.33.04:193][272]LogMemory: Physical Memory: 7047.96 MB used, 16299.50 MB total
[2016.06.01-22.33.04:193][272]LogMemory: Virtual Memory: 2511.00 MB used, 134217728.00 MB total
[2016.06.01-22.33.04:193][272]LogMemory: 
[2016.06.01-22.33.04:193][272]Allocator Stats for TBB: (not implemented)
[2016.06.01-22.33.04:193][272]LogPlayLevel: Creating play world package: /Game/Levels/UEDPIE_0_EndlessRunner
[2016.06.01-22.33.04:194][272]LogPlayLevel: PIE: StaticDuplicateObject took: (0.001563s)
[2016.06.01-22.33.04:195][272]LogAIModule: Creating AISystem for world EndlessRunner
[2016.06.01-22.33.04:195][272]LogPlayLevel: PIE: World Init took: (0.000648s)
[2016.06.01-22.33.04:195][272]LogPlayLevel: PIE: Created PIE world by copying editor world from /Game/Levels/EndlessRunner.EndlessRunner to /Game/Levels/UEDPIE_0_EndlessRunner.EndlessRunner (0.002354s)
[2016.06.01-22.33.04:195][272]LogWorld: Game class is 'EndlessRunnerGameMode_C'
[2016.06.01-22.33.04:197][272]LogWorld: Bringing World /Game/Levels/UEDPIE_0_EndlessRunner.EndlessRunner up for play (max tick rate 0) at 2016.06.01-18.33.04
[2016.06.01-22.33.04:197][272]LogWorld: Bringing up level for play took: 0.000897
[2016.06.01-22.33.04:197][272]LogSpawn:Warning: SpawnActor failed because no class was specified
[2016.06.01-22.33.04:986][365]LogBlueprintUserMessages: [RunCharacter_C_17] Swiped Left
[2016.06.01-22.33.05:487][425]LogBlueprintUserMessages: [RunCharacter_C_17] Swiped Right
[2016.06.01-22.33.06:337][527]LogBlueprintUserMessages: [RunCharacter_C_17] Swiped Left
[2016.06.01-22.33.08:429][778]Cmd: RestartLevel
[2016.06.01-22.33.08:437][779]LogNet: Browse: /Game/Levels/EndlessRunner?restart
[2016.06.01-22.33.08:437][779]LogLoad: LoadMap: /Game/Levels/EndlessRunner
[2016.06.01-22.33.08:448][779]Cmd: MEM
[2016.06.01-22.33.08:459][779]LogMemory: Platform Memory Stats for Windows
[2016.06.01-22.33.08:459][779]LogMemory: Process Physical Memory: 1175.07 MB used, 1185.78 MB peak
[2016.06.01-22.33.08:459][779]LogMemory: Process Virtual Memory: 1689.68 MB used, 1831.93 MB peak
[2016.06.01-22.33.08:459][779]LogMemory: Physical Memory: 7043.79 MB used, 16299.50 MB total
[2016.06.01-22.33.08:459][779]LogMemory: Virtual Memory: 2564.63 MB used, 134217728.00 MB total
[2016.06.01-22.33.08:459][779]LogMemory: 
[2016.06.01-22.33.08:459][779]Allocator Stats for TBB: (not implemented)
[2016.06.01-22.33.08:459][779]LogPlayLevel: Creating play world package: /Game/Levels/UEDPIE_0_EndlessRunner
[2016.06.01-22.33.08:461][779]LogPlayLevel: PIE: StaticDuplicateObject took: (0.001594s)
[2016.06.01-22.33.08:461][779]LogAIModule: Creating AISystem for world EndlessRunner
[2016.06.01-22.33.08:461][779]LogPlayLevel: PIE: World Init took: (0.000387s)
[2016.06.01-22.33.08:461][779]LogPlayLevel: PIE: Created PIE world by copying editor world from /Game/Levels/EndlessRunner.EndlessRunner to /Game/Levels/UEDPIE_0_EndlessRunner.EndlessRunner (0.002107s)
[2016.06.01-22.33.08:461][779]LogWorld: Game class is 'EndlessRunnerGameMode_C'
[2016.06.01-22.33.08:463][779]LogWorld: Bringing World /Game/Levels/UEDPIE_0_EndlessRunner.EndlessRunner up for play (max tick rate 0) at 2016.06.01-18.33.08
[2016.06.01-22.33.08:463][779]LogWorld: Bringing up level for play took: 0.000850
[2016.06.01-22.33.08:463][779]LogSpawn:Warning: SpawnActor failed because no class was specified
[2016.06.01-22.33.08:947][835]LogBlueprintUserMessages: [RunCharacter_C_18] Swiped Left
[2016.06.01-22.33.10:196][985]LogBlueprintUserMessages: [RunCharacter_C_18] Swiped Right
[2016.06.01-22.33.11:005][ 82]LogBlueprintUserMessages: [RunCharacter_C_18] Swiped Left
[2016.06.01-22.33.11:888][188]LogBlueprintUserMessages: [RunCharacter_C_18] Swiped Up
[2016.06.01-22.33.12:772][294]LogBlueprintUserMessages: [RunCharacter_C_18] Swiped Right
[2016.06.01-22.33.13:296][357]LogBlueprintUserMessages: [RunCharacter_C_18] Swiped Right
[2016.06.01-22.33.13:730][409]LogBlueprintUserMessages: [RunCharacter_C_18] Swiped Left
[2016.06.01-22.33.14:280][475]LogBlueprintUserMessages: [RunCharacter_C_18] Swiped Left
[2016.06.01-22.33.15:238][590]LogBlueprintUserMessages: [RunCharacter_C_18] Swiped Right
[2016.06.01-22.33.15:897][669]LogBlueprintUserMessages: [RunCharacter_C_18] Swiped Left
[2016.06.01-22.33.19:321][ 79]LogBlueprintUserMessages: [RunCharacter_C_18] Swiped Right
[2016.06.01-22.33.19:671][121]LogBlueprintUserMessages: [RunCharacter_C_18] Swiped Right
[2016.06.01-22.33.20:096][172]LogBlueprintUserMessages: [RunCharacter_C_18] Swiped Up
[2016.06.01-22.33.22:521][463]LogBlueprintUserMessages: [RunCharacter_C_18] Swiped Left
[2016.06.01-22.33.23:063][528]LogBlueprintUserMessages: [RunCharacter_C_18] Swiped Left
[2016.06.01-22.33.23:797][616]LogBlueprintUserMessages: [RunCharacter_C_18] Swiped Right
[2016.06.01-22.33.25:046][766]LogBlueprintUserMessages: [RunCharacter_C_18] Swiped Up
[2016.06.01-22.33.27:588][ 71]LogBlueprintUserMessages: [RunCharacter_C_18] Swiped Left
[2016.06.01-22.33.28:213][146]LogBlueprintUserMessages: [RunCharacter_C_18] Swiped Up
[2016.06.01-22.33.28:754][211]LogBlueprintUserMessages: [RunCharacter_C_18] Swiped Right
[2016.06.01-22.33.29:854][343]LogBlueprintUserMessages: [RunCharacter_C_18] Swiped Right
[2016.06.01-22.33.30:130][376]LogBlueprintUserMessages: [RunCharacter_C_18] Swiped Up
[2016.06.01-22.33.30:788][455]LogBlueprintUserMessages: [RunCharacter_C_18] Swiped Left
[2016.06.01-22.33.31:888][587]LogBlueprintUserMessages: [RunCharacter_C_18] Swiped Up
[2016.06.01-22.33.32:505][660]LogBlueprintUserMessages: [RunCharacter_C_18] Swiped Right
[2016.06.01-22.33.33:013][721]LogBlueprintUserMessages: [RunCharacter_C_18] Swiped Up
[2016.06.01-22.33.33:589][790]LogBlueprintUserMessages: [RunCharacter_C_18] Swiped Left
[2016.06.01-22.33.33:988][838]LogBlueprintUserMessages: [RunCharacter_C_18] Swiped Left
[2016.06.01-22.33.34:513][901]LogBlueprintUserMessages: [RunCharacter_C_18] Swiped Right
[2016.06.01-22.33.35:221][986]LogBlueprintUserMessages: [RunCharacter_C_18] Swiped Left
[2016.06.01-22.33.35:647][ 37]LogBlueprintUserMessages: [RunCharacter_C_18] Swiped Right
[2016.06.01-22.33.36:071][ 88]LogBlueprintUserMessages: [RunCharacter_C_18] Swiped Right
[2016.06.01-22.33.38:213][345]Cmd: RestartLevel
[2016.06.01-22.33.38:220][346]LogNet: Browse: /Game/Levels/EndlessRunner?restart
[2016.06.01-22.33.38:221][346]LogLoad: LoadMap: /Game/Levels/EndlessRunner
[2016.06.01-22.33.38:235][346]Cmd: MEM
[2016.06.01-22.33.38:245][346]LogMemory: Platform Memory Stats for Windows
[2016.06.01-22.33.38:245][346]LogMemory: Process Physical Memory: 1173.79 MB used, 1185.78 MB peak
[2016.06.01-22.33.38:245][346]LogMemory: Process Virtual Memory: 1683.96 MB used, 1831.93 MB peak
[2016.06.01-22.33.38:245][346]LogMemory: Physical Memory: 7039.08 MB used, 16299.50 MB total
[2016.06.01-22.33.38:245][346]LogMemory: Virtual Memory: 2521.44 MB used, 134217728.00 MB total
[2016.06.01-22.33.38:245][346]LogMemory: 
[2016.06.01-22.33.38:245][346]Allocator Stats for TBB: (not implemented)
[2016.06.01-22.33.38:245][346]LogPlayLevel: Creating play world package: /Game/Levels/UEDPIE_0_EndlessRunner
[2016.06.01-22.33.38:246][346]LogPlayLevel: PIE: StaticDuplicateObject took: (0.001592s)
[2016.06.01-22.33.38:247][346]LogAIModule: Creating AISystem for world EndlessRunner
[2016.06.01-22.33.38:247][346]LogPlayLevel: PIE: World Init took: (0.000412s)
[2016.06.01-22.33.38:247][346]LogPlayLevel: PIE: Created PIE world by copying editor world from /Game/Levels/EndlessRunner.EndlessRunner to /Game/Levels/UEDPIE_0_EndlessRunner.EndlessRunner (0.002124s)
[2016.06.01-22.33.38:247][346]LogWorld: Game class is 'EndlessRunnerGameMode_C'
[2016.06.01-22.33.38:248][346]LogWorld: Bringing World /Game/Levels/UEDPIE_0_EndlessRunner.EndlessRunner up for play (max tick rate 0) at 2016.06.01-18.33.38
[2016.06.01-22.33.38:249][346]LogWorld: Bringing up level for play took: 0.000880
[2016.06.01-22.33.38:249][346]LogSpawn:Warning: SpawnActor failed because no class was specified
[2016.06.01-22.33.39:571][502]LogBlueprintUserMessages: Early EndPlayMap Detection: Level '/Game/Levels/EndlessRunner.EndlessRunner:PersistentLevel' has LevelScriptBlueprint '/Game/Levels/EndlessRunner.EndlessRunner:PersistentLevel.EndlessRunner' with GeneratedClass '/Game/Levels/EndlessRunner.EndlessRunner_C' with ClassGeneratedBy '/Game/Levels/EndlessRunner.EndlessRunner:PersistentLevel.EndlessRunner'
[2016.06.01-22.33.39:625][502]LogBlueprintUserMessages: Late EndPlayMap Detection: Level '/Game/Levels/EndlessRunner.EndlessRunner:PersistentLevel' has LevelScriptBlueprint '/Game/Levels/EndlessRunner.EndlessRunner:PersistentLevel.EndlessRunner' with GeneratedClass '/Game/Levels/EndlessRunner.EndlessRunner_C' with ClassGeneratedBy '/Game/Levels/EndlessRunner.EndlessRunner:PersistentLevel.EndlessRunner'
[2016.06.01-22.34.45:318][355]LogFileHelpers: Editor autosave (incl. sublevels) for '/Game/Levels/EndlessRunner' took 0.010
[2016.06.01-22.34.45:321][355]OBJ SavePackage: Generating thumbnails for [1] asset(s) in package [/Game/Blueprints/Characters/RunCharacter] ([1] browsable assets)...
[2016.06.01-22.34.45:332][355]OBJ SavePackage:     Rendered thumbnail for [Blueprint /Game/Blueprints/Characters/RunCharacter.RunCharacter]
[2016.06.01-22.34.45:332][355]OBJ SavePackage: Finished generating thumbnails for package [/Game/Blueprints/Characters/RunCharacter]
[2016.06.01-22.34.45:468][355]LogSavePackage: Save=126.75ms
[2016.06.01-22.34.45:468][355]LogSavePackage: Moving '../../../../../../Documents/Developer/Repositories/Bouturon/Saved/RunCharacter_Auto2B5223F3043771D810D0532B26AFC78EF.tmp' to '../../../../../../Documents/Developer/Repositories/Bouturon/Saved/Autosaves/Game/Blueprints/Characters/RunCharacter_Auto2.uasset'
[2016.06.01-22.34.45:468][355]LogSavePackage: Total save time: 134.28ms
[2016.06.01-22.34.45:468][355]LogSavePackage:Display: Finished SavePackage ../../../../../../Documents/Developer/Repositories/Bouturon/Saved/Autosaves/Game/Blueprints/Characters/RunCharacter_Auto2.uasset
[2016.06.01-22.34.45:468][355]LogFileHelpers: Auto-saving content packages took 0.150
[2016.06.01-23.03.40:999][575]LogActorComponent: UnregisterComponent: (/Engine/Transient.CharMoveComp) Not registered. Aborting.
[2016.06.01-23.03.44:060][575]Cmd: OBJ SAVEPACKAGE PACKAGE="/Game/Blueprints/Characters/RunCharacter" FILE="../../../../../../Documents/Developer/Repositories/Bouturon/Content/Blueprints/Characters/RunCharacter.uasset" SILENT=true
[2016.06.01-23.03.44:191][575]LogSavePackage: Save=123.18ms
[2016.06.01-23.03.44:191][575]LogSavePackage: Moving '../../../../../../Documents/Developer/Repositories/Bouturon/Saved/RunCharacter203CB91149C1159C9220A5AED135CDD8.tmp' to '../../../../../../Documents/Developer/Repositories/Bouturon/Content/Blueprints/Characters/RunCharacter.uasset'
[2016.06.01-23.03.44:193][575]LogSavePackage: Total save time: 132.07ms
[2016.06.01-23.03.44:193][575]LogSavePackage:Display: Finished SavePackage ../../../../../../Documents/Developer/Repositories/Bouturon/Content/Blueprints/Characters/RunCharacter.uasset
[2016.06.01-23.03.44:472][576]Cmd: QUIT_EDITOR
[2016.06.01-23.03.44:701][576]LogWindowsTextInputMethodSystem:Display: IME system now deactivated.
[2016.06.01-23.03.44:701][576]LogWindowsTextInputMethodSystem:Display: IME system now deactivated.
[2016.06.01-23.03.44:731][576]LogExit: Preparing to exit.
[2016.06.01-23.03.45:870][576]LogExit: Editor shut down
[2016.06.01-23.03.45:871][576]LogExit: Transaction tracking system shut down
[2016.06.01-23.03.45:963][576]LogObj: Freed 0b from 0 cluster array pools.
[2016.06.01-23.03.45:963][576]LogExit: Object subsystem successfully closed.
[2016.06.01-23.03.45:977][576]LogD3D11RHI: Shutdown
[2016.06.01-23.03.45:977][576]LogD3D11RHI: CleanupD3DDevice
[2016.06.01-23.03.46:035][576]LogD3D11RHI: ~FD3D11DynamicRHI
[2016.06.01-23.03.46:078][576]LogDerivedDataCache: Shutdown
[2016.06.01-23.03.46:078][576]LogModuleManager: Shutting down and abandoning module BlueprintGraph (206)
[2016.06.01-23.03.46:078][576]LogModuleManager: Shutting down and abandoning module StatsViewer (205)
[2016.06.01-23.03.46:078][576]LogModuleManager: Shutting down and abandoning module MovieSceneCapture (204)
[2016.06.01-23.03.46:078][576]LogModuleManager: Shutting down and abandoning module HierarchicalLODOutliner (203)
[2016.06.01-23.03.46:078][576]LogModuleManager: Shutting down and abandoning module CrashTracker (202)
[2016.06.01-23.03.46:078][576]LogModuleManager: Shutting down and abandoning module SceneOutliner (201)
[2016.06.01-23.03.46:078][576]LogModuleManager: Shutting down and abandoning module SuperSearch (200)
[2016.06.01-23.03.46:078][576]LogModuleManager: Shutting down and abandoning module WidgetCarousel (199)
[2016.06.01-23.03.46:078][576]LogModuleManager: Shutting down and abandoning module AddContentDialog (198)
[2016.06.01-23.03.46:079][576]LogModuleManager: Shutting down and abandoning module GameplayTags (197)
[2016.06.01-23.03.46:079][576]LogModuleManager: Shutting down and abandoning module EditorWidgets (196)
[2016.06.01-23.03.46:079][576]LogModuleManager: Shutting down and abandoning module CollectionManager (195)
[2016.06.01-23.03.46:079][576]LogModuleManager: Shutting down and abandoning module FoliageEdit (194)
[2016.06.01-23.03.46:079][576]LogModuleManager: Shutting down and abandoning module LandscapeEditor (193)
[2016.06.01-23.03.46:079][576]LogModuleManager: Shutting down and abandoning module ActorPickerMode (192)
[2016.06.01-23.03.46:079][576]LogModuleManager: Shutting down and abandoning module GeometryMode (191)
[2016.06.01-23.03.46:079][576]LogModuleManager: Shutting down and abandoning module TextureAlignMode (190)
[2016.06.01-23.03.46:079][576]LogModuleManager: Shutting down and abandoning module BspMode (189)
[2016.06.01-23.03.46:079][576]LogModuleManager: Shutting down and abandoning module PlacementMode (188)
[2016.06.01-23.03.46:079][576]LogModuleManager: Shutting down and abandoning module AutomationWorker (187)
[2016.06.01-23.03.46:079][576]LogModuleManager: Shutting down and abandoning module CharacterAI (186)
[2016.06.01-23.03.46:079][576]LogModuleManager: Shutting down and abandoning module SmartSnapping (185)
[2016.06.01-23.03.46:079][576]LogModuleManager: Shutting down and abandoning module ViewportSnapping (184)
[2016.06.01-23.03.46:079][576]LogModuleManager: Shutting down and abandoning module LogVisualizer (183)
[2016.06.01-23.03.46:079][576]LogModuleManager: Shutting down and abandoning module GameProjectGeneration (182)
[2016.06.01-23.03.46:079][576]LogModuleManager: Shutting down and abandoning module IntroTutorials (181)
[2016.06.01-23.03.46:079][576]LogModuleManager: Shutting down and abandoning module EditorLiveStreaming (180)
[2016.06.01-23.03.46:079][576]LogModuleManager: Shutting down and abandoning module IOSPlatformEditor (179)
[2016.06.01-23.03.46:079][576]LogModuleManager: Shutting down and abandoning module HTML5PlatformEditor (178)
[2016.06.01-23.03.46:079][576]LogModuleManager: Shutting down and abandoning module AndroidDeviceDetection (177)
[2016.06.01-23.03.46:370][576]LogModuleManager: Shutting down and abandoning module AndroidPlatformEditor (176)
[2016.06.01-23.03.46:370][576]LogModuleManager: Shutting down and abandoning module IOSRuntimeSettings (175)
[2016.06.01-23.03.46:370][576]LogModuleManager: Shutting down and abandoning module AndroidRuntimeSettings (174)
[2016.06.01-23.03.46:370][576]LogModuleManager: Shutting down and abandoning module MergeActors (173)
[2016.06.01-23.03.46:370][576]LogModuleManager: Shutting down and abandoning module SizeMap (172)
[2016.06.01-23.03.46:370][576]LogModuleManager: Shutting down and abandoning module TreeMap (171)
[2016.06.01-23.03.46:370][576]LogModuleManager: Shutting down and abandoning module ReferenceViewer (170)
[2016.06.01-23.03.46:370][576]LogModuleManager: Shutting down and abandoning module LocalizationService (169)
[2016.06.01-23.03.46:370][576]LogModuleManager: Shutting down and abandoning module LocalizationDashboard (168)
[2016.06.01-23.03.46:370][576]LogModuleManager: Shutting down and abandoning module HardwareTargeting (167)
[2016.06.01-23.03.46:370][576]LogModuleManager: Shutting down and abandoning module DeviceProfileEditor (166)
[2016.06.01-23.03.46:370][576]LogModuleManager: Shutting down and abandoning module UndoHistory (165)
[2016.06.01-23.03.46:370][576]LogModuleManager: Shutting down and abandoning module UserFeedback (164)
[2016.06.01-23.03.46:370][576]LogModuleManager: Shutting down and abandoning module XmlParser (163)
[2016.06.01-23.03.46:370][576]LogModuleManager: Shutting down and abandoning module Blutility (162)
[2016.06.01-23.03.46:370][576]LogModuleManager: Shutting down and abandoning module ProjectTargetPlatformEditor (161)
[2016.06.01-23.03.46:370][576]LogModuleManager: Shutting down and abandoning module ProjectSettingsViewer (160)
[2016.06.01-23.03.46:370][576]LogModuleManager: Shutting down and abandoning module InputBindingEditor (159)
[2016.06.01-23.03.46:370][576]LogModuleManager: Shutting down and abandoning module EditorSettingsViewer (158)
[2016.06.01-23.03.46:370][576]LogModuleManager: Shutting down and abandoning module SettingsEditor (157)
[2016.06.01-23.03.46:370][576]LogModuleManager: Shutting down and abandoning module ProjectLauncher (156)
[2016.06.01-23.03.46:370][576]LogModuleManager: Shutting down and abandoning module SessionFrontend (155)
[2016.06.01-23.03.46:370][576]LogModuleManager: Shutting down and abandoning module ProfilerClient (154)
[2016.06.01-23.03.46:370][576]LogModuleManager: Shutting down and abandoning module TargetDeviceServices (153)
[2016.06.01-23.03.46:370][576]LogModuleManager: Shutting down and abandoning module DeviceManager (152)
[2016.06.01-23.03.46:404][576]LogModuleManager: Shutting down and abandoning module AutomationController (151)
[2016.06.01-23.03.46:404][576]LogModuleManager: Shutting down and abandoning module AutomationWindow (150)
[2016.06.01-23.03.46:404][576]LogModuleManager: Shutting down and abandoning module Layers (149)
[2016.06.01-23.03.46:404][576]LogModuleManager: Shutting down and abandoning module ComponentVisualizers (148)
[2016.06.01-23.03.46:404][576]LogModuleManager: Shutting down and abandoning module DetailCustomizations (147)
[2016.06.01-23.03.46:404][576]LogModuleManager: Shutting down and abandoning module PackagesDialog (146)
[2016.06.01-23.03.46:404][576]LogModuleManager: Shutting down and abandoning module Persona (145)
[2016.06.01-23.03.46:404][576]LogModuleManager: Shutting down and abandoning module Kismet (144)
[2016.06.01-23.03.46:404][576]LogModuleManager: Shutting down and abandoning module GraphEditor (143)
[2016.06.01-23.03.46:404][576]LogModuleManager: Shutting down and abandoning module ClassViewer (142)
[2016.06.01-23.03.46:404][576]LogModuleManager: Shutting down and abandoning module Toolbox (141)
[2016.06.01-23.03.46:404][576]LogModuleManager: Shutting down and abandoning module ModuleUI (140)
[2016.06.01-23.03.46:404][576]LogModuleManager: Shutting down and abandoning module MovieSceneTools (139)
[2016.06.01-23.03.46:404][576]LogModuleManager: Shutting down and abandoning module OutputLog (138)
[2016.06.01-23.03.46:404][576]LogModuleManager: Shutting down and abandoning module GammaUI (137)
[2016.06.01-23.03.46:404][576]LogModuleManager: Shutting down and abandoning module Documentation (136)
[2016.06.01-23.03.46:404][576]LogModuleManager: Shutting down and abandoning module StreamingPauseRendering (135)
[2016.06.01-23.03.46:404][576]LogModuleManager: Shutting down and abandoning module AnalyticsET (134)
[2016.06.01-23.03.46:404][576]LogModuleManager: Shutting down and abandoning module Analytics (133)
[2016.06.01-23.03.46:404][576]LogModuleManager: Shutting down and abandoning module PortalServices (132)
[2016.06.01-23.03.46:404][576]LogModuleManager: Shutting down and abandoning module PortalRpc (131)
[2016.06.01-23.03.46:404][576]LogModuleManager: Shutting down and abandoning module MessagingRpc (130)
[2016.06.01-23.03.46:404][576]LogModuleManager: Shutting down and abandoning module AITestSuite (129)
[2016.06.01-23.03.46:404][576]LogModuleManager: Shutting down and abandoning module GameplayDebugger (128)
[2016.06.01-23.03.46:404][576]LogModuleManager: Shutting down and abandoning module AIModule (127)
[2016.06.01-23.03.46:404][576]LogModuleManager: Shutting down and abandoning module ProfilerService (126)
[2016.06.01-23.03.46:464][576]LogModuleManager: Shutting down and abandoning module TaskGraph (125)
[2016.06.01-23.03.46:464][576]LogModuleManager: Shutting down and abandoning module SlateRemote (124)
[2016.06.01-23.03.46:464][576]LogModuleManager: Shutting down and abandoning module SteamVRController (123)
[2016.06.01-23.03.46:464][576]LogModuleManager: Shutting down and abandoning module SteamVR (122)
[2016.06.01-23.03.46:464][576]LogModuleManager: Shutting down and abandoning module ProceduralMeshComponent (121)
[2016.06.01-23.03.46:464][576]LogModuleManager: Shutting down and abandoning module OculusLibrary (120)
[2016.06.01-23.03.46:464][576]LogModuleManager: Shutting down and abandoning module OculusInput (119)
[2016.06.01-23.03.46:464][576]LogModuleManager: Shutting down and abandoning module CustomMeshComponent (118)
[2016.06.01-23.03.46:464][576]LogModuleManager: Shutting down and abandoning module CableComponent (117)
[2016.06.01-23.03.46:464][576]LogModuleManager: Shutting down and abandoning module ArchVisCharacter (116)
[2016.06.01-23.03.46:464][576]LogModuleManager: Shutting down and abandoning module MediaPlayerEditor (115)
[2016.06.01-23.03.46:464][576]LogModuleManager: Shutting down and abandoning module HTML5Networking (114)
[2016.06.01-23.03.46:464][576]LogModuleManager: Shutting down and abandoning module SpeedTreeImporter (113)
[2016.06.01-23.03.46:464][576]LogModuleManager: Shutting down and abandoning module PluginBrowser (112)
[2016.06.01-23.03.46:464][576]LogModuleManager: Shutting down and abandoning module EpicSurvey (111)
[2016.06.01-23.03.46:464][576]LogModuleManager: Shutting down and abandoning module DesktopPlatform (110)
[2016.06.01-23.03.46:464][576]LogModuleManager: Shutting down and abandoning module VisualStudioSourceCodeAccess (109)
[2016.06.01-23.03.46:464][576]LogModuleManager: Shutting down and abandoning module UObjectPlugin (108)
[2016.06.01-23.03.46:464][576]LogModuleManager: Shutting down and abandoning module SubversionSourceControl (107)
[2016.06.01-23.03.46:464][576]LogModuleManager: Shutting down and abandoning module PerforceSourceControl (106)
[2016.06.01-23.03.46:464][576]LogModuleManager: Shutting down and abandoning module SourceControl (105)
[2016.06.01-23.03.46:464][576]LogModuleManager: Shutting down and abandoning module GitSourceControl (104)
[2016.06.01-23.03.46:464][576]LogModuleManager: Shutting down and abandoning module LightPropagationVolumeEditor (103)
[2016.06.01-23.03.46:464][576]LogModuleManager: Shutting down and abandoning module PaperTiledImporter (102)
[2016.06.01-23.03.46:464][576]LogModuleManager: Shutting down and abandoning module PaperSpriteSheetImporter (101)
[2016.06.01-23.03.46:464][576]LogModuleManager: Shutting down and abandoning module MeshPaint (100)
[2016.06.01-23.03.46:464][576]LogModuleManager: Shutting down and abandoning module HotReload (99)
[2016.06.01-23.03.46:464][576]LogModuleManager: Shutting down and abandoning module MainFrame (98)
[2016.06.01-23.03.46:464][576]LogModuleManager: Shutting down and abandoning module LevelEditor (97)
[2016.06.01-23.03.46:465][576]LogModuleManager: Shutting down and abandoning module DirectoryWatcher (96)
[2016.06.01-23.03.46:465][576]LogModuleManager: Shutting down and abandoning module AssetRegistry (95)
[2016.06.01-23.03.46:678][576]LogModuleManager: Shutting down and abandoning module ContentBrowser (94)
[2016.06.01-23.03.46:678][576]LogModuleManager: Shutting down and abandoning module Paper2DEditor (93)
[2016.06.01-23.03.46:678][576]LogModuleManager: Shutting down and abandoning module UdpMessaging (92)
[2016.06.01-23.03.46:779][576]LogModuleManager: Shutting down and abandoning module LightPropagationVolumeRuntime (91)
[2016.06.01-23.03.46:779][576]LogModuleManager: Shutting down and abandoning module Paper2D (90)
[2016.06.01-23.03.46:779][576]LogModuleManager: Shutting down and abandoning module WindowsMoviePlayer (89)
[2016.06.01-23.03.46:779][576]LogModuleManager: Shutting down and abandoning module Media (88)
[2016.06.01-23.03.46:779][576]LogModuleManager: Shutting down and abandoning module WmfMedia (87)
[2016.06.01-23.03.46:779][576]LogModuleManager: Shutting down and abandoning module MediaAssets (86)
[2016.06.01-23.03.46:779][576]LogModuleManager: Shutting down and abandoning module GameLiveStreaming (85)
[2016.06.01-23.03.46:779][576]LogModuleManager: Shutting down and abandoning module GameplayTagsEditor (84)
[2016.06.01-23.03.46:779][576]LogModuleManager: Shutting down and abandoning module OnlineBlueprintSupport (83)
[2016.06.01-23.03.46:779][576]LogModuleManager: Shutting down and abandoning module GameplayTasksEditor (82)
[2016.06.01-23.03.46:779][576]LogModuleManager: Shutting down and abandoning module PropertyEditor (81)
[2016.06.01-23.03.46:779][576]LogModuleManager: Shutting down and abandoning module BehaviorTreeEditor (80)
[2016.06.01-23.03.46:779][576]LogModuleManager: Shutting down and abandoning module FunctionalTesting (79)
[2016.06.01-23.03.46:779][576]LogModuleManager: Shutting down and abandoning module CollisionAnalyzer (78)
[2016.06.01-23.03.46:779][576]LogModuleManager: Shutting down and abandoning module WorkspaceMenuStructure (77)
[2016.06.01-23.03.46:779][576]LogModuleManager: Shutting down and abandoning module MessageLog (76)
[2016.06.01-23.03.46:779][576]LogModuleManager: Shutting down and abandoning module Sequencer (75)
[2016.06.01-23.03.46:779][576]LogModuleManager: Shutting down and abandoning module AssetTools (74)
[2016.06.01-23.03.46:779][576]LogModuleManager: Shutting down and abandoning module UMGEditor (73)
[2016.06.01-23.03.46:779][576]LogModuleManager: Shutting down and abandoning module UMG (72)
[2016.06.01-23.03.46:779][576]LogModuleManager: Shutting down and abandoning module SlateReflector (71)
[2016.06.01-23.03.46:779][576]LogModuleManager: Shutting down and abandoning module Slate (70)
[2016.06.01-23.03.46:779][576]LogModuleManager: Shutting down and abandoning module EditorStyle (69)
[2016.06.01-23.03.46:780][576]LogModuleManager: Shutting down and abandoning module SessionServices (68)
[2016.06.01-23.03.46:780][576]LogModuleManager: Shutting down and abandoning module SourceCodeAccess (67)
[2016.06.01-23.03.46:780][576]LogModuleManager: Shutting down and abandoning module HeadMountedDisplay (66)
[2016.06.01-23.03.46:780][576]LogModuleManager: Shutting down and abandoning module XAudio2 (65)
[2016.06.01-23.03.46:780][576]LogModuleManager: Shutting down and abandoning module Networking (63)
[2016.06.01-23.03.46:780][576]LogModuleManager: Shutting down and abandoning module Core (62)
[2016.06.01-23.03.46:780][576]LogModuleManager: Shutting down and abandoning module KismetCompiler (61)
[2016.06.01-23.03.46:780][576]LogModuleManager: Shutting down and abandoning module PhysXFormats (60)
[2016.06.01-23.03.46:780][576]LogModuleManager: Shutting down and abandoning module MeshUtilities (59)
[2016.06.01-23.03.46:780][576]LogModuleManager: Shutting down and abandoning module CookingStats (58)
[2016.06.01-23.03.46:780][576]LogModuleManager: Shutting down and abandoning module DerivedDataCache (57)
[2016.06.01-23.03.46:780][576]LogDerivedDataCache: Shutdown
[2016.06.01-23.03.46:780][576]LogModuleManager: Shutting down and abandoning module ShaderFormatOpenGL (56)
[2016.06.01-23.03.46:780][576]LogModuleManager: Shutting down and abandoning module ShaderFormatD3D (55)
[2016.06.01-23.03.46:780][576]LogModuleManager: Shutting down and abandoning module MetalShaderFormat (54)
[2016.06.01-23.03.46:780][576]LogModuleManager: Shutting down and abandoning module TextureFormatUncompressed (53)
[2016.06.01-23.03.46:780][576]LogModuleManager: Shutting down and abandoning module TextureFormatPVR (52)
[2016.06.01-23.03.46:780][576]LogModuleManager: Shutting down and abandoning module TextureFormatIntelISPCTexComp (51)
[2016.06.01-23.03.46:780][576]LogModuleManager: Shutting down and abandoning module TextureFormatDXT (50)
[2016.06.01-23.03.46:780][576]LogModuleManager: Shutting down and abandoning module ImageWrapper (49)
[2016.06.01-23.03.46:780][576]LogModuleManager: Shutting down and abandoning module TextureFormatASTC (48)
[2016.06.01-23.03.46:780][576]LogModuleManager: Shutting down and abandoning module TextureFormatAndroid (47)
[2016.06.01-23.03.46:780][576]LogModuleManager: Shutting down and abandoning module AudioFormatOpus (46)
[2016.06.01-23.03.46:780][576]LogModuleManager: Shutting down and abandoning module AudioFormatOgg (45)
[2016.06.01-23.03.46:780][576]LogModuleManager: Shutting down and abandoning module AudioFormatADPCM (44)
[2016.06.01-23.03.46:780][576]LogModuleManager: Shutting down and abandoning module LinuxTargetPlatform (43)
[2016.06.01-23.03.46:780][576]LogModuleManager: Shutting down and abandoning module LinuxServerTargetPlatform (42)
[2016.06.01-23.03.46:780][576]LogModuleManager: Shutting down and abandoning module LinuxNoEditorTargetPlatform (41)
[2016.06.01-23.03.46:780][576]LogModuleManager: Shutting down and abandoning module TVOSTargetPlatform (40)
[2016.06.01-23.03.46:780][576]LogModuleManager: Shutting down and abandoning module Messaging (39)
[2016.06.01-23.03.46:780][576]LogModuleManager: Shutting down and abandoning module IOSTargetPlatform (38)
[2016.06.01-23.03.46:780][576]LogModuleManager: Shutting down and abandoning module HTML5TargetPlatform (37)
[2016.06.01-23.03.46:780][576]LogModuleManager: Shutting down and abandoning module Android_PVRTCTargetPlatform (36)
[2016.06.01-23.03.46:780][576]LogModuleManager: Shutting down and abandoning module Android_MultiTargetPlatform (35)
[2016.06.01-23.03.46:780][576]LogModuleManager: Shutting down and abandoning module Android_ETC2TargetPlatform (34)
[2016.06.01-23.03.46:780][576]LogModuleManager: Shutting down and abandoning module Android_ETC1TargetPlatform (33)
[2016.06.01-23.03.46:780][576]LogModuleManager: Shutting down and abandoning module Android_DXTTargetPlatform (32)
[2016.06.01-23.03.46:780][576]LogModuleManager: Shutting down and abandoning module Android_ATCTargetPlatform (31)
[2016.06.01-23.03.46:780][576]LogModuleManager: Shutting down and abandoning module Android_ASTCTargetPlatform (30)
[2016.06.01-23.03.46:780][576]LogModuleManager: Shutting down and abandoning module AndroidTargetPlatform (29)
[2016.06.01-23.03.46:780][576]LogModuleManager: Shutting down and abandoning module WindowsTargetPlatform (28)
[2016.06.01-23.03.46:780][576]LogModuleManager: Shutting down and abandoning module WindowsServerTargetPlatform (27)
[2016.06.01-23.03.46:780][576]LogModuleManager: Shutting down and abandoning module WindowsNoEditorTargetPlatform (26)
[2016.06.01-23.03.46:780][576]LogModuleManager: Shutting down and abandoning module WindowsClientTargetPlatform (25)
[2016.06.01-23.03.46:780][576]LogModuleManager: Shutting down and abandoning module AllDesktopTargetPlatform (24)
[2016.06.01-23.03.46:780][576]LogModuleManager: Shutting down and abandoning module TargetPlatform (23)
[2016.06.01-23.03.46:780][576]LogModuleManager: Shutting down and abandoning module InputCore (22)
[2016.06.01-23.03.46:780][576]LogModuleManager: Shutting down and abandoning module Settings (21)
[2016.06.01-23.03.46:780][576]LogModuleManager: Shutting down and abandoning module OnlineSubsystem (19)
[2016.06.01-23.03.46:780][576]LogModuleManager: Shutting down and abandoning module HTTP (18)
[2016.06.01-23.03.48:783][576]LogModuleManager: Shutting down and abandoning module XMPP (17)
[2016.06.01-23.03.48:783][576]LogModuleManager: Shutting down and abandoning module OculusRift (16)
[2016.06.01-23.03.48:783][576]LogModuleManager: Shutting down and abandoning module ExampleDeviceProfileSelector (15)
[2016.06.01-23.03.48:783][576]LogModuleManager: Shutting down and abandoning module TextureCompressor (14)
[2016.06.01-23.03.48:783][576]LogModuleManager: Shutting down and abandoning module ShaderCore (13)
[2016.06.01-23.03.48:783][576]LogModuleManager: Shutting down and abandoning module Landscape (12)
[2016.06.01-23.03.48:783][576]LogModuleManager: Shutting down and abandoning module SlateRHIRenderer (11)
[2016.06.01-23.03.48:785][576]LogModuleManager: Shutting down and abandoning module OpenGLDrv (10)
[2016.06.01-23.03.48:785][576]LogModuleManager: Shutting down and abandoning module D3D11RHI (9)
[2016.06.01-23.03.48:785][576]LogModuleManager: Shutting down and abandoning module AnimGraphRuntime (8)
[2016.06.01-23.03.48:785][576]LogModuleManager: Shutting down and abandoning module Renderer (7)
[2016.06.01-23.03.48:785][576]LogModuleManager: Shutting down and abandoning module Engine (6)
[2016.06.01-23.03.48:785][576]LogModuleManager: Shutting down and abandoning module CoreUObject (5)
[2016.06.01-23.03.48:785][576]LogModuleManager: Shutting down and abandoning module NetworkFile (4)
[2016.06.01-23.03.48:785][576]LogModuleManager: Shutting down and abandoning module StreamingFile (3)
[2016.06.01-23.03.48:785][576]LogModuleManager: Shutting down and abandoning module SandboxFile (2)
[2016.06.01-23.03.48:785][576]LogModuleManager: Shutting down and abandoning module PakFile (1)
[2016.06.01-23.03.48:786][576]LogExit: Exiting.
[2016.06.01-23.03.48:797][576]Log file closed, 06/01/16 19:03:48
