Log file open, 06/02/16 16:45:12
LogInit:Display: Running engine for game: Bouturon
LogPlatformFile: Not using cached read wrapper
LogInit:Display: RandInit(1866280895) SRandInit(1866280896).
LogTaskGraph: Started task graph with 4 named threads and 7 total threads.
LogStats: Stats thread started at 0.058708
LogInit: Version: 4.11.2-2946394+++UE4+Release-4.11
LogInit: API Version: 2927265
LogInit: Compiled (64-bit): Apr 18 2016 02:18:46
LogInit: Compiled with Visual C++: 19.00.23026.00
LogInit: Build Configuration: Development
LogInit: Branch Name: ++UE4+Release-4.11
LogInit: Command line:  /Temp/Autosaves/Game/Levels/UEDPCEndlessRunner -game -PIEVIACONSOLE -ResX=1280 -ResY=720  -Multiprocess -messaging -SessionName="Play in Standalone Game" 
LogInit: Base directory: O:/Program Files/Epic Games/4.11/Engine/Binaries/Win64/
LogInit: Installed Engine Build: 1
LogInit: Using libcurl 7.41.0
LogInit:  - built for x86_64-pc-win32
LogInit:  - supports SSL with WinSSL
LogInit:  - other features:
LogInit:      CURL_VERSION_SSL
LogInit:      CURL_VERSION_IPV6
LogInit:      CURL_VERSION_ASYNCHDNS
LogInit:      CURL_VERSION_LARGEFILE
LogInit:      CURL_VERSION_IDN
LogInit:  CurlRequestOptions (configurable via config and command line):
LogInit:  - bVerifyPeer = true  - Libcurl will verify peer certificate
LogInit:  - bUseHttpProxy = false  - Libcurl will NOT use HTTP proxy
LogInit:  - bDontReuseConnections = false  - Libcurl will reuse connections
LogInit:  - CertBundlePath = nullptr  - Libcurl will use whatever was configured at build time.
LogInit: Presizing for max 16777216 objects, including 0 objects not considered by GC, pre-allocating 0 bytes for permanent pool.
LogInit: Object subsystem initialized
[2016.06.02-20.45.12:083][  0]LogInit: Selected Device Profile: [Windows]
[2016.06.02-20.45.12:083][  0]LogInit: Applying CVar settings loaded from the selected device profile: [Windows]
[2016.06.02-20.45.12:084][  0]LogInit: Computer: OZCAR
[2016.06.02-20.45.12:084][  0]LogInit: User: OscarRomero
[2016.06.02-20.45.12:084][  0]LogInit: CPU Page size=65536, Cores=4
[2016.06.02-20.45.12:084][  0]LogInit: High frequency timer resolution =3.421867 MHz
[2016.06.02-20.45.12:084][  0]LogMemory: Memory total: Physical=15.9GB (16GB approx)
[2016.06.02-20.45.12:084][  0]LogMemory: Platform Memory Stats for Windows
[2016.06.02-20.45.12:084][  0]LogMemory: Process Physical Memory: 312.93 MB used, 312.93 MB peak
[2016.06.02-20.45.12:084][  0]LogMemory: Process Virtual Memory: 314.77 MB used, 314.77 MB peak
[2016.06.02-20.45.12:084][  0]LogMemory: Physical Memory: 6620.47 MB used, 16299.50 MB total
[2016.06.02-20.45.12:084][  0]LogMemory: Virtual Memory: 651.62 MB used, 134217728.00 MB total
[2016.06.02-20.45.12:108][  0]LogTextLocalizationManager: No specific translations for ('en-US') exist, so ('en') translations will be used.
[2016.06.02-20.45.12:354][  0]LogD3D11RHI: D3D11 adapters:
[2016.06.02-20.45.12:376][  0]LogD3D11RHI:    0. 'NVIDIA GeForce GTX 980 Ti' (Feature Level 11_0)
[2016.06.02-20.45.12:376][  0]LogD3D11RHI:       6047MB of dedicated video memory, 0MB of dedicated system memory, and 8149MB of shared system memory, 1 output[s]
[2016.06.02-20.45.12:377][  0]LogD3D11RHI:    1. 'Microsoft Basic Render Driver' (Feature Level 11_0)
[2016.06.02-20.45.12:377][  0]LogD3D11RHI:       0MB of dedicated video memory, 0MB of dedicated system memory, and 8149MB of shared system memory, 0 output[s]
[2016.06.02-20.45.12:377][  0]LogD3D11RHI: Chosen D3D11 Adapter: 0
[2016.06.02-20.45.12:380][  0]LogD3D11RHI: Creating new Direct3DDevice
[2016.06.02-20.45.12:380][  0]LogD3D11RHI:     Adapter Name: NVIDIA GeForce GTX 980 Ti
[2016.06.02-20.45.12:380][  0]LogD3D11RHI:   Driver Version: Unknown (internal Unknown)
[2016.06.02-20.45.12:380][  0]LogD3D11RHI:      Driver Date: Unknown
[2016.06.02-20.45.12:380][  0]LogRHI: Texture pool is 1361 MB (70% of 1945 MB)
[2016.06.02-20.45.12:390][  0]LogD3D11RHI: Async texture creation enabled
[2016.06.02-20.45.12:398][  0]LogShaderCompilers: Guid format shader working directory is -10 characters bigger than the processId version (../../../../../../Documents/Developer/Repositories/Bouturon/Intermediate/Shaders/WorkingDirectory/6768/).
[2016.06.02-20.45.12:398][  0]LogShaderCompilers: Cleaned the shader compiler working directory 'C:/Users/OSCARR~1/AppData/Local/Temp/UnrealShaderWorkingDir/7A5C5FAC4B5B1BFD949A91B23F4DE79D/'.
[2016.06.02-20.45.12:398][  0]LogShaderCompilers:Display: Using Local Shader Compiler.
[2016.06.02-20.45.13:012][  0]LogTemp:Display: Loaded TP AllDesktopTargetPlatform
[2016.06.02-20.45.13:014][  0]LogTemp:Display: Loaded TP WindowsClientTargetPlatform
[2016.06.02-20.45.13:017][  0]LogTemp:Display: Loaded TP WindowsNoEditorTargetPlatform
[2016.06.02-20.45.13:019][  0]LogTemp:Display: Loaded TP WindowsServerTargetPlatform
[2016.06.02-20.45.13:021][  0]LogTemp:Display: Loaded TP WindowsTargetPlatform
[2016.06.02-20.45.13:023][  0]LogTemp:Display: Loaded TP AndroidTargetPlatform
[2016.06.02-20.45.13:025][  0]LogTemp:Display: Loaded TP Android_ASTCTargetPlatform
[2016.06.02-20.45.13:027][  0]LogTemp:Display: Loaded TP Android_ATCTargetPlatform
[2016.06.02-20.45.13:028][  0]LogTemp:Display: Loaded TP Android_DXTTargetPlatform
[2016.06.02-20.45.13:030][  0]LogTemp:Display: Loaded TP Android_ETC1TargetPlatform
[2016.06.02-20.45.13:032][  0]LogTemp:Display: Loaded TP Android_ETC2TargetPlatform
[2016.06.02-20.45.13:036][  0]LogTemp:Display: Loaded TP Android_MultiTargetPlatform
[2016.06.02-20.45.13:036][  0]LogTemp:Display: Loaded TP Android_PVRTCTargetPlatform
[2016.06.02-20.45.13:036][  0]LogTemp:Display: Loaded TP HTML5TargetPlatform
[2016.06.02-20.45.13:050][  0]LogTemp:Display: Loaded TP IOSTargetPlatform
[2016.06.02-20.45.13:051][  0]LogTemp:Display: Loaded TP TVOSTargetPlatform
[2016.06.02-20.45.13:053][  0]LogTemp:Display: Loaded TP LinuxNoEditorTargetPlatform
[2016.06.02-20.45.13:055][  0]LogTemp:Display: Loaded TP LinuxServerTargetPlatform
[2016.06.02-20.45.13:057][  0]LogTemp:Display: Loaded TP LinuxTargetPlatform
[2016.06.02-20.45.13:057][  0]LogTargetPlatformManager:Display: Building Assets For Windows
[2016.06.02-20.45.13:088][  0]LogDerivedDataCache:Display: Max Cache Size: 512 MB
[2016.06.02-20.45.13:118][  0]LogDerivedDataCache: Loaded boot cache 0.03s 46MB C:/Users/Oscar Romero/AppData/Local/UnrealEngine/4.11/DerivedDataCache/Boot.ddc.
[2016.06.02-20.45.13:118][  0]LogDerivedDataCache:Display: Loaded Boot cache: C:/Users/Oscar Romero/AppData/Local/UnrealEngine/4.11/DerivedDataCache/Boot.ddc
[2016.06.02-20.45.13:118][  0]LogDerivedDataCache: FDerivedDataBackendGraph:  Pak pak cache file ../../../../../../Documents/Developer/Repositories/Bouturon/DerivedDataCache/DDC.ddp not found, will not use a pak cache.
[2016.06.02-20.45.13:118][  0]LogDerivedDataCache: Unable to find inner node Pak for hierarchical cache Hierarchy.
[2016.06.02-20.45.13:118][  0]LogDerivedDataCache: FDerivedDataBackendGraph:  CompressedPak pak cache file ../../../../../../Documents/Developer/Repositories/Bouturon/DerivedDataCache/Compressed.ddp not found, will not use a pak cache.
[2016.06.02-20.45.13:118][  0]LogDerivedDataCache: Unable to find inner node CompressedPak for hierarchical cache Hierarchy.
[2016.06.02-20.45.13:128][  0]LogDerivedDataCache:Display: Pak cache opened for reading ../../../Engine/DerivedDataCache/Compressed.ddp.
[2016.06.02-20.45.13:139][  0]LogDerivedDataCache: Using Local data cache path C:/Users/Oscar Romero/AppData/Local/UnrealEngine/Common/DerivedDataCache: Writable
[2016.06.02-20.45.13:242][  0]LogInit: Selected Device Profile: [Windows]
[2016.06.02-20.45.13:245][  0]LogMaterial: Uniform references updated for custom material expression Custom.
[2016.06.02-20.45.13:245][  0]LogContentStreaming: Texture pool size is 1000.00 MB
[2016.06.02-20.45.13:314][  0]LogMeshUtilities: No automatic mesh reduction module available
[2016.06.02-20.45.13:314][  0]LogMeshUtilities: No automatic mesh merging module available
[2016.06.02-20.45.13:314][  0]LogMeshUtilities: No distributed automatic mesh merging module available
[2016.06.02-20.45.13:433][  0]LogInit: WinSock: version 1.1 (2.2), MaxSocks=32767, MaxUdp=65467
[2016.06.02-20.45.13:460][  0]LogSlate: SlateFontCache - WITH_FREETYPE: 1, WITH_HARFBUZZ: 1
[2016.06.02-20.45.13:460][  0]LogSlate: SlateFontCache - WITH_FREETYPE: 1, WITH_HARFBUZZ: 1
[2016.06.02-20.45.13:550][  0]LogWindowsMoviePlayer: Unable to load movie: ../../../../../../Documents/Developer/Repositories/Bouturon/Content/Movies/Default_Startup.mp4
[2016.06.02-20.45.13:598][  0]LogUdpMessaging: Initializing bridge on interface 0.0.0.0:0 to multicast group 230.0.0.1:6666.
[2016.06.02-20.45.13:656][  0]SourceControl: Info Source control is disabled
[2016.06.02-20.45.13:656][  0]SourceControl: Info Source control is disabled
[2016.06.02-20.45.13:659][  0]SourceControl: Info Source control is disabled
[2016.06.02-20.45.13:691][  0]LogHMD: Failed to initialize OpenVR with code 110
[2016.06.02-20.45.13:699][  0]LogUObjectArray: 29224 objects as part of root set at end of initial load.
[2016.06.02-20.45.13:699][  0]LogUObjectAllocator: 6081368 out of 0 bytes used by permanent object pool.
[2016.06.02-20.45.13:699][  0]LogUObjectArray: CloseDisregardForGC: 0/0 objects in disregard for GC pool
[2016.06.02-20.45.13:735][  0]LogEngine: Initializing Engine...
[2016.06.02-20.45.13:821][  0]LogInit: XAudio2 using 'SAMSUNG-8 (NVIDIA High Definition Audio)' : 2 channels at 48 kHz using 16 bits per sample (channel mask 0x3)
[2016.06.02-20.45.13:826][  0]LogInit: FAudioDevice initialized.
[2016.06.02-20.45.13:828][  0]LogInit: Texture streaming: Enabled
[2016.06.02-20.45.13:924][  0]LogNet: Browse: /Temp/Autosaves/Game/Levels/UEDPCEndlessRunner?Name=Player
[2016.06.02-20.45.13:924][  0]LogLoad: LoadMap: /Temp/Autosaves/Game/Levels/UEDPCEndlessRunner?Name=Player
[2016.06.02-20.45.13:934][  0]LogMemory: Platform Memory Stats for Windows
[2016.06.02-20.45.13:934][  0]LogMemory: Process Physical Memory: 654.17 MB used, 657.98 MB peak
[2016.06.02-20.45.13:934][  0]LogMemory: Process Virtual Memory: 699.57 MB used, 699.58 MB peak
[2016.06.02-20.45.13:934][  0]LogMemory: Physical Memory: 6902.70 MB used, 16299.50 MB total
[2016.06.02-20.45.13:934][  0]LogMemory: Virtual Memory: 1267.98 MB used, 134217728.00 MB total
[2016.06.02-20.45.13:934][  0]LogMemory: 
[2016.06.02-20.45.13:934][  0]Allocator Stats for TBB: (not implemented)
[2016.06.02-20.45.14:248][  0]LogAIModule: Creating AISystem for world EndlessRunner
[2016.06.02-20.45.14:248][  0]LogWorld: Game class is 'EndlessRunnerGameMode_C'
[2016.06.02-20.45.14:249][  0]LogWorld: Bringing World /Temp/Autosaves/Game/Levels/UEDPCEndlessRunner.EndlessRunner up for play (max tick rate 0) at 2016.06.02-16.45.14
[2016.06.02-20.45.14:250][  0]LogWorld: Bringing up level for play took: 0.001084
[2016.06.02-20.45.14:250][  0]LogSpawn:Warning: SpawnActor failed because no class was specified
[2016.06.02-20.45.14:264][  0]LogInit:Display: Game Engine Initialized.
[2016.06.02-20.45.14:470][  0]LogLoad: Full Startup: 2.72 seconds (BP compile: 0.08 seconds)
[2016.06.02-20.45.14:470][  0]LogExternalProfiler: Found external profiler: VSPerf
[2016.06.02-20.45.14:470][  0]LogExternalProfiler: Using external profiler: VSPerf
[2016.06.02-20.45.14:487][  0]LogWindowsTextInputMethodSystem:Display: IME system now deactivated.
[2016.06.02-20.45.14:487][  0]LogWindowsTextInputMethodSystem:Display: IME system now deactivated.
[2016.06.02-20.45.14:488][  0]LogOcInput: OculusInput pre-init called
[2016.06.02-20.45.14:559][  2]LogRenderer: Reallocating scene render targets to support 1280x720 (Frame:2).
[2016.06.02-20.45.17:374][175]LogNet: Browse: /Temp/Autosaves/Game/Levels/UEDPCEndlessRunner?Name=Player?restart
[2016.06.02-20.45.17:375][175]LogLoad: LoadMap: /Temp/Autosaves/Game/Levels/UEDPCEndlessRunner?Name=Player
[2016.06.02-20.45.17:404][175]LogMemory: Platform Memory Stats for Windows
[2016.06.02-20.45.17:404][175]LogMemory: Process Physical Memory: 781.33 MB used, 794.54 MB peak
[2016.06.02-20.45.17:404][175]LogMemory: Process Virtual Memory: 1053.24 MB used, 1057.59 MB peak
[2016.06.02-20.45.17:404][175]LogMemory: Physical Memory: 7007.58 MB used, 16299.50 MB total
[2016.06.02-20.45.17:404][175]LogMemory: Virtual Memory: 1653.72 MB used, 134217728.00 MB total
[2016.06.02-20.45.17:404][175]LogMemory: 
[2016.06.02-20.45.17:404][175]Allocator Stats for TBB: (not implemented)
[2016.06.02-20.45.17:696][175]LogAIModule: Creating AISystem for world EndlessRunner
[2016.06.02-20.45.17:696][175]LogWorld: Game class is 'EndlessRunnerGameMode_C'
[2016.06.02-20.45.17:697][175]LogWorld: Bringing World /Temp/Autosaves/Game/Levels/UEDPCEndlessRunner.EndlessRunner up for play (max tick rate 0) at 2016.06.02-16.45.17
[2016.06.02-20.45.17:698][175]LogWorld: Bringing up level for play took: 0.000708
[2016.06.02-20.45.17:698][175]LogSpawn:Warning: SpawnActor failed because no class was specified
[2016.06.02-20.45.21:094][384]LogNet: Browse: /Temp/Autosaves/Game/Levels/UEDPCEndlessRunner?Name=Player?restart
[2016.06.02-20.45.21:094][384]LogLoad: LoadMap: /Temp/Autosaves/Game/Levels/UEDPCEndlessRunner?Name=Player
[2016.06.02-20.45.21:121][384]LogMemory: Platform Memory Stats for Windows
[2016.06.02-20.45.21:121][384]LogMemory: Process Physical Memory: 795.05 MB used, 796.15 MB peak
[2016.06.02-20.45.21:121][384]LogMemory: Process Virtual Memory: 1076.52 MB used, 1127.87 MB peak
[2016.06.02-20.45.21:121][384]LogMemory: Physical Memory: 7014.89 MB used, 16299.50 MB total
[2016.06.02-20.45.21:121][384]LogMemory: Virtual Memory: 1719.69 MB used, 134217728.00 MB total
[2016.06.02-20.45.21:121][384]LogMemory: 
[2016.06.02-20.45.21:121][384]Allocator Stats for TBB: (not implemented)
[2016.06.02-20.45.21:417][384]LogAIModule: Creating AISystem for world EndlessRunner
[2016.06.02-20.45.21:417][384]LogWorld: Game class is 'EndlessRunnerGameMode_C'
[2016.06.02-20.45.21:418][384]LogWorld: Bringing World /Temp/Autosaves/Game/Levels/UEDPCEndlessRunner.EndlessRunner up for play (max tick rate 0) at 2016.06.02-16.45.21
[2016.06.02-20.45.21:418][384]LogWorld: Bringing up level for play took: 0.000867
[2016.06.02-20.45.21:419][384]LogSpawn:Warning: SpawnActor failed because no class was specified
[2016.06.02-20.45.23:727][522]LogNet: Browse: /Temp/Autosaves/Game/Levels/UEDPCEndlessRunner?Name=Player?restart
[2016.06.02-20.45.23:727][522]LogLoad: LoadMap: /Temp/Autosaves/Game/Levels/UEDPCEndlessRunner?Name=Player
[2016.06.02-20.45.23:754][522]LogMemory: Platform Memory Stats for Windows
[2016.06.02-20.45.23:754][522]LogMemory: Process Physical Memory: 800.51 MB used, 806.83 MB peak
[2016.06.02-20.45.23:754][522]LogMemory: Process Virtual Memory: 1099.75 MB used, 1127.87 MB peak
[2016.06.02-20.45.23:754][522]LogMemory: Physical Memory: 7012.84 MB used, 16299.50 MB total
[2016.06.02-20.45.23:754][522]LogMemory: Virtual Memory: 1741.88 MB used, 134217728.00 MB total
[2016.06.02-20.45.23:754][522]LogMemory: 
[2016.06.02-20.45.23:754][522]Allocator Stats for TBB: (not implemented)
[2016.06.02-20.45.24:047][522]LogAIModule: Creating AISystem for world EndlessRunner
[2016.06.02-20.45.24:047][522]LogWorld: Game class is 'EndlessRunnerGameMode_C'
[2016.06.02-20.45.24:048][522]LogWorld: Bringing World /Temp/Autosaves/Game/Levels/UEDPCEndlessRunner.EndlessRunner up for play (max tick rate 0) at 2016.06.02-16.45.24
[2016.06.02-20.45.24:048][522]LogWorld: Bringing up level for play took: 0.000750
[2016.06.02-20.45.24:048][522]LogSpawn:Warning: SpawnActor failed because no class was specified
[2016.06.02-20.45.24:419][534]LogWindowsTextInputMethodSystem:Display: IME system now deactivated.
[2016.06.02-20.45.24:419][534]LogWindowsTextInputMethodSystem:Display: IME system now deactivated.
[2016.06.02-20.45.24:423][534]LogEngine: All Windows Closed
[2016.06.02-20.45.24:423][534]LogWindows: FPlatformMisc::RequestExit(0)
[2016.06.02-20.45.24:741][535]LogExit: Preparing to exit.
[2016.06.02-20.45.25:720][535]LogExit: Game engine shut down
[2016.06.02-20.45.25:779][535]LogObj: Freed 0b from 0 cluster array pools.
[2016.06.02-20.45.25:779][535]LogExit: Object subsystem successfully closed.
[2016.06.02-20.45.25:793][535]LogD3D11RHI: Shutdown
[2016.06.02-20.45.25:793][535]LogD3D11RHI: CleanupD3DDevice
[2016.06.02-20.45.25:835][535]LogD3D11RHI: ~FD3D11DynamicRHI
[2016.06.02-20.45.26:137][535]LogDerivedDataCache: Shutdown
[2016.06.02-20.45.26:137][535]LogModuleManager: Shutting down and abandoning module AndroidDeviceDetection (124)
[2016.06.02-20.45.26:485][535]LogModuleManager: Shutting down and abandoning module AutomationController (123)
[2016.06.02-20.45.26:485][535]LogModuleManager: Shutting down and abandoning module AutomationWorker (122)
[2016.06.02-20.45.26:485][535]LogModuleManager: Shutting down and abandoning module CharacterAI (121)
[2016.06.02-20.45.26:485][535]LogModuleManager: Shutting down and abandoning module AITestSuite (120)
[2016.06.02-20.45.26:485][535]LogModuleManager: Shutting down and abandoning module GameplayDebugger (119)
[2016.06.02-20.45.26:485][535]LogModuleManager: Shutting down and abandoning module AIModule (118)
[2016.06.02-20.45.26:485][535]LogModuleManager: Shutting down and abandoning module MovieSceneCapture (117)
[2016.06.02-20.45.26:485][535]LogModuleManager: Shutting down and abandoning module StreamingPauseRendering (116)
[2016.06.02-20.45.26:485][535]LogModuleManager: Shutting down and abandoning module PortalServices (115)
[2016.06.02-20.45.26:485][535]LogModuleManager: Shutting down and abandoning module PortalRpc (114)
[2016.06.02-20.45.26:485][535]LogModuleManager: Shutting down and abandoning module MessagingRpc (113)
[2016.06.02-20.45.26:485][535]LogModuleManager: Shutting down and abandoning module ProfilerService (112)
[2016.06.02-20.45.26:715][535]LogModuleManager: Shutting down and abandoning module TaskGraph (111)
[2016.06.02-20.45.26:715][535]LogModuleManager: Shutting down and abandoning module SlateRemote (110)
[2016.06.02-20.45.26:715][535]LogModuleManager: Shutting down and abandoning module SteamVRController (109)
[2016.06.02-20.45.26:715][535]LogModuleManager: Shutting down and abandoning module SteamVR (108)
[2016.06.02-20.45.26:715][535]LogModuleManager: Shutting down and abandoning module ProceduralMeshComponent (107)
[2016.06.02-20.45.26:715][535]LogModuleManager: Shutting down and abandoning module OculusLibrary (106)
[2016.06.02-20.45.26:715][535]LogModuleManager: Shutting down and abandoning module OculusInput (105)
[2016.06.02-20.45.26:715][535]LogModuleManager: Shutting down and abandoning module CustomMeshComponent (104)
[2016.06.02-20.45.26:715][535]LogModuleManager: Shutting down and abandoning module CableComponent (103)
[2016.06.02-20.45.26:715][535]LogModuleManager: Shutting down and abandoning module ArchVisCharacter (102)
[2016.06.02-20.45.26:715][535]LogModuleManager: Shutting down and abandoning module HTML5Networking (101)
[2016.06.02-20.45.26:715][535]LogModuleManager: Shutting down and abandoning module DesktopPlatform (100)
[2016.06.02-20.45.26:715][535]LogModuleManager: Shutting down and abandoning module DirectoryWatcher (99)
[2016.06.02-20.45.26:715][535]LogModuleManager: Shutting down and abandoning module HotReload (98)
[2016.06.02-20.45.26:715][535]LogModuleManager: Shutting down and abandoning module VisualStudioSourceCodeAccess (97)
[2016.06.02-20.45.26:715][535]LogModuleManager: Shutting down and abandoning module UObjectPlugin (96)
[2016.06.02-20.45.26:715][535]LogModuleManager: Shutting down and abandoning module SubversionSourceControl (95)
[2016.06.02-20.45.26:715][535]LogModuleManager: Shutting down and abandoning module SourceControl (94)
[2016.06.02-20.45.26:715][535]LogModuleManager: Shutting down and abandoning module PerforceSourceControl (93)
[2016.06.02-20.45.26:715][535]LogModuleManager: Shutting down and abandoning module UdpMessaging (92)
[2016.06.02-20.45.26:816][535]LogModuleManager: Shutting down and abandoning module LightPropagationVolumeRuntime (91)
[2016.06.02-20.45.26:816][535]LogModuleManager: Shutting down and abandoning module Paper2D (90)
[2016.06.02-20.45.26:816][535]LogModuleManager: Shutting down and abandoning module WindowsMoviePlayer (89)
[2016.06.02-20.45.26:816][535]LogModuleManager: Shutting down and abandoning module Media (88)
[2016.06.02-20.45.26:816][535]LogModuleManager: Shutting down and abandoning module WmfMedia (87)
[2016.06.02-20.45.26:816][535]LogModuleManager: Shutting down and abandoning module MediaAssets (86)
[2016.06.02-20.45.26:816][535]LogModuleManager: Shutting down and abandoning module GameLiveStreaming (85)
[2016.06.02-20.45.26:816][535]LogModuleManager: Shutting down and abandoning module GameplayTagsEditor (84)
[2016.06.02-20.45.26:816][535]LogModuleManager: Shutting down and abandoning module OnlineBlueprintSupport (83)
[2016.06.02-20.45.26:816][535]LogModuleManager: Shutting down and abandoning module GameplayTasksEditor (82)
[2016.06.02-20.45.26:816][535]LogModuleManager: Shutting down and abandoning module PropertyEditor (81)
[2016.06.02-20.45.26:816][535]LogModuleManager: Shutting down and abandoning module BehaviorTreeEditor (80)
[2016.06.02-20.45.26:816][535]LogModuleManager: Shutting down and abandoning module FunctionalTesting (79)
[2016.06.02-20.45.26:816][535]LogModuleManager: Shutting down and abandoning module CollisionAnalyzer (78)
[2016.06.02-20.45.26:816][535]LogModuleManager: Shutting down and abandoning module WorkspaceMenuStructure (77)
[2016.06.02-20.45.26:816][535]LogModuleManager: Shutting down and abandoning module MessageLog (76)
[2016.06.02-20.45.26:816][535]LogModuleManager: Shutting down and abandoning module Sequencer (75)
[2016.06.02-20.45.26:816][535]LogModuleManager: Shutting down and abandoning module AssetTools (74)
[2016.06.02-20.45.26:816][535]LogModuleManager: Shutting down and abandoning module UMGEditor (73)
[2016.06.02-20.45.26:816][535]LogModuleManager: Shutting down and abandoning module UMG (72)
[2016.06.02-20.45.26:816][535]LogModuleManager: Shutting down and abandoning module SlateReflector (71)
[2016.06.02-20.45.26:816][535]LogModuleManager: Shutting down and abandoning module Slate (70)
[2016.06.02-20.45.26:816][535]LogModuleManager: Shutting down and abandoning module EditorStyle (69)
[2016.06.02-20.45.26:817][535]LogModuleManager: Shutting down and abandoning module SessionServices (68)
[2016.06.02-20.45.26:817][535]LogModuleManager: Shutting down and abandoning module SourceCodeAccess (67)
[2016.06.02-20.45.26:817][535]LogModuleManager: Shutting down and abandoning module HeadMountedDisplay (66)
[2016.06.02-20.45.26:817][535]LogModuleManager: Shutting down and abandoning module XAudio2 (65)
[2016.06.02-20.45.26:817][535]LogModuleManager: Shutting down and abandoning module Networking (63)
[2016.06.02-20.45.26:817][535]LogModuleManager: Shutting down and abandoning module Core (62)
[2016.06.02-20.45.26:817][535]LogModuleManager: Shutting down and abandoning module KismetCompiler (61)
[2016.06.02-20.45.26:817][535]LogModuleManager: Shutting down and abandoning module PhysXFormats (60)
[2016.06.02-20.45.26:817][535]LogModuleManager: Shutting down and abandoning module MeshUtilities (59)
[2016.06.02-20.45.26:817][535]LogModuleManager: Shutting down and abandoning module CookingStats (58)
[2016.06.02-20.45.26:817][535]LogModuleManager: Shutting down and abandoning module DerivedDataCache (57)
[2016.06.02-20.45.26:817][535]LogDerivedDataCache: Shutdown
[2016.06.02-20.45.26:817][535]LogModuleManager: Shutting down and abandoning module ShaderFormatOpenGL (56)
[2016.06.02-20.45.26:817][535]LogModuleManager: Shutting down and abandoning module ShaderFormatD3D (55)
[2016.06.02-20.45.26:817][535]LogModuleManager: Shutting down and abandoning module MetalShaderFormat (54)
[2016.06.02-20.45.26:817][535]LogModuleManager: Shutting down and abandoning module TextureFormatUncompressed (53)
[2016.06.02-20.45.26:817][535]LogModuleManager: Shutting down and abandoning module TextureFormatPVR (52)
[2016.06.02-20.45.26:817][535]LogModuleManager: Shutting down and abandoning module TextureFormatIntelISPCTexComp (51)
[2016.06.02-20.45.26:817][535]LogModuleManager: Shutting down and abandoning module TextureFormatDXT (50)
[2016.06.02-20.45.26:817][535]LogModuleManager: Shutting down and abandoning module ImageWrapper (49)
[2016.06.02-20.45.26:817][535]LogModuleManager: Shutting down and abandoning module TextureFormatASTC (48)
[2016.06.02-20.45.26:817][535]LogModuleManager: Shutting down and abandoning module TextureFormatAndroid (47)
[2016.06.02-20.45.26:817][535]LogModuleManager: Shutting down and abandoning module AudioFormatOpus (46)
[2016.06.02-20.45.26:817][535]LogModuleManager: Shutting down and abandoning module AudioFormatOgg (45)
[2016.06.02-20.45.26:817][535]LogModuleManager: Shutting down and abandoning module AudioFormatADPCM (44)
[2016.06.02-20.45.26:817][535]LogModuleManager: Shutting down and abandoning module LinuxTargetPlatform (43)
[2016.06.02-20.45.26:817][535]LogModuleManager: Shutting down and abandoning module LinuxServerTargetPlatform (42)
[2016.06.02-20.45.26:817][535]LogModuleManager: Shutting down and abandoning module LinuxNoEditorTargetPlatform (41)
[2016.06.02-20.45.26:817][535]LogModuleManager: Shutting down and abandoning module TVOSTargetPlatform (40)
[2016.06.02-20.45.26:817][535]LogModuleManager: Shutting down and abandoning module Messaging (39)
[2016.06.02-20.45.26:817][535]LogModuleManager: Shutting down and abandoning module IOSTargetPlatform (38)
[2016.06.02-20.45.26:817][535]LogModuleManager: Shutting down and abandoning module HTML5TargetPlatform (37)
[2016.06.02-20.45.26:817][535]LogModuleManager: Shutting down and abandoning module Android_PVRTCTargetPlatform (36)
[2016.06.02-20.45.26:817][535]LogModuleManager: Shutting down and abandoning module Android_MultiTargetPlatform (35)
[2016.06.02-20.45.26:817][535]LogModuleManager: Shutting down and abandoning module Android_ETC2TargetPlatform (34)
[2016.06.02-20.45.26:817][535]LogModuleManager: Shutting down and abandoning module Android_ETC1TargetPlatform (33)
[2016.06.02-20.45.26:817][535]LogModuleManager: Shutting down and abandoning module Android_DXTTargetPlatform (32)
[2016.06.02-20.45.26:817][535]LogModuleManager: Shutting down and abandoning module Android_ATCTargetPlatform (31)
[2016.06.02-20.45.26:817][535]LogModuleManager: Shutting down and abandoning module Android_ASTCTargetPlatform (30)
[2016.06.02-20.45.26:817][535]LogModuleManager: Shutting down and abandoning module AndroidTargetPlatform (29)
[2016.06.02-20.45.26:817][535]LogModuleManager: Shutting down and abandoning module WindowsTargetPlatform (28)
[2016.06.02-20.45.26:817][535]LogModuleManager: Shutting down and abandoning module WindowsServerTargetPlatform (27)
[2016.06.02-20.45.26:817][535]LogModuleManager: Shutting down and abandoning module WindowsNoEditorTargetPlatform (26)
[2016.06.02-20.45.26:817][535]LogModuleManager: Shutting down and abandoning module WindowsClientTargetPlatform (25)
[2016.06.02-20.45.26:817][535]LogModuleManager: Shutting down and abandoning module AllDesktopTargetPlatform (24)
[2016.06.02-20.45.26:817][535]LogModuleManager: Shutting down and abandoning module TargetPlatform (23)
[2016.06.02-20.45.26:817][535]LogModuleManager: Shutting down and abandoning module InputCore (22)
[2016.06.02-20.45.26:817][535]LogModuleManager: Shutting down and abandoning module Settings (21)
[2016.06.02-20.45.26:817][535]LogModuleManager: Shutting down and abandoning module OnlineSubsystem (19)
[2016.06.02-20.45.26:817][535]LogModuleManager: Shutting down and abandoning module HTTP (18)
[2016.06.02-20.45.26:817][535]LogModuleManager: Shutting down and abandoning module XMPP (17)
[2016.06.02-20.45.26:817][535]LogModuleManager: Shutting down and abandoning module OculusRift (16)
[2016.06.02-20.45.26:817][535]LogModuleManager: Shutting down and abandoning module ExampleDeviceProfileSelector (15)
[2016.06.02-20.45.26:817][535]LogModuleManager: Shutting down and abandoning module TextureCompressor (14)
[2016.06.02-20.45.26:817][535]LogModuleManager: Shutting down and abandoning module ShaderCore (13)
[2016.06.02-20.45.26:817][535]LogModuleManager: Shutting down and abandoning module Landscape (12)
[2016.06.02-20.45.26:817][535]LogModuleManager: Shutting down and abandoning module SlateRHIRenderer (11)
[2016.06.02-20.45.26:817][535]LogModuleManager: Shutting down and abandoning module OpenGLDrv (10)
[2016.06.02-20.45.26:817][535]LogModuleManager: Shutting down and abandoning module D3D11RHI (9)
[2016.06.02-20.45.26:817][535]LogModuleManager: Shutting down and abandoning module AnimGraphRuntime (8)
[2016.06.02-20.45.26:817][535]LogModuleManager: Shutting down and abandoning module Renderer (7)
[2016.06.02-20.45.26:817][535]LogModuleManager: Shutting down and abandoning module Engine (6)
[2016.06.02-20.45.26:817][535]LogModuleManager: Shutting down and abandoning module CoreUObject (5)
[2016.06.02-20.45.26:817][535]LogModuleManager: Shutting down and abandoning module NetworkFile (4)
[2016.06.02-20.45.26:817][535]LogModuleManager: Shutting down and abandoning module StreamingFile (3)
[2016.06.02-20.45.26:817][535]LogModuleManager: Shutting down and abandoning module SandboxFile (2)
[2016.06.02-20.45.26:817][535]LogModuleManager: Shutting down and abandoning module PakFile (1)
[2016.06.02-20.45.26:818][535]LogExit: Exiting.
[2016.06.02-20.45.26:819][535]Log file closed, 06/02/16 16:45:26
