Log file open, 06/04/16 12:18:01
LogInit:Display: Running engine for game: Bouturon
LogPlatformFile: Not using cached read wrapper
LogInit:Display: RandInit(1440626293) SRandInit(1440626294).
LogTaskGraph: Started task graph with 4 named threads and 7 total threads.
LogStats: Stats thread started at 0.060329
LogInit: Version: 4.11.2-2946394+++UE4+Release-4.11
LogInit: API Version: 2927265
LogInit: Compiled (64-bit): Apr 18 2016 02:18:46
LogInit: Compiled with Visual C++: 19.00.23026.00
LogInit: Build Configuration: Development
LogInit: Branch Name: ++UE4+Release-4.11
LogInit: Command line:  
LogInit: Base directory: O:/Program Files/Epic Games/4.11/Engine/Binaries/Win64/
LogInit: Installed Engine Build: 1
LogInit: Using libcurl 7.41.0
LogInit:  - built for x86_64-pc-win32
LogInit:  - supports SSL with WinSSL
LogInit:  - other features:
LogInit:      CURL_VERSION_SSL
LogInit:      CURL_VERSION_IPV6
LogInit:      CURL_VERSION_ASYNCHDNS
LogInit:      CURL_VERSION_LARGEFILE
LogInit:      CURL_VERSION_IDN
LogInit:  CurlRequestOptions (configurable via config and command line):
LogInit:  - bVerifyPeer = true  - Libcurl will verify peer certificate
LogInit:  - bUseHttpProxy = false  - Libcurl will NOT use HTTP proxy
LogInit:  - bDontReuseConnections = false  - Libcurl will reuse connections
LogInit:  - CertBundlePath = nullptr  - Libcurl will use whatever was configured at build time.
LogInit: Presizing for max 16777216 objects, including 0 objects not considered by GC, pre-allocating 0 bytes for permanent pool.
LogInit: Object subsystem initialized
[2016.06.04-16.18.01:735][  0]LogInit: Selected Device Profile: [Windows]
[2016.06.04-16.18.01:735][  0]LogInit: Applying CVar settings loaded from the selected device profile: [Windows]
[2016.06.04-16.18.01:741][  0]LogInit: Computer: OZCAR
[2016.06.04-16.18.01:741][  0]LogInit: User: OscarRomero
[2016.06.04-16.18.01:741][  0]LogInit: CPU Page size=65536, Cores=4
[2016.06.04-16.18.01:741][  0]LogInit: High frequency timer resolution =3.421867 MHz
[2016.06.04-16.18.01:741][  0]LogMemory: Memory total: Physical=15.9GB (16GB approx)
[2016.06.04-16.18.01:741][  0]LogMemory: Platform Memory Stats for Windows
[2016.06.04-16.18.01:741][  0]LogMemory: Process Physical Memory: 312.95 MB used, 312.95 MB peak
[2016.06.04-16.18.01:741][  0]LogMemory: Process Virtual Memory: 314.75 MB used, 314.75 MB peak
[2016.06.04-16.18.01:741][  0]LogMemory: Physical Memory: 5581.04 MB used, 16299.50 MB total
[2016.06.04-16.18.01:741][  0]LogMemory: Virtual Memory: 651.62 MB used, 134217728.00 MB total
[2016.06.04-16.18.01:766][  0]LogTextLocalizationManager: No specific translations for ('en-US') exist, so ('en') translations will be used.
[2016.06.04-16.18.02:019][  0]LogD3D11RHI: D3D11 adapters:
[2016.06.04-16.18.02:035][  0]LogD3D11RHI:    0. 'NVIDIA GeForce GTX 980 Ti' (Feature Level 11_0)
[2016.06.04-16.18.02:035][  0]LogD3D11RHI:       6047MB of dedicated video memory, 0MB of dedicated system memory, and 8149MB of shared system memory, 1 output[s]
[2016.06.04-16.18.02:036][  0]LogD3D11RHI:    1. 'Microsoft Basic Render Driver' (Feature Level 11_0)
[2016.06.04-16.18.02:036][  0]LogD3D11RHI:       0MB of dedicated video memory, 0MB of dedicated system memory, and 8149MB of shared system memory, 0 output[s]
[2016.06.04-16.18.02:036][  0]LogD3D11RHI: Chosen D3D11 Adapter: 0
[2016.06.04-16.18.02:039][  0]LogD3D11RHI: Creating new Direct3DDevice
[2016.06.04-16.18.02:039][  0]LogD3D11RHI:     Adapter Name: NVIDIA GeForce GTX 980 Ti
[2016.06.04-16.18.02:039][  0]LogD3D11RHI:   Driver Version: Unknown (internal Unknown)
[2016.06.04-16.18.02:039][  0]LogD3D11RHI:      Driver Date: Unknown
[2016.06.04-16.18.02:039][  0]LogRHI: Texture pool is 1361 MB (70% of 1945 MB)
[2016.06.04-16.18.02:048][  0]LogD3D11RHI: Async texture creation enabled
[2016.06.04-16.18.02:063][  0]LogShaderCompilers: Guid format shader working directory is -11 characters bigger than the processId version (../../../../../../Documents/Developer/Repositories/Bouturon/Intermediate/Shaders/WorkingDirectory/17072/).
[2016.06.04-16.18.02:063][  0]LogShaderCompilers: Cleaned the shader compiler working directory 'C:/Users/OSCARR~1/AppData/Local/Temp/UnrealShaderWorkingDir/B72F418C4235AC9A23E4AB944522ACE9/'.
[2016.06.04-16.18.02:063][  0]LogShaderCompilers:Display: Using Local Shader Compiler.
[2016.06.04-16.18.02:665][  0]LogTemp:Display: Loaded TP AllDesktopTargetPlatform
[2016.06.04-16.18.02:667][  0]LogTemp:Display: Loaded TP WindowsClientTargetPlatform
[2016.06.04-16.18.02:669][  0]LogTemp:Display: Loaded TP WindowsNoEditorTargetPlatform
[2016.06.04-16.18.02:672][  0]LogTemp:Display: Loaded TP WindowsServerTargetPlatform
[2016.06.04-16.18.02:674][  0]LogTemp:Display: Loaded TP WindowsTargetPlatform
[2016.06.04-16.18.02:676][  0]LogTemp:Display: Loaded TP AndroidTargetPlatform
[2016.06.04-16.18.02:678][  0]LogTemp:Display: Loaded TP Android_ASTCTargetPlatform
[2016.06.04-16.18.02:679][  0]LogTemp:Display: Loaded TP Android_ATCTargetPlatform
[2016.06.04-16.18.02:681][  0]LogTemp:Display: Loaded TP Android_DXTTargetPlatform
[2016.06.04-16.18.02:683][  0]LogTemp:Display: Loaded TP Android_ETC1TargetPlatform
[2016.06.04-16.18.02:684][  0]LogTemp:Display: Loaded TP Android_ETC2TargetPlatform
[2016.06.04-16.18.02:688][  0]LogTemp:Display: Loaded TP Android_MultiTargetPlatform
[2016.06.04-16.18.02:688][  0]LogTemp:Display: Loaded TP Android_PVRTCTargetPlatform
[2016.06.04-16.18.02:688][  0]LogTemp:Display: Loaded TP HTML5TargetPlatform
[2016.06.04-16.18.02:702][  0]LogTemp:Display: Loaded TP IOSTargetPlatform
[2016.06.04-16.18.02:703][  0]LogTemp:Display: Loaded TP TVOSTargetPlatform
[2016.06.04-16.18.02:705][  0]LogTemp:Display: Loaded TP LinuxNoEditorTargetPlatform
[2016.06.04-16.18.02:707][  0]LogTemp:Display: Loaded TP LinuxServerTargetPlatform
[2016.06.04-16.18.02:709][  0]LogTemp:Display: Loaded TP LinuxTargetPlatform
[2016.06.04-16.18.02:709][  0]LogTargetPlatformManager:Display: Building Assets For Windows
[2016.06.04-16.18.02:741][  0]LogDerivedDataCache:Display: Max Cache Size: 512 MB
[2016.06.04-16.18.02:770][  0]LogDerivedDataCache: Loaded boot cache 0.03s 46MB C:/Users/Oscar Romero/AppData/Local/UnrealEngine/4.11/DerivedDataCache/Boot.ddc.
[2016.06.04-16.18.02:770][  0]LogDerivedDataCache:Display: Loaded Boot cache: C:/Users/Oscar Romero/AppData/Local/UnrealEngine/4.11/DerivedDataCache/Boot.ddc
[2016.06.04-16.18.02:771][  0]LogDerivedDataCache: FDerivedDataBackendGraph:  Pak pak cache file ../../../../../../Documents/Developer/Repositories/Bouturon/DerivedDataCache/DDC.ddp not found, will not use a pak cache.
[2016.06.04-16.18.02:771][  0]LogDerivedDataCache: Unable to find inner node Pak for hierarchical cache Hierarchy.
[2016.06.04-16.18.02:771][  0]LogDerivedDataCache: FDerivedDataBackendGraph:  CompressedPak pak cache file ../../../../../../Documents/Developer/Repositories/Bouturon/DerivedDataCache/Compressed.ddp not found, will not use a pak cache.
[2016.06.04-16.18.02:771][  0]LogDerivedDataCache: Unable to find inner node CompressedPak for hierarchical cache Hierarchy.
[2016.06.04-16.18.02:780][  0]LogDerivedDataCache:Display: Pak cache opened for reading ../../../Engine/DerivedDataCache/Compressed.ddp.
[2016.06.04-16.18.02:792][  0]LogDerivedDataCache: Using Local data cache path C:/Users/Oscar Romero/AppData/Local/UnrealEngine/Common/DerivedDataCache: Writable
[2016.06.04-16.18.02:882][  0]LogInit: Selected Device Profile: [Windows]
[2016.06.04-16.18.02:882][  0]LogContentStreaming: Texture pool size is 0.00 MB
[2016.06.04-16.18.02:901][  0]LogMaterial: Uniform references updated for custom material expression Custom.
[2016.06.04-16.18.02:973][  0]LogMeshUtilities: No automatic mesh reduction module available
[2016.06.04-16.18.02:973][  0]LogMeshUtilities: No automatic mesh merging module available
[2016.06.04-16.18.02:973][  0]LogMeshUtilities: No distributed automatic mesh merging module available
[2016.06.04-16.18.03:105][  0]LogUObjectArray: 27679 objects as part of root set at end of initial load.
[2016.06.04-16.18.03:105][  0]LogUObjectAllocator: 5591592 out of 0 bytes used by permanent object pool.
[2016.06.04-16.18.03:105][  0]LogUObjectArray: CloseDisregardForGC: 0/0 objects in disregard for GC pool
[2016.06.04-16.18.03:108][  0]LogInit: WinSock: version 1.1 (2.2), MaxSocks=32767, MaxUdp=65467
[2016.06.04-16.18.03:147][  0]LogSlate: SlateFontCache - WITH_FREETYPE: 1, WITH_HARFBUZZ: 1
[2016.06.04-16.18.03:147][  0]LogSlate: SlateFontCache - WITH_FREETYPE: 1, WITH_HARFBUZZ: 1
[2016.06.04-16.18.03:203][  0]LogStreaming:Warning: Failed to read file '../../../Engine/Content/Editor/Slate/Common/Selection_16x.png' error.
[2016.06.04-16.18.03:203][  0]LogSlate: Could not find file for Slate resource: ../../../Engine/Content/Editor/Slate/Common/Selection_16x.png
[2016.06.04-16.18.03:203][  0]LogStreaming:Warning: Failed to read file '../../../Engine/Content/Editor/Slate/Common/Selection_16x.png' error.
[2016.06.04-16.18.03:203][  0]LogSlate: Could not find file for Slate resource: ../../../Engine/Content/Editor/Slate/Common/Selection_16x.png
[2016.06.04-16.18.03:203][  0]LogStreaming:Warning: Failed to read file '../../../Engine/Content/Editor/Slate/Common/Selection_16x.png' error.
[2016.06.04-16.18.03:203][  0]LogSlate: Could not find file for Slate resource: ../../../Engine/Content/Editor/Slate/Common/Selection_16x.png
[2016.06.04-16.18.03:522][  0]LogUdpMessaging: Initializing bridge on interface 0.0.0.0:0 to multicast group 230.0.0.1:6666.
[2016.06.04-16.18.03:612][  0]LogAssetRegistry: FAssetRegistry took 0.0219 seconds to start up
[2016.06.04-16.18.03:683][  0]SourceControl: Info Source control is disabled
[2016.06.04-16.18.03:683][  0]SourceControl: Info Source control is disabled
[2016.06.04-16.18.03:686][  0]SourceControl: Info Source control is disabled
[2016.06.04-16.18.03:689][  0]SourceControl: Info Source control is disabled
[2016.06.04-16.18.03:732][  0]LogHMD: Failed to initialize OpenVR with code 110
[2016.06.04-16.18.03:774][  0]LogEngine: Initializing Engine...
[2016.06.04-16.18.03:855][  0]LogAIModule: Creating AISystem for world NewWorld
[2016.06.04-16.18.03:861][  0]LogInit: XAudio2 using 'SAMSUNG-8 (NVIDIA High Definition Audio)' : 2 channels at 48 kHz using 16 bits per sample (channel mask 0x3)
[2016.06.04-16.18.03:873][  0]LogInit: FAudioDevice initialized.
[2016.06.04-16.18.03:887][  0]LogDerivedDataCache: Saved boot cache 0.01s 46MB C:/Users/Oscar Romero/AppData/Local/UnrealEngine/4.11/DerivedDataCache/Boot.ddc.
[2016.06.04-16.18.03:891][  0]LogInit: Texture streaming: Enabled
[2016.06.04-16.18.03:902][  0]LogInit: Transaction tracking system initialized
[2016.06.04-16.18.03:911][  0]BlueprintLog: New page: Editor Load
[2016.06.04-16.18.03:940][  0]LocalizationService: Info Localization service is disabled
[2016.06.04-16.18.03:991][  0]LogConsoleResponse:Display: 
[2016.06.04-16.18.04:052][  0]LogCook:Display: Max memory allowance for cook 8192mb
[2016.06.04-16.18.04:052][  0]LogCook:Display: Mobile HDR setting 1
[2016.06.04-16.18.04:052][  0]LogCook:Display: Done creating registry. It took  0.00s.
[2016.06.04-16.18.04:072][  0]LogFileCache: Scanning file cache for directory 'O:/Documents/Developer/Repositories/Bouturon/Content/' took 0.01s
[2016.06.04-16.18.04:072][  0]SourceControl: Info Source control is disabled
[2016.06.04-16.18.04:072][  0]Cmd: MAP LOAD FILE="../../../../../../Documents/Developer/Repositories/Bouturon/Content/ThirdPersonBP/Maps/ThirdPersonExampleMap.umap" TEMPLATE=0 SHOWPROGRESS=1 FEATURELEVEL=3
[2016.06.04-16.18.04:072][  0]LogEditorServer:Warning: Can't find file '../../../../../../Documents/Developer/Repositories/Bouturon/Content/ThirdPersonBP/Maps/ThirdPersonExampleMap.umap'
[2016.06.04-16.18.04:072][  0]Cmd: MAP CHECKDEP NOCLEARLOG
[2016.06.04-16.18.04:087][  0]MapCheck: Info Map check complete: 0 Error(s), 0 Warning(s), took 14.829ms to complete.
[2016.06.04-16.18.04:087][  0]LogFileHelpers: Loading map 'ThirdPersonExampleMap' took 0.015
[2016.06.04-16.18.04:164][  0]LogCollectionManager: Loaded 0 collections in 0.000644 seconds
[2016.06.04-16.18.04:200][  0]LogFileCache: Scanning file cache for directory 'O:/Documents/Developer/Repositories/Bouturon/Saved/Collections/' took 0.01s
[2016.06.04-16.18.04:200][  0]LogFileCache: Scanning file cache for directory 'O:/Documents/Developer/Repositories/Bouturon/Content/Developers/OscarRomero/Collections/' took 0.01s
[2016.06.04-16.18.04:200][  0]LogFileCache: Scanning file cache for directory 'O:/Documents/Developer/Repositories/Bouturon/Content/Collections/' took 0.01s
[2016.06.04-16.18.04:200][  0]LogCollectionManager: Rebuilt the GUID cache for 0 collections in 0.000002 seconds
[2016.06.04-16.18.04:204][  0]LogContentBrowser: Native class hierarchy populated in 0.0045 seconds. Added 1979 classes and 343 folders.
[2016.06.04-16.18.04:206][  0]LogStats: UGameplayTagsManager::ConstructGameplayTagTree: Construct from data asset -  0.000 s
[2016.06.04-16.18.04:206][  0]LogStats: UGameplayTagsManager::ConstructGameplayTagTree: GameplayTagTreeChangedEvent.Broadcast -  0.000 s
[2016.06.04-16.18.04:206][  0]LogContentBrowser: Native class hierarchy updated for 'GameplayTags' in 0.0002 seconds. Added 12 classes and 0 folders.
[2016.06.04-16.18.04:208][  0]LogContentBrowser: Native class hierarchy updated for 'WidgetCarousel' in 0.0002 seconds. Added 0 classes and 0 folders.
[2016.06.04-16.18.04:210][  0]LogContentBrowser: Native class hierarchy updated for 'SuperSearch' in 0.0002 seconds. Added 1 classes and 2 folders.
[2016.06.04-16.18.04:228][  0]LogContentBrowser: Native class hierarchy updated for 'AddContentDialog' in 0.0002 seconds. Added 0 classes and 0 folders.
[2016.06.04-16.18.04:230][  0]LogContentBrowser: Native class hierarchy updated for 'SceneOutliner' in 0.0002 seconds. Added 1 classes and 2 folders.
[2016.06.04-16.18.04:263][  0]LogCrashTracker: Crashtracker disabled due to settings.
[2016.06.04-16.18.04:267][  0]LogUObjectGlobals:Warning: Failed to find object 'Class None.'
[2016.06.04-16.18.04:290][  0]LogContentBrowser: Native class hierarchy updated for 'HierarchicalLODOutliner' in 0.0002 seconds. Added 1 classes and 2 folders.
[2016.06.04-16.18.04:290][  0]LogLoad: Full Startup: 2.96 seconds (BP compile: 0.01 seconds)
[2016.06.04-16.18.04:290][  0]LogExternalProfiler: Found external profiler: VSPerf
[2016.06.04-16.18.04:290][  0]LogExternalProfiler: Using external profiler: VSPerf
[2016.06.04-16.18.04:300][  0]LogWindowsTextInputMethodSystem:Display: IME system now deactivated.
[2016.06.04-16.18.04:300][  0]LogWindowsTextInputMethodSystem:Display: IME system now deactivated.
[2016.06.04-16.18.04:301][  0]LogOcInput: OculusInput pre-init called
[2016.06.04-16.18.04:313][  0]LogAssetRegistry: Asset discovery search completed in 0.7225 seconds
[2016.06.04-16.18.04:313][  0]LogCollectionManager: Rebuilt the object cache for 0 collections in 0.000000 seconds (found 0 objects)
[2016.06.04-16.18.04:313][  0]LogCollectionManager: Fixed up redirectors for 0 collections in 0.000011 seconds (updated 0 objects)
[2016.06.04-16.18.04:326][  0]LogContentStreaming: Texture pool size now 1000 MB
[2016.06.04-16.18.04:420][  0]LogRenderer: Reallocating scene render targets to support 1172x540 (Frame:2).
[2016.06.04-16.18.38:962][913]LogContentBrowser: Native class hierarchy updated for 'BlueprintGraph' in 0.0004 seconds. Added 108 classes and 0 folders.
[2016.06.04-16.18.39:481][913]LogRenderer: Reallocating scene render targets to support 1172x712 (Frame:2941).
[2016.06.04-16.29.53:475][915]BlueprintLog: New page: Compile MainMenuHUD
[2016.06.04-16.29.53:555][915]BlueprintEditorCompileResults: Info [0712.22] Compile of MainMenuHUD successful! [in 79 ms]
[2016.06.04-16.30.46:698][ 84]Cmd: CLOSE_SLATE_MAINFRAME
[2016.06.04-16.32.07:490][394]LogSlate:Warning: Prevented a slow task dialog from being summoned while a context menu was open
[2016.06.04-16.32.41:436][442]BlueprintLog: New page: Compile MainMenuGameMode
[2016.06.04-16.32.41:438][442]LogBlueprint:Error: [compiler MainMenuGameMode] Error This blueprint (self) is not a UserWidget, therefore ' Target ' must have a connection.
[2016.06.04-16.32.41:554][442]LogBlueprint:Warning: [compiler MainMenuGameMode] Warning [0880.22] Compile of MainMenuGameMode failed. 1 Fatal Issue(s) 0 Warning(s) [in 117 ms]
[2016.06.04-16.32.41:554][442]BlueprintEditorCompileResults:Error: Error This blueprint (self) is not a UserWidget, therefore ' Target ' must have a connection.
[2016.06.04-16.32.41:554][442]BlueprintEditorCompileResults:Warning: Warning [0880.22] Compile of MainMenuGameMode failed. 1 Fatal Issue(s) 0 Warning(s) [in 117 ms]
[2016.06.04-16.32.45:505][916]BlueprintLog: New page: Compile MainMenuGameMode
[2016.06.04-16.32.45:554][916]BlueprintEditorCompileResults: Info [0884.22] Compile of MainMenuGameMode successful! [in 49 ms]
[2016.06.04-16.33.00:194][486]LogSavePackage: Save=9.83ms
[2016.06.04-16.33.00:194][486]LogSavePackage: Moving '../../../../../../Documents/Developer/Repositories/Bouturon/Saved/MainMenuGameMode6F46065745ED4A7F80D97D88D57B698A.tmp' to '../../../../../../Documents/Developer/Repositories/Bouturon/Content/Blueprints/GameModes/MainMenuGameMode.uasset'
[2016.06.04-16.33.00:196][486]LogSavePackage: Total save time: 12.58ms
[2016.06.04-16.33.00:196][486]LogSavePackage:Display: Finished SavePackage ../../../../../../Documents/Developer/Repositories/Bouturon/Content/Blueprints/GameModes/MainMenuGameMode.uasset
[2016.06.04-16.33.00:198][486]Cmd: OBJ SAVEPACKAGE PACKAGE="/Game/Blueprints/UMG/MainMenuHUD" FILE="../../../../../../Documents/Developer/Repositories/Bouturon/Content/Blueprints/UMG/MainMenuHUD.uasset" SILENT=true
[2016.06.04-16.33.00:208][486]LogSavePackage: Save=8.75ms
[2016.06.04-16.33.00:208][486]LogSavePackage: Moving '../../../../../../Documents/Developer/Repositories/Bouturon/Saved/MainMenuHUDBD5B94C647127DB165EC35A5D851D982.tmp' to '../../../../../../Documents/Developer/Repositories/Bouturon/Content/Blueprints/UMG/MainMenuHUD.uasset'
[2016.06.04-16.33.00:209][486]LogSavePackage: Total save time: 9.68ms
[2016.06.04-16.33.00:209][486]LogSavePackage:Display: Finished SavePackage ../../../../../../Documents/Developer/Repositories/Bouturon/Content/Blueprints/UMG/MainMenuHUD.uasset
[2016.06.04-16.33.00:237][486]Cmd: OBJ SAVEPACKAGE PACKAGE="/Game/Levels/MainMenu" FILE="../../../../../../Documents/Developer/Repositories/Bouturon/Content/Levels/MainMenu.umap" SILENT=true AUTOSAVING=false KEEPDIRTY=false
[2016.06.04-16.33.00:254][486]LogSavePackage: Save=5.24ms
[2016.06.04-16.33.00:254][486]LogSavePackage: Moving '../../../../../../Documents/Developer/Repositories/Bouturon/Saved/MainMenu01AB17A54ABE89347BE102B27CEDC3F3.tmp' to '../../../../../../Documents/Developer/Repositories/Bouturon/Content/Levels/MainMenu.umap'
[2016.06.04-16.33.00:254][486]LogSavePackage: Total save time: 6.29ms
[2016.06.04-16.33.00:254][486]LogSavePackage:Display: Finished SavePackage ../../../../../../Documents/Developer/Repositories/Bouturon/Content/Levels/MainMenu.umap
[2016.06.04-16.33.00:254][486]LogFileHelpers: Saving map 'MainMenu' took 0.046
[2016.06.04-16.33.00:256][486]Cmd: MAP LOAD FILE="../../../../../../Documents/Developer/Repositories/Bouturon/Content/Levels/MainMenu.umap" TEMPLATE=0 SHOWPROGRESS=1 FEATURELEVEL=3
[2016.06.04-16.33.00:256][486]LightingResults: New page: Lighting Build
[2016.06.04-16.33.00:258][486]LogContentBrowser: Native class hierarchy updated for 'StatsViewer' in 0.0002 seconds. Added 5 classes and 0 folders.
[2016.06.04-16.33.00:268][486]LoadErrors: New page: Loading map: MainMenu.umap
[2016.06.04-16.33.00:268][486]MapCheck: New page: Map Check
[2016.06.04-16.33.00:268][486]LightingResults: New page: Lighting Build
[2016.06.04-16.33.00:309][486]LogEditorServer: Finished looking for orphan Actors (0.000 secs)
[2016.06.04-16.33.00:309][486]LogAIModule: Creating AISystem for world MainMenu
[2016.06.04-16.33.00:339][486]Cmd: MAP CHECKDEP NOCLEARLOG
[2016.06.04-16.33.00:364][486]MapCheck: Info Map check complete: 0 Error(s), 0 Warning(s), took 25.163ms to complete.
[2016.06.04-16.33.00:365][486]LogFileHelpers: Loading map 'MainMenu' took 0.110
[2016.06.04-16.33.02:744][768]Cmd: MAP LOAD FILE="../../../../../../Documents/Developer/Repositories/Bouturon/Content/Levels/MainMenu.umap" TEMPLATE=0 SHOWPROGRESS=1 FEATURELEVEL=3
[2016.06.04-16.33.02:744][768]LightingResults: New page: Lighting Build
[2016.06.04-16.33.02:754][768]LoadErrors: New page: Loading map: MainMenu.umap
[2016.06.04-16.33.02:754][768]MapCheck: New page: Map Check
[2016.06.04-16.33.02:754][768]LightingResults: New page: Lighting Build
[2016.06.04-16.33.02:766][768]LogAIModule: Creating AISystem for world MainMenu
[2016.06.04-16.33.02:803][768]LogEditorServer: Finished looking for orphan Actors (0.000 secs)
[2016.06.04-16.33.02:828][768]Cmd: MAP CHECKDEP NOCLEARLOG
[2016.06.04-16.33.02:854][768]MapCheck: Info Map check complete: 0 Error(s), 0 Warning(s), took 25.278ms to complete.
[2016.06.04-16.33.02:854][768]LogFileHelpers: Loading map 'MainMenu' took 0.111
[2016.06.04-16.33.12:794][958]LogSlate:Warning: Prevented a slow task dialog from being summoned while a context menu was open
[2016.06.04-16.33.15:787][312]Cmd: UpdateLandscapeSetup
[2016.06.04-16.33.18:812][673]LogUObjectGlobals:Warning: Failed to find object 'Class None.None'
[2016.06.04-16.33.20:425][863]Cmd: OBJ SAVEPACKAGE PACKAGE="/Game/Levels/MainMenu" FILE="../../../../../../Documents/Developer/Repositories/Bouturon/Content/Levels/MainMenu.umap" SILENT=true AUTOSAVING=false KEEPDIRTY=false
[2016.06.04-16.33.20:444][863]LogSavePackage: Save=5.46ms
[2016.06.04-16.33.20:444][863]LogSavePackage: Moving '../../../../../../Documents/Developer/Repositories/Bouturon/Saved/MainMenuBF6637654D39C2C04A85C0BF25017EF1.tmp' to '../../../../../../Documents/Developer/Repositories/Bouturon/Content/Levels/MainMenu.umap'
[2016.06.04-16.33.20:445][863]LogSavePackage: Total save time: 9.69ms
[2016.06.04-16.33.20:445][863]LogSavePackage:Display: Finished SavePackage ../../../../../../Documents/Developer/Repositories/Bouturon/Content/Levels/MainMenu.umap
[2016.06.04-16.33.21:770][ 16]LogPlayLevel: PlayLevel: No blueprints needed recompiling
[2016.06.04-16.33.21:770][ 16]PIE: New page: PIE session: MainMenu (Jun 4, 2016, 7:33:21 AM)
[2016.06.04-16.33.21:770][ 16]LogPlayLevel: Creating play world package: /Game/Levels/UEDPIE_0_MainMenu
[2016.06.04-16.33.21:771][ 16]LogPlayLevel: PIE: StaticDuplicateObject took: (0.000338s)
[2016.06.04-16.33.21:771][ 16]LogAIModule: Creating AISystem for world MainMenu
[2016.06.04-16.33.21:771][ 16]LogPlayLevel: PIE: World Init took: (0.000352s)
[2016.06.04-16.33.21:771][ 16]LogPlayLevel: PIE: Created PIE world by copying editor world from /Game/Levels/MainMenu.MainMenu to /Game/Levels/UEDPIE_0_MainMenu.MainMenu (0.000800s)
[2016.06.04-16.33.21:785][ 16]LogInit: XAudio2 using 'SAMSUNG-8 (NVIDIA High Definition Audio)' : 2 channels at 48 kHz using 16 bits per sample (channel mask 0x3)
[2016.06.04-16.33.21:789][ 16]LogInit: FAudioDevice initialized.
[2016.06.04-16.33.21:838][ 16]LogWorld: Game class is 'MainMenuGameMode_C'
[2016.06.04-16.33.21:839][ 16]LogWorld: Bringing World /Game/Levels/UEDPIE_0_MainMenu.MainMenu up for play (max tick rate 0) at 2016.06.04-12.33.21
[2016.06.04-16.33.21:840][ 16]LogWorld: Bringing up level for play took: 0.000689
[2016.06.04-16.33.21:840][ 16]LogSpawn:Warning: SpawnActor failed because no class was specified
[2016.06.04-16.33.21:842][ 16]LogContentBrowser: Native class hierarchy updated for 'MovieSceneCapture' in 0.0002 seconds. Added 9 classes and 0 folders.
[2016.06.04-16.33.21:848][ 16]PIE: Info Play in editor start time for /Game/Levels/UEDPIE_0_MainMenu 0.49
[2016.06.04-16.33.21:860][ 17]LogRenderer: Reallocating scene render targets to support 1172x1336 (Frame:10638).
[2016.06.04-16.43.28:704][895]LogFileHelpers: Editor autosave (incl. sublevels) for '/Game/Levels/MainMenu' took 0.014
[2016.06.04-16.43.28:707][895]OBJ SavePackage: Generating thumbnails for [0] asset(s) in package [/Game/Blueprints/GameModes/MainMenuGameMode] ([1] browsable assets)...
[2016.06.04-16.43.28:707][895]OBJ SavePackage: Finished generating thumbnails for package [/Game/Blueprints/GameModes/MainMenuGameMode]
[2016.06.04-16.43.28:723][895]LogSavePackage: Save=9.42ms
[2016.06.04-16.43.28:723][895]LogSavePackage: Moving '../../../../../../Documents/Developer/Repositories/Bouturon/Saved/MainMenuGameMode_Auto157E7849E486321B39746D5B3CB4C63CE.tmp' to '../../../../../../Documents/Developer/Repositories/Bouturon/Saved/Autosaves/Game/Blueprints/GameModes/MainMenuGameMode_Auto1.uasset'
[2016.06.04-16.43.28:723][895]LogSavePackage: Total save time: 15.44ms
[2016.06.04-16.43.28:723][895]LogSavePackage:Display: Finished SavePackage ../../../../../../Documents/Developer/Repositories/Bouturon/Saved/Autosaves/Game/Blueprints/GameModes/MainMenuGameMode_Auto1.uasset
[2016.06.04-16.43.28:723][895]LogFileHelpers: Auto-saving content packages took 0.019
[2016.06.04-16.46.01:641][905]LogSavePackage: Save=9.18ms
[2016.06.04-16.46.01:641][905]LogSavePackage: Moving '../../../../../../Documents/Developer/Repositories/Bouturon/Saved/MainMenuGameMode2EF2C00244283D9C2702798D431ED922.tmp' to '../../../../../../Documents/Developer/Repositories/Bouturon/Content/Blueprints/GameModes/MainMenuGameMode.uasset'
[2016.06.04-16.46.01:642][905]LogSavePackage: Total save time: 12.90ms
[2016.06.04-16.46.01:642][905]LogSavePackage:Display: Finished SavePackage ../../../../../../Documents/Developer/Repositories/Bouturon/Content/Blueprints/GameModes/MainMenuGameMode.uasset
[2016.06.04-16.46.01:643][905]Cmd: MAP LOAD FILE="../../../../../../Documents/Developer/Repositories/Bouturon/Content/Levels/MainMenu.umap" TEMPLATE=0 SHOWPROGRESS=1 FEATURELEVEL=3
[2016.06.04-16.46.01:643][905]LightingResults: New page: Lighting Build
[2016.06.04-16.46.01:653][905]LoadErrors: New page: Loading map: MainMenu.umap
[2016.06.04-16.46.01:654][905]MapCheck: New page: Map Check
[2016.06.04-16.46.01:654][905]LightingResults: New page: Lighting Build
[2016.06.04-16.46.01:668][905]LogAIModule: Creating AISystem for world MainMenu
[2016.06.04-16.46.01:697][905]LogEditorServer: Finished looking for orphan Actors (0.000 secs)
[2016.06.04-16.46.01:724][905]Cmd: MAP CHECKDEP NOCLEARLOG
[2016.06.04-16.46.01:751][905]MapCheck: Info Map check complete: 0 Error(s), 0 Warning(s), took 26.694ms to complete.
[2016.06.04-16.46.01:752][905]LogFileHelpers: Loading map 'MainMenu' took 0.110
[2016.06.04-16.52.08:485][889]BlueprintLog: New page: Compile MainMenuHUD
[2016.06.04-16.52.08:544][889]BlueprintEditorCompileResults: Info [2047.21] Compile of MainMenuHUD successful! [in 59 ms]
[2016.06.04-16.52.23:609][692]LogPlayLevel: PlayLevel: No blueprints needed recompiling
[2016.06.04-16.52.23:609][692]PIE: New page: PIE session: MainMenu (Jun 4, 2016, 7:52:23 AM)
[2016.06.04-16.52.23:609][692]LogPlayLevel: Creating play world package: /Game/Levels/UEDPIE_0_MainMenu
[2016.06.04-16.52.23:609][692]LogPlayLevel: PIE: StaticDuplicateObject took: (0.000363s)
[2016.06.04-16.52.23:610][692]LogAIModule: Creating AISystem for world MainMenu
[2016.06.04-16.52.23:610][692]LogPlayLevel: PIE: World Init took: (0.000426s)
[2016.06.04-16.52.23:610][692]LogPlayLevel: PIE: Created PIE world by copying editor world from /Game/Levels/MainMenu.MainMenu to /Game/Levels/UEDPIE_0_MainMenu.MainMenu (0.000908s)
[2016.06.04-16.52.23:625][692]LogInit: XAudio2 using 'SAMSUNG-8 (NVIDIA High Definition Audio)' : 2 channels at 48 kHz using 16 bits per sample (channel mask 0x3)
[2016.06.04-16.52.23:628][692]LogInit: FAudioDevice initialized.
[2016.06.04-16.52.23:661][692]LogWorld: Game class is 'MainMenuGameMode_C'
[2016.06.04-16.52.23:662][692]LogWorld: Bringing World /Game/Levels/UEDPIE_0_MainMenu.MainMenu up for play (max tick rate 0) at 2016.06.04-12.52.23
[2016.06.04-16.52.23:662][692]LogWorld: Bringing up level for play took: 0.000805
[2016.06.04-16.52.23:663][692]LogSpawn:Warning: SpawnActor failed because no class was specified
[2016.06.04-16.52.23:668][692]PIE: Info Play in editor start time for /Game/Levels/UEDPIE_0_MainMenu 0.309
[2016.06.04-16.52.26:300][  4]LogNet: Browse: /Game/Levels/EndlessRunner
[2016.06.04-16.52.26:300][  4]LogLoad: LoadMap: /Game/Levels/EndlessRunner
[2016.06.04-16.52.26:312][  4]Cmd: MEM
[2016.06.04-16.52.26:322][  4]LogMemory: Platform Memory Stats for Windows
[2016.06.04-16.52.26:322][  4]LogMemory: Process Physical Memory: 950.80 MB used, 1204.14 MB peak
[2016.06.04-16.52.26:322][  4]LogMemory: Process Virtual Memory: 2113.51 MB used, 2136.89 MB peak
[2016.06.04-16.52.26:322][  4]LogMemory: Physical Memory: 6168.45 MB used, 16299.50 MB total
[2016.06.04-16.52.26:322][  4]LogMemory: Virtual Memory: 2858.33 MB used, 134217728.00 MB total
[2016.06.04-16.52.26:322][  4]LogMemory: 
[2016.06.04-16.52.26:322][  4]Allocator Stats for TBB: (not implemented)
[2016.06.04-16.52.26:755][  4]LogAIModule: Creating AISystem for world EndlessRunner
[2016.06.04-16.52.26:755][  4]LogWorld: Game class is 'EndlessRunnerGameMode_C'
[2016.06.04-16.52.26:757][  4]LogWorld: Bringing World /Game/Levels/UEDPIE_0_EndlessRunner.EndlessRunner up for play (max tick rate 0) at 2016.06.04-12.52.26
[2016.06.04-16.52.26:757][  4]LogWorld: Bringing up level for play took: 0.001300
[2016.06.04-16.52.26:758][  4]LogSpawn:Warning: SpawnActor failed because no class was specified
[2016.06.04-16.52.26:790][  5]LogCharacterMovement:Warning: GetSimulationTimeStep() - Max iterations 8 hit while remaining time 0.100000 > MaxSimulationTimeStep (0.050) for 'RunCharacter_C_0', movement 'Walking'
[2016.06.04-16.54.30:126][689]LogSlate:Warning: Prevented a slow task dialog from being summoned while a context menu was open
[2016.06.04-17.01.02:289][659]BlueprintLog: New page: Compile GameOverHUD
[2016.06.04-17.01.02:293][659]LogActorComponent: UnregisterComponent: (/Engine/Transient.CharMoveComp) Not registered. Aborting.
[2016.06.04-17.01.02:359][659]BlueprintEditorCompileResults: Info [2581.03] Compile of GameOverHUD successful! [in 70 ms]
[2016.06.04-17.02.10:456][806]LogEditorTransaction: Undo Add Widget
[2016.06.04-17.04.04:564][403]Cmd: TRANSACTION UNDO
[2016.06.04-17.04.04:564][403]LogEditorTransaction: Undo Edit Specified Color
[2016.06.04-17.08.57:839][467]BlueprintLog: New page: Compile GameOverHUD
[2016.06.04-17.08.57:901][467]BlueprintEditorCompileResults: Info [3056.57] Compile of GameOverHUD successful! [in 61 ms]
[2016.06.04-17.09.03:388][118]LogSlate:Warning: Prevented a slow task dialog from being summoned while a context menu was open
[2016.06.04-17.09.08:249][692]BlueprintLog: New page: Compile RunCharacter
[2016.06.04-17.09.08:362][692]BlueprintEditorCompileResults: Info [3067.03] Compile of RunCharacter successful! [in 113 ms]
[2016.06.04-17.09.12:114][138]LogPlayLevel: PlayLevel: No blueprints needed recompiling
[2016.06.04-17.09.12:114][138]PIE: New page: PIE session: MainMenu (Jun 4, 2016, 8:09:12 AM)
[2016.06.04-17.09.12:114][138]LogPlayLevel: Creating play world package: /Game/Levels/UEDPIE_0_MainMenu
[2016.06.04-17.09.12:115][138]LogPlayLevel: PIE: StaticDuplicateObject took: (0.000338s)
[2016.06.04-17.09.12:115][138]LogAIModule: Creating AISystem for world MainMenu
[2016.06.04-17.09.12:115][138]LogPlayLevel: PIE: World Init took: (0.000378s)
[2016.06.04-17.09.12:115][138]LogPlayLevel: PIE: Created PIE world by copying editor world from /Game/Levels/MainMenu.MainMenu to /Game/Levels/UEDPIE_0_MainMenu.MainMenu (0.000820s)
[2016.06.04-17.09.12:131][138]LogInit: XAudio2 using 'SAMSUNG-8 (NVIDIA High Definition Audio)' : 2 channels at 48 kHz using 16 bits per sample (channel mask 0x3)
[2016.06.04-17.09.12:134][138]LogInit: FAudioDevice initialized.
[2016.06.04-17.09.12:169][138]LogWorld: Game class is 'MainMenuGameMode_C'
[2016.06.04-17.09.12:170][138]LogWorld: Bringing World /Game/Levels/UEDPIE_0_MainMenu.MainMenu up for play (max tick rate 0) at 2016.06.04-13.09.12
[2016.06.04-17.09.12:170][138]LogWorld: Bringing up level for play took: 0.000669
[2016.06.04-17.09.12:170][138]LogGameMode: Warning - PATHS NOT DEFINED or NO PLAYERSTART with positive rating
[2016.06.04-17.09.12:171][138]LogSpawn:Warning: SpawnActor failed because no class was specified
[2016.06.04-17.09.12:180][138]PIE: Info Play in editor start time for /Game/Levels/UEDPIE_0_MainMenu 0.821
[2016.06.04-17.09.14:347][396]LogNet: Browse: /Game/Levels/EndlessRunner
[2016.06.04-17.09.14:347][396]LogLoad: LoadMap: /Game/Levels/EndlessRunner
[2016.06.04-17.09.14:361][396]Cmd: MEM
[2016.06.04-17.09.14:371][396]LogMemory: Platform Memory Stats for Windows
[2016.06.04-17.09.14:371][396]LogMemory: Process Physical Memory: 1302.98 MB used, 1304.58 MB peak
[2016.06.04-17.09.14:371][396]LogMemory: Process Virtual Memory: 2580.18 MB used, 2583.43 MB peak
[2016.06.04-17.09.14:371][396]LogMemory: Physical Memory: 6570.59 MB used, 16299.50 MB total
[2016.06.04-17.09.14:371][396]LogMemory: Virtual Memory: 3335.59 MB used, 134217728.00 MB total
[2016.06.04-17.09.14:371][396]LogMemory: 
[2016.06.04-17.09.14:371][396]Allocator Stats for TBB: (not implemented)
[2016.06.04-17.09.14:469][396]LogAIModule: Creating AISystem for world EndlessRunner
[2016.06.04-17.09.14:469][396]LogWorld: Game class is 'EndlessRunnerGameMode_C'
[2016.06.04-17.09.14:471][396]LogWorld: Bringing World /Game/Levels/UEDPIE_0_EndlessRunner.EndlessRunner up for play (max tick rate 0) at 2016.06.04-13.09.14
[2016.06.04-17.09.14:471][396]LogWorld: Bringing up level for play took: 0.001192
[2016.06.04-17.09.14:471][396]LogSpawn:Warning: SpawnActor failed because no class was specified
[2016.06.04-17.09.46:349][147]BlueprintLog: New page: Compile RunCharacter
[2016.06.04-17.09.46:455][147]BlueprintEditorCompileResults: Info [3105.12] Compile of RunCharacter successful! [in 106 ms]
[2016.06.04-17.09.47:290][244]LogPlayLevel: PlayLevel: No blueprints needed recompiling
[2016.06.04-17.09.47:290][244]PIE: New page: PIE session: MainMenu (Jun 4, 2016, 8:09:47 AM)
[2016.06.04-17.09.47:290][244]LogPlayLevel: Creating play world package: /Game/Levels/UEDPIE_0_MainMenu
[2016.06.04-17.09.47:290][244]LogPlayLevel: PIE: StaticDuplicateObject took: (0.000318s)
[2016.06.04-17.09.47:290][244]LogAIModule: Creating AISystem for world MainMenu
[2016.06.04-17.09.47:290][244]LogPlayLevel: PIE: World Init took: (0.000336s)
[2016.06.04-17.09.47:291][244]LogPlayLevel: PIE: Created PIE world by copying editor world from /Game/Levels/MainMenu.MainMenu to /Game/Levels/UEDPIE_0_MainMenu.MainMenu (0.000761s)
[2016.06.04-17.09.47:306][244]LogInit: XAudio2 using 'SAMSUNG-8 (NVIDIA High Definition Audio)' : 2 channels at 48 kHz using 16 bits per sample (channel mask 0x3)
[2016.06.04-17.09.47:309][244]LogInit: FAudioDevice initialized.
[2016.06.04-17.09.47:341][244]LogWorld: Game class is 'MainMenuGameMode_C'
[2016.06.04-17.09.47:342][244]LogWorld: Bringing World /Game/Levels/UEDPIE_0_MainMenu.MainMenu up for play (max tick rate 0) at 2016.06.04-13.09.47
[2016.06.04-17.09.47:342][244]LogWorld: Bringing up level for play took: 0.000585
[2016.06.04-17.09.47:343][244]LogGameMode: Warning - PATHS NOT DEFINED or NO PLAYERSTART with positive rating
[2016.06.04-17.09.47:343][244]LogSpawn:Warning: SpawnActor failed because no class was specified
[2016.06.04-17.09.47:351][244]PIE: Info Play in editor start time for /Game/Levels/UEDPIE_0_MainMenu -0.008
[2016.06.04-17.09.49:627][516]LogNet: Browse: /Game/Levels/EndlessRunner
[2016.06.04-17.09.49:627][516]LogLoad: LoadMap: /Game/Levels/EndlessRunner
[2016.06.04-17.09.49:639][516]Cmd: MEM
[2016.06.04-17.09.49:650][516]LogMemory: Platform Memory Stats for Windows
[2016.06.04-17.09.49:650][516]LogMemory: Process Physical Memory: 1313.91 MB used, 1355.98 MB peak
[2016.06.04-17.09.49:650][516]LogMemory: Process Virtual Memory: 2528.33 MB used, 2717.59 MB peak
[2016.06.04-17.09.49:650][516]LogMemory: Physical Memory: 6581.27 MB used, 16299.50 MB total
[2016.06.04-17.09.49:650][516]LogMemory: Virtual Memory: 3283.96 MB used, 134217728.00 MB total
[2016.06.04-17.09.49:650][516]LogMemory: 
[2016.06.04-17.09.49:650][516]Allocator Stats for TBB: (not implemented)
[2016.06.04-17.09.49:745][516]LogAIModule: Creating AISystem for world EndlessRunner
[2016.06.04-17.09.49:745][516]LogWorld: Game class is 'EndlessRunnerGameMode_C'
[2016.06.04-17.09.49:747][516]LogWorld: Bringing World /Game/Levels/UEDPIE_0_EndlessRunner.EndlessRunner up for play (max tick rate 0) at 2016.06.04-13.09.49
[2016.06.04-17.09.49:747][516]LogWorld: Bringing up level for play took: 0.001186
[2016.06.04-17.09.49:748][516]LogSpawn:Warning: SpawnActor failed because no class was specified
[2016.06.04-17.09.59:277][656]LogNet: Browse: /Game/Levels/EndlessRunner
[2016.06.04-17.09.59:277][656]LogLoad: LoadMap: /Game/Levels/EndlessRunner
[2016.06.04-17.09.59:292][656]Cmd: MEM
[2016.06.04-17.09.59:303][656]LogMemory: Platform Memory Stats for Windows
[2016.06.04-17.09.59:303][656]LogMemory: Process Physical Memory: 1321.09 MB used, 1355.98 MB peak
[2016.06.04-17.09.59:303][656]LogMemory: Process Virtual Memory: 2552.93 MB used, 2717.59 MB peak
[2016.06.04-17.09.59:303][656]LogMemory: Physical Memory: 6589.96 MB used, 16299.50 MB total
[2016.06.04-17.09.59:303][656]LogMemory: Virtual Memory: 3297.84 MB used, 134217728.00 MB total
[2016.06.04-17.09.59:303][656]LogMemory: 
[2016.06.04-17.09.59:303][656]Allocator Stats for TBB: (not implemented)
[2016.06.04-17.09.59:394][656]LogAIModule: Creating AISystem for world EndlessRunner
[2016.06.04-17.09.59:395][656]LogWorld: Game class is 'EndlessRunnerGameMode_C'
[2016.06.04-17.09.59:396][656]LogWorld: Bringing World /Game/Levels/UEDPIE_0_EndlessRunner.EndlessRunner up for play (max tick rate 0) at 2016.06.04-13.09.59
[2016.06.04-17.09.59:397][656]LogWorld: Bringing up level for play took: 0.001189
[2016.06.04-17.09.59:397][656]LogSpawn:Warning: SpawnActor failed because no class was specified
[2016.06.04-17.10.14:309][422]LogEditorTransaction: Undo Move Nodes
[2016.06.04-17.10.14:520][440]LogEditorTransaction: Undo Create Pin Link
[2016.06.04-17.10.15:042][481]LogEditorTransaction: Undo Delete current selection
[2016.06.04-17.11.17:644][905]BlueprintLog: New page: Compile RunCharacter
[2016.06.04-17.11.17:755][905]BlueprintEditorCompileResults: Info [3196.42] Compile of RunCharacter successful! [in 111 ms]
[2016.06.04-17.11.25:618][843]LogPlayLevel: PlayLevel: No blueprints needed recompiling
[2016.06.04-17.11.25:618][843]PIE: New page: PIE session: MainMenu (Jun 4, 2016, 8:11:25 AM)
[2016.06.04-17.11.25:618][843]LogPlayLevel: Creating play world package: /Game/Levels/UEDPIE_0_MainMenu
[2016.06.04-17.11.25:619][843]LogPlayLevel: PIE: StaticDuplicateObject took: (0.000323s)
[2016.06.04-17.11.25:619][843]LogAIModule: Creating AISystem for world MainMenu
[2016.06.04-17.11.25:619][843]LogPlayLevel: PIE: World Init took: (0.000362s)
[2016.06.04-17.11.25:619][843]LogPlayLevel: PIE: Created PIE world by copying editor world from /Game/Levels/MainMenu.MainMenu to /Game/Levels/UEDPIE_0_MainMenu.MainMenu (0.000788s)
[2016.06.04-17.11.25:635][843]LogInit: XAudio2 using 'SAMSUNG-8 (NVIDIA High Definition Audio)' : 2 channels at 48 kHz using 16 bits per sample (channel mask 0x3)
[2016.06.04-17.11.25:638][843]LogInit: FAudioDevice initialized.
[2016.06.04-17.11.25:675][843]LogWorld: Game class is 'MainMenuGameMode_C'
[2016.06.04-17.11.25:676][843]LogWorld: Bringing World /Game/Levels/UEDPIE_0_MainMenu.MainMenu up for play (max tick rate 0) at 2016.06.04-13.11.25
[2016.06.04-17.11.25:676][843]LogWorld: Bringing up level for play took: 0.000632
[2016.06.04-17.11.25:677][843]LogSpawn:Warning: SpawnActor failed because no class was specified
[2016.06.04-17.11.25:682][843]PIE: Info Play in editor start time for /Game/Levels/UEDPIE_0_MainMenu 0.323
[2016.06.04-17.11.27:008][  1]LogNet: Browse: /Game/Levels/EndlessRunner
[2016.06.04-17.11.27:008][  1]LogLoad: LoadMap: /Game/Levels/EndlessRunner
[2016.06.04-17.11.27:020][  1]Cmd: MEM
[2016.06.04-17.11.27:031][  1]LogMemory: Platform Memory Stats for Windows
[2016.06.04-17.11.27:031][  1]LogMemory: Process Physical Memory: 1322.46 MB used, 1355.98 MB peak
[2016.06.04-17.11.27:031][  1]LogMemory: Process Virtual Memory: 2529.73 MB used, 2717.59 MB peak
[2016.06.04-17.11.27:031][  1]LogMemory: Physical Memory: 6589.41 MB used, 16299.50 MB total
[2016.06.04-17.11.27:031][  1]LogMemory: Virtual Memory: 3280.59 MB used, 134217728.00 MB total
[2016.06.04-17.11.27:031][  1]LogMemory: 
[2016.06.04-17.11.27:031][  1]Allocator Stats for TBB: (not implemented)
[2016.06.04-17.11.27:126][  1]LogAIModule: Creating AISystem for world EndlessRunner
[2016.06.04-17.11.27:126][  1]LogWorld: Game class is 'EndlessRunnerGameMode_C'
[2016.06.04-17.11.27:128][  1]LogWorld: Bringing World /Game/Levels/UEDPIE_0_EndlessRunner.EndlessRunner up for play (max tick rate 0) at 2016.06.04-13.11.27
[2016.06.04-17.11.27:128][  1]LogWorld: Bringing up level for play took: 0.001192
[2016.06.04-17.11.27:129][  1]LogSpawn:Warning: SpawnActor failed because no class was specified
[2016.06.04-17.11.47:737][470]LogNet: Browse: /Game/Levels/MainMenu
[2016.06.04-17.11.47:737][470]LogLoad: LoadMap: /Game/Levels/MainMenu
[2016.06.04-17.11.47:753][470]Cmd: MEM
[2016.06.04-17.11.47:764][470]LogMemory: Platform Memory Stats for Windows
[2016.06.04-17.11.47:764][470]LogMemory: Process Physical Memory: 1318.62 MB used, 1356.29 MB peak
[2016.06.04-17.11.47:764][470]LogMemory: Process Virtual Memory: 2554.09 MB used, 2717.59 MB peak
[2016.06.04-17.11.47:764][470]LogMemory: Physical Memory: 6587.24 MB used, 16299.50 MB total
[2016.06.04-17.11.47:764][470]LogMemory: Virtual Memory: 3293.96 MB used, 134217728.00 MB total
[2016.06.04-17.11.47:764][470]LogMemory: 
[2016.06.04-17.11.47:764][470]Allocator Stats for TBB: (not implemented)
[2016.06.04-17.11.47:764][470]LogPlayLevel: Creating play world package: /Game/Levels/UEDPIE_0_MainMenu
[2016.06.04-17.11.47:764][470]LogPlayLevel: PIE: StaticDuplicateObject took: (0.000343s)
[2016.06.04-17.11.47:764][470]LogAIModule: Creating AISystem for world MainMenu
[2016.06.04-17.11.47:765][470]LogPlayLevel: PIE: World Init took: (0.000347s)
[2016.06.04-17.11.47:765][470]LogPlayLevel: PIE: Created PIE world by copying editor world from /Game/Levels/MainMenu.MainMenu to /Game/Levels/UEDPIE_0_MainMenu.MainMenu (0.000804s)
[2016.06.04-17.11.47:765][470]LogWorld: Game class is 'MainMenuGameMode_C'
[2016.06.04-17.11.47:766][470]LogWorld: Bringing World /Game/Levels/UEDPIE_0_MainMenu.MainMenu up for play (max tick rate 0) at 2016.06.04-13.11.47
[2016.06.04-17.11.47:766][470]LogWorld: Bringing up level for play took: 0.000626
[2016.06.04-17.11.47:766][470]LogGameMode: Warning - PATHS NOT DEFINED or NO PLAYERSTART with positive rating
[2016.06.04-17.11.47:766][470]LogSpawn:Warning: SpawnActor failed because no class was specified
[2016.06.04-17.12.36:574][ 42]BlueprintLog: New page: Compile RunCharacter
[2016.06.04-17.12.36:682][ 42]BlueprintEditorCompileResults: Info [3275.35] Compile of RunCharacter successful! [in 108 ms]
[2016.06.04-17.12.37:193][100]LogPlayLevel: PlayLevel: No blueprints needed recompiling
[2016.06.04-17.12.37:193][100]PIE: New page: PIE session: MainMenu (Jun 4, 2016, 8:12:37 AM)
[2016.06.04-17.12.37:193][100]LogPlayLevel: Creating play world package: /Game/Levels/UEDPIE_0_MainMenu
[2016.06.04-17.12.37:194][100]LogPlayLevel: PIE: StaticDuplicateObject took: (0.000318s)
[2016.06.04-17.12.37:194][100]LogAIModule: Creating AISystem for world MainMenu
[2016.06.04-17.12.37:194][100]LogPlayLevel: PIE: World Init took: (0.000331s)
[2016.06.04-17.12.37:194][100]LogPlayLevel: PIE: Created PIE world by copying editor world from /Game/Levels/MainMenu.MainMenu to /Game/Levels/UEDPIE_0_MainMenu.MainMenu (0.000750s)
[2016.06.04-17.12.37:209][100]LogInit: XAudio2 using 'SAMSUNG-8 (NVIDIA High Definition Audio)' : 2 channels at 48 kHz using 16 bits per sample (channel mask 0x3)
[2016.06.04-17.12.37:212][100]LogInit: FAudioDevice initialized.
[2016.06.04-17.12.37:248][100]LogWorld: Game class is 'MainMenuGameMode_C'
[2016.06.04-17.12.37:249][100]LogWorld: Bringing World /Game/Levels/UEDPIE_0_MainMenu.MainMenu up for play (max tick rate 0) at 2016.06.04-13.12.37
[2016.06.04-17.12.37:249][100]LogWorld: Bringing up level for play took: 0.000597
[2016.06.04-17.12.37:249][100]LogGameMode: Warning - PATHS NOT DEFINED or NO PLAYERSTART with positive rating
[2016.06.04-17.12.37:249][100]LogSpawn:Warning: SpawnActor failed because no class was specified
[2016.06.04-17.12.37:258][100]PIE: Info Play in editor start time for /Game/Levels/UEDPIE_0_MainMenu -0.101
[2016.06.04-17.12.39:342][349]LogNet: Browse: /Game/Levels/EndlessRunner
[2016.06.04-17.12.39:342][349]LogLoad: LoadMap: /Game/Levels/EndlessRunner
[2016.06.04-17.12.39:354][349]Cmd: MEM
[2016.06.04-17.12.39:365][349]LogMemory: Platform Memory Stats for Windows
[2016.06.04-17.12.39:365][349]LogMemory: Process Physical Memory: 1315.20 MB used, 1356.29 MB peak
[2016.06.04-17.12.39:365][349]LogMemory: Process Virtual Memory: 2544.82 MB used, 2717.59 MB peak
[2016.06.04-17.12.39:365][349]LogMemory: Physical Memory: 6581.99 MB used, 16299.50 MB total
[2016.06.04-17.12.39:365][349]LogMemory: Virtual Memory: 3293.96 MB used, 134217728.00 MB total
[2016.06.04-17.12.39:365][349]LogMemory: 
[2016.06.04-17.12.39:365][349]Allocator Stats for TBB: (not implemented)
[2016.06.04-17.12.39:455][349]LogAIModule: Creating AISystem for world EndlessRunner
[2016.06.04-17.12.39:455][349]LogWorld: Game class is 'EndlessRunnerGameMode_C'
[2016.06.04-17.12.39:457][349]LogWorld: Bringing World /Game/Levels/UEDPIE_0_EndlessRunner.EndlessRunner up for play (max tick rate 0) at 2016.06.04-13.12.39
[2016.06.04-17.12.39:457][349]LogWorld: Bringing up level for play took: 0.001168
[2016.06.04-17.12.39:458][349]LogSpawn:Warning: SpawnActor failed because no class was specified
[2016.06.04-17.12.53:199][983]BlueprintLog: New page: Compile RunCharacter
[2016.06.04-17.12.53:305][983]BlueprintEditorCompileResults: Info [3291.97] Compile of RunCharacter successful! [in 105 ms]
[2016.06.04-17.12.54:229][ 91]LogPlayLevel: PlayLevel: No blueprints needed recompiling
[2016.06.04-17.12.54:229][ 91]PIE: New page: PIE session: MainMenu (Jun 4, 2016, 8:12:54 AM)
[2016.06.04-17.12.54:229][ 91]LogPlayLevel: Creating play world package: /Game/Levels/UEDPIE_0_MainMenu
[2016.06.04-17.12.54:230][ 91]LogPlayLevel: PIE: StaticDuplicateObject took: (0.000321s)
[2016.06.04-17.12.54:230][ 91]LogAIModule: Creating AISystem for world MainMenu
[2016.06.04-17.12.54:230][ 91]LogPlayLevel: PIE: World Init took: (0.000331s)
[2016.06.04-17.12.54:230][ 91]LogPlayLevel: PIE: Created PIE world by copying editor world from /Game/Levels/MainMenu.MainMenu to /Game/Levels/UEDPIE_0_MainMenu.MainMenu (0.000755s)
[2016.06.04-17.12.54:246][ 91]LogInit: XAudio2 using 'SAMSUNG-8 (NVIDIA High Definition Audio)' : 2 channels at 48 kHz using 16 bits per sample (channel mask 0x3)
[2016.06.04-17.12.54:248][ 91]LogInit: FAudioDevice initialized.
[2016.06.04-17.12.54:285][ 91]LogWorld: Game class is 'MainMenuGameMode_C'
[2016.06.04-17.12.54:286][ 91]LogWorld: Bringing World /Game/Levels/UEDPIE_0_MainMenu.MainMenu up for play (max tick rate 0) at 2016.06.04-13.12.54
[2016.06.04-17.12.54:286][ 91]LogWorld: Bringing up level for play took: 0.000576
[2016.06.04-17.12.54:287][ 91]LogGameMode: Warning - PATHS NOT DEFINED or NO PLAYERSTART with positive rating
[2016.06.04-17.12.54:287][ 91]LogSpawn:Warning: SpawnActor failed because no class was specified
[2016.06.04-17.12.54:292][ 91]PIE: Info Play in editor start time for /Game/Levels/UEDPIE_0_MainMenu 0.934
[2016.06.04-17.12.55:327][215]LogNet: Browse: /Game/Levels/EndlessRunner
[2016.06.04-17.12.55:327][215]LogLoad: LoadMap: /Game/Levels/EndlessRunner
[2016.06.04-17.12.55:339][215]Cmd: MEM
[2016.06.04-17.12.55:349][215]LogMemory: Platform Memory Stats for Windows
[2016.06.04-17.12.55:349][215]LogMemory: Process Physical Memory: 1324.87 MB used, 1356.29 MB peak
[2016.06.04-17.12.55:349][215]LogMemory: Process Virtual Memory: 2555.79 MB used, 2717.59 MB peak
[2016.06.04-17.12.55:349][215]LogMemory: Physical Memory: 6593.18 MB used, 16299.50 MB total
[2016.06.04-17.12.55:349][215]LogMemory: Virtual Memory: 3348.40 MB used, 134217728.00 MB total
[2016.06.04-17.12.55:349][215]LogMemory: 
[2016.06.04-17.12.55:349][215]Allocator Stats for TBB: (not implemented)
[2016.06.04-17.12.55:442][215]LogAIModule: Creating AISystem for world EndlessRunner
[2016.06.04-17.12.55:442][215]LogWorld: Game class is 'EndlessRunnerGameMode_C'
[2016.06.04-17.12.55:444][215]LogWorld: Bringing World /Game/Levels/UEDPIE_0_EndlessRunner.EndlessRunner up for play (max tick rate 0) at 2016.06.04-13.12.55
[2016.06.04-17.12.55:444][215]LogWorld: Bringing up level for play took: 0.001241
[2016.06.04-17.12.55:444][215]LogSpawn:Warning: SpawnActor failed because no class was specified
[2016.06.04-17.13.04:240][269]LogNet: Browse: /Game/Levels/EndlessRunner
[2016.06.04-17.13.04:240][269]LogLoad: LoadMap: /Game/Levels/EndlessRunner
[2016.06.04-17.13.04:255][269]Cmd: MEM
[2016.06.04-17.13.04:266][269]LogMemory: Platform Memory Stats for Windows
[2016.06.04-17.13.04:266][269]LogMemory: Process Physical Memory: 1331.55 MB used, 1357.81 MB peak
[2016.06.04-17.13.04:266][269]LogMemory: Process Virtual Memory: 2568.81 MB used, 2717.59 MB peak
[2016.06.04-17.13.04:266][269]LogMemory: Physical Memory: 6600.34 MB used, 16299.50 MB total
[2016.06.04-17.13.04:266][269]LogMemory: Virtual Memory: 3348.40 MB used, 134217728.00 MB total
[2016.06.04-17.13.04:266][269]LogMemory: 
[2016.06.04-17.13.04:266][269]Allocator Stats for TBB: (not implemented)
[2016.06.04-17.13.04:357][269]LogAIModule: Creating AISystem for world EndlessRunner
[2016.06.04-17.13.04:357][269]LogWorld: Game class is 'EndlessRunnerGameMode_C'
[2016.06.04-17.13.04:359][269]LogWorld: Bringing World /Game/Levels/UEDPIE_0_EndlessRunner.EndlessRunner up for play (max tick rate 0) at 2016.06.04-13.13.04
[2016.06.04-17.13.04:359][269]LogWorld: Bringing up level for play took: 0.001288
[2016.06.04-17.13.04:359][269]LogSpawn:Warning: SpawnActor failed because no class was specified
[2016.06.04-17.13.16:669][743]LogNet: Browse: /Game/Levels/EndlessRunner
[2016.06.04-17.13.16:669][743]LogLoad: LoadMap: /Game/Levels/EndlessRunner
[2016.06.04-17.13.16:684][743]Cmd: MEM
[2016.06.04-17.13.16:695][743]LogMemory: Platform Memory Stats for Windows
[2016.06.04-17.13.16:695][743]LogMemory: Process Physical Memory: 1326.82 MB used, 1357.81 MB peak
[2016.06.04-17.13.16:695][743]LogMemory: Process Virtual Memory: 2563.14 MB used, 2717.59 MB peak
[2016.06.04-17.13.16:695][743]LogMemory: Physical Memory: 6595.88 MB used, 16299.50 MB total
[2016.06.04-17.13.16:695][743]LogMemory: Virtual Memory: 3317.78 MB used, 134217728.00 MB total
[2016.06.04-17.13.16:695][743]LogMemory: 
[2016.06.04-17.13.16:695][743]Allocator Stats for TBB: (not implemented)
[2016.06.04-17.13.16:786][743]LogAIModule: Creating AISystem for world EndlessRunner
[2016.06.04-17.13.16:786][743]LogWorld: Game class is 'EndlessRunnerGameMode_C'
[2016.06.04-17.13.16:788][743]LogWorld: Bringing World /Game/Levels/UEDPIE_0_EndlessRunner.EndlessRunner up for play (max tick rate 0) at 2016.06.04-13.13.16
[2016.06.04-17.13.16:788][743]LogWorld: Bringing up level for play took: 0.001127
[2016.06.04-17.13.16:788][743]LogSpawn:Warning: SpawnActor failed because no class was specified
[2016.06.04-17.14.09:059][982]BlueprintLog: New page: Compile GameOverHUD
[2016.06.04-17.14.09:125][982]BlueprintEditorCompileResults: Info [3367.79] Compile of GameOverHUD successful! [in 65 ms]
[2016.06.04-17.14.11:318][242]LogPlayLevel: PlayLevel: No blueprints needed recompiling
[2016.06.04-17.14.11:318][242]PIE: New page: PIE session: MainMenu (Jun 4, 2016, 8:14:11 AM)
[2016.06.04-17.14.11:318][242]LogPlayLevel: Creating play world package: /Game/Levels/UEDPIE_0_MainMenu
[2016.06.04-17.14.11:318][242]LogPlayLevel: PIE: StaticDuplicateObject took: (0.000332s)
[2016.06.04-17.14.11:319][242]LogAIModule: Creating AISystem for world MainMenu
[2016.06.04-17.14.11:319][242]LogPlayLevel: PIE: World Init took: (0.000346s)
[2016.06.04-17.14.11:319][242]LogPlayLevel: PIE: Created PIE world by copying editor world from /Game/Levels/MainMenu.MainMenu to /Game/Levels/UEDPIE_0_MainMenu.MainMenu (0.000782s)
[2016.06.04-17.14.11:334][242]LogInit: XAudio2 using 'SAMSUNG-8 (NVIDIA High Definition Audio)' : 2 channels at 48 kHz using 16 bits per sample (channel mask 0x3)
[2016.06.04-17.14.11:337][242]LogInit: FAudioDevice initialized.
[2016.06.04-17.14.11:372][242]LogWorld: Game class is 'MainMenuGameMode_C'
[2016.06.04-17.14.11:373][242]LogWorld: Bringing World /Game/Levels/UEDPIE_0_MainMenu.MainMenu up for play (max tick rate 0) at 2016.06.04-13.14.11
[2016.06.04-17.14.11:373][242]LogWorld: Bringing up level for play took: 0.000589
[2016.06.04-17.14.11:374][242]LogGameMode: Warning - PATHS NOT DEFINED or NO PLAYERSTART with positive rating
[2016.06.04-17.14.11:374][242]LogSpawn:Warning: SpawnActor failed because no class was specified
[2016.06.04-17.14.11:377][242]PIE: Info Play in editor start time for /Game/Levels/UEDPIE_0_MainMenu 0.019
[2016.06.04-17.14.13:308][473]LogNet: Browse: /Game/Levels/EndlessRunner
[2016.06.04-17.14.13:308][473]LogLoad: LoadMap: /Game/Levels/EndlessRunner
[2016.06.04-17.14.13:321][473]Cmd: MEM
[2016.06.04-17.14.13:332][473]LogMemory: Platform Memory Stats for Windows
[2016.06.04-17.14.13:332][473]LogMemory: Process Physical Memory: 1347.82 MB used, 1357.81 MB peak
[2016.06.04-17.14.13:332][473]LogMemory: Process Virtual Memory: 2674.17 MB used, 2717.59 MB peak
[2016.06.04-17.14.13:332][473]LogMemory: Physical Memory: 6617.00 MB used, 16299.50 MB total
[2016.06.04-17.14.13:332][473]LogMemory: Virtual Memory: 3446.23 MB used, 134217728.00 MB total
[2016.06.04-17.14.13:332][473]LogMemory: 
[2016.06.04-17.14.13:332][473]Allocator Stats for TBB: (not implemented)
[2016.06.04-17.14.13:425][473]LogAIModule: Creating AISystem for world EndlessRunner
[2016.06.04-17.14.13:425][473]LogWorld: Game class is 'EndlessRunnerGameMode_C'
[2016.06.04-17.14.13:427][473]LogWorld: Bringing World /Game/Levels/UEDPIE_0_EndlessRunner.EndlessRunner up for play (max tick rate 0) at 2016.06.04-13.14.13
[2016.06.04-17.14.13:427][473]LogWorld: Bringing up level for play took: 0.001212
[2016.06.04-17.14.13:428][473]LogSpawn:Warning: SpawnActor failed because no class was specified
[2016.06.04-17.14.30:017][460]LogNet: Browse: /Game/Levels/EndlessRunner
[2016.06.04-17.14.30:017][460]LogLoad: LoadMap: /Game/Levels/EndlessRunner
[2016.06.04-17.14.30:033][460]Cmd: MEM
[2016.06.04-17.14.30:044][460]LogMemory: Platform Memory Stats for Windows
[2016.06.04-17.14.30:044][460]LogMemory: Process Physical Memory: 1358.60 MB used, 1383.92 MB peak
[2016.06.04-17.14.30:044][460]LogMemory: Process Virtual Memory: 2695.62 MB used, 2794.58 MB peak
[2016.06.04-17.14.30:044][460]LogMemory: Physical Memory: 6629.32 MB used, 16299.50 MB total
[2016.06.04-17.14.30:044][460]LogMemory: Virtual Memory: 3444.42 MB used, 134217728.00 MB total
[2016.06.04-17.14.30:044][460]LogMemory: 
[2016.06.04-17.14.30:044][460]Allocator Stats for TBB: (not implemented)
[2016.06.04-17.14.30:134][460]LogAIModule: Creating AISystem for world EndlessRunner
[2016.06.04-17.14.30:134][460]LogWorld: Game class is 'EndlessRunnerGameMode_C'
[2016.06.04-17.14.30:136][460]LogWorld: Bringing World /Game/Levels/UEDPIE_0_EndlessRunner.EndlessRunner up for play (max tick rate 0) at 2016.06.04-13.14.30
[2016.06.04-17.14.30:136][460]LogWorld: Bringing up level for play took: 0.001341
[2016.06.04-17.14.30:137][460]LogSpawn:Warning: SpawnActor failed because no class was specified
[2016.06.04-17.16.00:212][240]BlueprintLog: New page: Compile MainMenuHUD
[2016.06.04-17.16.00:273][240]BlueprintEditorCompileResults: Info [3478.94] Compile of MainMenuHUD successful! [in 61 ms]
[2016.06.04-17.16.26:724][259]Cmd: UpdateLandscapeSetup
[2016.06.04-17.16.28:173][433]Cmd: UpdateLandscapeSetup
[2016.06.04-17.16.42:010][ 89]LogEditorViewport: Clicking Background
[2016.06.04-17.17.02:600][559]LogEditorActor: Deleted Actor: DirectionalLight
[2016.06.04-17.17.02:612][559]LogEditorActor: Deleted 1 Actors (0.012 secs)
[2016.06.04-17.17.56:495][ 14]BlueprintLog: New page: Compile MainMenuHUD
[2016.06.04-17.17.56:566][ 14]BlueprintEditorCompileResults: Info [3595.24] Compile of MainMenuHUD successful! [in 71 ms]
[2016.06.04-17.17.57:012][ 64]LogPlayLevel: PlayLevel: No blueprints needed recompiling
[2016.06.04-17.17.57:012][ 64]PIE: New page: PIE session: MainMenu (Jun 4, 2016, 8:17:57 AM)
[2016.06.04-17.17.57:012][ 64]LogPlayLevel: Creating play world package: /Game/Levels/UEDPIE_0_MainMenu
[2016.06.04-17.17.57:013][ 64]LogPlayLevel: PIE: StaticDuplicateObject took: (0.000328s)
[2016.06.04-17.17.57:013][ 64]LogAIModule: Creating AISystem for world MainMenu
[2016.06.04-17.17.57:013][ 64]LogPlayLevel: PIE: World Init took: (0.000356s)
[2016.06.04-17.17.57:013][ 64]LogPlayLevel: PIE: Created PIE world by copying editor world from /Game/Levels/MainMenu.MainMenu to /Game/Levels/UEDPIE_0_MainMenu.MainMenu (0.000801s)
[2016.06.04-17.17.57:029][ 64]LogInit: XAudio2 using 'SAMSUNG-8 (NVIDIA High Definition Audio)' : 2 channels at 48 kHz using 16 bits per sample (channel mask 0x3)
[2016.06.04-17.17.57:032][ 64]LogInit: FAudioDevice initialized.
[2016.06.04-17.17.57:067][ 64]LogWorld: Game class is 'MainMenuGameMode_C'
[2016.06.04-17.17.57:068][ 64]LogWorld: Bringing World /Game/Levels/UEDPIE_0_MainMenu.MainMenu up for play (max tick rate 0) at 2016.06.04-13.17.57
[2016.06.04-17.17.57:069][ 64]LogWorld: Bringing up level for play took: 0.000639
[2016.06.04-17.17.57:069][ 64]LogGameMode: Warning - PATHS NOT DEFINED or NO PLAYERSTART with positive rating
[2016.06.04-17.17.57:069][ 64]LogSpawn:Warning: SpawnActor failed because no class was specified
[2016.06.04-17.17.57:074][ 64]PIE: Info Play in editor start time for /Game/Levels/UEDPIE_0_MainMenu -0.285
[2016.06.04-17.18.11:619][798]BlueprintLog: New page: Compile MainMenuHUD
[2016.06.04-17.18.11:672][798]BlueprintEditorCompileResults: Info [3610.34] Compile of MainMenuHUD successful! [in 53 ms]
[2016.06.04-17.18.12:294][870]LogPlayLevel: PlayLevel: No blueprints needed recompiling
[2016.06.04-17.18.12:294][870]PIE: New page: PIE session: MainMenu (Jun 4, 2016, 8:18:12 AM)
[2016.06.04-17.18.12:294][870]LogPlayLevel: Creating play world package: /Game/Levels/UEDPIE_0_MainMenu
[2016.06.04-17.18.12:295][870]LogPlayLevel: PIE: StaticDuplicateObject took: (0.000320s)
[2016.06.04-17.18.12:295][870]LogAIModule: Creating AISystem for world MainMenu
[2016.06.04-17.18.12:295][870]LogPlayLevel: PIE: World Init took: (0.000338s)
[2016.06.04-17.18.12:295][870]LogPlayLevel: PIE: Created PIE world by copying editor world from /Game/Levels/MainMenu.MainMenu to /Game/Levels/UEDPIE_0_MainMenu.MainMenu (0.000769s)
[2016.06.04-17.18.12:310][870]LogInit: XAudio2 using 'SAMSUNG-8 (NVIDIA High Definition Audio)' : 2 channels at 48 kHz using 16 bits per sample (channel mask 0x3)
[2016.06.04-17.18.12:313][870]LogInit: FAudioDevice initialized.
[2016.06.04-17.18.12:352][870]LogWorld: Game class is 'MainMenuGameMode_C'
[2016.06.04-17.18.12:353][870]LogWorld: Bringing World /Game/Levels/UEDPIE_0_MainMenu.MainMenu up for play (max tick rate 0) at 2016.06.04-13.18.12
[2016.06.04-17.18.12:353][870]LogWorld: Bringing up level for play took: 0.000587
[2016.06.04-17.18.12:353][870]LogGameMode: Warning - PATHS NOT DEFINED or NO PLAYERSTART with positive rating
[2016.06.04-17.18.12:353][870]LogSpawn:Warning: SpawnActor failed because no class was specified
[2016.06.04-17.18.12:357][870]PIE: Info Play in editor start time for /Game/Levels/UEDPIE_0_MainMenu 0.998
[2016.06.04-17.18.14:173][ 88]LogNet: Browse: /Game/Levels/EndlessRunner
[2016.06.04-17.18.14:173][ 88]LogLoad: LoadMap: /Game/Levels/EndlessRunner
[2016.06.04-17.18.14:186][ 88]Cmd: MEM
[2016.06.04-17.18.14:196][ 88]LogMemory: Platform Memory Stats for Windows
[2016.06.04-17.18.14:196][ 88]LogMemory: Process Physical Memory: 1370.01 MB used, 1385.41 MB peak
[2016.06.04-17.18.14:196][ 88]LogMemory: Process Virtual Memory: 2598.65 MB used, 2806.76 MB peak
[2016.06.04-17.18.14:196][ 88]LogMemory: Physical Memory: 6653.45 MB used, 16299.50 MB total
[2016.06.04-17.18.14:196][ 88]LogMemory: Virtual Memory: 3382.78 MB used, 134217728.00 MB total
[2016.06.04-17.18.14:196][ 88]LogMemory: 
[2016.06.04-17.18.14:196][ 88]Allocator Stats for TBB: (not implemented)
[2016.06.04-17.18.14:289][ 88]LogAIModule: Creating AISystem for world EndlessRunner
[2016.06.04-17.18.14:289][ 88]LogWorld: Game class is 'EndlessRunnerGameMode_C'
[2016.06.04-17.18.14:290][ 88]LogWorld: Bringing World /Game/Levels/UEDPIE_0_EndlessRunner.EndlessRunner up for play (max tick rate 0) at 2016.06.04-13.18.14
[2016.06.04-17.18.14:291][ 88]LogWorld: Bringing up level for play took: 0.001233
[2016.06.04-17.18.14:291][ 88]LogSpawn:Warning: SpawnActor failed because no class was specified
[2016.06.04-17.18.36:383][736]LogNet: Browse: /Game/Levels/MainMenu
[2016.06.04-17.18.36:383][736]LogLoad: LoadMap: /Game/Levels/MainMenu
[2016.06.04-17.18.36:399][736]Cmd: MEM
[2016.06.04-17.18.36:410][736]LogMemory: Platform Memory Stats for Windows
[2016.06.04-17.18.36:410][736]LogMemory: Process Physical Memory: 1368.26 MB used, 1401.02 MB peak
[2016.06.04-17.18.36:410][736]LogMemory: Process Virtual Memory: 2602.64 MB used, 2806.76 MB peak
[2016.06.04-17.18.36:410][736]LogMemory: Physical Memory: 6645.65 MB used, 16299.50 MB total
[2016.06.04-17.18.36:410][736]LogMemory: Virtual Memory: 3350.65 MB used, 134217728.00 MB total
[2016.06.04-17.18.36:410][736]LogMemory: 
[2016.06.04-17.18.36:410][736]Allocator Stats for TBB: (not implemented)
[2016.06.04-17.18.36:410][736]LogPlayLevel: Creating play world package: /Game/Levels/UEDPIE_0_MainMenu
[2016.06.04-17.18.36:410][736]LogPlayLevel: PIE: StaticDuplicateObject took: (0.000325s)
[2016.06.04-17.18.36:410][736]LogAIModule: Creating AISystem for world MainMenu
[2016.06.04-17.18.36:410][736]LogPlayLevel: PIE: World Init took: (0.000343s)
[2016.06.04-17.18.36:411][736]LogPlayLevel: PIE: Created PIE world by copying editor world from /Game/Levels/MainMenu.MainMenu to /Game/Levels/UEDPIE_0_MainMenu.MainMenu (0.000785s)
[2016.06.04-17.18.36:411][736]LogWorld: Game class is 'MainMenuGameMode_C'
[2016.06.04-17.18.36:412][736]LogWorld: Bringing World /Game/Levels/UEDPIE_0_MainMenu.MainMenu up for play (max tick rate 0) at 2016.06.04-13.18.36
[2016.06.04-17.18.36:412][736]LogWorld: Bringing up level for play took: 0.000593
[2016.06.04-17.18.36:412][736]LogGameMode: Warning - PATHS NOT DEFINED or NO PLAYERSTART with positive rating
[2016.06.04-17.18.36:412][736]LogSpawn:Warning: SpawnActor failed because no class was specified
[2016.06.04-17.18.37:676][888]LogNet: Browse: /Game/Levels/EndlessRunner
[2016.06.04-17.18.37:676][888]LogLoad: LoadMap: /Game/Levels/EndlessRunner
[2016.06.04-17.18.37:688][888]Cmd: MEM
[2016.06.04-17.18.37:699][888]LogMemory: Platform Memory Stats for Windows
[2016.06.04-17.18.37:699][888]LogMemory: Process Physical Memory: 1368.29 MB used, 1401.02 MB peak
[2016.06.04-17.18.37:699][888]LogMemory: Process Virtual Memory: 2658.75 MB used, 2806.76 MB peak
[2016.06.04-17.18.37:699][888]LogMemory: Physical Memory: 6645.58 MB used, 16299.50 MB total
[2016.06.04-17.18.37:699][888]LogMemory: Virtual Memory: 3406.65 MB used, 134217728.00 MB total
[2016.06.04-17.18.37:699][888]LogMemory: 
[2016.06.04-17.18.37:699][888]Allocator Stats for TBB: (not implemented)
[2016.06.04-17.18.37:789][888]LogAIModule: Creating AISystem for world EndlessRunner
[2016.06.04-17.18.37:790][888]LogWorld: Game class is 'EndlessRunnerGameMode_C'
[2016.06.04-17.18.37:791][888]LogWorld: Bringing World /Game/Levels/UEDPIE_0_EndlessRunner.EndlessRunner up for play (max tick rate 0) at 2016.06.04-13.18.37
[2016.06.04-17.18.37:792][888]LogWorld: Bringing up level for play took: 0.001207
[2016.06.04-17.18.37:792][888]LogSpawn:Warning: SpawnActor failed because no class was specified
[2016.06.04-17.18.56:781][152]BlueprintLog: New page: Compile RunCharacter
[2016.06.04-17.18.56:891][152]BlueprintEditorCompileResults: Info [3655.56] Compile of RunCharacter successful! [in 109 ms]
[2016.06.04-17.18.57:799][258]LogPlayLevel: PlayLevel: No blueprints needed recompiling
[2016.06.04-17.18.57:799][258]PIE: New page: PIE session: MainMenu (Jun 4, 2016, 8:18:57 AM)
[2016.06.04-17.18.57:799][258]LogPlayLevel: Creating play world package: /Game/Levels/UEDPIE_0_MainMenu
[2016.06.04-17.18.57:799][258]LogPlayLevel: PIE: StaticDuplicateObject took: (0.000318s)
[2016.06.04-17.18.57:800][258]LogAIModule: Creating AISystem for world MainMenu
[2016.06.04-17.18.57:800][258]LogPlayLevel: PIE: World Init took: (0.000335s)
[2016.06.04-17.18.57:800][258]LogPlayLevel: PIE: Created PIE world by copying editor world from /Game/Levels/MainMenu.MainMenu to /Game/Levels/UEDPIE_0_MainMenu.MainMenu (0.000755s)
[2016.06.04-17.18.57:815][258]LogInit: XAudio2 using 'SAMSUNG-8 (NVIDIA High Definition Audio)' : 2 channels at 48 kHz using 16 bits per sample (channel mask 0x3)
[2016.06.04-17.18.57:818][258]LogInit: FAudioDevice initialized.
[2016.06.04-17.18.57:853][258]LogWorld: Game class is 'MainMenuGameMode_C'
[2016.06.04-17.18.57:854][258]LogWorld: Bringing World /Game/Levels/UEDPIE_0_MainMenu.MainMenu up for play (max tick rate 0) at 2016.06.04-13.18.57
[2016.06.04-17.18.57:854][258]LogWorld: Bringing up level for play took: 0.000558
[2016.06.04-17.18.57:855][258]LogGameMode: Warning - PATHS NOT DEFINED or NO PLAYERSTART with positive rating
[2016.06.04-17.18.57:855][258]LogSpawn:Warning: SpawnActor failed because no class was specified
[2016.06.04-17.18.57:861][258]PIE: Info Play in editor start time for /Game/Levels/UEDPIE_0_MainMenu 0.503
[2016.06.04-17.18.59:647][472]LogNet: Browse: /Game/Levels/EndlessRunner
[2016.06.04-17.18.59:647][472]LogLoad: LoadMap: /Game/Levels/EndlessRunner
[2016.06.04-17.18.59:659][472]Cmd: MEM
[2016.06.04-17.18.59:669][472]LogMemory: Platform Memory Stats for Windows
[2016.06.04-17.18.59:669][472]LogMemory: Process Physical Memory: 1359.65 MB used, 1401.02 MB peak
[2016.06.04-17.18.59:669][472]LogMemory: Process Virtual Memory: 2589.35 MB used, 2806.76 MB peak
[2016.06.04-17.18.59:669][472]LogMemory: Physical Memory: 6641.37 MB used, 16299.50 MB total
[2016.06.04-17.18.59:669][472]LogMemory: Virtual Memory: 3353.53 MB used, 134217728.00 MB total
[2016.06.04-17.18.59:669][472]LogMemory: 
[2016.06.04-17.18.59:669][472]Allocator Stats for TBB: (not implemented)
[2016.06.04-17.18.59:760][472]LogAIModule: Creating AISystem for world EndlessRunner
[2016.06.04-17.18.59:760][472]LogWorld: Game class is 'EndlessRunnerGameMode_C'
[2016.06.04-17.18.59:762][472]LogWorld: Bringing World /Game/Levels/UEDPIE_0_EndlessRunner.EndlessRunner up for play (max tick rate 0) at 2016.06.04-13.18.59
[2016.06.04-17.18.59:762][472]LogWorld: Bringing up level for play took: 0.001172
[2016.06.04-17.18.59:762][472]LogSpawn:Warning: SpawnActor failed because no class was specified
[2016.06.04-17.19.15:717][359]Cmd: OBJ SAVEPACKAGE PACKAGE="/Game/Levels/MainMenu" FILE="../../../../../../Documents/Developer/Repositories/Bouturon/Content/Levels/MainMenu.umap" SILENT=true AUTOSAVING=false KEEPDIRTY=false
[2016.06.04-17.19.15:739][359]LogSavePackage: Save=5.35ms
[2016.06.04-17.19.15:739][359]LogSavePackage: Moving '../../../../../../Documents/Developer/Repositories/Bouturon/Saved/MainMenu40D2C55F44CD5343CB920C9180AFE053.tmp' to '../../../../../../Documents/Developer/Repositories/Bouturon/Content/Levels/MainMenu.umap'
[2016.06.04-17.19.15:740][359]LogSavePackage: Total save time: 11.31ms
[2016.06.04-17.19.15:740][359]LogSavePackage:Display: Finished SavePackage ../../../../../../Documents/Developer/Repositories/Bouturon/Content/Levels/MainMenu.umap
[2016.06.04-17.19.15:765][359]LogFileHelpers: Saving map 'MainMenu' took 0.078
[2016.06.04-17.19.15:769][359]Cmd: OBJ SAVEPACKAGE PACKAGE="/Game/Blueprints/UMG/GameOverHUD" FILE="../../../../../../Documents/Developer/Repositories/Bouturon/Content/Blueprints/UMG/GameOverHUD.uasset" SILENT=true
[2016.06.04-17.19.15:784][359]LogSavePackage: Save=14.57ms
[2016.06.04-17.19.15:784][359]LogSavePackage: Moving '../../../../../../Documents/Developer/Repositories/Bouturon/Saved/GameOverHUD9D7F0E9E49EB7A543077BEAEA11A7C1B.tmp' to '../../../../../../Documents/Developer/Repositories/Bouturon/Content/Blueprints/UMG/GameOverHUD.uasset'
[2016.06.04-17.19.15:786][359]LogSavePackage: Total save time: 15.68ms
[2016.06.04-17.19.15:786][359]LogSavePackage:Display: Finished SavePackage ../../../../../../Documents/Developer/Repositories/Bouturon/Content/Blueprints/UMG/GameOverHUD.uasset
[2016.06.04-17.19.15:799][359]Cmd: OBJ SAVEPACKAGE PACKAGE="/Game/Blueprints/Characters/RunCharacter" FILE="../../../../../../Documents/Developer/Repositories/Bouturon/Content/Blueprints/Characters/RunCharacter.uasset" SILENT=true
[2016.06.04-17.19.15:911][359]LogSavePackage: Save=105.19ms
[2016.06.04-17.19.15:911][359]LogSavePackage: Moving '../../../../../../Documents/Developer/Repositories/Bouturon/Saved/RunCharacter0E56C0614672823C896D1E93DBC9E35D.tmp' to '../../../../../../Documents/Developer/Repositories/Bouturon/Content/Blueprints/Characters/RunCharacter.uasset'
[2016.06.04-17.19.15:912][359]LogSavePackage: Total save time: 112.62ms
[2016.06.04-17.19.15:912][359]LogSavePackage:Display: Finished SavePackage ../../../../../../Documents/Developer/Repositories/Bouturon/Content/Blueprints/Characters/RunCharacter.uasset
[2016.06.04-17.19.15:917][359]Cmd: OBJ SAVEPACKAGE PACKAGE="/Game/Blueprints/UMG/MainMenuHUD" FILE="../../../../../../Documents/Developer/Repositories/Bouturon/Content/Blueprints/UMG/MainMenuHUD.uasset" SILENT=true
[2016.06.04-17.19.15:933][359]LogSavePackage: Save=10.83ms
[2016.06.04-17.19.15:933][359]LogSavePackage: Moving '../../../../../../Documents/Developer/Repositories/Bouturon/Saved/MainMenuHUDE8A104394EDB50179F33D180D66693FB.tmp' to '../../../../../../Documents/Developer/Repositories/Bouturon/Content/Blueprints/UMG/MainMenuHUD.uasset'
[2016.06.04-17.19.15:934][359]LogSavePackage: Total save time: 16.73ms
[2016.06.04-17.19.15:934][359]LogSavePackage:Display: Finished SavePackage ../../../../../../Documents/Developer/Repositories/Bouturon/Content/Blueprints/UMG/MainMenuHUD.uasset
[2016.06.04-17.19.29:094][932]BlueprintLog: New page: Pre-Play auto-recompile
[2016.06.04-17.19.29:096][932]LogPlayLevel: [PlayLevel] Compiling MainMenuHUD before play...
[2016.06.04-17.19.29:101][932]LogActorComponent: UnregisterComponent: (/Engine/Transient.CharMoveComp) Not registered. Aborting.
[2016.06.04-17.19.29:139][932]LogPlayLevel: PlayLevel: Blueprint regeneration took 44 ms (2 blueprints)
[2016.06.04-17.19.29:141][932]LogPlayLevel: [PlayLevel] Compiling MainMenuGameMode before play...
[2016.06.04-17.19.29:180][932]LogPlayLevel: PlayLevel: Blueprint regeneration took 85 ms (2 blueprints)
[2016.06.04-17.19.29:192][932]PIE: New page: PIE session: MainMenu (Jun 4, 2016, 8:19:29 AM)
[2016.06.04-17.19.29:192][932]LogPlayLevel: Creating play world package: /Game/Levels/UEDPIE_0_MainMenu
[2016.06.04-17.19.29:192][932]LogPlayLevel: PIE: StaticDuplicateObject took: (0.000323s)
[2016.06.04-17.19.29:193][932]LogAIModule: Creating AISystem for world MainMenu
[2016.06.04-17.19.29:193][932]LogPlayLevel: PIE: World Init took: (0.000348s)
[2016.06.04-17.19.29:193][932]LogPlayLevel: PIE: Created PIE world by copying editor world from /Game/Levels/MainMenu.MainMenu to /Game/Levels/UEDPIE_0_MainMenu.MainMenu (0.000788s)
[2016.06.04-17.19.29:208][932]LogInit: XAudio2 using 'SAMSUNG-8 (NVIDIA High Definition Audio)' : 2 channels at 48 kHz using 16 bits per sample (channel mask 0x3)
[2016.06.04-17.19.29:211][932]LogInit: FAudioDevice initialized.
[2016.06.04-17.19.29:245][932]LogWorld: Game class is 'MainMenuGameMode_C'
[2016.06.04-17.19.29:247][932]LogWorld: Bringing World /Game/Levels/UEDPIE_0_MainMenu.MainMenu up for play (max tick rate 0) at 2016.06.04-13.19.29
[2016.06.04-17.19.29:247][932]LogWorld: Bringing up level for play took: 0.000611
[2016.06.04-17.19.29:247][932]LogGameMode: Warning - PATHS NOT DEFINED or NO PLAYERSTART with positive rating
[2016.06.04-17.19.29:247][932]LogSpawn:Warning: SpawnActor failed because no class was specified
[2016.06.04-17.19.29:250][932]PIE: Info Play in editor start time for /Game/Levels/UEDPIE_0_MainMenu -0.108
[2016.06.04-17.19.32:219][281]BlueprintLog: New page: Compile MainMenuHUD
[2016.06.04-17.19.32:273][281]BlueprintEditorCompileResults: Info [3690.94] Compile of MainMenuHUD successful! [in 53 ms]
[2016.06.04-17.19.34:040][491]Cmd: OBJ SAVEPACKAGE PACKAGE="/Game/Blueprints/UMG/MainMenuHUD" FILE="../../../../../../Documents/Developer/Repositories/Bouturon/Content/Blueprints/UMG/MainMenuHUD.uasset" SILENT=true
[2016.06.04-17.19.34:055][491]LogSavePackage: Save=10.75ms
[2016.06.04-17.19.34:055][491]LogSavePackage: Moving '../../../../../../Documents/Developer/Repositories/Bouturon/Saved/MainMenuHUD859D0ED749E99112DAF0FBB7912E206A.tmp' to '../../../../../../Documents/Developer/Repositories/Bouturon/Content/Blueprints/UMG/MainMenuHUD.uasset'
[2016.06.04-17.19.34:056][491]LogSavePackage: Total save time: 14.43ms
[2016.06.04-17.19.34:056][491]LogSavePackage:Display: Finished SavePackage ../../../../../../Documents/Developer/Repositories/Bouturon/Content/Blueprints/UMG/MainMenuHUD.uasset
[2016.06.04-17.19.35:850][698]LogActorComponent: UnregisterComponent: (/Engine/Transient.EditorFloorComp) Not registered. Aborting.
[2016.06.04-17.19.35:918][698]LogActorComponent: UnregisterComponent: (/Engine/Transient.EditorFloorComp) Not registered. Aborting.
[2016.06.04-17.19.36:053][699]Cmd: QUIT_EDITOR
[2016.06.04-17.19.37:004][699]LogWindowsTextInputMethodSystem:Display: IME system now deactivated.
[2016.06.04-17.19.37:005][699]LogWindowsTextInputMethodSystem:Display: IME system now deactivated.
[2016.06.04-17.19.37:033][699]LogExit: Preparing to exit.
[2016.06.04-17.19.37:535][699]LogExit: Editor shut down
[2016.06.04-17.19.37:535][699]LogExit: Transaction tracking system shut down
[2016.06.04-17.19.37:650][699]LogObj: Freed 0b from 0 cluster array pools.
[2016.06.04-17.19.37:650][699]LogExit: Object subsystem successfully closed.
[2016.06.04-17.19.37:663][699]LogD3D11RHI: Shutdown
[2016.06.04-17.19.37:663][699]LogD3D11RHI: CleanupD3DDevice
[2016.06.04-17.19.37:726][699]LogD3D11RHI: ~FD3D11DynamicRHI
[2016.06.04-17.19.37:789][699]LogDerivedDataCache: Shutdown
[2016.06.04-17.19.37:789][699]LogModuleManager: Shutting down and abandoning module MovieSceneCapture (207)
[2016.06.04-17.19.37:789][699]LogModuleManager: Shutting down and abandoning module StatsViewer (206)
[2016.06.04-17.19.37:789][699]LogModuleManager: Shutting down and abandoning module SequencerWidgets (205)
[2016.06.04-17.19.37:789][699]LogModuleManager: Shutting down and abandoning module BlueprintGraph (204)
[2016.06.04-17.19.37:789][699]LogModuleManager: Shutting down and abandoning module HierarchicalLODOutliner (203)
[2016.06.04-17.19.37:789][699]LogModuleManager: Shutting down and abandoning module CrashTracker (202)
[2016.06.04-17.19.37:789][699]LogModuleManager: Shutting down and abandoning module SceneOutliner (201)
[2016.06.04-17.19.37:789][699]LogModuleManager: Shutting down and abandoning module SuperSearch (200)
[2016.06.04-17.19.37:789][699]LogModuleManager: Shutting down and abandoning module WidgetCarousel (199)
[2016.06.04-17.19.37:789][699]LogModuleManager: Shutting down and abandoning module AddContentDialog (198)
[2016.06.04-17.19.37:791][699]LogModuleManager: Shutting down and abandoning module GameplayTags (197)
[2016.06.04-17.19.37:791][699]LogModuleManager: Shutting down and abandoning module EditorWidgets (196)
[2016.06.04-17.19.37:791][699]LogModuleManager: Shutting down and abandoning module CollectionManager (195)
[2016.06.04-17.19.37:791][699]LogModuleManager: Shutting down and abandoning module FoliageEdit (194)
[2016.06.04-17.19.37:791][699]LogModuleManager: Shutting down and abandoning module LandscapeEditor (193)
[2016.06.04-17.19.37:791][699]LogModuleManager: Shutting down and abandoning module ActorPickerMode (192)
[2016.06.04-17.19.37:791][699]LogModuleManager: Shutting down and abandoning module GeometryMode (191)
[2016.06.04-17.19.37:791][699]LogModuleManager: Shutting down and abandoning module TextureAlignMode (190)
[2016.06.04-17.19.37:791][699]LogModuleManager: Shutting down and abandoning module BspMode (189)
[2016.06.04-17.19.37:791][699]LogModuleManager: Shutting down and abandoning module PlacementMode (188)
[2016.06.04-17.19.37:791][699]LogModuleManager: Shutting down and abandoning module AutomationWorker (187)
[2016.06.04-17.19.37:791][699]LogModuleManager: Shutting down and abandoning module CharacterAI (186)
[2016.06.04-17.19.37:791][699]LogModuleManager: Shutting down and abandoning module SmartSnapping (185)
[2016.06.04-17.19.37:791][699]LogModuleManager: Shutting down and abandoning module ViewportSnapping (184)
[2016.06.04-17.19.37:791][699]LogModuleManager: Shutting down and abandoning module LogVisualizer (183)
[2016.06.04-17.19.37:791][699]LogModuleManager: Shutting down and abandoning module GameProjectGeneration (182)
[2016.06.04-17.19.37:791][699]LogModuleManager: Shutting down and abandoning module IntroTutorials (181)
[2016.06.04-17.19.37:791][699]LogModuleManager: Shutting down and abandoning module EditorLiveStreaming (180)
[2016.06.04-17.19.37:791][699]LogModuleManager: Shutting down and abandoning module IOSPlatformEditor (179)
[2016.06.04-17.19.37:791][699]LogModuleManager: Shutting down and abandoning module HTML5PlatformEditor (178)
[2016.06.04-17.19.37:791][699]LogModuleManager: Shutting down and abandoning module AndroidDeviceDetection (177)
[2016.06.04-17.19.38:012][699]LogModuleManager: Shutting down and abandoning module AndroidPlatformEditor (176)
[2016.06.04-17.19.38:012][699]LogModuleManager: Shutting down and abandoning module IOSRuntimeSettings (175)
[2016.06.04-17.19.38:012][699]LogModuleManager: Shutting down and abandoning module AndroidRuntimeSettings (174)
[2016.06.04-17.19.38:012][699]LogModuleManager: Shutting down and abandoning module MergeActors (173)
[2016.06.04-17.19.38:012][699]LogModuleManager: Shutting down and abandoning module SizeMap (172)
[2016.06.04-17.19.38:012][699]LogModuleManager: Shutting down and abandoning module TreeMap (171)
[2016.06.04-17.19.38:012][699]LogModuleManager: Shutting down and abandoning module ReferenceViewer (170)
[2016.06.04-17.19.38:012][699]LogModuleManager: Shutting down and abandoning module LocalizationService (169)
[2016.06.04-17.19.38:012][699]LogModuleManager: Shutting down and abandoning module LocalizationDashboard (168)
[2016.06.04-17.19.38:012][699]LogModuleManager: Shutting down and abandoning module HardwareTargeting (167)
[2016.06.04-17.19.38:012][699]LogModuleManager: Shutting down and abandoning module DeviceProfileEditor (166)
[2016.06.04-17.19.38:012][699]LogModuleManager: Shutting down and abandoning module UndoHistory (165)
[2016.06.04-17.19.38:012][699]LogModuleManager: Shutting down and abandoning module UserFeedback (164)
[2016.06.04-17.19.38:012][699]LogModuleManager: Shutting down and abandoning module XmlParser (163)
[2016.06.04-17.19.38:012][699]LogModuleManager: Shutting down and abandoning module Blutility (162)
[2016.06.04-17.19.38:012][699]LogModuleManager: Shutting down and abandoning module ProjectTargetPlatformEditor (161)
[2016.06.04-17.19.38:012][699]LogModuleManager: Shutting down and abandoning module ProjectSettingsViewer (160)
[2016.06.04-17.19.38:012][699]LogModuleManager: Shutting down and abandoning module InputBindingEditor (159)
[2016.06.04-17.19.38:012][699]LogModuleManager: Shutting down and abandoning module EditorSettingsViewer (158)
[2016.06.04-17.19.38:012][699]LogModuleManager: Shutting down and abandoning module SettingsEditor (157)
[2016.06.04-17.19.38:012][699]LogModuleManager: Shutting down and abandoning module ProjectLauncher (156)
[2016.06.04-17.19.38:012][699]LogModuleManager: Shutting down and abandoning module SessionFrontend (155)
[2016.06.04-17.19.38:012][699]LogModuleManager: Shutting down and abandoning module ProfilerClient (154)
[2016.06.04-17.19.38:012][699]LogModuleManager: Shutting down and abandoning module TargetDeviceServices (153)
[2016.06.04-17.19.38:012][699]LogModuleManager: Shutting down and abandoning module DeviceManager (152)
[2016.06.04-17.19.38:045][699]LogModuleManager: Shutting down and abandoning module AutomationController (151)
[2016.06.04-17.19.38:045][699]LogModuleManager: Shutting down and abandoning module AutomationWindow (150)
[2016.06.04-17.19.38:045][699]LogModuleManager: Shutting down and abandoning module Layers (149)
[2016.06.04-17.19.38:045][699]LogModuleManager: Shutting down and abandoning module ComponentVisualizers (148)
[2016.06.04-17.19.38:045][699]LogModuleManager: Shutting down and abandoning module DetailCustomizations (147)
[2016.06.04-17.19.38:045][699]LogModuleManager: Shutting down and abandoning module PackagesDialog (146)
[2016.06.04-17.19.38:045][699]LogModuleManager: Shutting down and abandoning module Persona (145)
[2016.06.04-17.19.38:045][699]LogModuleManager: Shutting down and abandoning module Kismet (144)
[2016.06.04-17.19.38:045][699]LogModuleManager: Shutting down and abandoning module GraphEditor (143)
[2016.06.04-17.19.38:045][699]LogModuleManager: Shutting down and abandoning module ClassViewer (142)
[2016.06.04-17.19.38:046][699]LogModuleManager: Shutting down and abandoning module Toolbox (141)
[2016.06.04-17.19.38:046][699]LogModuleManager: Shutting down and abandoning module ModuleUI (140)
[2016.06.04-17.19.38:046][699]LogModuleManager: Shutting down and abandoning module MovieSceneTools (139)
[2016.06.04-17.19.38:046][699]LogModuleManager: Shutting down and abandoning module OutputLog (138)
[2016.06.04-17.19.38:046][699]LogModuleManager: Shutting down and abandoning module GammaUI (137)
[2016.06.04-17.19.38:046][699]LogModuleManager: Shutting down and abandoning module Documentation (136)
[2016.06.04-17.19.38:046][699]LogModuleManager: Shutting down and abandoning module StreamingPauseRendering (135)
[2016.06.04-17.19.38:046][699]LogModuleManager: Shutting down and abandoning module AnalyticsET (134)
[2016.06.04-17.19.38:046][699]LogModuleManager: Shutting down and abandoning module Analytics (133)
[2016.06.04-17.19.38:046][699]LogModuleManager: Shutting down and abandoning module PortalServices (132)
[2016.06.04-17.19.38:046][699]LogModuleManager: Shutting down and abandoning module PortalRpc (131)
[2016.06.04-17.19.38:046][699]LogModuleManager: Shutting down and abandoning module MessagingRpc (130)
[2016.06.04-17.19.38:046][699]LogModuleManager: Shutting down and abandoning module AITestSuite (129)
[2016.06.04-17.19.38:046][699]LogModuleManager: Shutting down and abandoning module GameplayDebugger (128)
[2016.06.04-17.19.38:046][699]LogModuleManager: Shutting down and abandoning module AIModule (127)
[2016.06.04-17.19.38:046][699]LogModuleManager: Shutting down and abandoning module ProfilerService (126)
[2016.06.04-17.19.38:233][699]LogModuleManager: Shutting down and abandoning module TaskGraph (125)
[2016.06.04-17.19.38:233][699]LogModuleManager: Shutting down and abandoning module SlateRemote (124)
[2016.06.04-17.19.38:233][699]LogModuleManager: Shutting down and abandoning module SteamVRController (123)
[2016.06.04-17.19.38:233][699]LogModuleManager: Shutting down and abandoning module SteamVR (122)
[2016.06.04-17.19.38:233][699]LogModuleManager: Shutting down and abandoning module ProceduralMeshComponent (121)
[2016.06.04-17.19.38:233][699]LogModuleManager: Shutting down and abandoning module OculusLibrary (120)
[2016.06.04-17.19.38:233][699]LogModuleManager: Shutting down and abandoning module OculusInput (119)
[2016.06.04-17.19.38:233][699]LogModuleManager: Shutting down and abandoning module CustomMeshComponent (118)
[2016.06.04-17.19.38:233][699]LogModuleManager: Shutting down and abandoning module CableComponent (117)
[2016.06.04-17.19.38:233][699]LogModuleManager: Shutting down and abandoning module ArchVisCharacter (116)
[2016.06.04-17.19.38:233][699]LogModuleManager: Shutting down and abandoning module MediaPlayerEditor (115)
[2016.06.04-17.19.38:233][699]LogModuleManager: Shutting down and abandoning module HTML5Networking (114)
[2016.06.04-17.19.38:233][699]LogModuleManager: Shutting down and abandoning module SpeedTreeImporter (113)
[2016.06.04-17.19.38:233][699]LogModuleManager: Shutting down and abandoning module PluginBrowser (112)
[2016.06.04-17.19.38:233][699]LogModuleManager: Shutting down and abandoning module EpicSurvey (111)
[2016.06.04-17.19.38:233][699]LogModuleManager: Shutting down and abandoning module DesktopPlatform (110)
[2016.06.04-17.19.38:233][699]LogModuleManager: Shutting down and abandoning module VisualStudioSourceCodeAccess (109)
[2016.06.04-17.19.38:233][699]LogModuleManager: Shutting down and abandoning module UObjectPlugin (108)
[2016.06.04-17.19.38:233][699]LogModuleManager: Shutting down and abandoning module SubversionSourceControl (107)
[2016.06.04-17.19.38:233][699]LogModuleManager: Shutting down and abandoning module PerforceSourceControl (106)
[2016.06.04-17.19.38:233][699]LogModuleManager: Shutting down and abandoning module SourceControl (105)
[2016.06.04-17.19.38:233][699]LogModuleManager: Shutting down and abandoning module GitSourceControl (104)
[2016.06.04-17.19.38:233][699]LogModuleManager: Shutting down and abandoning module LightPropagationVolumeEditor (103)
[2016.06.04-17.19.38:233][699]LogModuleManager: Shutting down and abandoning module PaperTiledImporter (102)
[2016.06.04-17.19.38:233][699]LogModuleManager: Shutting down and abandoning module PaperSpriteSheetImporter (101)
[2016.06.04-17.19.38:233][699]LogModuleManager: Shutting down and abandoning module MeshPaint (100)
[2016.06.04-17.19.38:233][699]LogModuleManager: Shutting down and abandoning module HotReload (99)
[2016.06.04-17.19.38:233][699]LogModuleManager: Shutting down and abandoning module MainFrame (98)
[2016.06.04-17.19.38:233][699]LogModuleManager: Shutting down and abandoning module LevelEditor (97)
[2016.06.04-17.19.38:234][699]LogModuleManager: Shutting down and abandoning module DirectoryWatcher (96)
[2016.06.04-17.19.38:235][699]LogModuleManager: Shutting down and abandoning module AssetRegistry (95)
[2016.06.04-17.19.38:390][699]LogModuleManager: Shutting down and abandoning module ContentBrowser (94)
[2016.06.04-17.19.38:390][699]LogModuleManager: Shutting down and abandoning module Paper2DEditor (93)
[2016.06.04-17.19.38:390][699]LogModuleManager: Shutting down and abandoning module UdpMessaging (92)
[2016.06.04-17.19.38:491][699]LogModuleManager: Shutting down and abandoning module LightPropagationVolumeRuntime (91)
[2016.06.04-17.19.38:491][699]LogModuleManager: Shutting down and abandoning module Paper2D (90)
[2016.06.04-17.19.38:491][699]LogModuleManager: Shutting down and abandoning module WindowsMoviePlayer (89)
[2016.06.04-17.19.38:491][699]LogModuleManager: Shutting down and abandoning module Media (88)
[2016.06.04-17.19.38:491][699]LogModuleManager: Shutting down and abandoning module WmfMedia (87)
[2016.06.04-17.19.38:491][699]LogModuleManager: Shutting down and abandoning module MediaAssets (86)
[2016.06.04-17.19.38:491][699]LogModuleManager: Shutting down and abandoning module GameLiveStreaming (85)
[2016.06.04-17.19.38:491][699]LogModuleManager: Shutting down and abandoning module GameplayTagsEditor (84)
[2016.06.04-17.19.38:491][699]LogModuleManager: Shutting down and abandoning module OnlineBlueprintSupport (83)
[2016.06.04-17.19.38:491][699]LogModuleManager: Shutting down and abandoning module GameplayTasksEditor (82)
[2016.06.04-17.19.38:491][699]LogModuleManager: Shutting down and abandoning module PropertyEditor (81)
[2016.06.04-17.19.38:491][699]LogModuleManager: Shutting down and abandoning module BehaviorTreeEditor (80)
[2016.06.04-17.19.38:491][699]LogModuleManager: Shutting down and abandoning module FunctionalTesting (79)
[2016.06.04-17.19.38:491][699]LogModuleManager: Shutting down and abandoning module CollisionAnalyzer (78)
[2016.06.04-17.19.38:491][699]LogModuleManager: Shutting down and abandoning module WorkspaceMenuStructure (77)
[2016.06.04-17.19.38:491][699]LogModuleManager: Shutting down and abandoning module MessageLog (76)
[2016.06.04-17.19.38:491][699]LogModuleManager: Shutting down and abandoning module Sequencer (75)
[2016.06.04-17.19.38:491][699]LogModuleManager: Shutting down and abandoning module AssetTools (74)
[2016.06.04-17.19.38:491][699]LogModuleManager: Shutting down and abandoning module UMGEditor (73)
[2016.06.04-17.19.38:491][699]LogModuleManager: Shutting down and abandoning module UMG (72)
[2016.06.04-17.19.38:491][699]LogModuleManager: Shutting down and abandoning module SlateReflector (71)
[2016.06.04-17.19.38:491][699]LogModuleManager: Shutting down and abandoning module Slate (70)
[2016.06.04-17.19.38:491][699]LogModuleManager: Shutting down and abandoning module EditorStyle (69)
[2016.06.04-17.19.38:492][699]LogModuleManager: Shutting down and abandoning module SessionServices (68)
[2016.06.04-17.19.38:492][699]LogModuleManager: Shutting down and abandoning module SourceCodeAccess (67)
[2016.06.04-17.19.38:492][699]LogModuleManager: Shutting down and abandoning module HeadMountedDisplay (66)
[2016.06.04-17.19.38:492][699]LogModuleManager: Shutting down and abandoning module XAudio2 (65)
[2016.06.04-17.19.38:492][699]LogModuleManager: Shutting down and abandoning module Networking (63)
[2016.06.04-17.19.38:492][699]LogModuleManager: Shutting down and abandoning module Core (62)
[2016.06.04-17.19.38:492][699]LogModuleManager: Shutting down and abandoning module KismetCompiler (61)
[2016.06.04-17.19.38:492][699]LogModuleManager: Shutting down and abandoning module PhysXFormats (60)
[2016.06.04-17.19.38:492][699]LogModuleManager: Shutting down and abandoning module MeshUtilities (59)
[2016.06.04-17.19.38:492][699]LogModuleManager: Shutting down and abandoning module CookingStats (58)
[2016.06.04-17.19.38:492][699]LogModuleManager: Shutting down and abandoning module DerivedDataCache (57)
[2016.06.04-17.19.38:492][699]LogDerivedDataCache: Shutdown
[2016.06.04-17.19.38:492][699]LogModuleManager: Shutting down and abandoning module ShaderFormatOpenGL (56)
[2016.06.04-17.19.38:492][699]LogModuleManager: Shutting down and abandoning module ShaderFormatD3D (55)
[2016.06.04-17.19.38:492][699]LogModuleManager: Shutting down and abandoning module MetalShaderFormat (54)
[2016.06.04-17.19.38:492][699]LogModuleManager: Shutting down and abandoning module TextureFormatUncompressed (53)
[2016.06.04-17.19.38:492][699]LogModuleManager: Shutting down and abandoning module TextureFormatPVR (52)
[2016.06.04-17.19.38:492][699]LogModuleManager: Shutting down and abandoning module TextureFormatIntelISPCTexComp (51)
[2016.06.04-17.19.38:492][699]LogModuleManager: Shutting down and abandoning module TextureFormatDXT (50)
[2016.06.04-17.19.38:492][699]LogModuleManager: Shutting down and abandoning module ImageWrapper (49)
[2016.06.04-17.19.38:492][699]LogModuleManager: Shutting down and abandoning module TextureFormatASTC (48)
[2016.06.04-17.19.38:492][699]LogModuleManager: Shutting down and abandoning module TextureFormatAndroid (47)
[2016.06.04-17.19.38:492][699]LogModuleManager: Shutting down and abandoning module AudioFormatOpus (46)
[2016.06.04-17.19.38:492][699]LogModuleManager: Shutting down and abandoning module AudioFormatOgg (45)
[2016.06.04-17.19.38:492][699]LogModuleManager: Shutting down and abandoning module AudioFormatADPCM (44)
[2016.06.04-17.19.38:492][699]LogModuleManager: Shutting down and abandoning module LinuxTargetPlatform (43)
[2016.06.04-17.19.38:492][699]LogModuleManager: Shutting down and abandoning module LinuxServerTargetPlatform (42)
[2016.06.04-17.19.38:492][699]LogModuleManager: Shutting down and abandoning module LinuxNoEditorTargetPlatform (41)
[2016.06.04-17.19.38:492][699]LogModuleManager: Shutting down and abandoning module TVOSTargetPlatform (40)
[2016.06.04-17.19.38:492][699]LogModuleManager: Shutting down and abandoning module Messaging (39)
[2016.06.04-17.19.38:492][699]LogModuleManager: Shutting down and abandoning module IOSTargetPlatform (38)
[2016.06.04-17.19.38:492][699]LogModuleManager: Shutting down and abandoning module HTML5TargetPlatform (37)
[2016.06.04-17.19.38:492][699]LogModuleManager: Shutting down and abandoning module Android_PVRTCTargetPlatform (36)
[2016.06.04-17.19.38:492][699]LogModuleManager: Shutting down and abandoning module Android_MultiTargetPlatform (35)
[2016.06.04-17.19.38:492][699]LogModuleManager: Shutting down and abandoning module Android_ETC2TargetPlatform (34)
[2016.06.04-17.19.38:492][699]LogModuleManager: Shutting down and abandoning module Android_ETC1TargetPlatform (33)
[2016.06.04-17.19.38:492][699]LogModuleManager: Shutting down and abandoning module Android_DXTTargetPlatform (32)
[2016.06.04-17.19.38:492][699]LogModuleManager: Shutting down and abandoning module Android_ATCTargetPlatform (31)
[2016.06.04-17.19.38:492][699]LogModuleManager: Shutting down and abandoning module Android_ASTCTargetPlatform (30)
[2016.06.04-17.19.38:492][699]LogModuleManager: Shutting down and abandoning module AndroidTargetPlatform (29)
[2016.06.04-17.19.38:492][699]LogModuleManager: Shutting down and abandoning module WindowsTargetPlatform (28)
[2016.06.04-17.19.38:492][699]LogModuleManager: Shutting down and abandoning module WindowsServerTargetPlatform (27)
[2016.06.04-17.19.38:492][699]LogModuleManager: Shutting down and abandoning module WindowsNoEditorTargetPlatform (26)
[2016.06.04-17.19.38:492][699]LogModuleManager: Shutting down and abandoning module WindowsClientTargetPlatform (25)
[2016.06.04-17.19.38:492][699]LogModuleManager: Shutting down and abandoning module AllDesktopTargetPlatform (24)
[2016.06.04-17.19.38:492][699]LogModuleManager: Shutting down and abandoning module TargetPlatform (23)
[2016.06.04-17.19.38:493][699]LogModuleManager: Shutting down and abandoning module InputCore (22)
[2016.06.04-17.19.38:493][699]LogModuleManager: Shutting down and abandoning module Settings (21)
[2016.06.04-17.19.38:493][699]LogModuleManager: Shutting down and abandoning module OnlineSubsystem (19)
[2016.06.04-17.19.38:493][699]LogModuleManager: Shutting down and abandoning module HTTP (18)
[2016.06.04-17.19.39:494][699]LogModuleManager: Shutting down and abandoning module XMPP (17)
[2016.06.04-17.19.39:494][699]LogModuleManager: Shutting down and abandoning module OculusRift (16)
[2016.06.04-17.19.39:494][699]LogModuleManager: Shutting down and abandoning module ExampleDeviceProfileSelector (15)
[2016.06.04-17.19.39:494][699]LogModuleManager: Shutting down and abandoning module TextureCompressor (14)
[2016.06.04-17.19.39:494][699]LogModuleManager: Shutting down and abandoning module ShaderCore (13)
[2016.06.04-17.19.39:494][699]LogModuleManager: Shutting down and abandoning module Landscape (12)
[2016.06.04-17.19.39:494][699]LogModuleManager: Shutting down and abandoning module SlateRHIRenderer (11)
[2016.06.04-17.19.39:502][699]LogModuleManager: Shutting down and abandoning module OpenGLDrv (10)
[2016.06.04-17.19.39:502][699]LogModuleManager: Shutting down and abandoning module D3D11RHI (9)
[2016.06.04-17.19.39:502][699]LogModuleManager: Shutting down and abandoning module AnimGraphRuntime (8)
[2016.06.04-17.19.39:502][699]LogModuleManager: Shutting down and abandoning module Renderer (7)
[2016.06.04-17.19.39:502][699]LogModuleManager: Shutting down and abandoning module Engine (6)
[2016.06.04-17.19.39:502][699]LogModuleManager: Shutting down and abandoning module CoreUObject (5)
[2016.06.04-17.19.39:502][699]LogModuleManager: Shutting down and abandoning module NetworkFile (4)
[2016.06.04-17.19.39:502][699]LogModuleManager: Shutting down and abandoning module StreamingFile (3)
[2016.06.04-17.19.39:502][699]LogModuleManager: Shutting down and abandoning module SandboxFile (2)
[2016.06.04-17.19.39:502][699]LogModuleManager: Shutting down and abandoning module PakFile (1)
[2016.06.04-17.19.39:503][699]LogExit: Exiting.
[2016.06.04-17.19.39:504][699]Log file closed, 06/04/16 13:19:39
